<?xml version="1.0" encoding="UTF-8"?>
<testsuite xmlns:xsi="http://www.w3.org/2001/XMLSchema-instance" xsi:noNamespaceSchemaLocation="https://maven.apache.org/surefire/maven-failsafe-plugin/xsd/failsafe-test-report.xsd" version="3.0.2" name="com.mimococo.marketops.MetadataMaintenanceApiIT" time="1.41" tests="25" errors="0" skipped="0" failures="0" flakes="0">
  <properties>
[...]
</properties>
  <testcase name="mutationWithoutAttributionIsRefused" classname="com.mimococo.marketops.MetadataMaintenanceApiIT" time="0.021">
    <system-out><![CDATA[{"@timestamp":"2026-09-06T10:16:42.453989Z","log":{"level":"INFO","logger":"com.mimococo.marketops.MetadataMaintenanceApiIT"},"process":{"pid":4503,"thread":{"name":"main"}},"service":{"name":"marketops-server","version":"0.1.0-SNAPSHOT","environment":"ci","node":{}},"message":"Starting MetadataMaintenanceApiIT v0.1.0-SNAPSHOT using Java 21.0.10 with PID 4503 (started by chzhengx in /Users/chzhengx/Code/personal/marketops-platform/backend/marketops-server)","ecs":{"version":"8.11"},"application":"marketops-server","environment":"ci","buildVersion":"0.1.0-SNAPSHOT","correlationId":"none"}
{"@timestamp":"2026-09-06T10:16:42.454122Z","log":{"level":"INFO","logger":"com.mimococo.marketops.MetadataMaintenanceApiIT"},"process":{"pid":4503,"thread":{"name":"main"}},"service":{"name":"marketops-server","version":"0.1.0-SNAPSHOT","environment":"ci","node":{}},"message":"The following 1 profile is active: \"ci\"","ecs":{"version":"8.11"},"application":"marketops-server","environment":"ci","buildVersion":"0.1.0-SNAPSHOT","correlationId":"none"}
{"@timestamp":"2026-09-06T10:16:42.901263Z","log":{"level":"INFO","logger":"com.mimococo.marketops.MetadataMaintenanceApiIT"},"process":{"pid":4503,"thread":{"name":"main"}},"service":{"name":"marketops-server","version":"0.1.0-SNAPSHOT","environment":"ci","node":{}},"message":"Started MetadataMaintenanceApiIT in 0.456 seconds (process running for 1448.132)","ecs":{"version":"8.11"},"application":"marketops-server","environment":"ci","buildVersion":"0.1.0-SNAPSHOT","correlationId":"none"}
{"@timestamp":"2026-09-06T10:16:42.914086Z","log":{"level":"WARN","logger":"com.mimococo.marketops.adminobservability.internal.audit.JdbcMetadataAuditStore"},"process":{"pid":4503,"thread":{"name":"main"}},"service":{"name":"marketops-server","version":"0.1.0-SNAPSHOT","environment":"ci","node":{}},"message":"Metadata change denied","ecs":{"version":"8.11"},"application":"marketops-server","environment":"ci","buildVersion":"0.1.0-SNAPSHOT","correlationId":"27738b73-11ac-4919-b582-b402e256f7b8","event":"metadata_change_denied","sourceDomain":"adminobservability","entityType":"null","entityId":"null","action":"DENIED","actorId":"metadata-maintenance-boundary","denialCode":"OPERATOR_ATTRIBUTION_MISSING"}
{"@timestamp":"2026-09-06T10:16:42.916051Z","log":{"level":"INFO","logger":"com.mimococo.marketops.shared.internal.correlation.CorrelationIdFilter"},"process":{"pid":4503,"thread":{"name":"main"}},"service":{"name":"marketops-server","version":"0.1.0-SNAPSHOT","environment":"ci","node":{}},"message":"Request completed","ecs":{"version":"8.11"},"application":"marketops-server","environment":"ci","buildVersion":"0.1.0-SNAPSHOT","correlationId":"27738b73-11ac-4919-b582-b402e256f7b8","event":"request_completed","status":400}
{"@timestamp":"2026-09-06T10:16:42.922014Z","log":{"level":"INFO","logger":"com.mimococo.marketops.shared.internal.correlation.CorrelationIdFilter"},"process":{"pid":4503,"thread":{"name":"main"}},"service":{"name":"marketops-server","version":"0.1.0-SNAPSHOT","environment":"ci","node":{}},"message":"Request completed","ecs":{"version":"8.11"},"application":"marketops-server","environment":"ci","buildVersion":"0.1.0-SNAPSHOT","correlationId":"fb3034f1-5523-4b76-81ca-e50c6aec23f5","event":"request_completed","status":200}
]]></system-out>
  </testcase>
  <testcase name="unknownFieldIsRefused" classname="com.mimococo.marketops.MetadataMaintenanceApiIT" time="0.018">
    <system-out><![CDATA[{"@timestamp":"2026-09-06T10:16:42.938171Z","log":{"level":"WARN","logger":"com.mimococo.marketops.adminobservability.internal.audit.JdbcMetadataAuditStore"},"process":{"pid":4503,"thread":{"name":"main"}},"service":{"name":"marketops-server","version":"0.1.0-SNAPSHOT","environment":"ci","node":{}},"message":"Metadata change denied","ecs":{"version":"8.11"},"application":"marketops-server","environment":"ci","buildVersion":"0.1.0-SNAPSHOT","correlationId":"858901a4-f933-4830-9c4c-bc8f1719010f","event":"metadata_change_denied","sourceDomain":"adminobservability","entityType":"null","entityId":"null","action":"DENIED","actorId":"ivan.petrov","denialCode":"VALIDATION_FAILED"}
{"@timestamp":"2026-09-06T10:16:42.939671Z","log":{"level":"INFO","logger":"com.mimococo.marketops.shared.internal.correlation.CorrelationIdFilter"},"process":{"pid":4503,"thread":{"name":"main"}},"service":{"name":"marketops-server","version":"0.1.0-SNAPSHOT","environment":"ci","node":{}},"message":"Request completed","ecs":{"version":"8.11"},"application":"marketops-server","environment":"ci","buildVersion":"0.1.0-SNAPSHOT","correlationId":"858901a4-f933-4830-9c4c-bc8f1719010f","event":"request_completed","status":400}
]]></system-out>
  </testcase>
  <testcase name="bindingAndReferentialRefusalsAreSafeAndJournaledOnce" classname="com.mimococo.marketops.MetadataMaintenanceApiIT" time="0.044">
    <system-out><![CDATA[{"@timestamp":"2026-09-06T10:16:42.944618Z","log":{"level":"INFO","logger":"com.mimococo.marketops.shared.internal.correlation.CorrelationIdFilter"},"process":{"pid":4503,"thread":{"name":"main"}},"service":{"name":"marketops-server","version":"0.1.0-SNAPSHOT","environment":"ci","node":{}},"message":"Request completed","ecs":{"version":"8.11"},"application":"marketops-server","environment":"ci","buildVersion":"0.1.0-SNAPSHOT","correlationId":"fc544e2b-2714-4911-9388-d10d9e3f1987","event":"request_completed","status":200}
{"@timestamp":"2026-09-06T10:16:42.952494Z","log":{"level":"WARN","logger":"com.mimococo.marketops.adminobservability.internal.audit.JdbcMetadataAuditStore"},"process":{"pid":4503,"thread":{"name":"main"}},"service":{"name":"marketops-server","version":"0.1.0-SNAPSHOT","environment":"ci","node":{}},"message":"Metadata change denied","ecs":{"version":"8.11"},"application":"marketops-server","environment":"ci","buildVersion":"0.1.0-SNAPSHOT","correlationId":"44c8d4f6-3f09-45b9-9db3-6a781069e037","event":"metadata_change_denied","sourceDomain":"adminobservability","entityType":"null","entityId":"null","action":"DENIED","actorId":"ivan.petrov","denialCode":"VALIDATION_FAILED"}
{"@timestamp":"2026-09-06T10:16:42.954113Z","log":{"level":"INFO","logger":"com.mimococo.marketops.shared.internal.correlation.CorrelationIdFilter"},"process":{"pid":4503,"thread":{"name":"main"}},"service":{"name":"marketops-server","version":"0.1.0-SNAPSHOT","environment":"ci","node":{}},"message":"Request completed","ecs":{"version":"8.11"},"application":"marketops-server","environment":"ci","buildVersion":"0.1.0-SNAPSHOT","correlationId":"44c8d4f6-3f09-45b9-9db3-6a781069e037","event":"request_completed","status":400}
{"@timestamp":"2026-09-06T10:16:42.957411Z","log":{"level":"INFO","logger":"com.mimococo.marketops.shared.internal.correlation.CorrelationIdFilter"},"process":{"pid":4503,"thread":{"name":"main"}},"service":{"name":"marketops-server","version":"0.1.0-SNAPSHOT","environment":"ci","node":{}},"message":"Request completed","ecs":{"version":"8.11"},"application":"marketops-server","environment":"ci","buildVersion":"0.1.0-SNAPSHOT","correlationId":"86fd44f3-f66c-4260-802f-f05250ce544b","event":"request_completed","status":200}
{"@timestamp":"2026-09-06T10:16:42.961606Z","log":{"level":"INFO","logger":"com.mimococo.marketops.shared.internal.correlation.CorrelationIdFilter"},"process":{"pid":4503,"thread":{"name":"main"}},"service":{"name":"marketops-server","version":"0.1.0-SNAPSHOT","environment":"ci","node":{}},"message":"Request completed","ecs":{"version":"8.11"},"application":"marketops-server","environment":"ci","buildVersion":"0.1.0-SNAPSHOT","correlationId":"c318e2e2-0b12-40c6-b790-6a414ce110f0","event":"request_completed","status":200}
{"@timestamp":"2026-09-06T10:16:42.964097Z","log":{"level":"WARN","logger":"com.mimococo.marketops.adminobservability.internal.audit.JdbcMetadataAuditStore"},"process":{"pid":4503,"thread":{"name":"main"}},"service":{"name":"marketops-server","version":"0.1.0-SNAPSHOT","environment":"ci","node":{}},"message":"Metadata change denied","ecs":{"version":"8.11"},"application":"marketops-server","environment":"ci","buildVersion":"0.1.0-SNAPSHOT","correlationId":"0bfa86f2-9d00-48aa-afd5-1735b2b3b495","event":"metadata_change_denied","sourceDomain":"adminobservability","entityType":"null","entityId":"null","action":"DENIED","actorId":"ivan.petrov","denialCode":"VALIDATION_FAILED"}
{"@timestamp":"2026-09-06T10:16:42.965043Z","log":{"level":"INFO","logger":"com.mimococo.marketops.shared.internal.correlation.CorrelationIdFilter"},"process":{"pid":4503,"thread":{"name":"main"}},"service":{"name":"marketops-server","version":"0.1.0-SNAPSHOT","environment":"ci","node":{}},"message":"Request completed","ecs":{"version":"8.11"},"application":"marketops-server","environment":"ci","buildVersion":"0.1.0-SNAPSHOT","correlationId":"0bfa86f2-9d00-48aa-afd5-1735b2b3b495","event":"request_completed","status":400}
{"@timestamp":"2026-09-06T10:16:42.967350Z","log":{"level":"INFO","logger":"com.mimococo.marketops.shared.internal.correlation.CorrelationIdFilter"},"process":{"pid":4503,"thread":{"name":"main"}},"service":{"name":"marketops-server","version":"0.1.0-SNAPSHOT","environment":"ci","node":{}},"message":"Request completed","ecs":{"version":"8.11"},"application":"marketops-server","environment":"ci","buildVersion":"0.1.0-SNAPSHOT","correlationId":"3f4e0aa3-e2d3-4e24-89bf-a153d3937ce6","event":"request_completed","status":200}
{"@timestamp":"2026-09-06T10:16:42.969303Z","log":{"level":"INFO","logger":"com.mimococo.marketops.shared.internal.correlation.CorrelationIdFilter"},"process":{"pid":4503,"thread":{"name":"main"}},"service":{"name":"marketops-server","version":"0.1.0-SNAPSHOT","environment":"ci","node":{}},"message":"Request completed","ecs":{"version":"8.11"},"application":"marketops-server","environment":"ci","buildVersion":"0.1.0-SNAPSHOT","correlationId":"bb900d43-2c8a-4b3b-ab2d-1b3d70f26489","event":"request_completed","status":200}
{"@timestamp":"2026-09-06T10:16:42.972185Z","log":{"level":"WARN","logger":"com.mimococo.marketops.adminobservability.internal.audit.JdbcMetadataAuditStore"},"process":{"pid":4503,"thread":{"name":"main"}},"service":{"name":"marketops-server","version":"0.1.0-SNAPSHOT","environment":"ci","node":{}},"message":"Metadata change denied","ecs":{"version":"8.11"},"application":"marketops-server","environment":"ci","buildVersion":"0.1.0-SNAPSHOT","correlationId":"0cf52365-2b21-4969-af52-f0f878bed815","event":"metadata_change_denied","sourceDomain":"adminobservability","entityType":"null","entityId":"null","action":"DENIED","actorId":"ivan.petrov","denialCode":"VALIDATION_FAILED"}
{"@timestamp":"2026-09-06T10:16:42.973595Z","log":{"level":"INFO","logger":"com.mimococo.marketops.shared.internal.correlation.CorrelationIdFilter"},"process":{"pid":4503,"thread":{"name":"main"}},"service":{"name":"marketops-server","version":"0.1.0-SNAPSHOT","environment":"ci","node":{}},"message":"Request completed","ecs":{"version":"8.11"},"application":"marketops-server","environment":"ci","buildVersion":"0.1.0-SNAPSHOT","correlationId":"0cf52365-2b21-4969-af52-f0f878bed815","event":"request_completed","status":400}
{"@timestamp":"2026-09-06T10:16:42.975940Z","log":{"level":"INFO","logger":"com.mimococo.marketops.shared.internal.correlation.CorrelationIdFilter"},"process":{"pid":4503,"thread":{"name":"main"}},"service":{"name":"marketops-server","version":"0.1.0-SNAPSHOT","environment":"ci","node":{}},"message":"Request completed","ecs":{"version":"8.11"},"application":"marketops-server","environment":"ci","buildVersion":"0.1.0-SNAPSHOT","correlationId":"28a2d179-052b-46f4-ad82-30a540a828c6","event":"request_completed","status":200}
{"@timestamp":"2026-09-06T10:16:42.977937Z","log":{"level":"INFO","logger":"com.mimococo.marketops.shared.internal.correlation.CorrelationIdFilter"},"process":{"pid":4503,"thread":{"name":"main"}},"service":{"name":"marketops-server","version":"0.1.0-SNAPSHOT","environment":"ci","node":{}},"message":"Request completed","ecs":{"version":"8.11"},"application":"marketops-server","environment":"ci","buildVersion":"0.1.0-SNAPSHOT","correlationId":"ded19013-878a-488b-af5e-de597a4b2d3e","event":"request_completed","status":200}
{"@timestamp":"2026-09-06T10:16:42.980229Z","log":{"level":"WARN","logger":"com.mimococo.marketops.adminobservability.internal.audit.JdbcMetadataAuditStore"},"process":{"pid":4503,"thread":{"name":"main"}},"service":{"name":"marketops-server","version":"0.1.0-SNAPSHOT","environment":"ci","node":{}},"message":"Metadata change denied","ecs":{"version":"8.11"},"application":"marketops-server","environment":"ci","buildVersion":"0.1.0-SNAPSHOT","correlationId":"c5cbe8c9-227b-44ab-8bf1-c328ed7ea6f7","event":"metadata_change_denied","sourceDomain":"adminobservability","entityType":"null","entityId":"null","action":"DENIED","actorId":"ivan.petrov","denialCode":"VALIDATION_FAILED"}
{"@timestamp":"2026-09-06T10:16:42.981095Z","log":{"level":"INFO","logger":"com.mimococo.marketops.shared.internal.correlation.CorrelationIdFilter"},"process":{"pid":4503,"thread":{"name":"main"}},"service":{"name":"marketops-server","version":"0.1.0-SNAPSHOT","environment":"ci","node":{}},"message":"Request completed","ecs":{"version":"8.11"},"application":"marketops-server","environment":"ci","buildVersion":"0.1.0-SNAPSHOT","correlationId":"c5cbe8c9-227b-44ab-8bf1-c328ed7ea6f7","event":"request_completed","status":400}
{"@timestamp":"2026-09-06T10:16:42.984248Z","log":{"level":"INFO","logger":"com.mimococo.marketops.shared.internal.correlation.CorrelationIdFilter"},"process":{"pid":4503,"thread":{"name":"main"}},"service":{"name":"marketops-server","version":"0.1.0-SNAPSHOT","environment":"ci","node":{}},"message":"Request completed","ecs":{"version":"8.11"},"application":"marketops-server","environment":"ci","buildVersion":"0.1.0-SNAPSHOT","correlationId":"f69ee919-632a-4aa9-913f-dca8a72cd24f","event":"request_completed","status":200}
]]></system-out>
  </testcase>
  <testcase name="operatingGraphIsCreated" classname="com.mimococo.marketops.MetadataMaintenanceApiIT" time="0.069">
    <system-out><![CDATA[{"@timestamp":"2026-09-06T10:16:43.001922Z","log":{"level":"INFO","logger":"com.mimococo.marketops.adminobservability.internal.audit.JdbcMetadataAuditStore"},"process":{"pid":4503,"thread":{"name":"main"}},"service":{"name":"marketops-server","version":"0.1.0-SNAPSHOT","environment":"ci","node":{}},"message":"Metadata change recorded","ecs":{"version":"8.11"},"application":"marketops-server","environment":"ci","buildVersion":"0.1.0-SNAPSHOT","correlationId":"6908d803-085d-4525-98e1-d3f9845527e0","event":"metadata_change_recorded","sourceDomain":"organizationaccount","entityType":"organization","entityId":"95405f8f-de6b-426d-a381-5d024a064e48","action":"CREATE","actorId":"ivan.petrov"}
{"@timestamp":"2026-09-06T10:16:43.003448Z","log":{"level":"INFO","logger":"com.mimococo.marketops.shared.internal.correlation.CorrelationIdFilter"},"process":{"pid":4503,"thread":{"name":"main"}},"service":{"name":"marketops-server","version":"0.1.0-SNAPSHOT","environment":"ci","node":{}},"message":"Request completed","ecs":{"version":"8.11"},"application":"marketops-server","environment":"ci","buildVersion":"0.1.0-SNAPSHOT","correlationId":"6908d803-085d-4525-98e1-d3f9845527e0","event":"request_completed","status":201}
{"@timestamp":"2026-09-06T10:16:43.006255Z","log":{"level":"INFO","logger":"com.mimococo.marketops.adminobservability.internal.audit.JdbcMetadataAuditStore"},"process":{"pid":4503,"thread":{"name":"main"}},"service":{"name":"marketops-server","version":"0.1.0-SNAPSHOT","environment":"ci","node":{}},"message":"Metadata change recorded","ecs":{"version":"8.11"},"application":"marketops-server","environment":"ci","buildVersion":"0.1.0-SNAPSHOT","correlationId":"877e6685-d63d-49ad-aeeb-576d6ad9a3d7","event":"metadata_change_recorded","sourceDomain":"organizationaccount","entityType":"organization","entityId":"b25007ae-9e20-4291-b102-5c2889685f91","action":"CREATE","actorId":"ivan.petrov"}
{"@timestamp":"2026-09-06T10:16:43.007049Z","log":{"level":"INFO","logger":"com.mimococo.marketops.shared.internal.correlation.CorrelationIdFilter"},"process":{"pid":4503,"thread":{"name":"main"}},"service":{"name":"marketops-server","version":"0.1.0-SNAPSHOT","environment":"ci","node":{}},"message":"Request completed","ecs":{"version":"8.11"},"application":"marketops-server","environment":"ci","buildVersion":"0.1.0-SNAPSHOT","correlationId":"877e6685-d63d-49ad-aeeb-576d6ad9a3d7","event":"request_completed","status":201}
{"@timestamp":"2026-09-06T10:16:43.014254Z","log":{"level":"INFO","logger":"com.mimococo.marketops.adminobservability.internal.audit.JdbcMetadataAuditStore"},"process":{"pid":4503,"thread":{"name":"main"}},"service":{"name":"marketops-server","version":"0.1.0-SNAPSHOT","environment":"ci","node":{}},"message":"Metadata change recorded","ecs":{"version":"8.11"},"application":"marketops-server","environment":"ci","buildVersion":"0.1.0-SNAPSHOT","correlationId":"b3087d36-6bfb-4062-8f4f-16008a61deb1","event":"metadata_change_recorded","sourceDomain":"organizationaccount","entityType":"legal-entity","entityId":"e602a3c0-7949-4650-80b0-5af5752477d0","action":"CREATE","actorId":"ivan.petrov"}
{"@timestamp":"2026-09-06T10:16:43.015660Z","log":{"level":"INFO","logger":"com.mimococo.marketops.shared.internal.correlation.CorrelationIdFilter"},"process":{"pid":4503,"thread":{"name":"main"}},"service":{"name":"marketops-server","version":"0.1.0-SNAPSHOT","environment":"ci","node":{}},"message":"Request completed","ecs":{"version":"8.11"},"application":"marketops-server","environment":"ci","buildVersion":"0.1.0-SNAPSHOT","correlationId":"b3087d36-6bfb-4062-8f4f-16008a61deb1","event":"request_completed","status":201}
{"@timestamp":"2026-09-06T10:16:43.019440Z","log":{"level":"INFO","logger":"com.mimococo.marketops.adminobservability.internal.audit.JdbcMetadataAuditStore"},"process":{"pid":4503,"thread":{"name":"main"}},"service":{"name":"marketops-server","version":"0.1.0-SNAPSHOT","environment":"ci","node":{}},"message":"Metadata change recorded","ecs":{"version":"8.11"},"application":"marketops-server","environment":"ci","buildVersion":"0.1.0-SNAPSHOT","correlationId":"1ea164ca-4c33-49e9-9c06-8dd2b0896185","event":"metadata_change_recorded","sourceDomain":"organizationaccount","entityType":"legal-entity","entityId":"e6de9c9f-451b-466c-ba41-bdc407c0476c","action":"CREATE","actorId":"ivan.petrov"}
{"@timestamp":"2026-09-06T10:16:43.020257Z","log":{"level":"INFO","logger":"com.mimococo.marketops.shared.internal.correlation.CorrelationIdFilter"},"process":{"pid":4503,"thread":{"name":"main"}},"service":{"name":"marketops-server","version":"0.1.0-SNAPSHOT","environment":"ci","node":{}},"message":"Request completed","ecs":{"version":"8.11"},"application":"marketops-server","environment":"ci","buildVersion":"0.1.0-SNAPSHOT","correlationId":"1ea164ca-4c33-49e9-9c06-8dd2b0896185","event":"request_completed","status":201}
{"@timestamp":"2026-09-06T10:16:43.027568Z","log":{"level":"INFO","logger":"com.mimococo.marketops.adminobservability.internal.audit.JdbcMetadataAuditStore"},"process":{"pid":4503,"thread":{"name":"main"}},"service":{"name":"marketops-server","version":"0.1.0-SNAPSHOT","environment":"ci","node":{}},"message":"Metadata change recorded","ecs":{"version":"8.11"},"application":"marketops-server","environment":"ci","buildVersion":"0.1.0-SNAPSHOT","correlationId":"1fc1391e-7119-400d-804f-7f88d1e77043","event":"metadata_change_recorded","sourceDomain":"organizationaccount","entityType":"marketplace-account","entityId":"d341e1f5-f5ba-4492-aa3d-c1d274da9f5a","action":"CREATE","actorId":"ivan.petrov"}
{"@timestamp":"2026-09-06T10:16:43.029075Z","log":{"level":"INFO","logger":"com.mimococo.marketops.shared.internal.correlation.CorrelationIdFilter"},"process":{"pid":4503,"thread":{"name":"main"}},"service":{"name":"marketops-server","version":"0.1.0-SNAPSHOT","environment":"ci","node":{}},"message":"Request completed","ecs":{"version":"8.11"},"application":"marketops-server","environment":"ci","buildVersion":"0.1.0-SNAPSHOT","correlationId":"1fc1391e-7119-400d-804f-7f88d1e77043","event":"request_completed","status":201}
{"@timestamp":"2026-09-06T10:16:43.033256Z","log":{"level":"INFO","logger":"com.mimococo.marketops.adminobservability.internal.audit.JdbcMetadataAuditStore"},"process":{"pid":4503,"thread":{"name":"main"}},"service":{"name":"marketops-server","version":"0.1.0-SNAPSHOT","environment":"ci","node":{}},"message":"Metadata change recorded","ecs":{"version":"8.11"},"application":"marketops-server","environment":"ci","buildVersion":"0.1.0-SNAPSHOT","correlationId":"1c1a86a7-df79-499a-a4d6-9565682d38df","event":"metadata_change_recorded","sourceDomain":"organizationaccount","entityType":"marketplace-account","entityId":"cf66685f-6df7-4b30-96a5-4ff5ae01f54f","action":"CREATE","actorId":"ivan.petrov"}
{"@timestamp":"2026-09-06T10:16:43.034104Z","log":{"level":"INFO","logger":"com.mimococo.marketops.shared.internal.correlation.CorrelationIdFilter"},"process":{"pid":4503,"thread":{"name":"main"}},"service":{"name":"marketops-server","version":"0.1.0-SNAPSHOT","environment":"ci","node":{}},"message":"Request completed","ecs":{"version":"8.11"},"application":"marketops-server","environment":"ci","buildVersion":"0.1.0-SNAPSHOT","correlationId":"1c1a86a7-df79-499a-a4d6-9565682d38df","event":"request_completed","status":201}
{"@timestamp":"2026-09-06T10:16:43.040677Z","log":{"level":"INFO","logger":"com.mimococo.marketops.adminobservability.internal.audit.JdbcMetadataAuditStore"},"process":{"pid":4503,"thread":{"name":"main"}},"service":{"name":"marketops-server","version":"0.1.0-SNAPSHOT","environment":"ci","node":{}},"message":"Metadata change recorded","ecs":{"version":"8.11"},"application":"marketops-server","environment":"ci","buildVersion":"0.1.0-SNAPSHOT","correlationId":"88d84926-c217-469e-9602-fb9481b2c874","event":"metadata_change_recorded","sourceDomain":"organizationaccount","entityType":"store","entityId":"d9d88922-e31e-4d09-af04-f48e943b234e","action":"CREATE","actorId":"ivan.petrov"}
{"@timestamp":"2026-09-06T10:16:43.041930Z","log":{"level":"INFO","logger":"com.mimococo.marketops.shared.internal.correlation.CorrelationIdFilter"},"process":{"pid":4503,"thread":{"name":"main"}},"service":{"name":"marketops-server","version":"0.1.0-SNAPSHOT","environment":"ci","node":{}},"message":"Request completed","ecs":{"version":"8.11"},"application":"marketops-server","environment":"ci","buildVersion":"0.1.0-SNAPSHOT","correlationId":"88d84926-c217-469e-9602-fb9481b2c874","event":"request_completed","status":201}
{"@timestamp":"2026-09-06T10:16:43.045715Z","log":{"level":"INFO","logger":"com.mimococo.marketops.adminobservability.internal.audit.JdbcMetadataAuditStore"},"process":{"pid":4503,"thread":{"name":"main"}},"service":{"name":"marketops-server","version":"0.1.0-SNAPSHOT","environment":"ci","node":{}},"message":"Metadata change recorded","ecs":{"version":"8.11"},"application":"marketops-server","environment":"ci","buildVersion":"0.1.0-SNAPSHOT","correlationId":"df3fc211-3d6d-4402-b836-c7d861875039","event":"metadata_change_recorded","sourceDomain":"organizationaccount","entityType":"store","entityId":"95d35bf4-b877-476a-b5a8-828468ffa276","action":"CREATE","actorId":"ivan.petrov"}
{"@timestamp":"2026-09-06T10:16:43.046476Z","log":{"level":"INFO","logger":"com.mimococo.marketops.shared.internal.correlation.CorrelationIdFilter"},"process":{"pid":4503,"thread":{"name":"main"}},"service":{"name":"marketops-server","version":"0.1.0-SNAPSHOT","environment":"ci","node":{}},"message":"Request completed","ecs":{"version":"8.11"},"application":"marketops-server","environment":"ci","buildVersion":"0.1.0-SNAPSHOT","correlationId":"df3fc211-3d6d-4402-b836-c7d861875039","event":"request_completed","status":201}
{"@timestamp":"2026-09-06T10:16:43.052642Z","log":{"level":"INFO","logger":"com.mimococo.marketops.adminobservability.internal.audit.JdbcMetadataAuditStore"},"process":{"pid":4503,"thread":{"name":"main"}},"service":{"name":"marketops-server","version":"0.1.0-SNAPSHOT","environment":"ci","node":{}},"message":"Metadata change recorded","ecs":{"version":"8.11"},"application":"marketops-server","environment":"ci","buildVersion":"0.1.0-SNAPSHOT","correlationId":"8e78ae2c-bed5-41f0-85b7-ccd76c427eec","event":"metadata_change_recorded","sourceDomain":"organizationaccount","entityType":"warehouse","entityId":"6e7b8216-1862-4eee-856a-ec7b18ffdcb6","action":"CREATE","actorId":"ivan.petrov"}
{"@timestamp":"2026-09-06T10:16:43.053814Z","log":{"level":"INFO","logger":"com.mimococo.marketops.shared.internal.correlation.CorrelationIdFilter"},"process":{"pid":4503,"thread":{"name":"main"}},"service":{"name":"marketops-server","version":"0.1.0-SNAPSHOT","environment":"ci","node":{}},"message":"Request completed","ecs":{"version":"8.11"},"application":"marketops-server","environment":"ci","buildVersion":"0.1.0-SNAPSHOT","correlationId":"8e78ae2c-bed5-41f0-85b7-ccd76c427eec","event":"request_completed","status":201}
]]></system-out>
  </testcase>
  <testcase name="duplicateCodeIsRefusedWithTheConflictingResource" classname="com.mimococo.marketops.MetadataMaintenanceApiIT" time="0.005">
    <system-out><![CDATA[{"@timestamp":"2026-09-06T10:16:43.059072Z","log":{"level":"WARN","logger":"com.mimococo.marketops.adminobservability.internal.audit.JdbcMetadataAuditStore"},"process":{"pid":4503,"thread":{"name":"main"}},"service":{"name":"marketops-server","version":"0.1.0-SNAPSHOT","environment":"ci","node":{}},"message":"Metadata change denied","ecs":{"version":"8.11"},"application":"marketops-server","environment":"ci","buildVersion":"0.1.0-SNAPSHOT","correlationId":"4eaa23de-c963-419b-9d5b-2ea931ddd4ec","event":"metadata_change_denied","sourceDomain":"organizationaccount","entityType":"organization","entityId":"null","action":"DENIED","actorId":"ivan.petrov","denialCode":"DUPLICATE_IDENTITY"}
{"@timestamp":"2026-09-06T10:16:43.059911Z","log":{"level":"INFO","logger":"com.mimococo.marketops.shared.internal.correlation.CorrelationIdFilter"},"process":{"pid":4503,"thread":{"name":"main"}},"service":{"name":"marketops-server","version":"0.1.0-SNAPSHOT","environment":"ci","node":{}},"message":"Request completed","ecs":{"version":"8.11"},"application":"marketops-server","environment":"ci","buildVersion":"0.1.0-SNAPSHOT","correlationId":"4eaa23de-c963-419b-9d5b-2ea931ddd4ec","event":"request_completed","status":409}
]]></system-out>
  </testcase>
  <testcase name="staleVersionIsRefused" classname="com.mimococo.marketops.MetadataMaintenanceApiIT" time="0.009">
    <system-out><![CDATA[{"@timestamp":"2026-09-06T10:16:43.068122Z","log":{"level":"WARN","logger":"com.mimococo.marketops.adminobservability.internal.audit.JdbcMetadataAuditStore"},"process":{"pid":4503,"thread":{"name":"main"}},"service":{"name":"marketops-server","version":"0.1.0-SNAPSHOT","environment":"ci","node":{}},"message":"Metadata change denied","ecs":{"version":"8.11"},"application":"marketops-server","environment":"ci","buildVersion":"0.1.0-SNAPSHOT","correlationId":"e8232c54-eaee-4adf-b0b4-0d4624072b64","event":"metadata_change_denied","sourceDomain":"adminobservability","entityType":"null","entityId":"null","action":"DENIED","actorId":"ivan.petrov","denialCode":"VERSION_CONFLICT"}
{"@timestamp":"2026-09-06T10:16:43.068863Z","log":{"level":"INFO","logger":"com.mimococo.marketops.shared.internal.correlation.CorrelationIdFilter"},"process":{"pid":4503,"thread":{"name":"main"}},"service":{"name":"marketops-server","version":"0.1.0-SNAPSHOT","environment":"ci","node":{}},"message":"Request completed","ecs":{"version":"8.11"},"application":"marketops-server","environment":"ci","buildVersion":"0.1.0-SNAPSHOT","correlationId":"e8232c54-eaee-4adf-b0b4-0d4624072b64","event":"request_completed","status":409}
]]></system-out>
  </testcase>
  <testcase name="overlappingLinkIsRefused" classname="com.mimococo.marketops.MetadataMaintenanceApiIT" time="0.027">
    <system-out><![CDATA[{"@timestamp":"2026-09-06T10:16:43.087877Z","log":{"level":"INFO","logger":"com.mimococo.marketops.adminobservability.internal.audit.JdbcMetadataAuditStore"},"process":{"pid":4503,"thread":{"name":"main"}},"service":{"name":"marketops-server","version":"0.1.0-SNAPSHOT","environment":"ci","node":{}},"message":"Metadata change recorded","ecs":{"version":"8.11"},"application":"marketops-server","environment":"ci","buildVersion":"0.1.0-SNAPSHOT","correlationId":"d2c05986-0def-4746-b01d-29591f36dae1","event":"metadata_change_recorded","sourceDomain":"organizationaccount","entityType":"store-warehouse-link","entityId":"d4869eaa-5eb6-4431-baed-dd2755d9066d","action":"CREATE","actorId":"ivan.petrov"}
{"@timestamp":"2026-09-06T10:16:43.089517Z","log":{"level":"INFO","logger":"com.mimococo.marketops.shared.internal.correlation.CorrelationIdFilter"},"process":{"pid":4503,"thread":{"name":"main"}},"service":{"name":"marketops-server","version":"0.1.0-SNAPSHOT","environment":"ci","node":{}},"message":"Request completed","ecs":{"version":"8.11"},"application":"marketops-server","environment":"ci","buildVersion":"0.1.0-SNAPSHOT","correlationId":"d2c05986-0def-4746-b01d-29591f36dae1","event":"request_completed","status":201}
{"@timestamp":"2026-09-06T10:16:43.094883Z","log":{"level":"WARN","logger":"com.mimococo.marketops.adminobservability.internal.audit.JdbcMetadataAuditStore"},"process":{"pid":4503,"thread":{"name":"main"}},"service":{"name":"marketops-server","version":"0.1.0-SNAPSHOT","environment":"ci","node":{}},"message":"Metadata change denied","ecs":{"version":"8.11"},"application":"marketops-server","environment":"ci","buildVersion":"0.1.0-SNAPSHOT","correlationId":"15ea843f-d3ab-498e-8521-44c95bf18e5b","event":"metadata_change_denied","sourceDomain":"organizationaccount","entityType":"store-warehouse-link","entityId":"null","action":"DENIED","actorId":"ivan.petrov","denialCode":"EFFECTIVE_RANGE_OVERLAP"}
{"@timestamp":"2026-09-06T10:16:43.095791Z","log":{"level":"INFO","logger":"com.mimococo.marketops.shared.internal.correlation.CorrelationIdFilter"},"process":{"pid":4503,"thread":{"name":"main"}},"service":{"name":"marketops-server","version":"0.1.0-SNAPSHOT","environment":"ci","node":{}},"message":"Request completed","ecs":{"version":"8.11"},"application":"marketops-server","environment":"ci","buildVersion":"0.1.0-SNAPSHOT","correlationId":"15ea843f-d3ab-498e-8521-44c95bf18e5b","event":"request_completed","status":409}
]]></system-out>
  </testcase>
  <testcase name="grantsAreExplicitAndBounded" classname="com.mimococo.marketops.MetadataMaintenanceApiIT" time="0.062">
    <system-out><![CDATA[{"@timestamp":"2026-09-06T10:16:43.121568Z","log":{"level":"INFO","logger":"com.mimococo.marketops.adminobservability.internal.audit.JdbcMetadataAuditStore"},"process":{"pid":4503,"thread":{"name":"main"}},"service":{"name":"marketops-server","version":"0.1.0-SNAPSHOT","environment":"ci","node":{}},"message":"Metadata change recorded","ecs":{"version":"8.11"},"application":"marketops-server","environment":"ci","buildVersion":"0.1.0-SNAPSHOT","correlationId":"a3a5d41e-cfa5-4226-a1b1-47dd017f75eb","event":"metadata_change_recorded","sourceDomain":"identityaccess","entityType":"service-account","entityId":"7de4ee0d-83b1-48f1-90c0-ae1a8b6c0543","action":"CREATE","actorId":"ivan.petrov"}
{"@timestamp":"2026-09-06T10:16:43.125519Z","log":{"level":"INFO","logger":"com.mimococo.marketops.shared.internal.correlation.CorrelationIdFilter"},"process":{"pid":4503,"thread":{"name":"main"}},"service":{"name":"marketops-server","version":"0.1.0-SNAPSHOT","environment":"ci","node":{}},"message":"Request completed","ecs":{"version":"8.11"},"application":"marketops-server","environment":"ci","buildVersion":"0.1.0-SNAPSHOT","correlationId":"a3a5d41e-cfa5-4226-a1b1-47dd017f75eb","event":"request_completed","status":201}
{"@timestamp":"2026-09-06T10:16:43.142676Z","log":{"level":"INFO","logger":"com.mimococo.marketops.adminobservability.internal.audit.JdbcMetadataAuditStore"},"process":{"pid":4503,"thread":{"name":"main"}},"service":{"name":"marketops-server","version":"0.1.0-SNAPSHOT","environment":"ci","node":{}},"message":"Metadata change recorded","ecs":{"version":"8.11"},"application":"marketops-server","environment":"ci","buildVersion":"0.1.0-SNAPSHOT","correlationId":"09407ae1-3f2d-4fef-bcca-07337ad1c9b7","event":"metadata_change_recorded","sourceDomain":"identityaccess","entityType":"scope-grant","entityId":"bd8bbf1e-dd2d-4dfa-a70c-be469dd97d13","action":"GRANT","actorId":"ivan.petrov"}
{"@timestamp":"2026-09-06T10:16:43.144344Z","log":{"level":"INFO","logger":"com.mimococo.marketops.shared.internal.correlation.CorrelationIdFilter"},"process":{"pid":4503,"thread":{"name":"main"}},"service":{"name":"marketops-server","version":"0.1.0-SNAPSHOT","environment":"ci","node":{}},"message":"Request completed","ecs":{"version":"8.11"},"application":"marketops-server","environment":"ci","buildVersion":"0.1.0-SNAPSHOT","correlationId":"09407ae1-3f2d-4fef-bcca-07337ad1c9b7","event":"request_completed","status":201}
{"@timestamp":"2026-09-06T10:16:43.149481Z","log":{"level":"WARN","logger":"com.mimococo.marketops.adminobservability.internal.audit.JdbcMetadataAuditStore"},"process":{"pid":4503,"thread":{"name":"main"}},"service":{"name":"marketops-server","version":"0.1.0-SNAPSHOT","environment":"ci","node":{}},"message":"Metadata change denied","ecs":{"version":"8.11"},"application":"marketops-server","environment":"ci","buildVersion":"0.1.0-SNAPSHOT","correlationId":"8f28227e-2f49-4ef7-9da5-9d9f778ff0a0","event":"metadata_change_denied","sourceDomain":"identityaccess","entityType":"scope-grant","entityId":"null","action":"DENIED","actorId":"ivan.petrov","denialCode":"DUPLICATE_IDENTITY"}
{"@timestamp":"2026-09-06T10:16:43.150577Z","log":{"level":"INFO","logger":"com.mimococo.marketops.shared.internal.correlation.CorrelationIdFilter"},"process":{"pid":4503,"thread":{"name":"main"}},"service":{"name":"marketops-server","version":"0.1.0-SNAPSHOT","environment":"ci","node":{}},"message":"Request completed","ecs":{"version":"8.11"},"application":"marketops-server","environment":"ci","buildVersion":"0.1.0-SNAPSHOT","correlationId":"8f28227e-2f49-4ef7-9da5-9d9f778ff0a0","event":"request_completed","status":409}
{"@timestamp":"2026-09-06T10:16:43.157199Z","log":{"level":"WARN","logger":"com.mimococo.marketops.adminobservability.internal.audit.JdbcMetadataAuditStore"},"process":{"pid":4503,"thread":{"name":"main"}},"service":{"name":"marketops-server","version":"0.1.0-SNAPSHOT","environment":"ci","node":{}},"message":"Metadata change denied","ecs":{"version":"8.11"},"application":"marketops-server","environment":"ci","buildVersion":"0.1.0-SNAPSHOT","correlationId":"5b52372a-702b-4c50-b466-117217f62306","event":"metadata_change_denied","sourceDomain":"identityaccess","entityType":"scope-grant","entityId":"null","action":"DENIED","actorId":"ivan.petrov","denialCode":"CROSS_ORGANIZATION_REJECTED"}
{"@timestamp":"2026-09-06T10:16:43.158087Z","log":{"level":"INFO","logger":"com.mimococo.marketops.shared.internal.correlation.CorrelationIdFilter"},"process":{"pid":4503,"thread":{"name":"main"}},"service":{"name":"marketops-server","version":"0.1.0-SNAPSHOT","environment":"ci","node":{}},"message":"Request completed","ecs":{"version":"8.11"},"application":"marketops-server","environment":"ci","buildVersion":"0.1.0-SNAPSHOT","correlationId":"5b52372a-702b-4c50-b466-117217f62306","event":"request_completed","status":409}
]]></system-out>
  </testcase>
  <testcase name="secretMaterialAndMalformedReferencesAreRefused" classname="com.mimococo.marketops.MetadataMaintenanceApiIT" time="0.031">
    <system-out><![CDATA[{"@timestamp":"2026-09-06T10:16:43.168473Z","log":{"level":"WARN","logger":"com.mimococo.marketops.shared.SecretMaterialGuard"},"process":{"pid":4503,"thread":{"name":"main"}},"service":{"name":"marketops-server","version":"0.1.0-SNAPSHOT","environment":"ci","node":{}},"message":"Writable text refused by the secret-material guard","ecs":{"version":"8.11"},"application":"marketops-server","environment":"ci","buildVersion":"0.1.0-SNAPSHOT","correlationId":"921355ec-e998-43a6-9109-93836dafd8a6","event":"secret_material_rejected","fieldName":"displayName","ruleName":"credential-assignment"}
{"@timestamp":"2026-09-06T10:16:43.170708Z","log":{"level":"WARN","logger":"com.mimococo.marketops.adminobservability.internal.audit.JdbcMetadataAuditStore"},"process":{"pid":4503,"thread":{"name":"main"}},"service":{"name":"marketops-server","version":"0.1.0-SNAPSHOT","environment":"ci","node":{}},"message":"Metadata change denied","ecs":{"version":"8.11"},"application":"marketops-server","environment":"ci","buildVersion":"0.1.0-SNAPSHOT","correlationId":"921355ec-e998-43a6-9109-93836dafd8a6","event":"metadata_change_denied","sourceDomain":"adminobservability","entityType":"null","entityId":"null","action":"DENIED","actorId":"ivan.petrov","denialCode":"SECRET_MATERIAL_SUSPECTED"}
{"@timestamp":"2026-09-06T10:16:43.182920Z","log":{"level":"INFO","logger":"com.mimococo.marketops.shared.internal.correlation.CorrelationIdFilter"},"process":{"pid":4503,"thread":{"name":"main"}},"service":{"name":"marketops-server","version":"0.1.0-SNAPSHOT","environment":"ci","node":{}},"message":"Request completed","ecs":{"version":"8.11"},"application":"marketops-server","environment":"ci","buildVersion":"0.1.0-SNAPSHOT","correlationId":"921355ec-e998-43a6-9109-93836dafd8a6","event":"request_completed","status":400}
{"@timestamp":"2026-09-06T10:16:43.189860Z","log":{"level":"WARN","logger":"com.mimococo.marketops.adminobservability.internal.audit.JdbcMetadataAuditStore"},"process":{"pid":4503,"thread":{"name":"main"}},"service":{"name":"marketops-server","version":"0.1.0-SNAPSHOT","environment":"ci","node":{}},"message":"Metadata change denied","ecs":{"version":"8.11"},"application":"marketops-server","environment":"ci","buildVersion":"0.1.0-SNAPSHOT","correlationId":"6de1b66b-e9f4-435a-8b55-54933d4d6cf2","event":"metadata_change_denied","sourceDomain":"adminobservability","entityType":"null","entityId":"null","action":"DENIED","actorId":"ivan.petrov","denialCode":"SECRET_REFERENCE_INVALID"}
{"@timestamp":"2026-09-06T10:16:43.190727Z","log":{"level":"INFO","logger":"com.mimococo.marketops.shared.internal.correlation.CorrelationIdFilter"},"process":{"pid":4503,"thread":{"name":"main"}},"service":{"name":"marketops-server","version":"0.1.0-SNAPSHOT","environment":"ci","node":{}},"message":"Request completed","ecs":{"version":"8.11"},"application":"marketops-server","environment":"ci","buildVersion":"0.1.0-SNAPSHOT","correlationId":"6de1b66b-e9f4-435a-8b55-54933d4d6cf2","event":"request_completed","status":400}
]]></system-out>
  </testcase>
  <testcase name="credentialScopeContractIsExplicit" classname="com.mimococo.marketops.MetadataMaintenanceApiIT" time="0.052">
    <system-out><![CDATA[{"@timestamp":"2026-09-06T10:16:43.195897Z","log":{"level":"WARN","logger":"com.mimococo.marketops.adminobservability.internal.audit.JdbcMetadataAuditStore"},"process":{"pid":4503,"thread":{"name":"main"}},"service":{"name":"marketops-server","version":"0.1.0-SNAPSHOT","environment":"ci","node":{}},"message":"Metadata change denied","ecs":{"version":"8.11"},"application":"marketops-server","environment":"ci","buildVersion":"0.1.0-SNAPSHOT","correlationId":"28ad81e0-e87a-488f-beac-bf82f2523120","event":"metadata_change_denied","sourceDomain":"adminobservability","entityType":"null","entityId":"null","action":"DENIED","actorId":"ivan.petrov","denialCode":"VALIDATION_FAILED"}
{"@timestamp":"2026-09-06T10:16:43.196719Z","log":{"level":"INFO","logger":"com.mimococo.marketops.shared.internal.correlation.CorrelationIdFilter"},"process":{"pid":4503,"thread":{"name":"main"}},"service":{"name":"marketops-server","version":"0.1.0-SNAPSHOT","environment":"ci","node":{}},"message":"Request completed","ecs":{"version":"8.11"},"application":"marketops-server","environment":"ci","buildVersion":"0.1.0-SNAPSHOT","correlationId":"28ad81e0-e87a-488f-beac-bf82f2523120","event":"request_completed","status":400}
{"@timestamp":"2026-09-06T10:16:43.200149Z","log":{"level":"WARN","logger":"com.mimococo.marketops.adminobservability.internal.audit.JdbcMetadataAuditStore"},"process":{"pid":4503,"thread":{"name":"main"}},"service":{"name":"marketops-server","version":"0.1.0-SNAPSHOT","environment":"ci","node":{}},"message":"Metadata change denied","ecs":{"version":"8.11"},"application":"marketops-server","environment":"ci","buildVersion":"0.1.0-SNAPSHOT","correlationId":"b0becd4c-f98f-441b-b05c-7cf94bb0af2a","event":"metadata_change_denied","sourceDomain":"adminobservability","entityType":"null","entityId":"null","action":"DENIED","actorId":"ivan.petrov","denialCode":"VALIDATION_FAILED"}
{"@timestamp":"2026-09-06T10:16:43.200861Z","log":{"level":"INFO","logger":"com.mimococo.marketops.shared.internal.correlation.CorrelationIdFilter"},"process":{"pid":4503,"thread":{"name":"main"}},"service":{"name":"marketops-server","version":"0.1.0-SNAPSHOT","environment":"ci","node":{}},"message":"Request completed","ecs":{"version":"8.11"},"application":"marketops-server","environment":"ci","buildVersion":"0.1.0-SNAPSHOT","correlationId":"b0becd4c-f98f-441b-b05c-7cf94bb0af2a","event":"request_completed","status":400}
{"@timestamp":"2026-09-06T10:16:43.204875Z","log":{"level":"WARN","logger":"com.mimococo.marketops.adminobservability.internal.audit.JdbcMetadataAuditStore"},"process":{"pid":4503,"thread":{"name":"main"}},"service":{"name":"marketops-server","version":"0.1.0-SNAPSHOT","environment":"ci","node":{}},"message":"Metadata change denied","ecs":{"version":"8.11"},"application":"marketops-server","environment":"ci","buildVersion":"0.1.0-SNAPSHOT","correlationId":"210d8fb2-08b0-47f2-a32f-071fa77d46d2","event":"metadata_change_denied","sourceDomain":"marketplaceintegration","entityType":"credential-store-scope","entityId":"null","action":"DENIED","actorId":"ivan.petrov","denialCode":"CROSS_ORGANIZATION_REJECTED"}
{"@timestamp":"2026-09-06T10:16:43.205776Z","log":{"level":"INFO","logger":"com.mimococo.marketops.shared.internal.correlation.CorrelationIdFilter"},"process":{"pid":4503,"thread":{"name":"main"}},"service":{"name":"marketops-server","version":"0.1.0-SNAPSHOT","environment":"ci","node":{}},"message":"Request completed","ecs":{"version":"8.11"},"application":"marketops-server","environment":"ci","buildVersion":"0.1.0-SNAPSHOT","correlationId":"210d8fb2-08b0-47f2-a32f-071fa77d46d2","event":"request_completed","status":409}
{"@timestamp":"2026-09-06T10:16:43.217116Z","log":{"level":"INFO","logger":"com.mimococo.marketops.adminobservability.internal.audit.JdbcMetadataAuditStore"},"process":{"pid":4503,"thread":{"name":"main"}},"service":{"name":"marketops-server","version":"0.1.0-SNAPSHOT","environment":"ci","node":{}},"message":"Metadata change recorded","ecs":{"version":"8.11"},"application":"marketops-server","environment":"ci","buildVersion":"0.1.0-SNAPSHOT","correlationId":"26b3f9c0-f81a-4083-b6b0-712abaf3f9a2","event":"metadata_change_recorded","sourceDomain":"marketplaceintegration","entityType":"credential","entityId":"649d623c-d1e5-4643-a426-9f09b9b291bb","action":"CREATE","actorId":"ivan.petrov"}
{"@timestamp":"2026-09-06T10:16:43.222419Z","log":{"level":"INFO","logger":"com.mimococo.marketops.shared.internal.correlation.CorrelationIdFilter"},"process":{"pid":4503,"thread":{"name":"main"}},"service":{"name":"marketops-server","version":"0.1.0-SNAPSHOT","environment":"ci","node":{}},"message":"Request completed","ecs":{"version":"8.11"},"application":"marketops-server","environment":"ci","buildVersion":"0.1.0-SNAPSHOT","correlationId":"26b3f9c0-f81a-4083-b6b0-712abaf3f9a2","event":"request_completed","status":201}
{"@timestamp":"2026-09-06T10:16:43.240056Z","log":{"level":"INFO","logger":"com.mimococo.marketops.adminobservability.internal.audit.JdbcMetadataAuditStore"},"process":{"pid":4503,"thread":{"name":"main"}},"service":{"name":"marketops-server","version":"0.1.0-SNAPSHOT","environment":"ci","node":{}},"message":"Metadata change recorded","ecs":{"version":"8.11"},"application":"marketops-server","environment":"ci","buildVersion":"0.1.0-SNAPSHOT","correlationId":"1b79a9fd-e7fd-4507-9d90-6ec24356588a","event":"metadata_change_recorded","sourceDomain":"marketplaceintegration","entityType":"credential","entityId":"6dfd742a-fd4c-4e96-9b79-17e5f34394a4","action":"CREATE","actorId":"ivan.petrov"}
{"@timestamp":"2026-09-06T10:16:43.242998Z","log":{"level":"INFO","logger":"com.mimococo.marketops.shared.internal.correlation.CorrelationIdFilter"},"process":{"pid":4503,"thread":{"name":"main"}},"service":{"name":"marketops-server","version":"0.1.0-SNAPSHOT","environment":"ci","node":{}},"message":"Request completed","ecs":{"version":"8.11"},"application":"marketops-server","environment":"ci","buildVersion":"0.1.0-SNAPSHOT","correlationId":"1b79a9fd-e7fd-4507-9d90-6ec24356588a","event":"request_completed","status":201}
]]></system-out>
  </testcase>
  <testcase name="emptiedStoreSetFailsClosed" classname="com.mimococo.marketops.MetadataMaintenanceApiIT" time="0.026">
    <system-out><![CDATA[{"@timestamp":"2026-09-06T10:16:43.252665Z","log":{"level":"WARN","logger":"com.mimococo.marketops.adminobservability.internal.audit.JdbcMetadataAuditStore"},"process":{"pid":4503,"thread":{"name":"main"}},"service":{"name":"marketops-server","version":"0.1.0-SNAPSHOT","environment":"ci","node":{}},"message":"Metadata change denied","ecs":{"version":"8.11"},"application":"marketops-server","environment":"ci","buildVersion":"0.1.0-SNAPSHOT","correlationId":"28af044d-8a48-407d-8d61-58894ea0d28d","event":"metadata_change_denied","sourceDomain":"marketplaceintegration","entityType":"credential","entityId":"null","action":"DENIED","actorId":"ivan.petrov","denialCode":"INVALID_STATE_TRANSITION"}
{"@timestamp":"2026-09-06T10:16:43.253604Z","log":{"level":"INFO","logger":"com.mimococo.marketops.shared.internal.correlation.CorrelationIdFilter"},"process":{"pid":4503,"thread":{"name":"main"}},"service":{"name":"marketops-server","version":"0.1.0-SNAPSHOT","environment":"ci","node":{}},"message":"Request completed","ecs":{"version":"8.11"},"application":"marketops-server","environment":"ci","buildVersion":"0.1.0-SNAPSHOT","correlationId":"28af044d-8a48-407d-8d61-58894ea0d28d","event":"request_completed","status":409}
{"@timestamp":"2026-09-06T10:16:43.263016Z","log":{"level":"INFO","logger":"com.mimococo.marketops.adminobservability.internal.audit.JdbcMetadataAuditStore"},"process":{"pid":4503,"thread":{"name":"main"}},"service":{"name":"marketops-server","version":"0.1.0-SNAPSHOT","environment":"ci","node":{}},"message":"Metadata change recorded","ecs":{"version":"8.11"},"application":"marketops-server","environment":"ci","buildVersion":"0.1.0-SNAPSHOT","correlationId":"c9db218d-4931-4d30-a936-f280fa408b0b","event":"metadata_change_recorded","sourceDomain":"marketplaceintegration","entityType":"credential-store-scope","entityId":"a1e1e3f4-24f4-4dce-9788-d95c603ffcad","action":"STATUS_CHANGE","actorId":"ivan.petrov"}
{"@timestamp":"2026-09-06T10:16:43.263723Z","log":{"level":"WARN","logger":"com.mimococo.marketops.marketplaceintegration.internal.application.CredentialService"},"process":{"pid":4503,"thread":{"name":"main"}},"service":{"name":"marketops-server","version":"0.1.0-SNAPSHOT","environment":"ci","node":{}},"message":"Store-set credential has no active scope rows","ecs":{"version":"8.11"},"application":"marketops-server","environment":"ci","buildVersion":"0.1.0-SNAPSHOT","correlationId":"c9db218d-4931-4d30-a936-f280fa408b0b","event":"credential_scope_unusable","credentialId":"6dfd742a-fd4c-4e96-9b79-17e5f34394a4"}
{"@timestamp":"2026-09-06T10:16:43.264753Z","log":{"level":"INFO","logger":"com.mimococo.marketops.shared.internal.correlation.CorrelationIdFilter"},"process":{"pid":4503,"thread":{"name":"main"}},"service":{"name":"marketops-server","version":"0.1.0-SNAPSHOT","environment":"ci","node":{}},"message":"Request completed","ecs":{"version":"8.11"},"application":"marketops-server","environment":"ci","buildVersion":"0.1.0-SNAPSHOT","correlationId":"c9db218d-4931-4d30-a936-f280fa408b0b","event":"request_completed","status":200}
{"@timestamp":"2026-09-06T10:16:43.270600Z","log":{"level":"INFO","logger":"com.mimococo.marketops.shared.internal.correlation.CorrelationIdFilter"},"process":{"pid":4503,"thread":{"name":"main"}},"service":{"name":"marketops-server","version":"0.1.0-SNAPSHOT","environment":"ci","node":{}},"message":"Request completed","ecs":{"version":"8.11"},"application":"marketops-server","environment":"ci","buildVersion":"0.1.0-SNAPSHOT","correlationId":"a0233404-de74-47c3-93a0-7ff058edfa0d","event":"request_completed","status":200}
]]></system-out>
  </testcase>
  <testcase name="rotationIsALineage" classname="com.mimococo.marketops.MetadataMaintenanceApiIT" time="0.019">
    <system-out><![CDATA[{"@timestamp":"2026-09-06T10:16:43.278077Z","log":{"level":"WARN","logger":"com.mimococo.marketops.adminobservability.internal.audit.JdbcMetadataAuditStore"},"process":{"pid":4503,"thread":{"name":"main"}},"service":{"name":"marketops-server","version":"0.1.0-SNAPSHOT","environment":"ci","node":{}},"message":"Metadata change denied","ecs":{"version":"8.11"},"application":"marketops-server","environment":"ci","buildVersion":"0.1.0-SNAPSHOT","correlationId":"60a2d3ee-50d1-466f-81c2-2e1e791a162b","event":"metadata_change_denied","sourceDomain":"marketplaceintegration","entityType":"credential","entityId":"null","action":"DENIED","actorId":"ivan.petrov","denialCode":"DUPLICATE_IDENTITY"}
{"@timestamp":"2026-09-06T10:16:43.278940Z","log":{"level":"INFO","logger":"com.mimococo.marketops.shared.internal.correlation.CorrelationIdFilter"},"process":{"pid":4503,"thread":{"name":"main"}},"service":{"name":"marketops-server","version":"0.1.0-SNAPSHOT","environment":"ci","node":{}},"message":"Request completed","ecs":{"version":"8.11"},"application":"marketops-server","environment":"ci","buildVersion":"0.1.0-SNAPSHOT","correlationId":"60a2d3ee-50d1-466f-81c2-2e1e791a162b","event":"request_completed","status":409}
{"@timestamp":"2026-09-06T10:16:43.285006Z","log":{"level":"INFO","logger":"com.mimococo.marketops.adminobservability.internal.audit.JdbcMetadataAuditStore"},"process":{"pid":4503,"thread":{"name":"main"}},"service":{"name":"marketops-server","version":"0.1.0-SNAPSHOT","environment":"ci","node":{}},"message":"Metadata change recorded","ecs":{"version":"8.11"},"application":"marketops-server","environment":"ci","buildVersion":"0.1.0-SNAPSHOT","correlationId":"9e555d2f-21eb-441d-96d1-09090f3b883c","event":"metadata_change_recorded","sourceDomain":"marketplaceintegration","entityType":"credential","entityId":"1c0378af-fc60-498a-87ad-e47b42dcf387","action":"CREATE","actorId":"ivan.petrov"}
{"@timestamp":"2026-09-06T10:16:43.287501Z","log":{"level":"INFO","logger":"com.mimococo.marketops.shared.internal.correlation.CorrelationIdFilter"},"process":{"pid":4503,"thread":{"name":"main"}},"service":{"name":"marketops-server","version":"0.1.0-SNAPSHOT","environment":"ci","node":{}},"message":"Request completed","ecs":{"version":"8.11"},"application":"marketops-server","environment":"ci","buildVersion":"0.1.0-SNAPSHOT","correlationId":"9e555d2f-21eb-441d-96d1-09090f3b883c","event":"request_completed","status":201}
{"@timestamp":"2026-09-06T10:16:43.290259Z","log":{"level":"INFO","logger":"com.mimococo.marketops.shared.internal.correlation.CorrelationIdFilter"},"process":{"pid":4503,"thread":{"name":"main"}},"service":{"name":"marketops-server","version":"0.1.0-SNAPSHOT","environment":"ci","node":{}},"message":"Request completed","ecs":{"version":"8.11"},"application":"marketops-server","environment":"ci","buildVersion":"0.1.0-SNAPSHOT","correlationId":"2bd0813d-e515-47f8-9904-69cd74496263","event":"request_completed","status":200}
]]></system-out>
  </testcase>
  <testcase name="registryRecordsStructureAndRefusesVerified" classname="com.mimococo.marketops.MetadataMaintenanceApiIT" time="0.037">
    <system-out><![CDATA[{"@timestamp":"2026-09-06T10:16:43.301489Z","log":{"level":"INFO","logger":"com.mimococo.marketops.adminobservability.internal.audit.JdbcMetadataAuditStore"},"process":{"pid":4503,"thread":{"name":"main"}},"service":{"name":"marketops-server","version":"0.1.0-SNAPSHOT","environment":"ci","node":{}},"message":"Metadata change recorded","ecs":{"version":"8.11"},"application":"marketops-server","environment":"ci","buildVersion":"0.1.0-SNAPSHOT","correlationId":"3ed1ead7-84dd-4dc2-9612-fb4ea2a056a3","event":"metadata_change_recorded","sourceDomain":"marketplaceintegration","entityType":"platform-capability","entityId":"b8240504-d60d-458b-a867-b9fa0f220086","action":"CREATE","actorId":"ivan.petrov"}
{"@timestamp":"2026-09-06T10:16:43.303276Z","log":{"level":"INFO","logger":"com.mimococo.marketops.shared.internal.correlation.CorrelationIdFilter"},"process":{"pid":4503,"thread":{"name":"main"}},"service":{"name":"marketops-server","version":"0.1.0-SNAPSHOT","environment":"ci","node":{}},"message":"Request completed","ecs":{"version":"8.11"},"application":"marketops-server","environment":"ci","buildVersion":"0.1.0-SNAPSHOT","correlationId":"3ed1ead7-84dd-4dc2-9612-fb4ea2a056a3","event":"request_completed","status":201}
{"@timestamp":"2026-09-06T10:16:43.312833Z","log":{"level":"INFO","logger":"com.mimococo.marketops.adminobservability.internal.audit.JdbcMetadataAuditStore"},"process":{"pid":4503,"thread":{"name":"main"}},"service":{"name":"marketops-server","version":"0.1.0-SNAPSHOT","environment":"ci","node":{}},"message":"Metadata change recorded","ecs":{"version":"8.11"},"application":"marketops-server","environment":"ci","buildVersion":"0.1.0-SNAPSHOT","correlationId":"4706f5c4-ceaa-472b-a0c8-6e884f01fedd","event":"metadata_change_recorded","sourceDomain":"marketplaceintegration","entityType":"platform-endpoint","entityId":"b68395f1-47c8-456b-a35f-972dbf44ac60","action":"CREATE","actorId":"ivan.petrov"}
{"@timestamp":"2026-09-06T10:16:43.314262Z","log":{"level":"INFO","logger":"com.mimococo.marketops.shared.internal.correlation.CorrelationIdFilter"},"process":{"pid":4503,"thread":{"name":"main"}},"service":{"name":"marketops-server","version":"0.1.0-SNAPSHOT","environment":"ci","node":{}},"message":"Request completed","ecs":{"version":"8.11"},"application":"marketops-server","environment":"ci","buildVersion":"0.1.0-SNAPSHOT","correlationId":"4706f5c4-ceaa-472b-a0c8-6e884f01fedd","event":"request_completed","status":201}
{"@timestamp":"2026-09-06T10:16:43.320899Z","log":{"level":"INFO","logger":"com.mimococo.marketops.adminobservability.internal.audit.JdbcMetadataAuditStore"},"process":{"pid":4503,"thread":{"name":"main"}},"service":{"name":"marketops-server","version":"0.1.0-SNAPSHOT","environment":"ci","node":{}},"message":"Metadata change recorded","ecs":{"version":"8.11"},"application":"marketops-server","environment":"ci","buildVersion":"0.1.0-SNAPSHOT","correlationId":"8f1596c9-1562-4657-adf0-785cb153c7bf","event":"metadata_change_recorded","sourceDomain":"marketplaceintegration","entityType":"platform-capability","entityId":"b8240504-d60d-458b-a867-b9fa0f220086","action":"VERIFICATION_CHANGE","actorId":"ivan.petrov"}
{"@timestamp":"2026-09-06T10:16:43.321665Z","log":{"level":"INFO","logger":"com.mimococo.marketops.shared.internal.correlation.CorrelationIdFilter"},"process":{"pid":4503,"thread":{"name":"main"}},"service":{"name":"marketops-server","version":"0.1.0-SNAPSHOT","environment":"ci","node":{}},"message":"Request completed","ecs":{"version":"8.11"},"application":"marketops-server","environment":"ci","buildVersion":"0.1.0-SNAPSHOT","correlationId":"8f1596c9-1562-4657-adf0-785cb153c7bf","event":"request_completed","status":200}
{"@timestamp":"2026-09-06T10:16:43.324548Z","log":{"level":"WARN","logger":"com.mimococo.marketops.adminobservability.internal.audit.JdbcMetadataAuditStore"},"process":{"pid":4503,"thread":{"name":"main"}},"service":{"name":"marketops-server","version":"0.1.0-SNAPSHOT","environment":"ci","node":{}},"message":"Metadata change denied","ecs":{"version":"8.11"},"application":"marketops-server","environment":"ci","buildVersion":"0.1.0-SNAPSHOT","correlationId":"45574978-544f-4f87-92c9-ee7adeba93a0","event":"metadata_change_denied","sourceDomain":"marketplaceintegration","entityType":"platform-capability","entityId":"null","action":"DENIED","actorId":"ivan.petrov","denialCode":"CAPABILITY_VERIFICATION_NOT_SUPPORTED"}
{"@timestamp":"2026-09-06T10:16:43.325250Z","log":{"level":"INFO","logger":"com.mimococo.marketops.shared.internal.correlation.CorrelationIdFilter"},"process":{"pid":4503,"thread":{"name":"main"}},"service":{"name":"marketops-server","version":"0.1.0-SNAPSHOT","environment":"ci","node":{}},"message":"Request completed","ecs":{"version":"8.11"},"application":"marketops-server","environment":"ci","buildVersion":"0.1.0-SNAPSHOT","correlationId":"45574978-544f-4f87-92c9-ee7adeba93a0","event":"request_completed","status":409}
{"@timestamp":"2026-09-06T10:16:43.327317Z","log":{"level":"INFO","logger":"com.mimococo.marketops.shared.internal.correlation.CorrelationIdFilter"},"process":{"pid":4503,"thread":{"name":"main"}},"service":{"name":"marketops-server","version":"0.1.0-SNAPSHOT","environment":"ci","node":{}},"message":"Request completed","ecs":{"version":"8.11"},"application":"marketops-server","environment":"ci","buildVersion":"0.1.0-SNAPSHOT","correlationId":"680450e6-4be6-4774-9611-49e85695edc4","event":"request_completed","status":200}
]]></system-out>
  </testcase>
  <testcase name="subjectStatusesStayUnknownAndFailClosed" classname="com.mimococo.marketops.MetadataMaintenanceApiIT" time="0.019">
    <system-out><![CDATA[{"@timestamp":"2026-09-06T10:16:43.332706Z","log":{"level":"WARN","logger":"com.mimococo.marketops.adminobservability.internal.audit.JdbcMetadataAuditStore"},"process":{"pid":4503,"thread":{"name":"main"}},"service":{"name":"marketops-server","version":"0.1.0-SNAPSHOT","environment":"ci","node":{}},"message":"Metadata change denied","ecs":{"version":"8.11"},"application":"marketops-server","environment":"ci","buildVersion":"0.1.0-SNAPSHOT","correlationId":"2c49b125-9f20-4c65-93fc-8eb56ff1ce6c","event":"metadata_change_denied","sourceDomain":"adminobservability","entityType":"null","entityId":"null","action":"DENIED","actorId":"ivan.petrov","denialCode":"VALIDATION_FAILED"}
{"@timestamp":"2026-09-06T10:16:43.333432Z","log":{"level":"INFO","logger":"com.mimococo.marketops.shared.internal.correlation.CorrelationIdFilter"},"process":{"pid":4503,"thread":{"name":"main"}},"service":{"name":"marketops-server","version":"0.1.0-SNAPSHOT","environment":"ci","node":{}},"message":"Request completed","ecs":{"version":"8.11"},"application":"marketops-server","environment":"ci","buildVersion":"0.1.0-SNAPSHOT","correlationId":"2c49b125-9f20-4c65-93fc-8eb56ff1ce6c","event":"request_completed","status":400}
{"@timestamp":"2026-09-06T10:16:43.336502Z","log":{"level":"WARN","logger":"com.mimococo.marketops.adminobservability.internal.audit.JdbcMetadataAuditStore"},"process":{"pid":4503,"thread":{"name":"main"}},"service":{"name":"marketops-server","version":"0.1.0-SNAPSHOT","environment":"ci","node":{}},"message":"Metadata change denied","ecs":{"version":"8.11"},"application":"marketops-server","environment":"ci","buildVersion":"0.1.0-SNAPSHOT","correlationId":"a388c10f-eecc-47df-b70a-6fb47758718b","event":"metadata_change_denied","sourceDomain":"adminobservability","entityType":"null","entityId":"null","action":"DENIED","actorId":"ivan.petrov","denialCode":"VALIDATION_FAILED"}
{"@timestamp":"2026-09-06T10:16:43.337053Z","log":{"level":"INFO","logger":"com.mimococo.marketops.shared.internal.correlation.CorrelationIdFilter"},"process":{"pid":4503,"thread":{"name":"main"}},"service":{"name":"marketops-server","version":"0.1.0-SNAPSHOT","environment":"ci","node":{}},"message":"Request completed","ecs":{"version":"8.11"},"application":"marketops-server","environment":"ci","buildVersion":"0.1.0-SNAPSHOT","correlationId":"a388c10f-eecc-47df-b70a-6fb47758718b","event":"request_completed","status":400}
{"@timestamp":"2026-09-06T10:16:43.341582Z","log":{"level":"INFO","logger":"com.mimococo.marketops.adminobservability.internal.audit.JdbcMetadataAuditStore"},"process":{"pid":4503,"thread":{"name":"main"}},"service":{"name":"marketops-server","version":"0.1.0-SNAPSHOT","environment":"ci","node":{}},"message":"Metadata change recorded","ecs":{"version":"8.11"},"application":"marketops-server","environment":"ci","buildVersion":"0.1.0-SNAPSHOT","correlationId":"8a9cc22e-d223-475a-b3eb-fc0fc2ab944a","event":"metadata_change_recorded","sourceDomain":"marketplaceintegration","entityType":"capability-subject-status","entityId":"be54fc96-9f4a-49eb-a82d-23aec22d4008","action":"CREATE","actorId":"ivan.petrov"}
{"@timestamp":"2026-09-06T10:16:43.343326Z","log":{"level":"INFO","logger":"com.mimococo.marketops.shared.internal.correlation.CorrelationIdFilter"},"process":{"pid":4503,"thread":{"name":"main"}},"service":{"name":"marketops-server","version":"0.1.0-SNAPSHOT","environment":"ci","node":{}},"message":"Request completed","ecs":{"version":"8.11"},"application":"marketops-server","environment":"ci","buildVersion":"0.1.0-SNAPSHOT","correlationId":"8a9cc22e-d223-475a-b3eb-fc0fc2ab944a","event":"request_completed","status":201}
{"@timestamp":"2026-09-06T10:16:43.345631Z","log":{"level":"WARN","logger":"com.mimococo.marketops.marketplaceintegration.internal.application.CapabilityDirectoryService"},"process":{"pid":4503,"thread":{"name":"main"}},"service":{"name":"marketops-server","version":"0.1.0-SNAPSHOT","environment":"ci","node":{}},"message":"Capability evaluation refused","ecs":{"version":"8.11"},"application":"marketops-server","environment":"ci","buildVersion":"0.1.0-SNAPSHOT","correlationId":"d9ba90d7-1222-4488-8663-f87c30ebb30e","event":"capability_denied","capabilityId":"b8240504-d60d-458b-a867-b9fa0f220086","verificationState":"UNVERIFIED","verdict":"NOT_VERIFIED"}
{"@timestamp":"2026-09-06T10:16:43.346399Z","log":{"level":"INFO","logger":"com.mimococo.marketops.shared.internal.correlation.CorrelationIdFilter"},"process":{"pid":4503,"thread":{"name":"main"}},"service":{"name":"marketops-server","version":"0.1.0-SNAPSHOT","environment":"ci","node":{}},"message":"Request completed","ecs":{"version":"8.11"},"application":"marketops-server","environment":"ci","buildVersion":"0.1.0-SNAPSHOT","correlationId":"d9ba90d7-1222-4488-8663-f87c30ebb30e","event":"request_completed","status":200}
]]></system-out>
  </testcase>
  <testcase name="permissionRequirementsAreRecorded" classname="com.mimococo.marketops.MetadataMaintenanceApiIT" time="0.019">
    <system-out><![CDATA[{"@timestamp":"2026-09-06T10:16:43.355703Z","log":{"level":"INFO","logger":"com.mimococo.marketops.adminobservability.internal.audit.JdbcMetadataAuditStore"},"process":{"pid":4503,"thread":{"name":"main"}},"service":{"name":"marketops-server","version":"0.1.0-SNAPSHOT","environment":"ci","node":{}},"message":"Metadata change recorded","ecs":{"version":"8.11"},"application":"marketops-server","environment":"ci","buildVersion":"0.1.0-SNAPSHOT","correlationId":"4dab7f23-1908-4685-9230-6155e6e5cb80","event":"metadata_change_recorded","sourceDomain":"marketplaceintegration","entityType":"platform-permission-requirement","entityId":"08b2512f-8c09-4a11-805c-2b96a1d4f138","action":"CREATE","actorId":"ivan.petrov"}
{"@timestamp":"2026-09-06T10:16:43.356954Z","log":{"level":"INFO","logger":"com.mimococo.marketops.shared.internal.correlation.CorrelationIdFilter"},"process":{"pid":4503,"thread":{"name":"main"}},"service":{"name":"marketops-server","version":"0.1.0-SNAPSHOT","environment":"ci","node":{}},"message":"Request completed","ecs":{"version":"8.11"},"application":"marketops-server","environment":"ci","buildVersion":"0.1.0-SNAPSHOT","correlationId":"4dab7f23-1908-4685-9230-6155e6e5cb80","event":"request_completed","status":201}
{"@timestamp":"2026-09-06T10:16:43.359396Z","log":{"level":"WARN","logger":"com.mimococo.marketops.adminobservability.internal.audit.JdbcMetadataAuditStore"},"process":{"pid":4503,"thread":{"name":"main"}},"service":{"name":"marketops-server","version":"0.1.0-SNAPSHOT","environment":"ci","node":{}},"message":"Metadata change denied","ecs":{"version":"8.11"},"application":"marketops-server","environment":"ci","buildVersion":"0.1.0-SNAPSHOT","correlationId":"e845dc3f-a0d9-4f5a-bb72-9c505f2ab357","event":"metadata_change_denied","sourceDomain":"adminobservability","entityType":"null","entityId":"null","action":"DENIED","actorId":"ivan.petrov","denialCode":"VALIDATION_FAILED"}
{"@timestamp":"2026-09-06T10:16:43.360460Z","log":{"level":"INFO","logger":"com.mimococo.marketops.shared.internal.correlation.CorrelationIdFilter"},"process":{"pid":4503,"thread":{"name":"main"}},"service":{"name":"marketops-server","version":"0.1.0-SNAPSHOT","environment":"ci","node":{}},"message":"Request completed","ecs":{"version":"8.11"},"application":"marketops-server","environment":"ci","buildVersion":"0.1.0-SNAPSHOT","correlationId":"e845dc3f-a0d9-4f5a-bb72-9c505f2ab357","event":"request_completed","status":400}
{"@timestamp":"2026-09-06T10:16:43.363120Z","log":{"level":"WARN","logger":"com.mimococo.marketops.adminobservability.internal.audit.JdbcMetadataAuditStore"},"process":{"pid":4503,"thread":{"name":"main"}},"service":{"name":"marketops-server","version":"0.1.0-SNAPSHOT","environment":"ci","node":{}},"message":"Metadata change denied","ecs":{"version":"8.11"},"application":"marketops-server","environment":"ci","buildVersion":"0.1.0-SNAPSHOT","correlationId":"e301467b-66a6-4e6b-b444-5271c357646f","event":"metadata_change_denied","sourceDomain":"adminobservability","entityType":"null","entityId":"null","action":"DENIED","actorId":"ivan.petrov","denialCode":"CAPABILITY_VERIFICATION_NOT_SUPPORTED"}
{"@timestamp":"2026-09-06T10:16:43.363772Z","log":{"level":"INFO","logger":"com.mimococo.marketops.shared.internal.correlation.CorrelationIdFilter"},"process":{"pid":4503,"thread":{"name":"main"}},"service":{"name":"marketops-server","version":"0.1.0-SNAPSHOT","environment":"ci","node":{}},"message":"Request completed","ecs":{"version":"8.11"},"application":"marketops-server","environment":"ci","buildVersion":"0.1.0-SNAPSHOT","correlationId":"e301467b-66a6-4e6b-b444-5271c357646f","event":"request_completed","status":409}
{"@timestamp":"2026-09-06T10:16:43.365946Z","log":{"level":"INFO","logger":"com.mimococo.marketops.shared.internal.correlation.CorrelationIdFilter"},"process":{"pid":4503,"thread":{"name":"main"}},"service":{"name":"marketops-server","version":"0.1.0-SNAPSHOT","environment":"ci","node":{}},"message":"Request completed","ecs":{"version":"8.11"},"application":"marketops-server","environment":"ci","buildVersion":"0.1.0-SNAPSHOT","correlationId":"06344d82-f8da-4352-9bab-4771892117ac","event":"request_completed","status":200}
]]></system-out>
  </testcase>
  <testcase name="flagsFailClosedInTheWriteDirection" classname="com.mimococo.marketops.MetadataMaintenanceApiIT" time="0.032">
    <system-out><![CDATA[{"@timestamp":"2026-09-06T10:16:43.375129Z","log":{"level":"INFO","logger":"com.mimococo.marketops.adminobservability.internal.audit.JdbcMetadataAuditStore"},"process":{"pid":4503,"thread":{"name":"main"}},"service":{"name":"marketops-server","version":"0.1.0-SNAPSHOT","environment":"ci","node":{}},"message":"Metadata change recorded","ecs":{"version":"8.11"},"application":"marketops-server","environment":"ci","buildVersion":"0.1.0-SNAPSHOT","correlationId":"28bb7098-233e-47cc-ab4b-b2ee7a536565","event":"metadata_change_recorded","sourceDomain":"marketplaceintegration","entityType":"feature-flag","entityId":"b30753b1-62d7-4908-8d16-625b360f7e03","action":"CREATE","actorId":"ivan.petrov"}
{"@timestamp":"2026-09-06T10:16:43.376632Z","log":{"level":"INFO","logger":"com.mimococo.marketops.shared.internal.correlation.CorrelationIdFilter"},"process":{"pid":4503,"thread":{"name":"main"}},"service":{"name":"marketops-server","version":"0.1.0-SNAPSHOT","environment":"ci","node":{}},"message":"Request completed","ecs":{"version":"8.11"},"application":"marketops-server","environment":"ci","buildVersion":"0.1.0-SNAPSHOT","correlationId":"28bb7098-233e-47cc-ab4b-b2ee7a536565","event":"request_completed","status":201}
{"@timestamp":"2026-09-06T10:16:43.382516Z","log":{"level":"INFO","logger":"com.mimococo.marketops.adminobservability.internal.audit.JdbcMetadataAuditStore"},"process":{"pid":4503,"thread":{"name":"main"}},"service":{"name":"marketops-server","version":"0.1.0-SNAPSHOT","environment":"ci","node":{}},"message":"Metadata change recorded","ecs":{"version":"8.11"},"application":"marketops-server","environment":"ci","buildVersion":"0.1.0-SNAPSHOT","correlationId":"4b443ce9-eaf8-4078-b72d-9cace23d8e1f","event":"metadata_change_recorded","sourceDomain":"marketplaceintegration","entityType":"feature-flag","entityId":"b30753b1-62d7-4908-8d16-625b360f7e03","action":"STATUS_CHANGE","actorId":"ivan.petrov"}
{"@timestamp":"2026-09-06T10:16:43.383303Z","log":{"level":"INFO","logger":"com.mimococo.marketops.shared.internal.correlation.CorrelationIdFilter"},"process":{"pid":4503,"thread":{"name":"main"}},"service":{"name":"marketops-server","version":"0.1.0-SNAPSHOT","environment":"ci","node":{}},"message":"Request completed","ecs":{"version":"8.11"},"application":"marketops-server","environment":"ci","buildVersion":"0.1.0-SNAPSHOT","correlationId":"4b443ce9-eaf8-4078-b72d-9cace23d8e1f","event":"request_completed","status":200}
{"@timestamp":"2026-09-06T10:16:43.386480Z","log":{"level":"INFO","logger":"com.mimococo.marketops.adminobservability.internal.audit.JdbcMetadataAuditStore"},"process":{"pid":4503,"thread":{"name":"main"}},"service":{"name":"marketops-server","version":"0.1.0-SNAPSHOT","environment":"ci","node":{}},"message":"Metadata change recorded","ecs":{"version":"8.11"},"application":"marketops-server","environment":"ci","buildVersion":"0.1.0-SNAPSHOT","correlationId":"54c17d80-3119-4cc3-be28-eeca88df2af9","event":"metadata_change_recorded","sourceDomain":"marketplaceintegration","entityType":"feature-flag","entityId":"40341a82-b684-4575-a778-30f43a277b0f","action":"CREATE","actorId":"ivan.petrov"}
{"@timestamp":"2026-09-06T10:16:43.387309Z","log":{"level":"INFO","logger":"com.mimococo.marketops.shared.internal.correlation.CorrelationIdFilter"},"process":{"pid":4503,"thread":{"name":"main"}},"service":{"name":"marketops-server","version":"0.1.0-SNAPSHOT","environment":"ci","node":{}},"message":"Request completed","ecs":{"version":"8.11"},"application":"marketops-server","environment":"ci","buildVersion":"0.1.0-SNAPSHOT","correlationId":"54c17d80-3119-4cc3-be28-eeca88df2af9","event":"request_completed","status":201}
{"@timestamp":"2026-09-06T10:16:43.388818Z","log":{"level":"WARN","logger":"com.mimococo.marketops.marketplaceintegration.internal.application.FeatureFlagService"},"process":{"pid":4503,"thread":{"name":"main"}},"service":{"name":"marketops-server","version":"0.1.0-SNAPSHOT","environment":"ci","node":{}},"message":"Write-capability flag enable refused","ecs":{"version":"8.11"},"application":"marketops-server","environment":"ci","buildVersion":"0.1.0-SNAPSHOT","correlationId":"30b3d83b-f827-4c70-b307-86f9b9f21e7e","event":"production_write_denied","flagCode":"ozon.price.write","scopeKey":"CAPABILITY::::b8240504-d60d-458b-a867-b9fa0f220086","actorId":"ivan.petrov"}
{"@timestamp":"2026-09-06T10:16:43.390162Z","log":{"level":"WARN","logger":"com.mimococo.marketops.adminobservability.internal.audit.JdbcMetadataAuditStore"},"process":{"pid":4503,"thread":{"name":"main"}},"service":{"name":"marketops-server","version":"0.1.0-SNAPSHOT","environment":"ci","node":{}},"message":"Metadata change denied","ecs":{"version":"8.11"},"application":"marketops-server","environment":"ci","buildVersion":"0.1.0-SNAPSHOT","correlationId":"30b3d83b-f827-4c70-b307-86f9b9f21e7e","event":"metadata_change_denied","sourceDomain":"marketplaceintegration","entityType":"feature-flag","entityId":"null","action":"DENIED","actorId":"ivan.petrov","denialCode":"PRODUCTION_WRITE_DISABLED"}
{"@timestamp":"2026-09-06T10:16:43.390877Z","log":{"level":"INFO","logger":"com.mimococo.marketops.shared.internal.correlation.CorrelationIdFilter"},"process":{"pid":4503,"thread":{"name":"main"}},"service":{"name":"marketops-server","version":"0.1.0-SNAPSHOT","environment":"ci","node":{}},"message":"Request completed","ecs":{"version":"8.11"},"application":"marketops-server","environment":"ci","buildVersion":"0.1.0-SNAPSHOT","correlationId":"30b3d83b-f827-4c70-b307-86f9b9f21e7e","event":"request_completed","status":409}
{"@timestamp":"2026-09-06T10:16:43.394846Z","log":{"level":"WARN","logger":"com.mimococo.marketops.adminobservability.internal.audit.JdbcMetadataAuditStore"},"process":{"pid":4503,"thread":{"name":"main"}},"service":{"name":"marketops-server","version":"0.1.0-SNAPSHOT","environment":"ci","node":{}},"message":"Metadata change denied","ecs":{"version":"8.11"},"application":"marketops-server","environment":"ci","buildVersion":"0.1.0-SNAPSHOT","correlationId":"416aeb77-f051-4313-aee2-e24f0dc4ed05","event":"metadata_change_denied","sourceDomain":"marketplaceintegration","entityType":"feature-flag","entityId":"null","action":"DENIED","actorId":"ivan.petrov","denialCode":"INVALID_STATE_TRANSITION"}
{"@timestamp":"2026-09-06T10:16:43.395571Z","log":{"level":"INFO","logger":"com.mimococo.marketops.shared.internal.correlation.CorrelationIdFilter"},"process":{"pid":4503,"thread":{"name":"main"}},"service":{"name":"marketops-server","version":"0.1.0-SNAPSHOT","environment":"ci","node":{}},"message":"Request completed","ecs":{"version":"8.11"},"application":"marketops-server","environment":"ci","buildVersion":"0.1.0-SNAPSHOT","correlationId":"416aeb77-f051-4313-aee2-e24f0dc4ed05","event":"request_completed","status":409}
{"@timestamp":"2026-09-06T10:16:43.398152Z","log":{"level":"INFO","logger":"com.mimococo.marketops.adminobservability.internal.audit.JdbcMetadataAuditStore"},"process":{"pid":4503,"thread":{"name":"main"}},"service":{"name":"marketops-server","version":"0.1.0-SNAPSHOT","environment":"ci","node":{}},"message":"Metadata change recorded","ecs":{"version":"8.11"},"application":"marketops-server","environment":"ci","buildVersion":"0.1.0-SNAPSHOT","correlationId":"5b543e7d-0217-4255-b46f-3203703a68f5","event":"metadata_change_recorded","sourceDomain":"marketplaceintegration","entityType":"feature-flag","entityId":"b30753b1-62d7-4908-8d16-625b360f7e03","action":"STATUS_CHANGE","actorId":"ivan.petrov"}
{"@timestamp":"2026-09-06T10:16:43.398802Z","log":{"level":"INFO","logger":"com.mimococo.marketops.shared.internal.correlation.CorrelationIdFilter"},"process":{"pid":4503,"thread":{"name":"main"}},"service":{"name":"marketops-server","version":"0.1.0-SNAPSHOT","environment":"ci","node":{}},"message":"Request completed","ecs":{"version":"8.11"},"application":"marketops-server","environment":"ci","buildVersion":"0.1.0-SNAPSHOT","correlationId":"5b543e7d-0217-4255-b46f-3203703a68f5","event":"request_completed","status":200}
]]></system-out>
  </testcase>
  <testcase name="retirementIsVetoedWhileReferencesExist" classname="com.mimococo.marketops.MetadataMaintenanceApiIT" time="0.013">
    <system-out><![CDATA[{"@timestamp":"2026-09-06T10:16:43.406646Z","log":{"level":"WARN","logger":"com.mimococo.marketops.adminobservability.internal.audit.JdbcMetadataAuditStore"},"process":{"pid":4503,"thread":{"name":"main"}},"service":{"name":"marketops-server","version":"0.1.0-SNAPSHOT","environment":"ci","node":{}},"message":"Metadata change denied","ecs":{"version":"8.11"},"application":"marketops-server","environment":"ci","buildVersion":"0.1.0-SNAPSHOT","correlationId":"531fc988-c030-4c04-b67d-367b38a080ef","event":"metadata_change_denied","sourceDomain":"organizationaccount","entityType":"marketplace-account","entityId":"null","action":"DENIED","actorId":"ivan.petrov","denialCode":"REFERENCED_ENTITY_ACTIVE"}
{"@timestamp":"2026-09-06T10:16:43.407329Z","log":{"level":"INFO","logger":"com.mimococo.marketops.shared.internal.correlation.CorrelationIdFilter"},"process":{"pid":4503,"thread":{"name":"main"}},"service":{"name":"marketops-server","version":"0.1.0-SNAPSHOT","environment":"ci","node":{}},"message":"Request completed","ecs":{"version":"8.11"},"application":"marketops-server","environment":"ci","buildVersion":"0.1.0-SNAPSHOT","correlationId":"531fc988-c030-4c04-b67d-367b38a080ef","event":"request_completed","status":409}
{"@timestamp":"2026-09-06T10:16:43.411494Z","log":{"level":"WARN","logger":"com.mimococo.marketops.adminobservability.internal.audit.JdbcMetadataAuditStore"},"process":{"pid":4503,"thread":{"name":"main"}},"service":{"name":"marketops-server","version":"0.1.0-SNAPSHOT","environment":"ci","node":{}},"message":"Metadata change denied","ecs":{"version":"8.11"},"application":"marketops-server","environment":"ci","buildVersion":"0.1.0-SNAPSHOT","correlationId":"94c8b14e-96cf-4dbe-b761-8f6fe9ee58e8","event":"metadata_change_denied","sourceDomain":"organizationaccount","entityType":"store","entityId":"null","action":"DENIED","actorId":"ivan.petrov","denialCode":"REFERENCED_ENTITY_ACTIVE"}
{"@timestamp":"2026-09-06T10:16:43.412085Z","log":{"level":"INFO","logger":"com.mimococo.marketops.shared.internal.correlation.CorrelationIdFilter"},"process":{"pid":4503,"thread":{"name":"main"}},"service":{"name":"marketops-server","version":"0.1.0-SNAPSHOT","environment":"ci","node":{}},"message":"Request completed","ecs":{"version":"8.11"},"application":"marketops-server","environment":"ci","buildVersion":"0.1.0-SNAPSHOT","correlationId":"94c8b14e-96cf-4dbe-b761-8f6fe9ee58e8","event":"request_completed","status":409}
]]></system-out>
  </testcase>
  <testcase name="journalAttributesChangesAndDenials" classname="com.mimococo.marketops.MetadataMaintenanceApiIT" time="0.007">
    <system-out><![CDATA[{"@timestamp":"2026-09-06T10:16:43.416399Z","log":{"level":"INFO","logger":"com.mimococo.marketops.shared.internal.correlation.CorrelationIdFilter"},"process":{"pid":4503,"thread":{"name":"main"}},"service":{"name":"marketops-server","version":"0.1.0-SNAPSHOT","environment":"ci","node":{}},"message":"Request completed","ecs":{"version":"8.11"},"application":"marketops-server","environment":"ci","buildVersion":"0.1.0-SNAPSHOT","correlationId":"0684ff5c-a69a-4132-95ed-cb46558de406","event":"request_completed","status":200}
{"@timestamp":"2026-09-06T10:16:43.418338Z","log":{"level":"INFO","logger":"com.mimococo.marketops.shared.internal.correlation.CorrelationIdFilter"},"process":{"pid":4503,"thread":{"name":"main"}},"service":{"name":"marketops-server","version":"0.1.0-SNAPSHOT","environment":"ci","node":{}},"message":"Request completed","ecs":{"version":"8.11"},"application":"marketops-server","environment":"ci","buildVersion":"0.1.0-SNAPSHOT","correlationId":"56bdef40-c1c8-4e30-b53a-56a8c908123b","event":"request_completed","status":200}
[...]
{"@timestamp":"2026-09-06T10:16:43.782127Z","log":{"level":"INFO","logger":"com.mimococo.marketops.shared.internal.correlation.CorrelationIdFilter"},"process":{"pid":4503,"thread":{"name":"main"}},"service":{"name":"marketops-server","version":"0.1.0-SNAPSHOT","environment":"ci","node":{}},"message":"Request completed","ecs":{"version":"8.11"},"application":"marketops-server","environment":"ci","buildVersion":"0.1.0-SNAPSHOT","correlationId":"f6e04507-c59d-40e1-b7bb-0faa2dafbff5","event":"request_completed","status":200}
{"@timestamp":"2026-09-06T10:16:43.783547Z","log":{"level":"INFO","logger":"com.mimococo.marketops.shared.internal.correlation.CorrelationIdFilter"},"process":{"pid":4503,"thread":{"name":"main"}},"service":{"name":"marketops-server","version":"0.1.0-SNAPSHOT","environment":"ci","node":{}},"message":"Request completed","ecs":{"version":"8.11"},"application":"marketops-server","environment":"ci","buildVersion":"0.1.0-SNAPSHOT","correlationId":"58dc95d4-2ff2-4315-afa7-40656717dccb","event":"request_completed","status":200}
{"@timestamp":"2026-09-06T10:16:43.786036Z","log":{"level":"WARN","logger":"com.mimococo.marketops.adminobservability.internal.audit.JdbcMetadataAuditStore"},"process":{"pid":4503,"thread":{"name":"main"}},"service":{"name":"marketops-server","version":"0.1.0-SNAPSHOT","environment":"ci","node":{}},"message":"Metadata change denied","ecs":{"version":"8.11"},"application":"marketops-server","environment":"ci","buildVersion":"0.1.0-SNAPSHOT","correlationId":"ee82d0ab-4536-4ce8-9f8c-d7fd0b3784db","event":"metadata_change_denied","sourceDomain":"adminobservability","entityType":"null","entityId":"null","action":"DENIED","actorId":"ivan.petrov","denialCode":"VALIDATION_FAILED"}
{"@timestamp":"2026-09-06T10:16:43.786783Z","log":{"level":"INFO","logger":"com.mimococo.marketops.shared.internal.correlation.CorrelationIdFilter"},"process":{"pid":4503,"thread":{"name":"main"}},"service":{"name":"marketops-server","version":"0.1.0-SNAPSHOT","environment":"ci","node":{}},"message":"Request completed","ecs":{"version":"8.11"},"application":"marketops-server","environment":"ci","buildVersion":"0.1.0-SNAPSHOT","correlationId":"ee82d0ab-4536-4ce8-9f8c-d7fd0b3784db","event":"request_completed","status":400}
{"@timestamp":"2026-09-06T10:16:43.791493Z","log":{"level":"INFO","logger":"com.mimococo.marketops.adminobservability.internal.audit.JdbcMetadataAuditStore"},"process":{"pid":4503,"thread":{"name":"main"}},"service":{"name":"marketops-server","version":"0.1.0-SNAPSHOT","environment":"ci","node":{}},"message":"Metadata change recorded","ecs":{"version":"8.11"},"application":"marketops-server","environment":"ci","buildVersion":"0.1.0-SNAPSHOT","correlationId":"167ec741-df11-4c08-bbe0-234f49e43e06","event":"metadata_change_recorded","sourceDomain":"marketplaceintegration","entityType":"platform-endpoint","entityId":"c11c4817-5459-428d-a888-13474293afdf","action":"CREATE","actorId":"ivan.petrov"}
{"@timestamp":"2026-09-06T10:16:43.793920Z","log":{"level":"INFO","logger":"com.mimococo.marketops.shared.internal.correlation.CorrelationIdFilter"},"process":{"pid":4503,"thread":{"name":"main"}},"service":{"name":"marketops-server","version":"0.1.0-SNAPSHOT","environment":"ci","node":{}},"message":"Request completed","ecs":{"version":"8.11"},"application":"marketops-server","environment":"ci","buildVersion":"0.1.0-SNAPSHOT","correlationId":"167ec741-df11-4c08-bbe0-234f49e43e06","event":"request_completed","status":201}
{"@timestamp":"2026-09-06T10:16:43.798022Z","log":{"level":"INFO","logger":"com.mimococo.marketops.adminobservability.internal.audit.JdbcMetadataAuditStore"},"process":{"pid":4503,"thread":{"name":"main"}},"service":{"name":"marketops-server","version":"0.1.0-SNAPSHOT","environment":"ci","node":{}},"message":"Metadata change recorded","ecs":{"version":"8.11"},"application":"marketops-server","environment":"ci","buildVersion":"0.1.0-SNAPSHOT","correlationId":"1a8d61b7-49f4-4300-bc20-a73bf257ffb1","event":"metadata_change_recorded","sourceDomain":"marketplaceintegration","entityType":"platform-endpoint","entityId":"c11c4817-5459-428d-a888-13474293afdf","action":"STATUS_CHANGE","actorId":"ivan.petrov"}
{"@timestamp":"2026-09-06T10:16:43.798740Z","log":{"level":"INFO","logger":"com.mimococo.marketops.shared.internal.correlation.CorrelationIdFilter"},"process":{"pid":4503,"thread":{"name":"main"}},"service":{"name":"marketops-server","version":"0.1.0-SNAPSHOT","environment":"ci","node":{}},"message":"Request completed","ecs":{"version":"8.11"},"application":"marketops-server","environment":"ci","buildVersion":"0.1.0-SNAPSHOT","correlationId":"1a8d61b7-49f4-4300-bc20-a73bf257ffb1","event":"request_completed","status":200}
{"@timestamp":"2026-09-06T10:16:43.801103Z","log":{"level":"INFO","logger":"com.mimococo.marketops.adminobservability.internal.audit.JdbcMetadataAuditStore"},"process":{"pid":4503,"thread":{"name":"main"}},"service":{"name":"marketops-server","version":"0.1.0-SNAPSHOT","environment":"ci","node":{}},"message":"Metadata change recorded","ecs":{"version":"8.11"},"application":"marketops-server","environment":"ci","buildVersion":"0.1.0-SNAPSHOT","correlationId":"05b8e7ad-e297-4c78-804c-594b554b2c61","event":"metadata_change_recorded","sourceDomain":"marketplaceintegration","entityType":"platform-capability","entityId":"198a8277-c409-4ae9-ac82-8ef3ca7631ab","action":"STATUS_CHANGE","actorId":"ivan.petrov"}
{"@timestamp":"2026-09-06T10:16:43.801697Z","log":{"level":"INFO","logger":"com.mimococo.marketops.shared.internal.correlation.CorrelationIdFilter"},"process":{"pid":4503,"thread":{"name":"main"}},"service":{"name":"marketops-server","version":"0.1.0-SNAPSHOT","environment":"ci","node":{}},"message":"Request completed","ecs":{"version":"8.11"},"application":"marketops-server","environment":"ci","buildVersion":"0.1.0-SNAPSHOT","correlationId":"05b8e7ad-e297-4c78-804c-594b554b2c61","event":"request_completed","status":200}
]]></system-out>
  </testcase>
  <testcase name="featureFlagsCoverEveryScope" classname="com.mimococo.marketops.MetadataMaintenanceApiIT" time="0.043">
    <system-out><![CDATA[{"@timestamp":"2026-09-06T10:16:43.805747Z","log":{"level":"INFO","logger":"com.mimococo.marketops.shared.internal.correlation.CorrelationIdFilter"},"process":{"pid":4503,"thread":{"name":"main"}},"service":{"name":"marketops-server","version":"0.1.0-SNAPSHOT","environment":"ci","node":{}},"message":"Request completed","ecs":{"version":"8.11"},"application":"marketops-server","environment":"ci","buildVersion":"0.1.0-SNAPSHOT","correlationId":"7c9a48be-510b-472e-955d-1ecf87da7511","event":"request_completed","status":200}
{"@timestamp":"2026-09-06T10:16:43.807686Z","log":{"level":"INFO","logger":"com.mimococo.marketops.shared.internal.correlation.CorrelationIdFilter"},"process":{"pid":4503,"thread":{"name":"main"}},"service":{"name":"marketops-server","version":"0.1.0-SNAPSHOT","environment":"ci","node":{}},"message":"Request completed","ecs":{"version":"8.11"},"application":"marketops-server","environment":"ci","buildVersion":"0.1.0-SNAPSHOT","correlationId":"15d0a6f5-98d5-4a71-bf1d-54870ac262f4","event":"request_completed","status":200}
{"@timestamp":"2026-09-06T10:16:43.810408Z","log":{"level":"INFO","logger":"com.mimococo.marketops.adminobservability.internal.audit.JdbcMetadataAuditStore"},"process":{"pid":4503,"thread":{"name":"main"}},"service":{"name":"marketops-server","version":"0.1.0-SNAPSHOT","environment":"ci","node":{}},"message":"Metadata change recorded","ecs":{"version":"8.11"},"application":"marketops-server","environment":"ci","buildVersion":"0.1.0-SNAPSHOT","correlationId":"b65cd3a1-37fd-4460-8f48-0a1547a02b71","event":"metadata_change_recorded","sourceDomain":"marketplaceintegration","entityType":"feature-flag","entityId":"b30753b1-62d7-4908-8d16-625b360f7e03","action":"STATUS_CHANGE","actorId":"ivan.petrov"}
{"@timestamp":"2026-09-06T10:16:43.811113Z","log":{"level":"INFO","logger":"com.mimococo.marketops.shared.internal.correlation.CorrelationIdFilter"},"process":{"pid":4503,"thread":{"name":"main"}},"service":{"name":"marketops-server","version":"0.1.0-SNAPSHOT","environment":"ci","node":{}},"message":"Request completed","ecs":{"version":"8.11"},"application":"marketops-server","environment":"ci","buildVersion":"0.1.0-SNAPSHOT","correlationId":"b65cd3a1-37fd-4460-8f48-0a1547a02b71","event":"request_completed","status":200}
{"@timestamp":"2026-09-06T10:16:43.814437Z","log":{"level":"INFO","logger":"com.mimococo.marketops.adminobservability.internal.audit.JdbcMetadataAuditStore"},"process":{"pid":4503,"thread":{"name":"main"}},"service":{"name":"marketops-server","version":"0.1.0-SNAPSHOT","environment":"ci","node":{}},"message":"Metadata change recorded","ecs":{"version":"8.11"},"application":"marketops-server","environment":"ci","buildVersion":"0.1.0-SNAPSHOT","correlationId":"ec67251c-fc1b-4116-90ff-9d1eb70a5fbf","event":"metadata_change_recorded","sourceDomain":"marketplaceintegration","entityType":"feature-flag","entityId":"bba0703a-be9e-4af9-b30e-ef649466282c","action":"CREATE","actorId":"ivan.petrov"}
{"@timestamp":"2026-09-06T10:16:43.815283Z","log":{"level":"INFO","logger":"com.mimococo.marketops.shared.internal.correlation.CorrelationIdFilter"},"process":{"pid":4503,"thread":{"name":"main"}},"service":{"name":"marketops-server","version":"0.1.0-SNAPSHOT","environment":"ci","node":{}},"message":"Request completed","ecs":{"version":"8.11"},"application":"marketops-server","environment":"ci","buildVersion":"0.1.0-SNAPSHOT","correlationId":"ec67251c-fc1b-4116-90ff-9d1eb70a5fbf","event":"request_completed","status":201}
{"@timestamp":"2026-09-06T10:16:43.819305Z","log":{"level":"INFO","logger":"com.mimococo.marketops.adminobservability.internal.audit.JdbcMetadataAuditStore"},"process":{"pid":4503,"thread":{"name":"main"}},"service":{"name":"marketops-server","version":"0.1.0-SNAPSHOT","environment":"ci","node":{}},"message":"Metadata change recorded","ecs":{"version":"8.11"},"application":"marketops-server","environment":"ci","buildVersion":"0.1.0-SNAPSHOT","correlationId":"d52d2184-72d4-4170-bee8-854e1f6f6140","event":"metadata_change_recorded","sourceDomain":"marketplaceintegration","entityType":"feature-flag","entityId":"527c07f5-01a9-4409-be32-c4fa7f77574e","action":"CREATE","actorId":"ivan.petrov"}
{"@timestamp":"2026-09-06T10:16:43.820186Z","log":{"level":"INFO","logger":"com.mimococo.marketops.shared.internal.correlation.CorrelationIdFilter"},"process":{"pid":4503,"thread":{"name":"main"}},"service":{"name":"marketops-server","version":"0.1.0-SNAPSHOT","environment":"ci","node":{}},"message":"Request completed","ecs":{"version":"8.11"},"application":"marketops-server","environment":"ci","buildVersion":"0.1.0-SNAPSHOT","correlationId":"d52d2184-72d4-4170-bee8-854e1f6f6140","event":"request_completed","status":201}
{"@timestamp":"2026-09-06T10:16:43.823567Z","log":{"level":"INFO","logger":"com.mimococo.marketops.adminobservability.internal.audit.JdbcMetadataAuditStore"},"process":{"pid":4503,"thread":{"name":"main"}},"service":{"name":"marketops-server","version":"0.1.0-SNAPSHOT","environment":"ci","node":{}},"message":"Metadata change recorded","ecs":{"version":"8.11"},"application":"marketops-server","environment":"ci","buildVersion":"0.1.0-SNAPSHOT","correlationId":"77f3b8ef-3a00-4798-b013-a56f6d97bf63","event":"metadata_change_recorded","sourceDomain":"marketplaceintegration","entityType":"feature-flag","entityId":"a60d5ee1-a93f-4d44-845e-f200e8602865","action":"CREATE","actorId":"ivan.petrov"}
{"@timestamp":"2026-09-06T10:16:43.824123Z","log":{"level":"INFO","logger":"com.mimococo.marketops.shared.internal.correlation.CorrelationIdFilter"},"process":{"pid":4503,"thread":{"name":"main"}},"service":{"name":"marketops-server","version":"0.1.0-SNAPSHOT","environment":"ci","node":{}},"message":"Request completed","ecs":{"version":"8.11"},"application":"marketops-server","environment":"ci","buildVersion":"0.1.0-SNAPSHOT","correlationId":"77f3b8ef-3a00-4798-b013-a56f6d97bf63","event":"request_completed","status":201}
{"@timestamp":"2026-09-06T10:16:43.827405Z","log":{"level":"INFO","logger":"com.mimococo.marketops.adminobservability.internal.audit.JdbcMetadataAuditStore"},"process":{"pid":4503,"thread":{"name":"main"}},"service":{"name":"marketops-server","version":"0.1.0-SNAPSHOT","environment":"ci","node":{}},"message":"Metadata change recorded","ecs":{"version":"8.11"},"application":"marketops-server","environment":"ci","buildVersion":"0.1.0-SNAPSHOT","correlationId":"653337bc-6d43-426f-9455-c69865ffdc9a","event":"metadata_change_recorded","sourceDomain":"marketplaceintegration","entityType":"feature-flag","entityId":"9eb01adb-e74c-499c-9fcd-fa2e234b14d8","action":"CREATE","actorId":"ivan.petrov"}
{"@timestamp":"2026-09-06T10:16:43.828039Z","log":{"level":"INFO","logger":"com.mimococo.marketops.shared.internal.correlation.CorrelationIdFilter"},"process":{"pid":4503,"thread":{"name":"main"}},"service":{"name":"marketops-server","version":"0.1.0-SNAPSHOT","environment":"ci","node":{}},"message":"Request completed","ecs":{"version":"8.11"},"application":"marketops-server","environment":"ci","buildVersion":"0.1.0-SNAPSHOT","correlationId":"653337bc-6d43-426f-9455-c69865ffdc9a","event":"request_completed","status":201}
{"@timestamp":"2026-09-06T10:16:43.830705Z","log":{"level":"INFO","logger":"com.mimococo.marketops.adminobservability.internal.audit.JdbcMetadataAuditStore"},"process":{"pid":4503,"thread":{"name":"main"}},"service":{"name":"marketops-server","version":"0.1.0-SNAPSHOT","environment":"ci","node":{}},"message":"Metadata change recorded","ecs":{"version":"8.11"},"application":"marketops-server","environment":"ci","buildVersion":"0.1.0-SNAPSHOT","correlationId":"078c9f32-2888-4d8b-abd9-0d606bbb4e19","event":"metadata_change_recorded","sourceDomain":"marketplaceintegration","entityType":"feature-flag","entityId":"bba0703a-be9e-4af9-b30e-ef649466282c","action":"STATUS_CHANGE","actorId":"ivan.petrov"}
{"@timestamp":"2026-09-06T10:16:43.831357Z","log":{"level":"INFO","logger":"com.mimococo.marketops.shared.internal.correlation.CorrelationIdFilter"},"process":{"pid":4503,"thread":{"name":"main"}},"service":{"name":"marketops-server","version":"0.1.0-SNAPSHOT","environment":"ci","node":{}},"message":"Request completed","ecs":{"version":"8.11"},"application":"marketops-server","environment":"ci","buildVersion":"0.1.0-SNAPSHOT","correlationId":"078c9f32-2888-4d8b-abd9-0d606bbb4e19","event":"request_completed","status":200}
{"@timestamp":"2026-09-06T10:16:43.833724Z","log":{"level":"INFO","logger":"com.mimococo.marketops.adminobservability.internal.audit.JdbcMetadataAuditStore"},"process":{"pid":4503,"thread":{"name":"main"}},"service":{"name":"marketops-server","version":"0.1.0-SNAPSHOT","environment":"ci","node":{}},"message":"Metadata change recorded","ecs":{"version":"8.11"},"application":"marketops-server","environment":"ci","buildVersion":"0.1.0-SNAPSHOT","correlationId":"361f57c9-e9f9-4598-899d-0a2f168305f0","event":"metadata_change_recorded","sourceDomain":"marketplaceintegration","entityType":"feature-flag","entityId":"527c07f5-01a9-4409-be32-c4fa7f77574e","action":"STATUS_CHANGE","actorId":"ivan.petrov"}
{"@timestamp":"2026-09-06T10:16:43.834457Z","log":{"level":"INFO","logger":"com.mimococo.marketops.shared.internal.correlation.CorrelationIdFilter"},"process":{"pid":4503,"thread":{"name":"main"}},"service":{"name":"marketops-server","version":"0.1.0-SNAPSHOT","environment":"ci","node":{}},"message":"Request completed","ecs":{"version":"8.11"},"application":"marketops-server","environment":"ci","buildVersion":"0.1.0-SNAPSHOT","correlationId":"361f57c9-e9f9-4598-899d-0a2f168305f0","event":"request_completed","status":200}
{"@timestamp":"2026-09-06T10:16:43.836745Z","log":{"level":"INFO","logger":"com.mimococo.marketops.adminobservability.internal.audit.JdbcMetadataAuditStore"},"process":{"pid":4503,"thread":{"name":"main"}},"service":{"name":"marketops-server","version":"0.1.0-SNAPSHOT","environment":"ci","node":{}},"message":"Metadata change recorded","ecs":{"version":"8.11"},"application":"marketops-server","environment":"ci","buildVersion":"0.1.0-SNAPSHOT","correlationId":"d21700a3-677f-4803-884f-2fa8aeb2c997","event":"metadata_change_recorded","sourceDomain":"marketplaceintegration","entityType":"feature-flag","entityId":"a60d5ee1-a93f-4d44-845e-f200e8602865","action":"STATUS_CHANGE","actorId":"ivan.petrov"}
{"@timestamp":"2026-09-06T10:16:43.837387Z","log":{"level":"INFO","logger":"com.mimococo.marketops.shared.internal.correlation.CorrelationIdFilter"},"process":{"pid":4503,"thread":{"name":"main"}},"service":{"name":"marketops-server","version":"0.1.0-SNAPSHOT","environment":"ci","node":{}},"message":"Request completed","ecs":{"version":"8.11"},"application":"marketops-server","environment":"ci","buildVersion":"0.1.0-SNAPSHOT","correlationId":"d21700a3-677f-4803-884f-2fa8aeb2c997","event":"request_completed","status":200}
{"@timestamp":"2026-09-06T10:16:43.839752Z","log":{"level":"INFO","logger":"com.mimococo.marketops.adminobservability.internal.audit.JdbcMetadataAuditStore"},"process":{"pid":4503,"thread":{"name":"main"}},"service":{"name":"marketops-server","version":"0.1.0-SNAPSHOT","environment":"ci","node":{}},"message":"Metadata change recorded","ecs":{"version":"8.11"},"application":"marketops-server","environment":"ci","buildVersion":"0.1.0-SNAPSHOT","correlationId":"17c4433f-17d7-45c2-bd80-bf22e82cdd96","event":"metadata_change_recorded","sourceDomain":"marketplaceintegration","entityType":"feature-flag","entityId":"9eb01adb-e74c-499c-9fcd-fa2e234b14d8","action":"STATUS_CHANGE","actorId":"ivan.petrov"}
{"@timestamp":"2026-09-06T10:16:43.840360Z","log":{"level":"INFO","logger":"com.mimococo.marketops.shared.internal.correlation.CorrelationIdFilter"},"process":{"pid":4503,"thread":{"name":"main"}},"service":{"name":"marketops-server","version":"0.1.0-SNAPSHOT","environment":"ci","node":{}},"message":"Request completed","ecs":{"version":"8.11"},"application":"marketops-server","environment":"ci","buildVersion":"0.1.0-SNAPSHOT","correlationId":"17c4433f-17d7-45c2-bd80-bf22e82cdd96","event":"request_completed","status":200}
{"@timestamp":"2026-09-06T10:16:43.845055Z","log":{"level":"WARN","logger":"com.mimococo.marketops.adminobservability.internal.audit.JdbcMetadataAuditStore"},"process":{"pid":4503,"thread":{"name":"main"}},"service":{"name":"marketops-server","version":"0.1.0-SNAPSHOT","environment":"ci","node":{}},"message":"Metadata change denied","ecs":{"version":"8.11"},"application":"marketops-server","environment":"ci","buildVersion":"0.1.0-SNAPSHOT","correlationId":"71085826-7454-4a4b-8b1d-1808444953a1","event":"metadata_change_denied","sourceDomain":"adminobservability","entityType":"null","entityId":"null","action":"DENIED","actorId":"ivan.petrov","denialCode":"VALIDATION_FAILED"}
{"@timestamp":"2026-09-06T10:16:43.845664Z","log":{"level":"INFO","logger":"com.mimococo.marketops.shared.internal.correlation.CorrelationIdFilter"},"process":{"pid":4503,"thread":{"name":"main"}},"service":{"name":"marketops-server","version":"0.1.0-SNAPSHOT","environment":"ci","node":{}},"message":"Request completed","ecs":{"version":"8.11"},"application":"marketops-server","environment":"ci","buildVersion":"0.1.0-SNAPSHOT","correlationId":"71085826-7454-4a4b-8b1d-1808444953a1","event":"request_completed","status":400}
]]></system-out>
  </testcase>
</testsuite>