TN:
SF:src/App.tsx
FN:39,App
FN:48,(anonymous_1)
FN:64,(anonymous_2)
FN:84,(anonymous_3)
FN:95,(anonymous_4)
FN:106,(anonymous_5)
FN:122,(anonymous_6)
FN:146,SignedOut
FN:180,describeSignInFailure
FN:194,ConfigurationError
FN:206,(anonymous_10)
FNF:11
FNH:10
FNDA:9,App
FNDA:8,(anonymous_1)
FNDA:8,(anonymous_2)
FNDA:8,(anonymous_3)
FNDA:1,(anonymous_4)
FNDA:1,(anonymous_5)
FNDA:0,(anonymous_6)
FNDA:5,SignedOut
FNDA:5,describeSignInFailure
FNDA:3,ConfigurationError
FNDA:5,(anonymous_10)
DA:13,2
DA:45,9
DA:48,9
DA:49,9
DA:54,9
DA:55,9
DA:58,9
DA:64,9
DA:66,8
DA:78,9
DA:82,9
DA:84,9
DA:85,8
DA:91,7
DA:93,1
DA:94,1
DA:95,1
DA:96,1
DA:97,0
DA:99,1
DA:100,0
DA:101,0
DA:103,1
DA:106,1
DA:107,1
DA:111,9
DA:112,3
DA:115,6
DA:116,1
DA:123,0
DA:129,5
DA:158,5
DA:170,5
DA:181,5
DA:183,2
DA:185,1
DA:187,1
DA:189,1
DA:199,3
DA:207,5
LF:40
LH:36
BRDA:39,0,0,9
BRDA:40,1,0,9
BRDA:49,2,0,9
BRDA:49,2,1,2
BRDA:58,3,0,0
BRDA:58,3,1,9
BRDA:66,4,0,4
BRDA:66,4,1,4
BRDA:85,5,0,7
BRDA:85,5,1,1
BRDA:86,6,0,8
BRDA:86,6,1,1
BRDA:86,6,2,1
BRDA:86,6,3,1
BRDA:96,7,0,0
BRDA:96,7,1,1
BRDA:99,8,0,0
BRDA:99,8,1,1
BRDA:111,9,0,3
BRDA:111,9,1,6
BRDA:115,10,0,1
BRDA:115,10,1,5
BRDA:115,11,0,6
BRDA:115,11,1,1
BRDA:121,12,0,0
BRDA:121,12,1,1
BRDA:132,13,0,0
BRDA:132,13,1,5
BRDA:133,14,0,1
BRDA:133,14,1,4
BRDA:134,15,0,4
BRDA:134,15,1,1
BRDA:158,16,0,1
BRDA:158,16,1,4
BRDA:167,17,0,3
BRDA:167,17,1,1
BRDA:170,18,0,0
BRDA:170,18,1,5
BRDA:181,19,0,2
BRDA:181,19,1,1
BRDA:181,19,2,1
BRDA:181,19,3,1
BRF:42
BRH:36
end_of_record
TN:
SF:src/ConsoleShell.tsx
FN:44,ConsoleShell
FN:52,(anonymous_1)
FN:86,(anonymous_2)
FN:98,(anonymous_3)
FN:101,(anonymous_4)
FN:111,(anonymous_5)
FN:120,(anonymous_6)
FNF:7
FNH:3
FNDA:5,ConsoleShell
FNDA:4,(anonymous_1)
FNDA:1,(anonymous_2)
FNDA:0,(anonymous_3)
FNDA:0,(anonymous_4)
FNDA:0,(anonymous_5)
FNDA:0,(anonymous_6)
DA:52,5
DA:54,4
DA:59,5
DA:65,5
DA:87,1
DA:99,0
DA:102,0
DA:112,0
DA:121,0
DA:122,0
LF:10
LH:5
BRDA:54,0,0,0
BRDA:54,0,1,4
BRDA:60,1,0,4
BRDA:60,1,1,1
BRDA:70,2,0,0
BRDA:70,2,1,5
BRDA:78,3,0,5
BRDA:78,3,1,3
BRDA:82,4,0,5
BRDA:82,4,1,3
BRDA:92,5,0,5
BRDA:92,5,1,1
BRDA:107,6,0,5
BRDA:107,6,1,1
BRDA:121,7,0,0
BRDA:121,7,1,0
BRDA:128,8,0,5
BRDA:128,8,1,0
BRF:18
BRH:13
end_of_record
TN:
SF:src/buildInfo.ts
FN:23,replaced
FN:28,buildInfo
FNF:2
FNH:2
FNDA:126,replaced
FNDA:63,buildInfo
DA:10,4
DA:13,4
DA:24,126
DA:30,63
DA:32,63
DA:33,63
LF:6
LH:6
BRDA:24,0,0,0
BRDA:24,0,1,126
BRDA:24,1,0,126
BRDA:24,1,1,126
BRDA:30,2,0,63
BRDA:30,2,1,0
BRDA:32,3,0,63
BRDA:32,3,1,0
BRF:8
BRH:5
end_of_record
TN:
SF:src/config.ts
FN:66,resolveOperatingConfig
FN:69,(anonymous_1)
FN:93,resolveConfig
FN:97,(anonymous_3)
FNF:4
FNH:4
FNDA:8,resolveOperatingConfig
FNDA:24,(anonymous_1)
FNDA:13,resolveConfig
FNDA:26,(anonymous_3)
DA:4,3
DA:34,3
DA:69,24
DA:70,8
DA:71,4
DA:73,4
DA:94,13
DA:95,13
DA:97,26
DA:98,13
DA:99,5
DA:102,8
LF:12
LH:12
BRDA:69,0,0,24
BRDA:69,0,1,4
BRDA:70,1,0,4
BRDA:70,1,1,4
BRDA:74,2,0,4
BRDA:74,2,1,0
BRDA:75,3,0,8
BRDA:75,3,1,0
BRDA:76,4,0,8
BRDA:76,4,1,0
BRDA:77,5,0,8
BRDA:77,5,1,0
BRDA:78,6,0,8
BRDA:78,6,1,0
BRDA:94,7,0,13
BRDA:94,7,1,3
BRDA:95,8,0,13
BRDA:95,8,1,2
BRDA:97,9,0,26
BRDA:97,9,1,5
BRDA:98,10,0,5
BRDA:98,10,1,8
BRF:22
BRH:17
end_of_record
TN:
SF:src/vite-env.d.ts
FNF:0
FNH:0
LF:0
LH:0
BRF:0
BRH:0
end_of_record
TN:
SF:src/api/console.ts
FN:113,boundedClaimValue
FN:119,(anonymous_1)
FN:123,(anonymous_2)
FN:127,strictReferences
FN:132,(anonymous_4)
FN:139,parseExplanationClaim
FN:189,parseAiExplanation
FN:203,(anonymous_7)
FN:204,(anonymous_8)
FN:205,(anonymous_9)
FN:318,isRecord
FN:322,text
FN:327,optionalText
FN:332,integer
FN:337,optionalNumber
FN:342,textList
FN:345,(anonymous_16)
FN:349,textMap
FN:370,decimal
FN:379,parsePrioritySubject
FN:403,parseMetricValue
FN:433,parseFinding
FN:462,parseRecommendation
FN:498,parseVerdict
FN:517,parsePreview
FN:543,parseCommand
FN:568,(anonymous_26)
FN:573,(anonymous_27)
FN:578,parseAttempt
FN:606,parseReadback
FN:626,parseDiagnosis
FN:654,(anonymous_31)
FN:682,request
FN:690,(anonymous_33)
FN:750,classifyForbidden
FN:772,buildHeaders
FN:784,list
FN:785,(anonymous_37)
FN:787,(anonymous_38)
FN:792,fetchPriorityQueue
FN:805,fetchDiagnosis
FN:820,requestExplanation
FN:835,fetchRecommendations
FN:864,fetchMetricInputs
FN:872,(anonymous_44)
FN:905,fetchEvidenceSource
FN:911,(anonymous_46)
FN:941,requestImpactPreview
FN:954,decide
FN:963,(anonymous_49)
FN:978,createCommand
FN:985,(anonymous_51)
FN:998,fetchCommand
FN:1006,fetchRecommendationCommand
FN:1018,fetchGate
FN:1024,(anonymous_55)
FN:1034,fetchCommandsNeedingAttention
FNF:57
FNH:56
FNDA:72,boundedClaimValue
FNDA:11,(anonymous_1)
FNDA:45,(anonymous_2)
FNDA:35,strictReferences
FNDA:1,(anonymous_4)
FNDA:20,parseExplanationClaim
FNDA:25,parseAiExplanation
FNDA:20,(anonymous_7)
FNDA:10,(anonymous_8)
FNDA:10,(anonymous_9)
FNDA:172,isRecord
FNDA:139,text
FNDA:27,optionalText
FNDA:20,integer
FNDA:7,optionalNumber
FNDA:16,textList
FNDA:7,(anonymous_16)
FNDA:10,textMap
FNDA:67,decimal
FNDA:3,parsePrioritySubject
FNDA:4,parseMetricValue
FNDA:3,parseFinding
FNDA:2,parseRecommendation
FNDA:5,parseVerdict
FNDA:5,parsePreview
FNDA:9,parseCommand
FNDA:1,(anonymous_26)
FNDA:2,(anonymous_27)
FNDA:1,parseAttempt
FNDA:2,parseReadback
FNDA:4,parseDiagnosis
FNDA:3,(anonymous_31)
FNDA:67,request
FNDA:0,(anonymous_33)
FNDA:3,classifyForbidden
FNDA:67,buildHeaders
FNDA:18,list
FNDA:14,(anonymous_37)
FNDA:5,(anonymous_38)
FNDA:11,fetchPriorityQueue
FNDA:3,fetchDiagnosis
FNDA:7,requestExplanation
FNDA:6,fetchRecommendations
FNDA:10,fetchMetricInputs
FNDA:9,(anonymous_44)
FNDA:6,fetchEvidenceSource
FNDA:6,(anonymous_46)
FNDA:3,requestImpactPreview
FNDA:2,decide
FNDA:1,(anonymous_49)
FNDA:3,createCommand
FNDA:2,(anonymous_51)
FNDA:6,fetchCommand
FNDA:5,fetchRecommendationCommand
FNDA:4,fetchGate
FNDA:4,(anonymous_55)
FNDA:1,fetchCommandsNeedingAttention
DA:19,4
DA:22,4
DA:114,72
DA:115,72
DA:116,70
DA:117,40
DA:118,35
DA:119,11
DA:120,26
DA:123,45
DA:128,35
DA:134,1
DA:140,20
DA:165,8
DA:166,12
DA:167,12
DA:173,1
DA:174,11
DA:190,25
DA:201,4
DA:202,21
DA:203,21
DA:204,12
DA:205,12
DA:206,12
DA:207,12
DA:217,12
DA:227,5
DA:228,7
DA:319,172
DA:323,139
DA:324,139
DA:328,27
DA:329,27
DA:333,20
DA:334,20
DA:338,7
DA:339,7
DA:343,16
DA:344,16
DA:345,7
DA:350,10
DA:351,10
DA:352,2
DA:354,8
DA:355,8
DA:356,4
DA:357,4
DA:360,8
DA:371,67
DA:372,67
DA:373,46
DA:375,21
DA:380,3
DA:381,0
DA:383,3
DA:384,3
DA:385,3
DA:386,0
DA:388,3
DA:404,4
DA:405,0
DA:407,4
DA:408,4
DA:409,4
DA:410,4
DA:411,4
DA:417,1
DA:419,3
DA:434,3
DA:435,0
DA:437,3
DA:438,3
DA:439,3
DA:440,3
DA:441,3
DA:447,1
DA:449,2
DA:463,2
DA:464,0
DA:466,2
DA:467,2
DA:468,2
DA:469,2
DA:470,2
DA:471,2
DA:478,0
DA:480,2
DA:499,5
DA:500,1
DA:502,4
DA:503,4
DA:504,0
DA:506,4
DA:518,5
DA:519,0
DA:521,5
DA:522,5
DA:523,5
DA:524,5
DA:525,1
DA:527,4
DA:544,9
DA:545,0
DA:547,9
DA:548,9
DA:549,9
DA:550,9
DA:551,9
DA:552,1
DA:554,8
DA:555,8
DA:556,8
DA:568,1
DA:573,2
DA:579,1
DA:580,0
DA:582,1
DA:583,1
DA:584,1
DA:585,1
DA:586,1
DA:592,0
DA:594,1
DA:607,2
DA:608,0
DA:610,2
DA:611,2
DA:612,2
DA:613,2
DA:614,0
DA:616,2
DA:627,4
DA:628,0
DA:630,4
DA:631,4
DA:632,4
DA:633,0
DA:635,4
DA:636,4
DA:637,4
DA:638,4
DA:639,2
DA:640,2
DA:641,2
DA:645,4
DA:646,4
DA:654,3
DA:689,67
DA:690,67
DA:691,0
DA:693,67
DA:695,67
DA:696,67
DA:704,65
DA:705,2
DA:707,63
DA:708,3
DA:709,3
DA:711,60
DA:712,4
DA:717,56
DA:718,0
DA:719,0
DA:725,56
DA:726,56
DA:728,1
DA:730,55
DA:731,55
DA:735,2
DA:736,2
DA:738,67
DA:751,3
DA:752,3
DA:753,3
DA:754,3
DA:755,3
DA:756,2
DA:762,1
DA:773,67
DA:778,67
DA:779,5
DA:781,67
DA:785,18
DA:786,14
DA:787,5
DA:797,11
DA:811,3
DA:825,7
DA:840,6
DA:870,10
DA:874,9
DA:881,5
DA:882,4
DA:883,4
DA:884,5
DA:897,2
DA:898,3
DA:900,2
DA:909,6
DA:913,6
DA:928,4
DA:929,2
DA:945,3
DA:961,2
DA:965,1
DA:966,0
DA:968,1
DA:969,1
DA:970,1
DA:971,1
DA:983,3
DA:987,2
DA:988,0
DA:990,2
DA:991,2
DA:1002,6
DA:1010,5
DA:1024,4
DA:1025,4
DA:1026,0
DA:1028,4
DA:1029,4
DA:1038,1
LF:224
LH:203
BRDA:113,0,0,72
BRDA:114,1,0,0
BRDA:114,1,1,72
BRDA:115,2,0,2
BRDA:115,2,1,70
BRDA:115,3,0,72
BRDA:115,3,1,71
BRDA:116,4,0,30
BRDA:116,4,1,40
BRDA:117,5,0,5
BRDA:117,5,1,35
BRDA:118,6,0,9
BRDA:118,6,1,26
BRDA:119,7,0,9
BRDA:119,7,1,9
BRDA:121,8,0,26
BRDA:121,8,1,26
BRDA:121,8,2,26
BRDA:129,9,0,35
BRDA:129,9,1,35
BRDA:129,9,2,35
BRDA:129,9,3,35
BRDA:134,10,0,1
BRDA:134,10,1,0
BRDA:140,11,0,8
BRDA:140,11,1,12
BRDA:141,12,0,20
BRDA:141,12,1,19
BRDA:141,12,2,19
BRDA:141,12,3,19
BRDA:141,12,4,19
BRDA:141,12,5,19
BRDA:141,12,6,19
BRDA:141,12,7,18
BRDA:141,12,8,18
BRDA:141,12,9,18
BRDA:141,12,10,18
BRDA:141,12,11,5
BRDA:141,12,12,0
BRDA:141,12,13,18
BRDA:141,12,14,18
BRDA:141,12,15,17
BRDA:141,12,16,17
BRDA:141,12,17,17
BRDA:141,12,18,16
BRDA:141,12,19,14
BRDA:141,12,20,14
BRDA:141,12,21,13
BRDA:141,12,22,13
BRDA:163,13,0,10
BRDA:163,13,1,3
BRDA:167,14,0,1
BRDA:167,14,1,11
BRDA:168,15,0,12
BRDA:168,15,1,4
BRDA:168,15,2,4
BRDA:168,15,3,3
BRDA:190,16,0,4
BRDA:190,16,1,21
BRDA:191,17,0,25
BRDA:191,17,1,24
BRDA:191,17,2,22
BRDA:191,17,3,22
BRDA:191,17,4,22
BRDA:191,17,5,22
BRDA:191,17,6,22
BRDA:191,17,7,3
BRDA:191,17,8,22
BRDA:191,17,9,22
BRDA:203,18,0,9
BRDA:203,18,1,12
BRDA:217,19,0,5
BRDA:217,19,1,7
BRDA:218,20,0,12
BRDA:218,20,1,11
BRDA:218,20,2,4
BRDA:218,20,3,3
BRDA:218,20,4,3
BRDA:218,20,5,9
BRDA:218,20,6,3
BRDA:218,20,7,3
BRDA:218,20,8,2
BRDA:218,20,9,8
BRDA:218,20,10,1
BRDA:218,20,11,0
BRDA:218,20,12,7
BRDA:218,20,13,2
BRDA:218,20,14,2
BRDA:218,20,15,7
BRDA:218,20,16,1
BRDA:319,21,0,172
BRDA:319,21,1,161
BRDA:324,22,0,126
BRDA:324,22,1,13
BRDA:329,23,0,8
BRDA:329,23,1,19
BRDA:334,24,0,19
BRDA:334,24,1,1
BRDA:339,25,0,2
BRDA:339,25,1,5
BRDA:344,26,0,14
BRDA:344,26,1,2
BRDA:351,27,0,2
BRDA:351,27,1,8
BRDA:356,28,0,4
BRDA:356,28,1,0
BRDA:372,29,0,46
BRDA:372,29,1,21
BRDA:375,30,0,1
BRDA:375,30,1,20
BRDA:380,31,0,0
BRDA:380,31,1,3
BRDA:385,32,0,0
BRDA:385,32,1,3
BRDA:385,33,0,3
BRDA:385,33,1,3
BRDA:391,34,0,3
BRDA:391,34,1,0
BRDA:404,35,0,0
BRDA:404,35,1,4
BRDA:411,36,0,1
BRDA:411,36,1,3
BRDA:412,37,0,4
BRDA:412,37,1,4
BRDA:412,37,2,4
BRDA:412,37,3,3
BRDA:434,38,0,0
BRDA:434,38,1,3
BRDA:441,39,0,1
BRDA:441,39,1,2
BRDA:442,40,0,3
BRDA:442,40,1,2
BRDA:442,40,2,2
BRDA:442,40,3,2
BRDA:463,41,0,0
BRDA:463,41,1,2
BRDA:471,42,0,0
BRDA:471,42,1,2
BRDA:472,43,0,2
BRDA:472,43,1,2
BRDA:472,43,2,2
BRDA:472,43,3,2
BRDA:472,43,4,2
BRDA:485,44,0,2
BRDA:485,44,1,0
BRDA:487,45,0,2
BRDA:487,45,1,0
BRDA:490,46,0,2
BRDA:490,46,1,0
BRDA:491,47,0,2
BRDA:491,47,1,0
BRDA:499,48,0,1
BRDA:499,48,1,4
BRDA:503,49,0,0
BRDA:503,49,1,4
BRDA:508,50,0,4
BRDA:508,50,1,2
BRDA:518,51,0,0
BRDA:518,51,1,5
BRDA:524,52,0,1
BRDA:524,52,1,4
BRDA:524,53,0,5
BRDA:524,53,1,5
BRDA:524,53,2,4
BRDA:544,54,0,0
BRDA:544,54,1,9
BRDA:551,55,0,1
BRDA:551,55,1,8
BRDA:551,56,0,9
BRDA:551,56,1,9
BRDA:551,56,2,8
BRDA:551,56,3,8
BRDA:558,57,0,8
BRDA:558,57,1,1
BRDA:559,58,0,9
BRDA:559,58,1,1
BRDA:560,59,0,9
BRDA:560,59,1,1
BRDA:561,60,0,9
BRDA:561,60,1,1
BRDA:567,61,0,8
BRDA:567,61,1,0
BRDA:570,62,0,8
BRDA:570,62,1,0
BRDA:579,63,0,0
BRDA:579,63,1,1
BRDA:586,64,0,0
BRDA:586,64,1,1
BRDA:587,65,0,1
BRDA:587,65,1,1
BRDA:587,65,2,1
BRDA:587,65,3,1
BRDA:607,66,0,0
BRDA:607,66,1,2
BRDA:613,67,0,0
BRDA:613,67,1,2
BRDA:613,68,0,2
BRDA:613,68,1,2
BRDA:613,68,2,2
BRDA:627,69,0,0
BRDA:627,69,1,4
BRDA:632,70,0,0
BRDA:632,70,1,4
BRDA:632,71,0,4
BRDA:632,71,1,4
BRDA:637,72,0,4
BRDA:637,72,1,0
BRDA:640,73,0,2
BRDA:640,73,1,0
BRDA:649,74,0,4
BRDA:649,74,1,1
BRDA:651,75,0,4
BRDA:651,75,1,0
BRDA:687,76,0,67
BRDA:693,77,0,67
BRDA:693,77,1,0
BRDA:704,78,0,2
BRDA:704,78,1,63
BRDA:707,79,0,3
BRDA:707,79,1,60
BRDA:711,80,0,4
BRDA:711,80,1,56
BRDA:717,81,0,0
BRDA:717,81,1,56
BRDA:719,82,0,0
BRDA:719,82,1,0
BRDA:731,83,0,12
BRDA:731,83,1,43
BRDA:735,84,0,2
BRDA:735,84,1,0
BRDA:735,85,0,2
BRDA:735,85,1,0
BRDA:753,86,0,3
BRDA:753,86,1,0
BRDA:753,87,0,3
BRDA:753,87,1,3
BRDA:755,88,0,2
BRDA:755,88,1,1
BRDA:755,89,0,3
BRDA:755,89,1,2
BRDA:778,90,0,5
BRDA:778,90,1,62
BRDA:786,91,0,13
BRDA:786,91,1,1
BRDA:795,92,0,11
BRDA:809,93,0,3
BRDA:843,94,0,1
BRDA:843,94,1,5
BRDA:874,95,0,5
BRDA:874,95,1,4
BRDA:875,96,0,9
BRDA:875,96,1,8
BRDA:875,96,2,7
BRDA:875,96,3,6
BRDA:875,96,4,5
BRDA:884,97,0,2
BRDA:884,97,1,3
BRDA:885,98,0,5
BRDA:885,98,1,5
BRDA:885,98,2,5
BRDA:885,98,3,4
BRDA:885,98,4,4
BRDA:913,99,0,4
BRDA:913,99,1,2
BRDA:914,100,0,6
BRDA:914,100,1,6
BRDA:914,100,2,5
BRDA:914,100,3,5
BRDA:914,100,4,4
BRDA:914,100,5,4
BRDA:914,100,6,3
BRDA:924,101,0,3
BRDA:924,101,1,1
BRDA:924,101,2,1
BRDA:965,102,0,0
BRDA:965,102,1,1
BRDA:965,103,0,1
BRDA:965,103,1,1
BRDA:971,104,0,0
BRDA:971,104,1,1
BRDA:971,105,0,1
BRDA:971,105,1,1
BRDA:987,106,0,0
BRDA:987,106,1,2
BRDA:987,107,0,2
BRDA:987,107,1,2
BRDA:991,108,0,0
BRDA:991,108,1,2
BRDA:1025,109,0,0
BRDA:1025,109,1,4
BRDA:1025,110,0,4
BRDA:1025,110,1,4
BRF:292
BRH:250
end_of_record
TN:
SF:src/api/diagnosticExport.ts
FN:51,object
FN:55,integer
FN:59,timestamp
FN:63,parseJob
FN:88,malformed
FN:96,boundedRequest
FN:105,(anonymous_6)
FN:175,json
FN:179,jobRequest
FN:197,submitDiagnosticExport
FN:217,fetchDiagnosticExport
FN:227,hash
FN:229,(anonymous_12)
FN:232,parseManifest
FN:274,downloadDiagnosticExport
FN:278,(anonymous_15)
FN:317,(anonymous_16)
FNF:17
FNH:15
FNDA:74,object
FNDA:95,integer
FNDA:91,timestamp
FNDA:29,parseJob
FNDA:35,malformed
FNDA:46,boundedRequest
FNDA:0,(anonymous_6)
FNDA:29,json
FNDA:22,jobRequest
FNDA:4,submitDiagnosticExport
FNDA:21,fetchDiagnosticExport
FNDA:22,hash
FNDA:704,(anonymous_12)
FNDA:16,parseManifest
FNDA:19,downloadDiagnosticExport
FNDA:0,(anonymous_15)
FNDA:16,(anonymous_16)
DA:5,4
DA:6,4
DA:7,4
DA:8,4
DA:9,4
DA:52,74
DA:56,95
DA:60,91
DA:64,29
DA:83,7
DA:85,22
DA:89,35
DA:104,46
DA:105,46
DA:106,0
DA:108,46
DA:109,46
DA:110,46
DA:111,46
DA:112,46
DA:125,45
DA:126,44
DA:127,43
DA:128,2
DA:133,41
DA:134,41
DA:135,2
DA:136,2
DA:138,39
DA:139,46
DA:140,38
DA:141,38
DA:142,38
DA:143,38
DA:144,74
DA:145,74
DA:146,38
DA:147,38
DA:148,2
DA:149,2
DA:151,36
DA:154,38
DA:156,36
DA:157,35
DA:158,35
DA:159,35
DA:160,35
DA:161,35
DA:163,35
DA:165,1
DA:170,46
DA:171,46
DA:176,29
DA:186,22
DA:187,22
DA:188,12
DA:189,12
DA:190,12
DA:192,2
DA:203,4
DA:204,2
DA:211,2
DA:222,21
DA:223,20
DA:224,20
DA:228,22
DA:229,704
DA:233,16
DA:248,7
DA:249,9
DA:250,9
DA:251,9
DA:252,9
DA:253,12
DA:254,12
DA:264,4
DA:265,8
DA:266,8
DA:268,5
DA:278,0
DA:280,19
DA:281,18
DA:287,18
DA:288,17
DA:289,17
DA:290,17
DA:296,0
DA:297,17
DA:298,17
DA:299,1
DA:300,16
DA:301,16
DA:302,5
DA:303,5
DA:304,6
DA:305,6
DA:311,6
DA:312,6
DA:313,6
DA:317,16
DA:319,3
DA:321,3
DA:322,3
DA:323,3
DA:325,2
DA:326,2
DA:328,0
LF:107
LH:103
BRDA:52,0,0,74
BRDA:52,0,1,74
BRDA:52,0,2,73
BRDA:56,1,0,95
BRDA:56,1,1,95
BRDA:56,1,2,95
BRDA:56,1,3,95
BRDA:60,2,0,91
BRDA:60,2,1,91
BRDA:60,2,2,91
BRDA:64,3,0,7
BRDA:64,3,1,22
BRDA:65,4,0,29
BRDA:65,4,1,28
BRDA:65,4,2,28
BRDA:65,4,3,28
BRDA:65,4,4,28
BRDA:65,4,5,28
BRDA:65,4,6,28
BRDA:65,4,7,27
BRDA:65,4,8,26
BRDA:65,4,9,26
BRDA:65,4,10,26
BRDA:65,4,11,25
BRDA:65,4,12,24
BRDA:65,4,13,23
BRDA:79,5,0,23
BRDA:79,5,1,1
BRDA:79,5,2,1
BRDA:102,6,0,46
BRDA:109,7,0,1
BRDA:109,7,1,45
BRDA:112,8,0,46
BRDA:112,8,1,0
BRDA:125,9,0,1
BRDA:125,9,1,44
BRDA:126,10,0,1
BRDA:126,10,1,43
BRDA:127,11,0,2
BRDA:127,11,1,41
BRDA:134,12,0,2
BRDA:134,12,1,39
BRDA:134,13,0,41
BRDA:134,13,1,3
BRDA:134,13,2,2
BRDA:139,14,0,1
BRDA:139,14,1,45
BRDA:145,15,0,36
BRDA:145,15,1,38
BRDA:147,16,0,2
BRDA:147,16,1,36
BRDA:147,17,0,38
BRDA:147,17,1,37
BRDA:156,18,0,1
BRDA:156,18,1,35
BRDA:156,19,0,36
BRDA:156,19,1,1
BRDA:184,20,0,22
BRDA:187,21,0,10
BRDA:187,21,1,12
BRDA:190,22,0,7
BRDA:190,22,1,3
BRDA:203,23,0,2
BRDA:203,23,1,2
BRDA:203,24,0,4
BRDA:203,24,1,3
BRDA:211,25,0,0
BRDA:211,25,1,2
BRDA:211,26,0,2
BRDA:211,26,1,1
BRDA:211,26,2,1
BRDA:222,27,0,1
BRDA:222,27,1,20
BRDA:224,28,0,1
BRDA:224,28,1,19
BRDA:224,29,0,20
BRDA:224,29,1,2
BRDA:233,30,0,7
BRDA:233,30,1,9
BRDA:234,31,0,16
BRDA:234,31,1,16
BRDA:234,31,2,15
BRDA:234,31,3,15
BRDA:234,31,4,14
BRDA:234,31,5,13
BRDA:234,31,6,12
BRDA:234,31,7,12
BRDA:234,31,8,11
BRDA:234,31,9,11
BRDA:234,31,10,10
BRDA:234,31,11,10
BRDA:234,31,12,9
BRDA:254,32,0,4
BRDA:254,32,1,8
BRDA:255,33,0,12
BRDA:255,33,1,12
BRDA:255,33,2,11
BRDA:255,33,3,10
BRDA:255,33,4,10
BRDA:255,33,5,10
BRDA:255,33,6,9
BRDA:255,33,7,9
BRDA:268,34,0,5
BRDA:268,34,1,0
BRDA:268,35,0,5
BRDA:268,35,1,5
BRDA:278,36,0,0
BRDA:280,37,0,1
BRDA:280,37,1,18
BRDA:280,38,0,19
BRDA:280,38,1,19
BRDA:287,39,0,1
BRDA:287,39,1,17
BRDA:290,40,0,0
BRDA:290,40,1,17
BRDA:291,41,0,17
BRDA:291,41,1,17
BRDA:291,41,2,17
BRDA:291,41,3,17
BRDA:298,42,0,1
BRDA:298,42,1,16
BRDA:298,43,0,17
BRDA:298,43,1,17
BRDA:301,44,0,11
BRDA:301,44,1,5
BRDA:304,45,0,0
BRDA:304,45,1,6
BRDA:311,46,0,0
BRDA:311,46,1,6
BRDA:313,47,0,3
BRDA:313,47,1,3
BRDA:314,48,0,6
BRDA:314,48,1,6
BRDA:314,48,2,5
BRDA:314,48,3,4
BRDA:317,49,0,5
BRDA:317,49,1,11
BRDA:325,50,0,0
BRDA:325,50,1,2
BRF:139
BRH:131
end_of_record
TN:
SF:src/api/metaStatus.ts
FN:43,isRecord
FN:47,stringAt
FN:52,nestedString
FN:67,parseMetaStatus
FN:93,(anonymous_4)
FN:94,(anonymous_5)
FN:131,newCorrelationId
FN:142,fetchMetaStatus
FN:149,(anonymous_8)
FN:157,(anonymous_9)
FNF:10
FNH:10
FNDA:97,isRecord
FNDA:264,stringAt
FNDA:62,nestedString
FNDA:35,parseMetaStatus
FNDA:279,(anonymous_4)
FNDA:64,(anonymous_5)
FNDA:32,newCorrelationId
FNDA:32,fetchMetaStatus
FNDA:5,(anonymous_8)
FNDA:2,(anonymous_9)
DA:11,4
DA:14,4
DA:17,4
DA:44,97
DA:48,264
DA:49,264
DA:57,62
DA:58,62
DA:68,35
DA:69,4
DA:72,31
DA:73,31
DA:74,31
DA:75,31
DA:76,31
DA:77,31
DA:78,31
DA:79,31
DA:80,31
DA:82,31
DA:93,279
DA:94,64
DA:96,31
DA:108,17
DA:114,14
DA:132,32
DA:148,32
DA:149,32
DA:150,5
DA:152,32
DA:153,0
DA:155,32
DA:157,32
DA:158,2
DA:161,32
DA:162,32
DA:170,21
DA:171,2
DA:175,19
DA:176,19
DA:178,1
DA:184,18
DA:188,10
DA:189,10
DA:191,31
DA:192,31
LF:46
LH:45
BRDA:44,0,0,97
BRDA:44,0,1,79
BRDA:49,1,0,215
BRDA:49,1,1,49
BRDA:58,2,0,47
BRDA:58,2,1,15
BRDA:68,3,0,4
BRDA:68,3,1,31
BRDA:96,4,0,17
BRDA:96,4,1,14
BRDA:97,5,0,31
BRDA:97,5,1,14
BRDA:97,5,2,14
BRDA:97,5,3,14
BRDA:97,5,4,14
BRDA:97,5,5,14
BRDA:97,5,6,14
BRDA:97,5,7,14
BRDA:97,5,8,14
BRDA:97,5,9,14
BRDA:144,6,0,32
BRDA:145,7,0,32
BRDA:152,8,0,0
BRDA:152,8,1,32
BRDA:170,9,0,2
BRDA:170,9,1,19
BRDA:188,10,0,10
BRDA:188,10,1,0
BRDA:188,11,0,10
BRDA:188,11,1,3
BRF:30
BRH:28
end_of_record
TN:
SF:src/commands/CommandTimeline.tsx
FN:34,CommandTimeline
FN:40,(anonymous_1)
FN:42,(anonymous_2)
FN:53,(anonymous_3)
FN:58,(anonymous_4)
FN:87,(anonymous_5)
FN:88,(anonymous_6)
FN:123,(anonymous_7)
FN:138,(anonymous_8)
FN:158,(anonymous_9)
FN:173,describeState
FN:208,describeMatch
FNF:12
FNH:10
FNDA:6,CommandTimeline
FNDA:3,(anonymous_1)
FNDA:3,(anonymous_2)
FNDA:3,(anonymous_3)
FNDA:3,(anonymous_4)
FNDA:0,(anonymous_5)
FNDA:0,(anonymous_6)
FNDA:2,(anonymous_7)
FNDA:1,(anonymous_8)
FNDA:1,(anonymous_9)
FNDA:3,describeState
FNDA:1,describeMatch
DA:15,3
DA:35,6
DA:36,6
DA:37,6
DA:38,6
DA:40,6
DA:41,3
DA:42,3
DA:43,3
DA:44,0
DA:46,3
DA:47,3
DA:48,3
DA:50,0
DA:53,3
DA:54,3
DA:55,3
DA:58,3
DA:59,3
DA:63,6
DA:64,0
DA:71,6
DA:72,3
DA:80,3
DA:82,3
DA:88,0
DA:124,2
DA:139,1
DA:159,1
DA:174,3
DA:176,1
DA:179,0
DA:181,0
DA:183,0
DA:185,1
DA:187,0
DA:189,1
DA:191,0
DA:193,0
DA:195,0
DA:197,0
DA:199,0
DA:201,0
DA:203,0
DA:209,1
DA:211,1
DA:213,0
DA:215,0
DA:217,0
LF:49
LH:31
BRDA:43,0,0,0
BRDA:43,0,1,3
BRDA:46,1,0,3
BRDA:46,1,1,0
BRDA:54,2,0,3
BRDA:54,2,1,0
BRDA:54,3,0,3
BRDA:54,3,1,3
BRDA:63,4,0,0
BRDA:63,4,1,6
BRDA:71,5,0,3
BRDA:71,5,1,3
BRDA:97,6,0,3
BRDA:97,6,1,1
BRDA:111,7,0,6
BRDA:111,7,1,0
BRDA:119,8,0,6
BRDA:119,8,1,3
BRDA:119,8,2,1
BRDA:134,9,0,2
BRDA:134,9,1,1
BRDA:141,10,0,1
BRDA:141,10,1,0
BRDA:142,11,0,1
BRDA:142,11,1,1
BRDA:152,12,0,2
BRDA:152,12,1,1
BRDA:174,13,0,1
BRDA:174,13,1,0
BRDA:174,13,2,0
BRDA:174,13,3,0
BRDA:174,13,4,0
BRDA:174,13,5,1
BRDA:174,13,6,0
BRDA:174,13,7,1
BRDA:174,13,8,0
BRDA:174,13,9,0
BRDA:174,13,10,0
BRDA:174,13,11,0
BRDA:174,13,12,0
BRDA:174,13,13,0
BRDA:174,13,14,0
BRDA:209,14,0,1
BRDA:209,14,1,0
BRDA:209,14,2,0
BRDA:209,14,3,0
BRF:46
BRH:25
end_of_record
TN:
SF:src/diagnosis/AiExplanationPanel.tsx
FN:6,AiExplanationPanel
FN:19,(anonymous_1)
FN:24,(anonymous_2)
FN:29,explain
FN:48,(anonymous_4)
FN:79,(anonymous_5)
FN:80,(anonymous_6)
FN:85,(anonymous_7)
FN:105,(anonymous_8)
FN:108,(anonymous_9)
FN:112,(anonymous_10)
FN:113,(anonymous_11)
FNF:12
FNH:12
FNDA:31,AiExplanationPanel
FNDA:10,(anonymous_1)
FNDA:10,(anonymous_2)
FNDA:7,explain
FNDA:7,(anonymous_4)
FNDA:20,(anonymous_5)
FNDA:12,(anonymous_6)
FNDA:2,(anonymous_7)
FNDA:3,(anonymous_8)
FNDA:2,(anonymous_9)
FNDA:2,(anonymous_10)
FNDA:1,(anonymous_11)
DA:15,31
DA:16,31
DA:17,31
DA:18,31
DA:19,31
DA:20,10
DA:21,10
DA:22,10
DA:23,10
DA:24,10
DA:25,10
DA:30,7
DA:31,7
DA:32,7
DA:33,7
DA:34,7
DA:35,7
DA:36,7
DA:37,7
DA:38,2
DA:41,31
DA:49,7
DA:80,20
DA:81,20
DA:86,2
DA:105,3
DA:108,2
DA:112,2
DA:114,1
LF:29
LH:29
BRDA:35,0,0,0
BRDA:35,0,1,7
BRDA:37,1,0,5
BRDA:37,1,1,2
BRDA:37,2,0,7
BRDA:37,2,1,6
BRDA:38,3,0,1
BRDA:38,3,1,1
BRDA:52,4,0,14
BRDA:52,4,1,17
BRDA:54,5,0,31
BRDA:54,5,1,2
BRDA:60,6,0,31
BRDA:60,6,1,5
BRDA:65,7,0,1
BRDA:65,7,1,4
BRDA:69,8,0,2
BRDA:69,8,1,2
BRDA:71,9,0,2
BRDA:71,9,1,1
BRDA:74,10,0,1
BRDA:74,10,1,1
BRDA:80,11,0,12
BRDA:80,11,1,3
BRDA:81,12,0,18
BRDA:81,12,1,2
BRDA:88,13,0,2
BRDA:88,13,1,2
BRDA:91,14,0,2
BRDA:91,14,1,2
BRDA:96,15,0,2
BRDA:96,15,1,2
BRDA:105,16,0,5
BRDA:105,16,1,1
BRF:34
BRH:33
end_of_record
TN:
SF:src/diagnosis/DiagnosticExportPanel.tsx
FN:11,DiagnosticExportPanel
FN:24,(anonymous_1)
FN:31,(anonymous_2)
FN:51,(anonymous_3)
FN:54,(anonymous_4)
FN:55,(anonymous_5)
FN:75,(anonymous_6)
FN:81,(anonymous_7)
FN:100,(anonymous_8)
FN:107,(anonymous_9)
FN:125,(anonymous_10)
FN:142,(anonymous_11)
FN:158,(anonymous_12)
FN:169,(anonymous_13)
FN:179,(anonymous_14)
FN:193,(anonymous_15)
FNF:16
FNH:16
FNDA:28,DiagnosticExportPanel
FNDA:16,(anonymous_1)
FNDA:6,(anonymous_2)
FNDA:15,(anonymous_3)
FNDA:1,(anonymous_4)
FNDA:1,(anonymous_5)
FNDA:1,(anonymous_6)
FNDA:1,(anonymous_7)
FNDA:2,(anonymous_8)
FNDA:1,(anonymous_9)
FNDA:1,(anonymous_10)
FNDA:6,(anonymous_11)
FNDA:2,(anonymous_12)
FNDA:1,(anonymous_13)
FNDA:1,(anonymous_14)
FNDA:1,(anonymous_15)
DA:18,28
DA:19,28
DA:20,28
DA:21,28
DA:22,28
DA:23,28
DA:24,28
DA:26,8
DA:31,28
DA:32,6
DA:33,6
DA:34,6
DA:35,6
DA:36,6
DA:37,6
DA:38,6
DA:39,6
DA:40,5
DA:41,5
DA:42,5
DA:43,4
DA:44,4
DA:46,1
DA:47,1
DA:51,28
DA:52,15
DA:53,1
DA:54,1
DA:55,1
DA:56,1
DA:57,1
DA:58,1
DA:59,1
DA:60,1
DA:70,0
DA:71,0
DA:75,1
DA:76,1
DA:77,1
DA:81,28
DA:82,1
DA:83,1
DA:84,1
DA:85,1
DA:86,1
DA:87,1
DA:88,1
DA:89,1
DA:90,1
DA:91,1
DA:92,1
DA:93,1
DA:95,0
DA:96,0
DA:100,28
DA:101,2
DA:102,2
DA:103,2
DA:104,2
DA:105,2
DA:106,2
DA:107,2
DA:108,1
DA:109,1
DA:111,2
DA:112,2
DA:113,2
DA:114,1
DA:115,1
DA:116,1
DA:118,1
DA:119,1
DA:120,1
DA:121,1
DA:122,1
DA:123,1
DA:124,1
DA:125,1
DA:126,1
DA:128,1
DA:131,28
DA:143,6
DA:159,2
DA:170,1
DA:180,1
DA:181,1
DA:182,1
DA:183,1
DA:194,1
DA:195,1
DA:196,1
LF:91
LH:87
BRDA:40,0,0,0
BRDA:40,0,1,5
BRDA:42,1,0,4
BRDA:42,1,1,1
BRDA:52,2,0,14
BRDA:52,2,1,1
BRDA:52,3,0,15
BRDA:52,3,1,6
BRDA:56,4,0,0
BRDA:56,4,1,1
BRDA:57,5,0,1
BRDA:57,5,1,0
BRDA:57,6,0,1
BRDA:57,6,1,1
BRDA:61,7,0,1
BRDA:61,7,1,0
BRDA:63,8,0,0
BRDA:63,8,1,0
BRDA:65,9,0,0
BRDA:65,9,1,0
BRDA:82,10,0,0
BRDA:82,10,1,1
BRDA:88,11,0,0
BRDA:88,11,1,1
BRDA:90,12,0,1
BRDA:90,12,1,0
BRDA:90,13,0,1
BRDA:90,13,1,1
BRDA:101,14,0,0
BRDA:101,14,1,2
BRDA:108,15,0,1
BRDA:108,15,1,0
BRDA:111,16,0,0
BRDA:111,16,1,2
BRDA:113,17,0,1
BRDA:113,17,1,1
BRDA:138,18,0,28
BRDA:138,18,1,17
BRDA:149,19,0,28
BRDA:149,19,1,11
BRDA:154,20,0,28
BRDA:154,20,1,9
BRDA:165,21,0,28
BRDA:165,21,1,11
BRDA:165,21,2,2
BRDA:176,22,0,28
BRDA:176,22,1,28
BRDA:176,22,2,1
BRDA:189,23,0,28
BRDA:189,23,1,19
BRDA:189,24,0,3
BRDA:189,24,1,16
BRDA:190,25,0,28
BRDA:190,25,1,9
BRF:54
BRH:40
end_of_record
TN:
SF:src/diagnosis/MetricEvidencePanel.tsx
FN:6,MetricEvidencePanel
FN:21,(anonymous_1)
FN:23,(anonymous_2)
FN:28,(anonymous_3)
FN:32,(anonymous_4)
FN:35,(anonymous_5)
FN:45,(anonymous_6)
FN:61,(anonymous_7)
FN:67,(anonymous_8)
FNF:9
FNH:9
FNDA:6,MetricEvidencePanel
FNDA:2,(anonymous_1)
FNDA:2,(anonymous_2)
FNDA:2,(anonymous_3)
FNDA:3,(anonymous_4)
FNDA:1,(anonymous_5)
FNDA:3,(anonymous_6)
FNDA:6,(anonymous_7)
FNDA:1,(anonymous_8)
DA:17,6
DA:18,6
DA:19,6
DA:20,6
DA:21,6
DA:22,2
DA:23,2
DA:24,2
DA:25,2
DA:26,1
DA:28,2
DA:29,2
DA:32,6
DA:33,3
DA:34,3
DA:35,1
DA:36,1
DA:37,1
DA:38,1
DA:39,1
DA:41,0
DA:42,0
DA:45,3
DA:46,3
DA:49,6
DA:62,6
DA:68,1
DA:69,1
LF:28
LH:26
BRDA:24,0,0,0
BRDA:24,0,1,2
BRDA:25,1,0,1
BRDA:25,1,1,1
BRDA:34,2,0,1
BRDA:34,2,1,2
BRDA:36,3,0,0
BRDA:36,3,1,1
BRDA:37,4,0,1
BRDA:37,4,1,0
BRDA:52,5,0,6
BRDA:52,5,1,1
BRDA:53,6,0,6
BRDA:53,6,1,3
BRDA:56,7,0,0
BRDA:56,7,1,3
BRDA:64,8,0,6
BRDA:64,8,1,3
BRDA:78,9,0,3
BRDA:78,9,1,3
BRDA:86,10,0,6
BRDA:86,10,1,1
BRDA:91,11,0,1
BRDA:91,11,1,1
BRDA:95,12,0,1
BRDA:95,12,1,1
BRF:26
BRH:22
end_of_record
TN:
SF:src/diagnosis/SubjectDiagnosisView.tsx
FN:39,SubjectDiagnosisView
FN:50,(anonymous_1)
FN:52,(anonymous_2)
FN:64,(anonymous_3)
FN:85,(anonymous_4)
FN:97,(anonymous_5)
FN:120,(anonymous_6)
FN:137,(anonymous_7)
FN:168,describe
FNF:9
FNH:7
FNDA:6,SubjectDiagnosisView
FNDA:3,(anonymous_1)
FNDA:3,(anonymous_2)
FNDA:3,(anonymous_3)
FNDA:2,(anonymous_4)
FNDA:0,(anonymous_5)
FNDA:1,(anonymous_6)
FNDA:0,(anonymous_7)
FNDA:1,describe
DA:46,6
DA:47,6
DA:48,6
DA:50,6
DA:51,3
DA:52,3
DA:53,3
DA:54,0
DA:56,3
DA:57,3
DA:58,3
DA:60,0
DA:61,0
DA:64,3
DA:65,3
DA:69,6
DA:86,2
DA:98,0
DA:121,1
DA:138,0
DA:169,1
DA:171,0
DA:173,0
DA:175,1
LF:24
LH:17
BRDA:53,0,0,0
BRDA:53,0,1,3
BRDA:56,1,0,3
BRDA:56,1,1,0
BRDA:76,2,0,6
BRDA:76,2,1,0
BRDA:80,3,0,6
BRDA:80,3,1,3
BRDA:107,4,0,3
BRDA:107,4,1,0
BRDA:129,5,0,1
BRDA:129,5,1,1
BRDA:129,5,2,1
BRDA:132,6,0,1
BRDA:132,6,1,1
BRDA:135,7,0,1
BRDA:135,7,1,0
BRDA:146,8,0,1
BRDA:146,8,1,0
BRDA:153,9,0,3
BRDA:153,9,1,1
BRDA:169,10,0,0
BRDA:169,10,1,0
BRDA:169,10,2,1
BRF:24
BRH:16
end_of_record
TN:
SF:src/health/HealthShell.tsx
FN:45,HealthShell
FN:54,(anonymous_1)
FN:56,(anonymous_2)
FN:62,(anonymous_3)
FN:64,(anonymous_4)
FN:68,(anonymous_5)
FN:73,(anonymous_6)
FN:105,(anonymous_7)
FN:118,(anonymous_8)
FN:120,(anonymous_9)
FN:144,(anonymous_10)
FNF:11
FNH:9
FNDA:61,HealthShell
FNDA:0,(anonymous_1)
FNDA:19,(anonymous_2)
FNDA:74,(anonymous_3)
FNDA:22,(anonymous_4)
FNDA:6,(anonymous_5)
FNDA:26,(anonymous_6)
FNDA:1,(anonymous_7)
FNDA:19,(anonymous_8)
FNDA:0,(anonymous_9)
FNDA:1,(anonymous_10)
DA:9,3
DA:12,3
DA:52,61
DA:53,61
DA:54,61
DA:56,61
DA:57,19
DA:58,19
DA:59,19
DA:62,74
DA:64,19
DA:65,22
DA:66,0
DA:68,22
DA:69,6
DA:73,19
DA:74,26
DA:75,0
DA:77,26
DA:78,26
DA:79,26
DA:85,25
DA:87,25
DA:88,3
DA:90,22
DA:91,22
DA:93,22
DA:94,10
DA:95,10
DA:96,12
DA:97,11
DA:98,11
DA:100,1
DA:101,1
DA:105,19
DA:106,1
DA:107,0
DA:109,1
DA:110,1
DA:111,1
DA:113,1
DA:116,19
DA:118,19
DA:119,19
DA:120,19
DA:121,19
DA:122,16
DA:127,61
DA:128,61
DA:130,61
DA:145,1
LF:51
LH:48
BRDA:48,0,0,61
BRDA:49,1,0,61
BRDA:65,2,0,0
BRDA:65,2,1,22
BRDA:74,3,0,0
BRDA:74,3,1,26
BRDA:74,4,0,26
BRDA:74,4,1,26
BRDA:87,5,0,3
BRDA:87,5,1,22
BRDA:93,6,0,10
BRDA:93,6,1,12
BRDA:96,7,0,11
BRDA:96,7,1,1
BRDA:97,8,0,11
BRDA:97,8,1,0
BRDA:106,9,0,0
BRDA:106,9,1,1
BRDA:106,10,0,1
BRDA:106,10,1,1
BRDA:109,11,0,1
BRDA:109,11,1,0
BRDA:121,12,0,16
BRDA:121,12,1,3
BRDA:141,13,0,11
BRDA:141,13,1,50
BRDA:149,14,0,21
BRDA:149,14,1,40
BRDA:153,15,0,61
BRDA:153,15,1,14
BRF:30
BRH:25
end_of_record
TN:
SF:src/health/healthState.ts
FN:56,toHealthState
FNF:1
FNH:1
FNDA:38,toHealthState
DA:21,4
DA:24,4
DA:41,4
DA:57,38
DA:58,19
DA:60,8
DA:67,4
DA:74,7
DA:83,19
DA:85,19
DA:86,7
DA:95,12
DA:96,2
DA:105,10
DA:115,4
LF:15
LH:15
BRDA:57,0,0,19
BRDA:57,0,1,19
BRDA:58,1,0,8
BRDA:58,1,1,4
BRDA:58,1,2,7
BRDA:85,2,0,7
BRDA:85,2,1,12
BRDA:95,3,0,2
BRDA:95,3,1,10
BRF:9
BRH:9
end_of_record
TN:
SF:src/queue/PriorityQueue.tsx
FN:27,PriorityQueue
FN:35,(anonymous_1)
FN:37,(anonymous_2)
FN:49,(anonymous_3)
FN:92,(anonymous_4)
FN:97,(anonymous_5)
FN:130,QueueProblem
FN:131,(anonymous_7)
FNF:8
FNH:8
FNDA:10,PriorityQueue
FNDA:6,(anonymous_1)
FNDA:6,(anonymous_2)
FNDA:6,(anonymous_3)
FNDA:3,(anonymous_4)
FNDA:1,(anonymous_5)
FNDA:1,QueueProblem
FNDA:1,(anonymous_7)
DA:32,10
DA:33,10
DA:35,10
DA:36,6
DA:37,6
DA:38,6
DA:39,0
DA:41,6
DA:42,5
DA:43,5
DA:45,1
DA:46,1
DA:49,6
DA:50,6
DA:54,10
DA:55,1
DA:57,9
DA:58,6
DA:65,3
DA:66,0
DA:74,3
DA:93,3
DA:98,1
DA:131,1
DA:132,1
DA:134,1
DA:136,0
DA:138,0
DA:140,0
DA:142,0
DA:144,0
DA:147,1
LF:32
LH:25
BRDA:38,0,0,0
BRDA:38,0,1,6
BRDA:41,1,0,5
BRDA:41,1,1,1
BRDA:54,2,0,1
BRDA:54,2,1,9
BRDA:57,3,0,6
BRDA:57,3,1,3
BRDA:65,4,0,0
BRDA:65,4,1,3
BRDA:111,5,0,1
BRDA:111,5,1,2
BRDA:132,6,0,1
BRDA:132,6,1,0
BRDA:132,6,2,0
BRDA:132,6,3,0
BRDA:132,6,4,0
BRDA:132,6,5,0
BRF:18
BRH:11
end_of_record
TN:
SF:src/session/SignIn.tsx
FN:21,SignIn
FN:23,(anonymous_1)
FN:41,(anonymous_2)
FNF:3
FNH:2
FNDA:5,SignIn
FNDA:0,(anonymous_1)
FNDA:1,(anonymous_2)
DA:23,5
DA:25,0
DA:27,5
DA:42,1
LF:4
LH:3
BRDA:23,0,0,5
BRDA:23,0,1,0
BRDA:30,1,0,5
BRDA:30,1,1,1
BRF:4
BRH:3
end_of_record
TN:
SF:src/session/oidc.ts
FN:59,beginSignIn
FN:94,completeSignIn
FN:103,(anonymous_2)
FN:168,toSession
FNF:4
FNH:4
FNDA:9,beginSignIn
FNDA:6,completeSignIn
FNDA:6,(anonymous_2)
FNDA:5,toSession
DA:20,3
DA:21,3
DA:22,3
DA:51,3
DA:63,9
DA:64,9
DA:65,9
DA:66,9
DA:67,9
DA:68,9
DA:70,9
DA:84,9
DA:101,6
DA:102,6
DA:103,6
DA:104,6
DA:105,6
DA:106,6
DA:109,6
DA:110,6
DA:111,2
DA:112,2
DA:115,4
DA:116,4
DA:117,4
DA:118,2
DA:119,2
DA:121,2
DA:122,0
DA:123,0
DA:127,2
DA:128,2
DA:142,0
DA:143,0
DA:145,2
DA:148,2
DA:149,1
DA:153,1
DA:154,1
DA:156,0
DA:158,1
DA:169,5
DA:170,0
DA:172,5
DA:173,5
DA:174,5
DA:175,5
DA:177,5
DA:178,1
DA:180,4
DA:181,2
DA:185,2
DA:189,5
LF:53
LH:47
BRDA:61,0,0,9
BRDA:97,1,0,6
BRDA:98,2,0,6
BRDA:99,3,0,6
BRDA:110,4,0,2
BRDA:110,4,1,4
BRDA:117,5,0,2
BRDA:117,5,1,2
BRDA:117,6,0,4
BRDA:117,6,1,3
BRDA:117,6,2,2
BRDA:121,7,0,0
BRDA:121,7,1,2
BRDA:148,8,0,1
BRDA:148,8,1,1
BRDA:169,9,0,0
BRDA:169,9,1,5
BRDA:169,10,0,5
BRDA:169,10,1,5
BRDA:177,11,0,1
BRDA:177,11,1,4
BRDA:177,12,0,5
BRDA:177,12,1,4
BRDA:180,13,0,2
BRDA:180,13,1,2
BRDA:180,14,0,4
BRDA:180,14,1,3
BRDA:185,15,0,0
BRDA:185,15,1,2
BRF:29
BRH:26
end_of_record
TN:
SF:src/session/pkce.ts
FN:28,base64UrlEncode
FN:37,randomValue
FN:49,createPkcePair
FNF:3
FNH:3
FNDA:36,base64UrlEncode
FNDA:27,randomValue
FNDA:9,createPkcePair
DA:14,3
DA:17,3
DA:29,36
DA:30,36
DA:31,1440
DA:33,36
DA:38,27
DA:39,27
DA:40,27
DA:50,9
DA:51,9
DA:52,9
LF:12
LH:12
BRDA:37,0,0,27
BRF:1
BRH:1
end_of_record
TN:
SF:src/session/session.ts
FN:32,isUsable
FN:45,readIdentityClaims
FNF:2
FNH:2
FNDA:9,isUsable
FNDA:4,readIdentityClaims
DA:29,3
DA:33,9
DA:49,4
DA:50,4
DA:51,1
DA:53,3
DA:54,3
DA:55,3
DA:56,3
DA:57,0
DA:59,2
DA:60,2
DA:61,2
DA:62,2
DA:69,1
LF:15
LH:14
BRDA:33,0,0,9
BRDA:33,0,1,4
BRDA:50,1,0,1
BRDA:50,1,1,3
BRDA:56,2,0,0
BRDA:56,2,1,3
BRDA:56,3,0,3
BRDA:56,3,1,2
BRDA:63,4,0,1
BRDA:63,4,1,1
BRDA:64,5,0,1
BRDA:64,5,1,1
BRF:12
BRH:11
end_of_record
TN:
SF:src/state/ValueCell.tsx
FN:28,ValueCell
FNF:1
FNH:1
FNDA:2,ValueCell
DA:36,2
DA:37,2
LF:2
LH:2
BRDA:31,0,0,2
BRDA:32,1,0,2
BRDA:34,2,0,2
BRF:3
BRH:3
end_of_record
TN:
SF:src/state/confidence.ts
FN:102,presentationOf
FN:118,formatAmount
FN:129,formatFreshness
FNF:3
FNH:3
FNDA:39,presentationOf
FNDA:62,formatAmount
FNDA:8,formatFreshness
DA:42,4
DA:88,4
DA:106,39
DA:107,16
DA:109,23
DA:122,62
DA:123,29
DA:125,33
DA:130,8
DA:131,4
DA:133,4
DA:134,1
DA:136,3
DA:137,3
DA:138,1
DA:140,2
DA:141,2
LF:17
LH:17
BRDA:106,0,0,16
BRDA:106,0,1,23
BRDA:109,1,0,2
BRDA:109,1,1,21
BRDA:122,2,0,29
BRDA:122,2,1,33
BRDA:122,3,0,62
BRDA:122,3,1,35
BRDA:122,3,2,34
BRDA:125,4,0,7
BRDA:125,4,1,26
BRDA:125,5,0,33
BRDA:125,5,1,26
BRDA:130,6,0,4
BRDA:130,6,1,4
BRDA:130,7,0,8
BRDA:130,7,1,5
BRDA:133,8,0,1
BRDA:133,8,1,3
BRDA:137,9,0,1
BRDA:137,9,1,2
BRDA:141,10,0,1
BRDA:141,10,1,1
BRF:23
BRH:23
end_of_record
TN:
SF:src/workflow/RecommendationReview.tsx
FN:39,RecommendationReview
FN:55,(anonymous_1)
FN:67,(anonymous_2)
FN:75,(anonymous_3)
FN:88,(anonymous_4)
FN:129,(anonymous_5)
FN:134,(anonymous_6)
FN:172,(anonymous_7)
FN:187,(anonymous_8)
FN:195,(anonymous_9)
FN:203,(anonymous_10)
FN:208,(anonymous_11)
FN:213,(anonymous_12)
FN:220,(anonymous_13)
FN:231,describeFailure
FNF:15
FNH:13
FNDA:35,RecommendationReview
FNDA:5,(anonymous_1)
FNDA:2,(anonymous_2)
FNDA:3,(anonymous_3)
FNDA:1,(anonymous_4)
FNDA:34,(anonymous_5)
FNDA:3,(anonymous_6)
FNDA:2,(anonymous_7)
FNDA:2,(anonymous_8)
FNDA:5,(anonymous_9)
FNDA:2,(anonymous_10)
FNDA:1,(anonymous_11)
FNDA:0,(anonymous_12)
FNDA:0,(anonymous_13)
FNDA:6,describeFailure
DA:44,35
DA:45,35
DA:46,35
DA:47,35
DA:48,35
DA:49,35
DA:50,35
DA:51,35
DA:55,35
DA:56,5
DA:57,5
DA:58,5
DA:59,5
DA:60,3
DA:62,2
DA:67,35
DA:68,2
DA:69,2
DA:70,2
DA:71,2
DA:72,1
DA:75,35
DA:76,3
DA:77,3
DA:78,3
DA:79,3
DA:80,3
DA:81,3
DA:83,0
DA:84,0
DA:88,35
DA:89,1
DA:90,1
DA:91,1
DA:92,1
DA:93,1
DA:94,1
DA:96,0
DA:97,0
DA:98,0
DA:99,0
DA:101,0
DA:102,0
DA:103,0
DA:107,35
DA:112,35
DA:129,34
DA:134,3
DA:173,2
DA:188,2
DA:195,5
DA:203,2
DA:208,1
DA:213,0
DA:220,0
DA:232,6
DA:234,0
DA:236,1
DA:238,0
DA:240,1
DA:242,1
DA:244,3
LF:62
LH:49
BRDA:50,0,0,35
BRDA:50,0,1,30
BRDA:59,1,0,3
BRDA:59,1,1,2
BRDA:59,2,0,5
BRDA:59,2,1,4
BRDA:63,3,0,1
BRDA:63,3,1,1
BRDA:71,4,0,1
BRDA:71,4,1,1
BRDA:79,5,0,3
BRDA:79,5,1,0
BRDA:91,6,0,1
BRDA:91,6,1,0
BRDA:96,7,0,0
BRDA:96,7,1,0
BRDA:107,8,0,35
BRDA:107,8,1,15
BRDA:107,8,2,6
BRDA:107,8,3,4
BRDA:128,9,0,35
BRDA:128,9,1,1
BRDA:135,10,0,11
BRDA:135,10,1,24
BRDA:138,11,0,35
BRDA:138,11,1,6
BRDA:144,12,0,35
BRDA:144,12,1,7
BRDA:162,13,0,6
BRDA:162,13,1,1
BRDA:164,14,0,6
BRDA:164,14,1,4
BRDA:194,15,0,35
BRDA:194,15,1,15
BRDA:199,16,0,35
BRDA:199,16,1,5
BRDA:221,17,0,35
BRDA:221,17,1,24
BRDA:221,17,2,3
BRDA:221,17,3,3
BRDA:232,18,0,0
BRDA:232,18,1,1
BRDA:232,18,2,0
BRDA:232,18,3,1
BRDA:232,18,4,1
BRDA:232,18,5,3
BRF:46
BRH:40
end_of_record
TN:
SF:src/workflow/SubjectRecommendations.tsx
FN:6,SubjectRecommendations
FN:19,(anonymous_1)
FN:21,(anonymous_2)
FN:25,(anonymous_3)
FN:30,(anonymous_4)
FN:42,(anonymous_5)
FN:47,(anonymous_6)
FNF:7
FNH:7
FNDA:7,SubjectRecommendations
FNDA:4,(anonymous_1)
FNDA:4,(anonymous_2)
FNDA:2,(anonymous_3)
FNDA:4,(anonymous_4)
FNDA:1,(anonymous_5)
FNDA:1,(anonymous_6)
DA:17,7
DA:18,7
DA:19,7
DA:20,4
DA:21,4
DA:22,4
DA:23,3
DA:25,2
DA:27,2
DA:28,1
DA:30,4
DA:31,4
DA:34,7
DA:43,1
DA:48,1
LF:15
LH:15
BRDA:22,0,0,1
BRDA:22,0,1,3
BRDA:23,1,0,2
BRDA:23,1,1,1
BRDA:24,2,0,3
BRDA:24,2,1,3
BRDA:25,3,0,2
BRDA:25,3,1,2
BRDA:28,4,0,1
BRDA:28,4,1,0
BRDA:37,5,0,7
BRDA:37,5,1,1
BRDA:40,6,0,7
BRDA:40,6,1,1
BRF:14
BRH:13
end_of_record
