TN:
SF:src/App.tsx
FN:39,App
FN:48,(anonymous_1)
FN:64,(anonymous_2)
FN:84,(anonymous_3)
FN:95,(anonymous_4)
FN:106,(anonymous_5)
FN:122,(anonymous_6)
FN:146,SignedOut
FN:180,describeSignInFailure
FN:194,ConfigurationError
FN:206,(anonymous_10)
FNF:11
FNH:10
FNDA:9,App
FNDA:8,(anonymous_1)
FNDA:8,(anonymous_2)
FNDA:8,(anonymous_3)
FNDA:1,(anonymous_4)
FNDA:1,(anonymous_5)
FNDA:0,(anonymous_6)
FNDA:5,SignedOut
FNDA:5,describeSignInFailure
FNDA:3,ConfigurationError
FNDA:5,(anonymous_10)
DA:13,2
DA:45,9
DA:48,9
DA:49,9
DA:54,9
DA:55,9
DA:58,9
DA:64,9
DA:66,8
DA:78,9
DA:82,9
DA:84,9
DA:85,8
DA:91,7
DA:93,1
DA:94,1
DA:95,1
DA:96,1
DA:97,0
DA:99,1
DA:100,0
DA:101,0
DA:103,1
DA:106,1
DA:107,1
DA:111,9
DA:112,3
DA:115,6
DA:116,1
DA:123,0
DA:129,5
DA:158,5
DA:170,5
DA:181,5
DA:183,2
DA:185,1
DA:187,1
DA:189,1
DA:199,3
DA:207,5
LF:40
LH:36
BRDA:39,0,0,9
BRDA:40,1,0,9
BRDA:49,2,0,9
BRDA:49,2,1,2
BRDA:58,3,0,0
BRDA:58,3,1,9
BRDA:66,4,0,4
BRDA:66,4,1,4
BRDA:85,5,0,7
BRDA:85,5,1,1
BRDA:86,6,0,8
BRDA:86,6,1,1
BRDA:86,6,2,1
BRDA:86,6,3,1
BRDA:96,7,0,0
BRDA:96,7,1,1
BRDA:99,8,0,0
BRDA:99,8,1,1
BRDA:111,9,0,3
BRDA:111,9,1,6
BRDA:115,10,0,1
BRDA:115,10,1,5
BRDA:115,11,0,6
BRDA:115,11,1,1
BRDA:121,12,0,0
BRDA:121,12,1,1
BRDA:132,13,0,0
BRDA:132,13,1,5
BRDA:133,14,0,1
BRDA:133,14,1,4
BRDA:134,15,0,4
BRDA:134,15,1,1
BRDA:158,16,0,1
BRDA:158,16,1,4
BRDA:167,17,0,3
BRDA:167,17,1,1
BRDA:170,18,0,0
BRDA:170,18,1,5
BRDA:181,19,0,2
BRDA:181,19,1,1
BRDA:181,19,2,1
BRDA:181,19,3,1
BRF:42
BRH:36
end_of_record
TN:
SF:src/ConsoleShell.tsx
FN:54,ConsoleShell
FN:62,(anonymous_1)
FN:108,(anonymous_2)
FN:121,(anonymous_3)
FN:134,(anonymous_4)
FN:145,(anonymous_5)
FN:155,(anonymous_6)
FN:167,(anonymous_7)
FN:170,(anonymous_8)
FN:180,(anonymous_9)
FN:189,(anonymous_10)
FNF:11
FNH:3
FNDA:5,ConsoleShell
FNDA:4,(anonymous_1)
FNDA:0,(anonymous_2)
FNDA:0,(anonymous_3)
FNDA:0,(anonymous_4)
FNDA:0,(anonymous_5)
FNDA:1,(anonymous_6)
FNDA:0,(anonymous_7)
FNDA:0,(anonymous_8)
FNDA:0,(anonymous_9)
FNDA:0,(anonymous_10)
DA:62,5
DA:64,4
DA:69,5
DA:75,5
DA:109,0
DA:122,0
DA:135,0
DA:146,0
DA:156,1
DA:168,0
DA:171,0
DA:181,0
DA:190,0
DA:191,0
LF:14
LH:5
BRDA:64,0,0,0
BRDA:64,0,1,4
BRDA:70,1,0,4
BRDA:70,1,1,1
BRDA:79,2,0,0
BRDA:79,2,1,5
BRDA:85,3,0,5
BRDA:85,3,1,3
BRDA:89,4,0,5
BRDA:89,4,1,3
BRDA:91,5,0,5
BRDA:91,5,1,3
BRDA:93,6,0,5
BRDA:93,6,1,3
BRDA:95,7,0,5
BRDA:95,7,1,3
BRDA:103,8,0,5
BRDA:103,8,1,3
BRDA:117,9,0,5
BRDA:117,9,1,0
BRDA:131,10,0,5
BRDA:131,10,1,3
BRDA:140,11,0,5
BRDA:140,11,1,0
BRDA:151,12,0,5
BRDA:151,12,1,3
BRDA:161,13,0,5
BRDA:161,13,1,1
BRDA:176,14,0,5
BRDA:176,14,1,1
BRDA:190,15,0,0
BRDA:190,15,1,0
BRDA:197,16,0,5
BRDA:197,16,1,0
BRF:34
BRH:27
end_of_record
TN:
SF:src/buildInfo.ts
FN:23,replaced
FN:28,buildInfo
FNF:2
FNH:2
FNDA:126,replaced
FNDA:63,buildInfo
DA:10,4
DA:13,4
DA:24,126
DA:30,63
DA:32,63
DA:33,63
LF:6
LH:6
BRDA:24,0,0,0
BRDA:24,0,1,126
BRDA:24,1,0,126
BRDA:24,1,1,126
BRDA:30,2,0,63
BRDA:30,2,1,0
BRDA:32,3,0,63
BRDA:32,3,1,0
BRF:8
BRH:5
end_of_record
TN:
SF:src/config.ts
FN:66,resolveOperatingConfig
FN:69,(anonymous_1)
FN:93,resolveConfig
FN:97,(anonymous_3)
FNF:4
FNH:4
FNDA:8,resolveOperatingConfig
FNDA:24,(anonymous_1)
FNDA:13,resolveConfig
FNDA:26,(anonymous_3)
DA:4,3
DA:34,3
DA:69,24
DA:70,8
DA:71,4
DA:73,4
DA:94,13
DA:95,13
DA:97,26
DA:98,13
DA:99,5
DA:102,8
LF:12
LH:12
BRDA:69,0,0,24
BRDA:69,0,1,4
BRDA:70,1,0,4
BRDA:70,1,1,4
BRDA:74,2,0,4
BRDA:74,2,1,0
BRDA:75,3,0,8
BRDA:75,3,1,0
BRDA:76,4,0,8
BRDA:76,4,1,0
BRDA:77,5,0,8
BRDA:77,5,1,0
BRDA:78,6,0,8
BRDA:78,6,1,0
BRDA:94,7,0,13
BRDA:94,7,1,3
BRDA:95,8,0,13
BRDA:95,8,1,2
BRDA:97,9,0,26
BRDA:97,9,1,5
BRDA:98,10,0,5
BRDA:98,10,1,8
BRF:22
BRH:17
end_of_record
TN:
SF:src/vite-env.d.ts
FNF:0
FNH:0
LF:0
LH:0
BRF:0
BRH:0
end_of_record
TN:
SF:src/advertising/AdvertisingBriefView.tsx
FN:42,AdvertisingBriefView
FN:52,(anonymous_1)
FN:56,(anonymous_2)
FN:61,(anonymous_3)
FN:94,(anonymous_4)
FN:147,(anonymous_5)
FN:153,(anonymous_6)
FN:175,(anonymous_7)
FN:205,(anonymous_8)
FNF:9
FNH:9
FNDA:12,AdvertisingBriefView
FNDA:7,(anonymous_1)
FNDA:11,(anonymous_2)
FNDA:7,(anonymous_3)
FNDA:7,(anonymous_4)
FNDA:4,(anonymous_5)
FNDA:12,(anonymous_6)
FNDA:4,(anonymous_7)
FNDA:2,(anonymous_8)
DA:47,12
DA:48,12
DA:49,12
DA:50,12
DA:52,12
DA:53,7
DA:56,11
DA:58,7
DA:61,7
DA:62,7
DA:63,0
DA:65,7
DA:68,3
DA:69,0
DA:70,0
DA:71,0
DA:73,3
DA:74,3
DA:77,4
DA:82,4
DA:83,0
DA:85,4
DA:86,0
DA:87,0
DA:89,4
DA:90,4
DA:91,4
DA:92,4
DA:94,7
DA:95,7
DA:99,12
DA:100,1
DA:102,11
DA:103,0
DA:113,11
DA:114,7
DA:122,4
DA:148,4
DA:154,12
DA:176,4
DA:206,2
LF:41
LH:33
BRDA:58,0,0,3
BRDA:58,0,1,4
BRDA:62,1,0,0
BRDA:62,1,1,7
BRDA:65,2,0,3
BRDA:65,2,1,4
BRDA:68,3,0,0
BRDA:68,3,1,3
BRDA:68,4,0,3
BRDA:68,4,1,0
BRDA:82,5,0,0
BRDA:82,5,1,4
BRDA:85,6,0,0
BRDA:85,6,1,4
BRDA:99,7,0,1
BRDA:99,7,1,11
BRDA:102,8,0,0
BRDA:102,8,1,11
BRDA:113,9,0,7
BRDA:113,9,1,4
BRDA:113,10,0,11
BRDA:113,10,1,4
BRDA:130,11,0,4
BRDA:130,11,1,0
BRDA:137,12,0,1
BRDA:137,12,1,3
BRDA:140,13,0,1
BRDA:140,13,1,0
BRDA:141,14,0,0
BRDA:141,14,1,1
BRDA:145,15,0,0
BRDA:145,15,1,4
BRDA:161,16,0,8
BRDA:161,16,1,4
BRDA:163,17,0,4
BRDA:163,17,1,0
BRDA:164,18,0,0
BRDA:164,18,1,4
BRDA:167,19,0,8
BRDA:167,19,1,4
BRDA:169,20,0,4
BRDA:169,20,1,4
BRDA:182,21,0,0
BRDA:182,21,1,4
BRDA:183,22,0,0
BRDA:183,22,1,4
BRDA:185,23,0,4
BRDA:185,23,1,0
BRDA:187,24,0,0
BRDA:187,24,1,4
BRDA:197,25,0,3
BRDA:197,25,1,1
BRDA:209,26,0,1
BRDA:209,26,1,1
BRF:54
BRH:38
end_of_record
TN:
SF:src/advertising/AdvertisingCaseView.tsx
FN:33,nativeLabel
FN:37,AdvertisingCaseView
FN:45,(anonymous_2)
FN:47,(anonymous_3)
FN:59,(anonymous_4)
FN:120,(anonymous_5)
FN:140,(anonymous_6)
FN:155,(anonymous_7)
FN:169,(anonymous_8)
FN:177,(anonymous_9)
FN:183,(anonymous_10)
FN:189,(anonymous_11)
FN:195,(anonymous_12)
FN:203,(anonymous_13)
FN:228,(anonymous_14)
FNF:15
FNH:10
FNDA:16,nativeLabel
FNDA:10,AdvertisingCaseView
FNDA:5,(anonymous_2)
FNDA:5,(anonymous_3)
FNDA:5,(anonymous_4)
FNDA:0,(anonymous_5)
FNDA:0,(anonymous_6)
FNDA:0,(anonymous_7)
FNDA:5,(anonymous_8)
FNDA:5,(anonymous_9)
FNDA:0,(anonymous_10)
FNDA:0,(anonymous_11)
FNDA:5,(anonymous_12)
FNDA:5,(anonymous_13)
FNDA:10,(anonymous_14)
DA:34,16
DA:42,10
DA:43,10
DA:45,10
DA:46,5
DA:47,5
DA:48,5
DA:49,0
DA:51,5
DA:52,5
DA:53,5
DA:55,0
DA:56,0
DA:59,5
DA:60,5
DA:64,10
DA:65,0
DA:67,10
DA:68,5
DA:76,5
DA:77,10
DA:79,10
DA:82,10
DA:83,10
DA:121,0
DA:141,0
DA:156,0
DA:170,5
DA:178,5
DA:184,0
DA:190,0
DA:196,5
DA:204,5
DA:229,10
LF:34
LH:25
BRDA:33,0,0,16
BRDA:34,1,0,2
BRDA:34,1,1,14
BRDA:48,2,0,0
BRDA:48,2,1,5
BRDA:51,3,0,5
BRDA:51,3,1,0
BRDA:64,4,0,0
BRDA:64,4,1,10
BRDA:67,5,0,5
BRDA:67,5,1,5
BRDA:76,6,0,5
BRDA:76,6,1,1
BRDA:79,7,0,1
BRDA:79,7,1,4
BRDA:79,8,0,10
BRDA:79,8,1,1
BRDA:79,8,2,1
BRDA:89,9,0,10
BRDA:89,9,1,0
BRDA:93,10,0,1
BRDA:93,10,1,4
BRDA:94,11,0,10
BRDA:94,11,1,0
BRDA:105,12,0,10
BRDA:105,12,1,5
BRDA:124,13,0,0
BRDA:124,13,1,0
BRDA:133,14,0,10
BRDA:133,14,1,5
BRDA:136,15,0,10
BRDA:136,15,1,5
BRDA:144,16,0,10
BRDA:144,16,1,5
BRDA:151,17,0,10
BRDA:151,17,1,0
BRDA:212,18,0,0
BRDA:212,18,1,5
BRDA:231,19,0,10
BRDA:231,19,1,5
BRDA:232,20,0,10
BRDA:232,20,1,5
BRF:42
BRH:33
end_of_record
TN:
SF:src/advertising/AdvertisingCommandTimeline.tsx
FN:10,(anonymous_0)
FN:14,AdvertisingCommandTimeline
FN:26,(anonymous_2)
FN:28,(anonymous_3)
FN:35,(anonymous_4)
FN:48,(anonymous_5)
FN:49,(anonymous_6)
FNF:7
FNH:7
FNDA:12,(anonymous_0)
FNDA:4,AdvertisingCommandTimeline
FNDA:2,(anonymous_2)
FNDA:2,(anonymous_3)
FNDA:2,(anonymous_4)
FNDA:1,(anonymous_5)
FNDA:1,(anonymous_6)
DA:10,5
DA:11,12
DA:23,4
DA:24,4
DA:25,4
DA:26,4
DA:27,2
DA:28,2
DA:29,2
DA:30,2
DA:31,2
DA:32,2
DA:33,0
DA:35,2
DA:36,2
DA:39,4
DA:49,1
LF:17
LH:16
BRDA:11,0,0,12
BRDA:11,0,1,0
BRDA:11,1,0,12
BRDA:11,1,1,6
BRDA:29,2,0,0
BRDA:29,2,1,2
BRDA:30,3,0,2
BRDA:30,3,1,0
BRDA:43,4,0,1
BRDA:43,4,1,3
BRDA:54,5,0,4
BRDA:54,5,1,0
BRDA:55,6,0,4
BRDA:55,6,1,3
BRDA:66,7,0,3
BRDA:66,7,1,0
BRDA:67,8,0,3
BRDA:67,8,1,3
BRDA:67,8,2,3
BRDA:74,9,0,3
BRDA:74,9,1,3
BRDA:89,10,0,3
BRDA:89,10,1,0
BRF:23
BRH:17
end_of_record
TN:
SF:src/advertising/AdvertisingCompensation.tsx
FN:5,AdvertisingCompensation
FN:17,(anonymous_1)
FN:19,(anonymous_2)
FN:26,(anonymous_3)
FN:31,(anonymous_4)
FN:34,(anonymous_5)
FN:36,(anonymous_6)
FN:54,(anonymous_7)
FN:59,(anonymous_8)
FN:68,(anonymous_9)
FN:69,(anonymous_10)
FN:74,(anonymous_11)
FN:84,(anonymous_12)
FN:86,(anonymous_13)
FNF:14
FNH:14
FNDA:17,AdvertisingCompensation
FNDA:8,(anonymous_1)
FNDA:8,(anonymous_2)
FNDA:8,(anonymous_3)
FNDA:10,(anonymous_4)
FNDA:10,(anonymous_5)
FNDA:60,(anonymous_6)
FNDA:1,(anonymous_7)
FNDA:4,(anonymous_8)
FNDA:36,(anonymous_9)
FNDA:10,(anonymous_10)
FNDA:3,(anonymous_11)
FNDA:3,(anonymous_12)
FNDA:3,(anonymous_13)
DA:12,17
DA:13,17
DA:14,17
DA:15,17
DA:16,17
DA:17,17
DA:18,8
DA:19,8
DA:20,8
DA:21,5
DA:22,5
DA:23,5
DA:24,0
DA:26,8
DA:27,8
DA:30,17
DA:31,10
DA:33,17
DA:34,10
DA:36,17
DA:37,60
DA:38,17
DA:55,1
DA:60,4
DA:68,36
DA:70,10
DA:75,3
DA:76,3
DA:85,3
DA:86,3
DA:87,0
LF:31
LH:29
BRDA:20,0,0,3
BRDA:20,0,1,5
BRDA:21,1,0,5
BRDA:21,1,1,0
BRDA:30,2,0,12
BRDA:30,2,1,5
BRDA:33,3,0,12
BRDA:33,3,1,5
BRDA:37,4,0,52
BRDA:37,4,1,8
BRDA:37,5,0,60
BRDA:37,5,1,28
BRDA:41,6,0,17
BRDA:41,6,1,0
BRDA:42,7,0,17
BRDA:42,7,1,12
BRDA:49,8,0,12
BRDA:49,8,1,4
BRDA:73,9,0,10
BRDA:73,9,1,7
BRDA:73,9,2,3
BRDA:79,10,0,3
BRDA:79,10,1,0
BRDA:86,11,0,3
BRDA:86,11,1,0
BRDA:91,12,0,4
BRDA:91,12,1,6
BRDA:93,13,0,3
BRDA:93,13,1,3
BRF:29
BRH:25
end_of_record
TN:
SF:src/advertising/AdvertisingContainmentControls.tsx
FN:6,AdvertisingStopControls
FN:43,(anonymous_1)
FN:54,(anonymous_2)
FN:63,(anonymous_3)
FN:72,(anonymous_4)
FN:77,(anonymous_5)
FN:82,(anonymous_6)
FN:96,(anonymous_7)
FN:113,AdvertisingRecoveryControls
FN:132,(anonymous_9)
FN:137,(anonymous_10)
FN:148,(anonymous_11)
FN:154,(anonymous_12)
FN:159,(anonymous_13)
FN:168,(anonymous_14)
FNF:15
FNH:15
FNDA:11,AdvertisingStopControls
FNDA:33,(anonymous_1)
FNDA:1,(anonymous_2)
FNDA:1,(anonymous_3)
FNDA:1,(anonymous_4)
FNDA:6,(anonymous_5)
FNDA:1,(anonymous_6)
FNDA:1,(anonymous_7)
FNDA:20,AdvertisingRecoveryControls
FNDA:8,(anonymous_9)
FNDA:1,(anonymous_10)
FNDA:1,(anonymous_11)
FNDA:8,(anonymous_12)
FNDA:2,(anonymous_13)
FNDA:2,(anonymous_14)
DA:15,11
DA:16,11
DA:17,11
DA:18,11
DA:19,11
DA:20,11
DA:21,11
DA:43,33
DA:44,11
DA:45,6
DA:55,1
DA:64,1
DA:73,1
DA:78,6
DA:83,1
DA:84,1
DA:85,1
DA:97,1
DA:98,1
DA:99,1
DA:102,0
DA:124,20
DA:125,20
DA:126,20
DA:127,20
DA:128,20
DA:129,8
DA:132,8
DA:138,1
DA:149,1
DA:155,8
DA:160,2
DA:161,2
DA:162,2
DA:169,2
DA:170,2
DA:171,0
LF:37
LH:35
BRDA:44,0,0,5
BRDA:44,0,1,6
BRDA:48,1,0,6
BRDA:48,1,1,0
BRDA:49,2,0,11
BRDA:49,2,1,1
BRDA:81,3,0,6
BRDA:81,3,1,5
BRDA:81,3,2,4
BRDA:81,3,3,3
BRDA:98,4,0,1
BRDA:98,4,1,0
BRDA:128,5,0,12
BRDA:128,5,1,8
BRDA:131,6,0,8
BRDA:131,6,1,0
BRDA:132,7,0,20
BRDA:132,7,1,4
BRDA:143,8,0,20
BRDA:143,8,1,4
BRDA:158,9,0,8
BRDA:158,9,1,6
BRDA:158,10,0,3
BRDA:158,10,1,3
BRDA:164,11,0,1
BRDA:164,11,1,1
BRDA:165,12,0,1
BRDA:165,12,1,1
BRDA:170,13,0,2
BRDA:170,13,1,0
BRF:30
BRH:26
end_of_record
TN:
SF:src/advertising/AdvertisingEvidenceDetails.tsx
FN:2,AdvertisingEvidenceDetails
FN:26,(anonymous_1)
FN:36,(anonymous_2)
FN:42,(anonymous_3)
FNF:4
FNH:4
FNDA:74,AdvertisingEvidenceDetails
FNDA:10,(anonymous_1)
FNDA:51,(anonymous_2)
FNDA:51,(anonymous_3)
DA:9,74
DA:10,69
DA:11,38
DA:12,0
DA:13,0
DA:14,0
DA:19,38
DA:21,31
DA:22,6
DA:23,25
DA:24,10
DA:27,10
DA:33,15
DA:34,15
DA:37,51
DA:42,51
DA:51,0
LF:17
LH:13
BRDA:9,0,0,5
BRDA:9,0,1,69
BRDA:9,1,0,74
BRDA:9,1,1,73
BRDA:10,2,0,38
BRDA:10,2,1,31
BRDA:11,3,0,0
BRDA:11,3,1,38
BRDA:11,4,0,38
BRDA:11,4,1,38
BRDA:21,5,0,6
BRDA:21,5,1,25
BRDA:21,6,0,31
BRDA:21,6,1,26
BRDA:23,7,0,10
BRDA:23,7,1,15
BRDA:33,8,0,15
BRDA:33,8,1,0
BRF:18
BRH:16
end_of_record
TN:
SF:src/advertising/AdvertisingManualControls.tsx
FN:25,AdvertisingManualPacketControls
FN:38,(anonymous_1)
FN:42,act
FN:64,(anonymous_3)
FN:75,(anonymous_4)
FN:81,(anonymous_5)
FN:90,(anonymous_6)
FN:101,AdvertisingManualProposalControls
FN:114,(anonymous_8)
FN:116,(anonymous_9)
FN:123,(anonymous_10)
FN:140,(anonymous_11)
FN:147,(anonymous_12)
FN:165,(anonymous_13)
FN:167,(anonymous_14)
FNF:15
FNH:13
FNDA:10,AdvertisingManualPacketControls
FNDA:70,(anonymous_1)
FNDA:2,act
FNDA:0,(anonymous_3)
FNDA:0,(anonymous_4)
FNDA:7,(anonymous_5)
FNDA:2,(anonymous_6)
FNDA:5,AdvertisingManualProposalControls
FNDA:1,(anonymous_8)
FNDA:1,(anonymous_9)
FNDA:1,(anonymous_10)
FNDA:1,(anonymous_11)
FNDA:4,(anonymous_12)
FNDA:1,(anonymous_13)
FNDA:1,(anonymous_14)
DA:16,5
DA:34,10
DA:35,10
DA:36,10
DA:37,10
DA:38,10
DA:39,70
DA:41,10
DA:43,2
DA:44,2
DA:45,2
DA:51,2
DA:52,2
DA:53,0
DA:55,7
DA:65,0
DA:76,0
DA:82,7
DA:91,2
DA:110,5
DA:111,5
DA:112,5
DA:113,5
DA:114,5
DA:115,1
DA:116,1
DA:117,1
DA:118,1
DA:119,1
DA:120,1
DA:121,0
DA:123,1
DA:124,1
DA:127,5
DA:141,1
DA:148,4
DA:166,1
DA:167,1
DA:169,1
DA:170,1
DA:171,1
DA:172,1
DA:173,1
DA:174,0
LF:44
LH:39
BRDA:41,0,0,3
BRDA:41,0,1,7
BRDA:41,1,0,10
BRDA:41,1,1,7
BRDA:49,2,0,0
BRDA:49,2,1,2
BRDA:52,3,0,2
BRDA:52,3,1,0
BRDA:57,4,0,7
BRDA:57,4,1,0
BRDA:58,5,0,10
BRDA:58,5,1,0
BRDA:70,6,0,10
BRDA:70,6,1,0
BRDA:86,7,0,7
BRDA:86,7,1,5
BRDA:86,7,2,0
BRDA:86,7,3,5
BRDA:86,7,4,0
BRDA:117,8,0,0
BRDA:117,8,1,1
BRDA:118,9,0,1
BRDA:118,9,1,0
BRDA:130,10,0,5
BRDA:130,10,1,0
BRDA:131,11,0,5
BRDA:131,11,1,0
BRDA:134,12,0,5
BRDA:134,12,1,4
BRDA:155,13,0,4
BRDA:155,13,1,0
BRDA:155,13,2,0
BRDA:155,13,3,0
BRDA:161,14,0,4
BRDA:161,14,1,4
BRDA:164,15,0,4
BRDA:164,15,1,3
BRDA:170,16,0,1
BRDA:170,16,1,0
BRDA:148,17,0,4
BRDA:148,17,1,0
BRF:41
BRH:25
end_of_record
TN:
SF:src/advertising/AdvertisingManualShadow.tsx
FN:36,AdvertisingManualShadow
FN:42,(anonymous_1)
FN:43,(anonymous_2)
FN:48,(anonymous_3)
FN:50,(anonymous_4)
FN:62,(anonymous_5)
FN:101,(anonymous_6)
FN:130,(anonymous_7)
FN:166,(anonymous_8)
FNF:9
FNH:8
FNDA:15,AdvertisingManualShadow
FNDA:1,(anonymous_1)
FNDA:1,(anonymous_2)
FNDA:10,(anonymous_3)
FNDA:10,(anonymous_4)
FNDA:10,(anonymous_5)
FNDA:6,(anonymous_6)
FNDA:5,(anonymous_7)
FNDA:0,(anonymous_8)
DA:41,15
DA:42,15
DA:43,1
DA:45,15
DA:46,15
DA:48,15
DA:49,10
DA:50,10
DA:51,10
DA:52,1
DA:54,9
DA:55,5
DA:56,5
DA:58,4
DA:59,4
DA:62,10
DA:63,10
DA:67,15
DA:68,0
DA:70,15
DA:71,9
DA:78,6
DA:79,0
DA:90,6
DA:102,6
DA:131,5
DA:167,0
LF:27
LH:24
BRDA:51,0,0,1
BRDA:51,0,1,9
BRDA:54,1,0,5
BRDA:54,1,1,4
BRDA:67,2,0,0
BRDA:67,2,1,15
BRDA:70,3,0,9
BRDA:70,3,1,6
BRDA:78,4,0,0
BRDA:78,4,1,6
BRDA:83,5,0,0
BRDA:83,5,1,0
BRDA:97,6,0,6
BRDA:97,6,1,0
BRDA:110,7,0,6
BRDA:110,7,1,3
BRDA:113,8,0,6
BRDA:113,8,1,0
BRDA:119,9,0,6
BRDA:119,9,1,3
BRDA:120,10,0,0
BRDA:120,10,1,6
BRDA:122,11,0,4
BRDA:122,11,1,2
BRDA:126,12,0,1
BRDA:126,12,1,5
BRDA:138,13,0,4
BRDA:138,13,1,1
BRDA:139,14,0,4
BRDA:139,14,1,0
BRDA:139,15,0,4
BRDA:139,15,1,4
BRDA:143,16,0,3
BRDA:143,16,1,2
BRDA:146,17,0,2
BRDA:146,17,1,0
BRDA:149,18,0,5
BRDA:149,18,1,0
BRDA:149,19,0,5
BRDA:149,19,1,5
BRDA:157,20,0,6
BRDA:157,20,1,4
BRDA:164,21,0,6
BRDA:164,21,1,0
BRF:44
BRH:33
end_of_record
TN:
SF:src/advertising/AdvertisingOperations.tsx
FN:41,AdvertisingOperations
FN:52,(anonymous_1)
FN:58,(anonymous_2)
FN:82,(anonymous_3)
FN:107,(anonymous_4)
FN:108,(anonymous_5)
FN:117,ExposurePanel
FN:157,(anonymous_7)
FN:177,(anonymous_8)
FN:241,ContainmentPanel
FN:265,(anonymous_10)
FN:284,(anonymous_11)
FN:297,ReservationPanel
FN:330,(anonymous_13)
FNF:14
FNH:12
FNDA:32,AdvertisingOperations
FNDA:17,(anonymous_1)
FNDA:17,(anonymous_2)
FNDA:17,(anonymous_3)
FNDA:0,(anonymous_4)
FNDA:0,(anonymous_5)
FNDA:13,ExposurePanel
FNDA:12,(anonymous_7)
FNDA:72,(anonymous_8)
FNDA:13,ContainmentPanel
FNDA:12,(anonymous_10)
FNDA:24,(anonymous_11)
FNDA:13,ReservationPanel
FNDA:12,(anonymous_13)
DA:42,32
DA:43,32
DA:46,32
DA:47,32
DA:50,32
DA:52,32
DA:53,17
DA:54,17
DA:59,17
DA:60,0
DA:65,17
DA:66,1
DA:67,1
DA:69,16
DA:70,2
DA:71,2
DA:73,14
DA:74,1
DA:75,1
DA:77,13
DA:78,13
DA:79,13
DA:80,13
DA:82,17
DA:83,17
DA:87,32
DA:88,2
DA:90,30
DA:91,17
DA:99,13
DA:108,0
DA:122,13
DA:123,1
DA:133,12
DA:141,12
DA:158,12
DA:178,72
DA:179,72
DA:180,72
DA:181,72
DA:182,72
DA:250,13
DA:251,1
DA:258,12
DA:266,12
DA:285,24
DA:302,13
DA:303,1
DA:313,12
DA:331,12
LF:50
LH:48
BRDA:59,0,0,0
BRDA:59,0,1,17
BRDA:65,1,0,1
BRDA:65,1,1,16
BRDA:69,2,0,2
BRDA:69,2,1,14
BRDA:73,3,0,1
BRDA:73,3,1,13
BRDA:87,4,0,2
BRDA:87,4,1,30
BRDA:90,5,0,17
BRDA:90,5,1,13
BRDA:90,6,0,30
BRDA:90,6,1,13
BRDA:90,6,2,13
BRDA:122,7,0,1
BRDA:122,7,1,12
BRDA:144,8,0,10
BRDA:144,8,1,2
BRDA:147,9,0,13
BRDA:147,9,1,0
BRDA:148,10,0,2
BRDA:148,10,1,10
BRDA:154,11,0,2
BRDA:154,11,1,10
BRDA:161,12,0,12
BRDA:161,12,1,0
BRDA:162,13,0,11
BRDA:162,13,1,1
BRDA:163,14,0,12
BRDA:163,14,1,0
BRDA:164,15,0,12
BRDA:164,15,1,0
BRDA:180,16,0,12
BRDA:180,16,1,60
BRDA:181,17,0,12
BRDA:181,17,1,60
BRDA:186,18,0,12
BRDA:186,18,1,60
BRDA:189,19,0,12
BRDA:189,19,1,0
BRDA:190,20,0,12
BRDA:190,20,1,0
BRDA:193,21,0,12
BRDA:193,21,1,60
BRDA:196,22,0,12
BRDA:196,22,1,60
BRDA:199,23,0,12
BRDA:199,23,1,11
BRDA:200,24,0,12
BRDA:200,24,1,11
BRDA:203,25,0,1
BRDA:203,25,1,71
BRDA:203,26,0,72
BRDA:203,26,1,12
BRDA:208,27,0,1
BRDA:208,27,1,0
BRDA:212,28,0,48
BRDA:212,28,1,24
BRDA:213,29,0,60
BRDA:213,29,1,12
BRDA:217,30,0,72
BRDA:217,30,1,11
BRDA:218,31,0,72
BRDA:218,31,1,0
BRDA:220,32,0,11
BRDA:220,32,1,61
BRDA:222,33,0,1
BRDA:222,33,1,60
BRDA:231,34,0,12
BRDA:231,34,1,0
BRDA:250,35,0,1
BRDA:250,35,1,12
BRDA:267,36,0,12
BRDA:267,36,1,0
BRDA:268,37,0,0
BRDA:268,37,1,12
BRDA:275,38,0,12
BRDA:275,38,1,0
BRDA:276,39,0,0
BRDA:276,39,1,12
BRDA:278,40,0,0
BRDA:278,40,1,0
BRDA:302,41,0,1
BRDA:302,41,1,12
BRDA:334,42,0,0
BRDA:334,42,1,12
BRDA:339,43,0,0
BRDA:339,43,1,12
BRDA:340,44,0,0
BRDA:340,44,1,0
BRDA:342,45,0,0
BRDA:342,45,1,0
BRF:93
BRH:71
end_of_record
TN:
SF:src/advertising/AdvertisingOrchestration.tsx
FN:7,AdvertisingOrchestration
FN:14,(anonymous_1)
FN:16,(anonymous_2)
FN:25,(anonymous_3)
FNF:4
FNH:4
FNDA:17,AdvertisingOrchestration
FNDA:14,(anonymous_1)
FNDA:14,(anonymous_2)
FNDA:14,(anonymous_3)
DA:12,17
DA:13,17
DA:14,17
DA:15,14
DA:16,14
DA:17,14
DA:18,14
DA:19,1
DA:20,1
DA:22,13
DA:25,14
DA:26,14
DA:29,17
LF:13
LH:13
BRDA:17,0,0,0
BRDA:17,0,1,14
BRDA:18,1,0,1
BRDA:18,1,1,13
BRDA:32,2,0,2
BRDA:32,2,1,15
BRDA:34,3,0,14
BRDA:34,3,1,1
BRDA:38,4,0,1
BRDA:38,4,1,0
BRF:10
BRH:8
end_of_record
TN:
SF:src/advertising/AdvertisingOutcomeHistory.tsx
FN:28,AdvertisingOutcomeHistory
FN:36,(anonymous_1)
FN:43,(anonymous_2)
FN:55,(anonymous_3)
FN:87,(anonymous_4)
FN:135,(anonymous_5)
FNF:6
FNH:6
FNDA:15,AdvertisingOutcomeHistory
FNDA:8,(anonymous_1)
FNDA:8,(anonymous_2)
FNDA:8,(anonymous_3)
FNDA:5,(anonymous_4)
FNDA:1,(anonymous_5)
DA:33,15
DA:34,15
DA:36,15
DA:37,8
DA:38,8
DA:40,8
DA:43,8
DA:44,8
DA:45,1
DA:47,7
DA:48,7
DA:49,7
DA:51,0
DA:52,0
DA:55,8
DA:56,8
DA:60,15
DA:61,0
DA:63,15
DA:64,8
DA:71,7
DA:72,4
DA:83,3
DA:88,5
DA:136,1
LF:25
LH:22
BRDA:38,0,0,0
BRDA:38,0,1,8
BRDA:38,1,0,8
BRDA:38,1,1,3
BRDA:40,2,0,3
BRDA:40,2,1,5
BRDA:42,3,0,5
BRDA:42,3,1,0
BRDA:44,4,0,1
BRDA:44,4,1,7
BRDA:47,5,0,7
BRDA:47,5,1,0
BRDA:60,6,0,0
BRDA:60,6,1,15
BRDA:63,7,0,8
BRDA:63,7,1,7
BRDA:71,8,0,4
BRDA:71,8,1,3
BRDA:95,9,0,3
BRDA:95,9,1,2
BRDA:97,10,0,0
BRDA:97,10,1,2
BRDA:100,11,0,1
BRDA:100,11,1,4
BRDA:104,12,0,1
BRDA:104,12,1,4
BRDA:111,13,0,5
BRDA:111,13,1,1
BRDA:115,14,0,5
BRDA:115,14,1,1
BRDA:117,15,0,3
BRDA:117,15,1,2
BRDA:120,16,0,3
BRDA:120,16,1,0
BRDA:124,17,0,5
BRDA:124,17,1,0
BRDA:130,18,0,4
BRDA:130,18,1,1
BRDA:133,19,0,4
BRDA:133,19,1,1
BRF:40
BRH:33
end_of_record
TN:
SF:src/advertising/AdvertisingQueue.tsx
FN:32,AdvertisingQueue
FN:38,(anonymous_1)
FN:40,(anonymous_2)
FN:52,(anonymous_3)
FN:81,(anonymous_4)
FN:88,(anonymous_5)
FN:93,(anonymous_6)
FN:107,(anonymous_7)
FN:117,(anonymous_8)
FN:146,(anonymous_9)
FN:159,(anonymous_10)
FN:164,(anonymous_11)
FN:180,(anonymous_12)
FN:197,AdvertisingProblem
FN:202,(anonymous_14)
FNF:15
FNH:10
FNDA:14,AdvertisingQueue
FNDA:8,(anonymous_1)
FNDA:8,(anonymous_2)
FNDA:8,(anonymous_3)
FNDA:0,(anonymous_4)
FNDA:16,(anonymous_5)
FNDA:0,(anonymous_6)
FNDA:0,(anonymous_7)
FNDA:0,(anonymous_8)
FNDA:4,(anonymous_9)
FNDA:4,(anonymous_10)
FNDA:0,(anonymous_11)
FNDA:1,(anonymous_12)
FNDA:8,AdvertisingProblem
FNDA:8,(anonymous_14)
DA:17,8
DA:33,14
DA:34,14
DA:35,14
DA:36,14
DA:38,14
DA:39,8
DA:40,8
DA:41,8
DA:42,0
DA:44,8
DA:45,6
DA:46,6
DA:48,2
DA:49,2
DA:52,8
DA:53,8
DA:57,14
DA:58,2
DA:60,12
DA:61,8
DA:69,4
DA:82,0
DA:83,0
DA:89,16
DA:94,0
DA:95,0
DA:108,0
DA:118,0
DA:147,4
DA:160,4
DA:165,0
DA:181,1
DA:202,8
DA:203,8
DA:205,0
DA:207,0
DA:209,2
DA:211,0
DA:213,3
DA:215,3
DA:218,8
LF:42
LH:31
BRDA:41,0,0,0
BRDA:41,0,1,8
BRDA:44,1,0,6
BRDA:44,1,1,2
BRDA:57,2,0,2
BRDA:57,2,1,12
BRDA:60,3,0,8
BRDA:60,3,1,4
BRDA:125,4,0,1
BRDA:125,4,1,3
BRDA:149,5,0,4
BRDA:149,5,1,0
BRDA:152,6,0,4
BRDA:152,6,1,1
BRDA:154,7,0,1
BRDA:154,7,1,3
BRDA:157,8,0,4
BRDA:157,8,1,0
BRDA:160,9,0,4
BRDA:160,9,1,0
BRDA:170,10,0,4
BRDA:170,10,1,0
BRDA:203,11,0,0
BRDA:203,11,1,0
BRDA:203,11,2,2
BRDA:203,11,3,0
BRDA:203,11,4,3
BRDA:203,11,5,3
BRF:28
BRH:20
end_of_record
TN:
SF:src/advertising/AdvertisingResponsibilityControls.tsx
FN:16,(anonymous_0)
FN:18,(anonymous_1)
FN:20,(anonymous_2)
FN:23,AdvertisingResponsibilityControls
FN:45,(anonymous_4)
FN:47,(anonymous_5)
FN:50,(anonymous_6)
FN:54,perform
FN:77,(anonymous_8)
FN:89,(anonymous_9)
FN:102,(anonymous_10)
FN:112,(anonymous_11)
FN:130,(anonymous_12)
FN:148,(anonymous_13)
FN:156,(anonymous_14)
FN:174,(anonymous_15)
FN:186,(anonymous_16)
FN:188,(anonymous_17)
FN:198,(anonymous_18)
FN:221,(anonymous_19)
FN:230,(anonymous_20)
FN:239,(anonymous_21)
FN:249,(anonymous_22)
FN:269,(anonymous_23)
FN:280,(anonymous_24)
FN:281,(anonymous_25)
FN:290,(anonymous_26)
FN:291,(anonymous_27)
FN:296,(anonymous_28)
FNF:29
FNH:13
FNDA:5,(anonymous_0)
FNDA:0,(anonymous_1)
FNDA:0,(anonymous_2)
FNDA:25,AdvertisingResponsibilityControls
FNDA:8,(anonymous_4)
FNDA:8,(anonymous_5)
FNDA:8,(anonymous_6)
FNDA:3,perform
FNDA:0,(anonymous_8)
FNDA:1,(anonymous_9)
FNDA:1,(anonymous_10)
FNDA:1,(anonymous_11)
FNDA:1,(anonymous_12)
FNDA:0,(anonymous_13)
FNDA:0,(anonymous_14)
FNDA:0,(anonymous_15)
FNDA:1,(anonymous_16)
FNDA:1,(anonymous_17)
FNDA:1,(anonymous_18)
FNDA:0,(anonymous_19)
FNDA:0,(anonymous_20)
FNDA:0,(anonymous_21)
FNDA:0,(anonymous_22)
FNDA:0,(anonymous_23)
FNDA:0,(anonymous_24)
FNDA:0,(anonymous_25)
FNDA:0,(anonymous_26)
FNDA:0,(anonymous_27)
FNDA:0,(anonymous_28)
DA:16,6
DA:17,5
DA:18,6
DA:19,0
DA:20,0
DA:34,25
DA:35,25
DA:36,25
DA:37,25
DA:38,25
DA:39,25
DA:40,25
DA:41,25
DA:42,25
DA:43,25
DA:44,25
DA:45,25
DA:46,8
DA:47,8
DA:48,8
DA:50,8
DA:51,8
DA:55,3
DA:56,3
DA:57,3
DA:58,3
DA:59,3
DA:60,3
DA:61,3
DA:62,3
DA:63,0
DA:66,25
DA:67,25
DA:78,0
DA:90,1
DA:103,1
DA:113,1
DA:114,1
DA:131,1
DA:132,1
DA:149,0
DA:157,0
DA:175,0
DA:187,1
DA:188,1
DA:189,1
DA:190,0
DA:199,1
DA:222,0
DA:231,0
DA:240,0
DA:250,0
DA:270,0
DA:281,0
DA:282,0
DA:283,0
DA:290,0
DA:292,0
DA:297,0
DA:300,0
LF:60
LH:40
BRDA:17,0,0,5
BRDA:17,0,1,0
BRDA:17,1,0,0
BRDA:17,1,1,0
BRDA:19,2,0,0
BRDA:19,2,1,0
BRDA:48,3,0,3
BRDA:48,3,1,5
BRDA:48,4,0,8
BRDA:48,4,1,8
BRDA:59,5,0,3
BRDA:59,5,1,0
BRDA:66,6,0,0
BRDA:66,6,1,25
BRDA:69,7,0,25
BRDA:69,7,1,0
BRDA:70,8,0,25
BRDA:70,8,1,15
BRDA:70,8,2,10
BRDA:83,9,0,25
BRDA:83,9,1,25
BRDA:85,10,0,25
BRDA:85,10,1,3
BRDA:96,11,0,25
BRDA:96,11,1,7
BRDA:110,12,0,7
BRDA:110,12,1,5
BRDA:110,12,2,4
BRDA:113,13,0,1
BRDA:113,13,1,0
BRDA:126,14,0,25
BRDA:126,14,1,7
BRDA:129,15,0,7
BRDA:129,15,1,5
BRDA:131,16,0,1
BRDA:131,16,1,0
BRDA:142,17,0,25
BRDA:142,17,1,0
BRDA:155,18,0,0
BRDA:155,18,1,0
BRDA:155,18,2,0
BRDA:170,19,0,25
BRDA:170,19,1,0
BRDA:173,20,0,0
BRDA:173,20,1,0
BRDA:187,21,0,1
BRDA:187,21,1,0
BRDA:189,22,0,1
BRDA:189,22,1,0
BRDA:196,23,0,25
BRDA:196,23,1,1
BRDA:203,24,0,1
BRDA:203,24,1,0
BRDA:206,25,0,1
BRDA:206,25,1,1
BRDA:214,26,0,25
BRDA:214,26,1,0
BRDA:247,27,0,0
BRDA:247,27,1,0
BRDA:247,27,2,0
BRDA:247,27,3,0
BRDA:247,27,4,0
BRDA:275,28,0,0
BRDA:275,28,1,0
BRDA:282,29,0,0
BRDA:282,29,1,0
BRDA:295,30,0,0
BRDA:295,30,1,0
BRDA:309,31,0,0
BRDA:309,31,1,0
BRDA:315,32,0,25
BRDA:315,32,1,0
BRF:72
BRH:37
end_of_record
TN:
SF:src/advertising/AdvertisingTimestamp.tsx
FN:2,AdvertisingTimestamp
FNF:1
FNH:1
FNDA:90,AdvertisingTimestamp
DA:9,90
DA:10,90
DA:11,8
DA:14,82
DA:15,82
DA:16,72
DA:23,0
DA:25,82
LF:8
LH:7
BRDA:9,0,0,8
BRDA:9,0,1,82
BRDA:10,1,0,8
BRDA:10,1,1,82
BRDA:10,2,0,90
BRDA:10,2,1,82
BRDA:15,3,0,72
BRDA:15,3,1,10
BRDA:28,4,0,10
BRDA:28,4,1,72
BRDA:28,5,0,72
BRDA:28,5,1,0
BRF:12
BRH:11
end_of_record
TN:
SF:src/advertising/AdvertisingWorkflow.tsx
FN:31,candidateActions
FN:49,(anonymous_1)
FN:53,AdvertisingWorkflow
FN:70,(anonymous_3)
FN:72,(anonymous_4)
FN:82,(anonymous_5)
FN:87,act
FN:107,(anonymous_7)
FN:113,review
FN:125,(anonymous_9)
FN:213,(anonymous_10)
FN:214,(anonymous_11)
FN:223,(anonymous_12)
FN:236,(anonymous_13)
FN:256,(anonymous_14)
FN:261,(anonymous_15)
FN:268,(anonymous_16)
FN:274,(anonymous_17)
FN:296,(anonymous_18)
FNF:19
FNH:19
FNDA:14,candidateActions
FNDA:22,(anonymous_1)
FNDA:28,AdvertisingWorkflow
FNDA:14,(anonymous_3)
FNDA:14,(anonymous_4)
FNDA:14,(anonymous_5)
FNDA:2,act
FNDA:1,(anonymous_7)
FNDA:1,review
FNDA:80,(anonymous_9)
FNDA:1,(anonymous_10)
FNDA:1,(anonymous_11)
FNDA:2,(anonymous_12)
FNDA:14,(anonymous_13)
FNDA:20,(anonymous_14)
FNDA:2,(anonymous_15)
FNDA:20,(anonymous_16)
FNDA:1,(anonymous_17)
FNDA:3,(anonymous_18)
DA:23,5
DA:35,14
DA:36,14
DA:37,9
DA:38,14
DA:39,14
DA:44,1
DA:45,14
DA:46,3
DA:47,14
DA:48,0
DA:49,22
DA:62,28
DA:63,28
DA:64,28
DA:65,28
DA:66,28
DA:67,28
DA:68,28
DA:70,28
DA:71,14
DA:72,14
DA:73,14
DA:74,12
DA:75,8
DA:76,8
DA:78,4
DA:79,4
DA:82,14
DA:83,14
DA:91,2
DA:92,2
DA:93,2
DA:94,2
DA:103,2
DA:104,2
DA:105,1
DA:106,1
DA:107,1
DA:109,1
DA:114,1
DA:115,1
DA:116,1
DA:117,1
DA:118,1
DA:119,1
DA:121,0
DA:125,28
DA:126,80
DA:132,28
DA:214,1
DA:224,2
DA:237,14
DA:257,20
DA:262,2
DA:269,20
DA:275,1
DA:297,3
LF:58
LH:56
BRDA:36,0,0,9
BRDA:36,0,1,5
BRDA:36,1,0,14
BRDA:36,1,1,10
BRDA:38,2,0,9
BRDA:38,2,1,5
BRDA:39,3,0,1
BRDA:39,3,1,13
BRDA:40,4,0,14
BRDA:40,4,1,1
BRDA:40,4,2,1
BRDA:45,5,0,3
BRDA:45,5,1,11
BRDA:45,6,0,14
BRDA:45,6,1,3
BRDA:47,7,0,0
BRDA:47,7,1,14
BRDA:47,8,0,14
BRDA:47,8,1,1
BRDA:73,9,0,2
BRDA:73,9,1,12
BRDA:74,10,0,8
BRDA:74,10,1,4
BRDA:104,11,0,1
BRDA:104,11,1,1
BRDA:117,12,0,1
BRDA:117,12,1,0
BRDA:126,13,0,70
BRDA:126,13,1,10
BRDA:128,14,0,4
BRDA:128,14,1,6
BRDA:135,15,0,12
BRDA:135,15,1,16
BRDA:138,16,0,28
BRDA:138,16,1,1
BRDA:139,17,0,28
BRDA:139,17,1,1
BRDA:140,18,0,12
BRDA:140,18,1,16
BRDA:145,19,0,16
BRDA:145,19,1,0
BRDA:175,20,0,16
BRDA:175,20,1,0
BRDA:184,21,0,16
BRDA:184,21,1,2
BRDA:187,22,0,0
BRDA:187,22,1,2
BRDA:189,23,0,2
BRDA:189,23,1,0
BRDA:193,24,0,2
BRDA:193,24,1,0
BRDA:195,25,0,0
BRDA:195,25,1,0
BRDA:199,26,0,2
BRDA:199,26,1,0
BRDA:203,27,0,2
BRDA:203,27,1,0
BRDA:217,28,0,16
BRDA:217,28,1,14
BRDA:229,29,0,2
BRDA:229,29,1,14
BRDA:242,30,0,14
BRDA:242,30,1,0
BRDA:243,31,0,14
BRDA:243,31,1,0
BRDA:243,32,0,14
BRDA:243,32,1,0
BRDA:244,33,0,14
BRDA:244,33,1,0
BRDA:249,34,0,14
BRDA:249,34,1,1
BRDA:260,35,0,20
BRDA:260,35,1,15
BRDA:260,35,2,15
BRDA:268,36,0,14
BRDA:268,36,1,4
BRDA:269,37,0,20
BRDA:269,37,1,19
BRDA:285,38,0,16
BRDA:285,38,1,1
BRDA:287,39,0,0
BRDA:287,39,1,1
BRF:82
BRH:66
end_of_record
TN:
SF:src/advertising/EvidenceChip.tsx
FN:20,EvidenceChip
FNF:1
FNH:1
FNDA:10,EvidenceChip
DA:21,10
DA:22,10
DA:23,1
DA:29,9
LF:4
LH:4
BRDA:22,0,0,1
BRDA:22,0,1,9
BRDA:33,1,0,9
BRDA:33,1,1,0
BRF:4
BRH:3
end_of_record
TN:
SF:src/advertising/evidencePresentation.ts
FN:143,presentEvidence
FN:173,presentMeasure
FNF:2
FNH:2
FNDA:38,presentEvidence
FNDA:45,presentMeasure
DA:19,8
DA:55,8
DA:144,38
DA:148,8
DA:154,8
DA:178,45
DA:179,25
DA:181,20
LF:8
LH:8
BRDA:178,0,0,25
BRDA:178,0,1,20
BRDA:178,1,0,45
BRDA:178,1,1,27
BRDA:178,1,2,26
BRDA:181,2,0,19
BRDA:181,2,1,1
BRDA:183,3,0,1
BRDA:183,3,1,0
BRF:9
BRH:8
end_of_record
TN:
SF:src/api/advertising.ts
FN:53,parseAdvertisingWorkflow
FN:165,text
FN:169,decimal
FN:181,parseAdvertisingRankFactor
FN:206,parseAdvertisingCase
FN:232,(anonymous_5)
FN:251,(anonymous_6)
FN:281,(anonymous_7)
FN:413,strings
FN:415,(anonymous_9)
FN:420,parseAdvertisingReservation
FN:462,parseAdvertisingExposure
FN:484,(anonymous_12)
FN:563,parseAdvertisingContainment
FN:600,parseAdvertisingOutcome
FN:702,parseAdvertisingManualVerification
FN:729,parseAdvertisingManualPacket
FN:749,(anonymous_17)
FN:777,(anonymous_18)
FN:843,parseAdvertisingBriefItem
FN:869,parseAdvertisingBriefSection
FN:882,(anonymous_21)
FN:906,parseAdvertisingBrief
FN:928,(anonymous_23)
FN:952,(anonymous_24)
FNF:25
FNH:22
FNDA:16,parseAdvertisingWorkflow
FNDA:2094,text
FNDA:1534,decimal
FNDA:25,parseAdvertisingRankFactor
FNDA:15,parseAdvertisingCase
FNDA:25,(anonymous_5)
FNDA:0,(anonymous_6)
FNDA:0,(anonymous_7)
FNDA:254,strings
FNDA:129,(anonymous_9)
FNDA:14,parseAdvertisingReservation
FNDA:35,parseAdvertisingExposure
FNDA:1215,(anonymous_12)
FNDA:12,parseAdvertisingContainment
FNDA:8,parseAdvertisingOutcome
FNDA:7,parseAdvertisingManualVerification
FNDA:12,parseAdvertisingManualPacket
FNDA:7,(anonymous_17)
FNDA:5,(anonymous_18)
FNDA:10,parseAdvertisingBriefItem
FNDA:31,parseAdvertisingBriefSection
FNDA:10,(anonymous_21)
FNDA:16,parseAdvertisingBrief
FNDA:30,(anonymous_23)
FNDA:0,(anonymous_24)
DA:54,16
DA:55,16
DA:56,16
DA:57,16
DA:62,5
DA:63,11
DA:64,11
DA:65,8
DA:66,8
DA:67,8
DA:68,8
DA:69,8
DA:70,8
DA:71,8
DA:72,8
DA:73,8
DA:81,1
DA:82,7
DA:98,10
DA:166,2094
DA:170,1534
DA:171,466
DA:173,1068
DA:174,146
DA:175,146
DA:177,922
DA:182,25
DA:183,0
DA:185,25
DA:186,25
DA:187,25
DA:188,1
DA:190,24
DA:207,15
DA:208,0
DA:210,15
DA:211,15
DA:212,15
DA:213,15
DA:214,15
DA:215,15
DA:216,15
DA:217,15
DA:218,15
DA:227,2
DA:229,13
DA:232,25
DA:234,15
DA:235,1
DA:236,12
DA:251,0
DA:282,0
DA:322,13
DA:414,254
DA:415,129
DA:421,14
DA:422,0
DA:424,14
DA:425,14
DA:426,14
DA:427,14
DA:428,14
DA:429,14
DA:435,1
DA:437,13
DA:463,35
DA:464,35
DA:465,35
DA:466,2
DA:474,33
DA:482,8
DA:484,25
DA:485,1215
DA:486,25
DA:487,25
DA:488,25
DA:489,25
DA:490,25
DA:491,25
DA:492,25
DA:493,25
DA:502,1
DA:503,24
DA:504,24
DA:505,24
DA:506,144
DA:507,144
DA:508,143
DA:509,143
DA:510,143
DA:511,0
DA:512,143
DA:513,143
DA:514,143
DA:515,143
DA:517,143
DA:520,144
DA:534,23
DA:547,23
DA:549,23
DA:553,35
DA:564,12
DA:565,0
DA:567,12
DA:568,12
DA:569,12
DA:570,12
DA:571,12
DA:572,0
DA:574,12
DA:601,8
DA:602,0
DA:604,8
DA:605,8
DA:606,8
DA:607,8
DA:608,8
DA:609,8
DA:610,8
DA:611,8
DA:612,8
DA:620,2
DA:622,6
DA:705,7
DA:706,0
DA:708,7
DA:709,7
DA:710,7
DA:711,7
DA:712,0
DA:714,7
DA:730,12
DA:731,0
DA:733,12
DA:734,12
DA:735,12
DA:736,12
DA:737,12
DA:738,12
DA:744,0
DA:746,12
DA:749,7
DA:751,12
DA:752,0
DA:753,12
DA:779,5
DA:844,10
DA:845,0
DA:847,10
DA:848,10
DA:849,10
DA:850,10
DA:851,10
DA:852,0
DA:854,10
DA:870,31
DA:871,0
DA:873,31
DA:874,31
DA:875,31
DA:876,31
DA:877,0
DA:879,31
DA:882,10
DA:884,31
DA:885,31
DA:907,16
DA:908,0
DA:910,16
DA:911,16
DA:912,16
DA:913,16
DA:914,16
DA:915,16
DA:916,16
DA:923,5
DA:925,11
DA:928,30
DA:930,16
DA:931,0
DA:932,11
DA:933,11
DA:952,0
LF:183
LH:162
BRDA:54,0,0,0
BRDA:54,0,1,16
BRDA:54,1,0,16
BRDA:54,1,1,16
BRDA:57,2,0,5
BRDA:57,2,1,11
BRDA:58,3,0,16
BRDA:58,3,1,11
BRDA:58,3,2,11
BRDA:65,4,0,0
BRDA:65,4,1,8
BRDA:65,5,0,8
BRDA:65,5,1,8
BRDA:73,6,0,1
BRDA:73,6,1,7
BRDA:74,7,0,8
BRDA:74,7,1,8
BRDA:74,7,2,7
BRDA:74,7,3,7
BRDA:74,7,4,7
BRDA:74,7,5,7
BRDA:92,8,0,7
BRDA:92,8,1,0
BRDA:95,9,0,6
BRDA:95,9,1,1
BRDA:101,10,0,10
BRDA:101,10,1,0
BRDA:102,11,0,16
BRDA:102,11,1,7
BRDA:104,12,0,16
BRDA:104,12,1,0
BRDA:109,13,0,16
BRDA:109,13,1,3
BRDA:112,14,0,2
BRDA:112,14,1,8
BRDA:112,15,0,16
BRDA:112,15,1,2
BRDA:166,16,0,1437
BRDA:166,16,1,657
BRDA:166,17,0,2094
BRDA:166,17,1,1437
BRDA:170,18,0,466
BRDA:170,18,1,1068
BRDA:170,19,0,1534
BRDA:170,19,1,467
BRDA:173,20,0,146
BRDA:173,20,1,922
BRDA:173,21,0,1068
BRDA:173,21,1,146
BRDA:175,22,0,145
BRDA:175,22,1,1
BRDA:182,23,0,0
BRDA:182,23,1,25
BRDA:182,24,0,25
BRDA:182,24,1,25
BRDA:187,25,0,1
BRDA:187,25,1,24
BRDA:207,26,0,0
BRDA:207,26,1,15
BRDA:207,27,0,15
BRDA:207,27,1,15
BRDA:218,28,0,2
BRDA:218,28,1,13
BRDA:219,29,0,15
BRDA:219,29,1,14
BRDA:219,29,2,14
BRDA:219,29,3,14
BRDA:219,29,4,14
BRDA:219,29,5,14
BRDA:219,29,6,13
BRDA:229,30,0,13
BRDA:229,30,1,0
BRDA:234,31,0,1
BRDA:234,31,1,14
BRDA:234,32,0,15
BRDA:234,32,1,13
BRDA:239,33,0,12
BRDA:239,33,1,0
BRDA:241,34,0,15
BRDA:241,34,1,0
BRDA:250,35,0,12
BRDA:250,35,1,0
BRDA:253,36,0,15
BRDA:253,36,1,0
BRDA:255,37,0,15
BRDA:255,37,1,0
BRDA:258,38,0,15
BRDA:258,38,1,0
BRDA:260,39,0,15
BRDA:260,39,1,0
BRDA:262,40,0,15
BRDA:262,40,1,0
BRDA:264,41,0,15
BRDA:264,41,1,0
BRDA:268,42,0,15
BRDA:268,42,1,12
BRDA:270,43,0,15
BRDA:270,43,1,12
BRDA:271,44,0,15
BRDA:271,44,1,12
BRDA:273,45,0,15
BRDA:273,45,1,10
BRDA:277,46,0,1
BRDA:277,46,1,11
BRDA:277,47,0,15
BRDA:277,47,1,1
BRDA:280,48,0,0
BRDA:280,48,1,12
BRDA:282,49,0,0
BRDA:282,49,1,0
BRDA:285,50,0,15
BRDA:285,50,1,0
BRDA:414,51,0,198
BRDA:414,51,1,56
BRDA:421,52,0,0
BRDA:421,52,1,14
BRDA:421,53,0,14
BRDA:421,53,1,14
BRDA:429,54,0,1
BRDA:429,54,1,13
BRDA:430,55,0,14
BRDA:430,55,1,14
BRDA:430,55,2,14
BRDA:430,55,3,13
BRDA:440,56,0,13
BRDA:440,56,1,0
BRDA:446,57,0,14
BRDA:446,57,1,0
BRDA:448,58,0,14
BRDA:448,58,1,1
BRDA:450,59,0,14
BRDA:450,59,1,0
BRDA:463,60,0,0
BRDA:463,60,1,35
BRDA:463,61,0,35
BRDA:463,61,1,35
BRDA:465,62,0,2
BRDA:465,62,1,33
BRDA:474,63,0,8
BRDA:474,63,1,25
BRDA:475,64,0,33
BRDA:475,64,1,29
BRDA:475,64,2,29
BRDA:475,64,3,27
BRDA:475,64,4,26
BRDA:475,64,5,25
BRDA:485,65,0,2
BRDA:485,65,1,1213
BRDA:485,66,0,1215
BRDA:485,66,1,3
BRDA:488,67,0,0
BRDA:488,67,1,25
BRDA:488,68,0,25
BRDA:488,68,1,25
BRDA:493,69,0,1
BRDA:493,69,1,24
BRDA:494,70,0,25
BRDA:494,70,1,25
BRDA:494,70,2,25
BRDA:494,70,3,24
BRDA:494,70,4,24
BRDA:494,70,5,24
BRDA:494,70,6,24
BRDA:507,71,0,1
BRDA:507,71,1,143
BRDA:507,72,0,144
BRDA:507,72,1,143
BRDA:510,73,0,0
BRDA:510,73,1,143
BRDA:510,74,0,143
BRDA:510,74,1,143
BRDA:517,75,0,23
BRDA:517,75,1,120
BRDA:518,76,0,23
BRDA:518,76,1,23
BRDA:519,77,0,120
BRDA:519,77,1,90
BRDA:525,78,0,111
BRDA:525,78,1,32
BRDA:549,79,0,23
BRDA:549,79,1,22
BRDA:549,79,2,20
BRDA:549,79,3,20
BRDA:558,80,0,20
BRDA:558,80,1,3
BRDA:564,81,0,0
BRDA:564,81,1,12
BRDA:564,82,0,12
BRDA:564,82,1,12
BRDA:571,83,0,0
BRDA:571,83,1,12
BRDA:571,84,0,12
BRDA:571,84,1,12
BRDA:571,84,2,12
BRDA:583,85,0,12
BRDA:583,85,1,0
BRDA:585,86,0,12
BRDA:585,86,1,0
BRDA:601,87,0,0
BRDA:601,87,1,8
BRDA:601,88,0,8
BRDA:601,88,1,8
BRDA:612,89,0,2
BRDA:612,89,1,6
BRDA:613,90,0,8
BRDA:613,90,1,8
BRDA:613,90,2,2
BRDA:613,90,3,7
BRDA:613,90,4,6
BRDA:613,90,5,6
BRDA:613,90,6,6
BRDA:627,91,0,6
BRDA:627,91,1,1
BRDA:630,92,0,8
BRDA:630,92,1,1
BRDA:631,93,0,8
BRDA:631,93,1,1
BRDA:643,94,0,0
BRDA:643,94,1,6
BRDA:643,95,0,8
BRDA:643,95,1,0
BRDA:646,96,0,8
BRDA:646,96,1,1
BRDA:705,97,0,0
BRDA:705,97,1,7
BRDA:705,98,0,7
BRDA:705,98,1,7
BRDA:711,99,0,0
BRDA:711,99,1,7
BRDA:711,100,0,7
BRDA:711,100,1,7
BRDA:724,101,0,7
BRDA:724,101,1,0
BRDA:730,102,0,0
BRDA:730,102,1,12
BRDA:730,103,0,12
BRDA:730,103,1,12
BRDA:738,104,0,0
BRDA:738,104,1,12
BRDA:739,105,0,12
BRDA:739,105,1,12
BRDA:739,105,2,12
BRDA:739,105,3,12
BRDA:746,106,0,12
BRDA:746,106,1,0
BRDA:751,107,0,0
BRDA:751,107,1,12
BRDA:751,108,0,12
BRDA:751,108,1,12
BRDA:760,109,0,0
BRDA:760,109,1,12
BRDA:760,110,0,12
BRDA:760,110,1,0
BRDA:770,111,0,12
BRDA:770,111,1,0
BRDA:771,112,0,12
BRDA:771,112,1,0
BRDA:775,113,0,12
BRDA:775,113,1,5
BRDA:775,113,2,5
BRDA:779,114,0,5
BRDA:779,114,1,4
BRDA:779,114,2,4
BRDA:844,115,0,0
BRDA:844,115,1,10
BRDA:844,116,0,10
BRDA:844,116,1,10
BRDA:851,117,0,0
BRDA:851,117,1,10
BRDA:851,118,0,10
BRDA:851,118,1,10
BRDA:851,118,2,10
BRDA:870,119,0,0
BRDA:870,119,1,31
BRDA:870,120,0,31
BRDA:870,120,1,31
BRDA:876,121,0,0
BRDA:876,121,1,31
BRDA:876,122,0,31
BRDA:876,122,1,31
BRDA:879,123,0,31
BRDA:879,123,1,0
BRDA:884,124,0,0
BRDA:884,124,1,31
BRDA:884,125,0,31
BRDA:884,125,1,31
BRDA:887,126,0,31
BRDA:887,126,1,0
BRDA:888,127,0,31
BRDA:888,127,1,0
BRDA:894,128,0,31
BRDA:894,128,1,20
BRDA:907,129,0,0
BRDA:907,129,1,16
BRDA:907,130,0,16
BRDA:907,130,1,16
BRDA:916,131,0,5
BRDA:916,131,1,11
BRDA:917,132,0,16
BRDA:917,132,1,13
BRDA:917,132,2,13
BRDA:917,132,3,12
BRDA:917,132,4,11
BRDA:925,133,0,11
BRDA:925,133,1,0
BRDA:930,134,0,0
BRDA:930,134,1,16
BRDA:930,135,0,16
BRDA:930,135,1,11
BRDA:938,136,0,11
BRDA:938,136,1,1
BRDA:944,137,0,16
BRDA:944,137,1,1
BRDA:945,138,0,16
BRDA:945,138,1,1
BRDA:950,139,0,16
BRDA:950,139,1,10
BRDA:950,139,2,0
BRF:318
BRH:260
end_of_record
TN:
SF:src/api/console.ts
FN:257,boundedClaimValue
FN:263,(anonymous_1)
FN:267,(anonymous_2)
FN:271,strictReferences
FN:276,(anonymous_4)
FN:283,parseExplanationClaim
FN:333,parseAiExplanation
FN:347,(anonymous_7)
FN:348,(anonymous_8)
FN:349,(anonymous_9)
FN:463,isRecord
FN:467,text
FN:472,optionalText
FN:477,integer
FN:482,optionalNumber
FN:487,textList
FN:490,(anonymous_16)
FN:494,textMap
FN:515,decimal
FN:523,parseRankFactor
FN:541,parseDemandWindow
FN:580,parseAvailabilityChild
FN:609,(anonymous_22)
FN:614,(anonymous_23)
FN:645,parseAvailabilityCard
FN:672,(anonymous_25)
FN:690,parsePrioritySubject
FN:714,parseMetricValue
FN:744,parseFinding
FN:773,parseRecommendation
FN:809,parseVerdict
FN:828,parsePreview
FN:854,parseCommand
FN:880,(anonymous_33)
FN:885,(anonymous_34)
FN:890,parseAttempt
FN:918,parseReadback
FN:938,parseDiagnosis
FN:966,(anonymous_38)
FN:994,request
FN:1002,(anonymous_40)
FN:1062,classifyForbidden
FN:1084,buildHeaders
FN:1096,list
FN:1097,(anonymous_44)
FN:1099,(anonymous_45)
FN:1110,fetchAvailabilityQueue
FN:1201,parseAvailabilityCase
FN:1247,parseJournalEntry
FN:1270,parseAcceptedException
FN:1302,fetchAvailabilityCases
FN:1314,fetchCaseJournal
FN:1326,fetchCaseExceptions
FN:1345,recordCaseAction
FN:1360,parseInboundAttestation
FN:1401,parseManagedAvailabilityPolicy
FN:1431,createInboundAttestation
FN:1441,fetchInboundAttestation
FN:1453,amendInboundAttestation
FN:1468,cancelInboundAttestation
FN:1483,reverifyInboundAttestation
FN:1499,publishLeadTimePolicy
FN:1511,retireAvailabilityPolicy
FN:1527,fetchAvailabilityCard
FN:1539,fetchPriorityQueue
FN:1558,fetchAdvertisingQueue
FN:1573,fetchAdvertisingCase
FN:1588,fetchAdvertisingReservations
FN:1602,fetchAdvertisingExposure
FN:1609,fetchAdvertisingContainments
FN:1623,fetchAdvertisingManualPackets
FN:1642,fetchAdvertisingOutcomes
FN:1660,fetchAdvertisingBrief
FN:1679,fetchLatestAdvertisingBrief
FN:1687,fetchAdvertisingBriefHistory
FN:1700,fetchDiagnosis
FN:1715,requestExplanation
FN:1730,fetchRecommendations
FN:1759,fetchMetricInputs
FN:1767,(anonymous_79)
FN:1800,fetchEvidenceSource
FN:1806,(anonymous_81)
FN:1836,requestImpactPreview
FN:1849,decide
FN:1858,(anonymous_84)
FN:1873,createCommand
FN:1880,(anonymous_86)
FN:1893,fetchCommand
FN:1901,fetchRecommendationCommand
FN:1913,fetchGate
FN:1919,(anonymous_90)
FN:1929,fetchCommandsNeedingAttention
FN:1940,strictAdvertisingList
FN:1941,(anonymous_93)
FN:1944,(anonymous_94)
FN:1949,fetchAdvertisingWorkflow
FN:1964,actOnAdvertisingCandidate
FN:1982,(anonymous_97)
FN:2001,parseAdvertisingDecisionPreview
FN:2014,(anonymous_99)
FN:2026,previewAdvertisingCandidate
FN:2056,fetchAdvertisingManualOptions
FN:2062,(anonymous_102)
FN:2094,(anonymous_103)
FN:2101,selectAdvertisingManualOption
FN:2129,actOnAdvertisingManualPacket
FN:2160,advertisingControl
FN:2167,(anonymous_107)
FN:2172,fetchAdvertisingJournal
FN:2179,(anonymous_109)
FN:2182,fetchAdvertisingExceptions
FN:2189,(anonymous_111)
FN:2200,actOnAdvertisingTask
FN:2208,(anonymous_113)
FN:2213,fetchAdvertisingExceptionEvidence
FN:2219,(anonymous_115)
FN:2224,fetchAdvertisingCompensation
FN:2230,(anonymous_117)
FN:2239,actOnAdvertisingCompensation
FN:2253,(anonymous_119)
FN:2262,fetchAdvertisingManualOutcomes
FN:2273,fetchAdvertisingOrchestration
FN:2276,(anonymous_122)
FN:2284,fetchAdvertisingCommand
FN:2290,(anonymous_124)
FNF:125
FNH:118
FNDA:72,boundedClaimValue
FNDA:11,(anonymous_1)
FNDA:45,(anonymous_2)
FNDA:35,strictReferences
FNDA:1,(anonymous_4)
FNDA:20,parseExplanationClaim
FNDA:25,parseAiExplanation
FNDA:20,(anonymous_7)
FNDA:10,(anonymous_8)
FNDA:10,(anonymous_9)
FNDA:261,isRecord
FNDA:542,text
FNDA:150,optionalText
FNDA:50,integer
FNDA:43,optionalNumber
FNDA:40,textList
FNDA:19,(anonymous_16)
FNDA:10,textMap
FNDA:194,decimal
FNDA:12,parseRankFactor
FNDA:12,parseDemandWindow
FNDA:13,parseAvailabilityChild
FNDA:12,(anonymous_22)
FNDA:12,(anonymous_23)
FNDA:8,parseAvailabilityCard
FNDA:13,(anonymous_25)
FNDA:3,parsePrioritySubject
FNDA:4,parseMetricValue
FNDA:3,parseFinding
FNDA:2,parseRecommendation
FNDA:5,parseVerdict
FNDA:5,parsePreview
FNDA:9,parseCommand
FNDA:1,(anonymous_33)
FNDA:2,(anonymous_34)
FNDA:1,parseAttempt
FNDA:2,parseReadback
FNDA:4,parseDiagnosis
FNDA:3,(anonymous_38)
FNDA:260,request
FNDA:0,(anonymous_40)
FNDA:7,classifyForbidden
FNDA:260,buildHeaders
FNDA:47,list
FNDA:39,(anonymous_44)
FNDA:22,(anonymous_45)
FNDA:13,fetchAvailabilityQueue
FNDA:9,parseAvailabilityCase
FNDA:0,parseJournalEntry
FNDA:1,parseAcceptedException
FNDA:14,fetchAvailabilityCases
FNDA:1,fetchCaseJournal
FNDA:1,fetchCaseExceptions
FNDA:1,recordCaseAction
FNDA:5,parseInboundAttestation
FNDA:2,parseManagedAvailabilityPolicy
FNDA:2,createInboundAttestation
FNDA:0,fetchInboundAttestation
FNDA:1,amendInboundAttestation
FNDA:1,cancelInboundAttestation
FNDA:1,reverifyInboundAttestation
FNDA:1,publishLeadTimePolicy
FNDA:1,retireAvailabilityPolicy
FNDA:0,fetchAvailabilityCard
FNDA:11,fetchPriorityQueue
FNDA:8,fetchAdvertisingQueue
FNDA:5,fetchAdvertisingCase
FNDA:17,fetchAdvertisingReservations
FNDA:17,fetchAdvertisingExposure
FNDA:17,fetchAdvertisingContainments
FNDA:10,fetchAdvertisingManualPackets
FNDA:5,fetchAdvertisingOutcomes
FNDA:4,fetchAdvertisingBrief
FNDA:3,fetchLatestAdvertisingBrief
FNDA:4,fetchAdvertisingBriefHistory
FNDA:3,fetchDiagnosis
FNDA:7,requestExplanation
FNDA:6,fetchRecommendations
FNDA:10,fetchMetricInputs
FNDA:9,(anonymous_79)
FNDA:6,fetchEvidenceSource
FNDA:6,(anonymous_81)
FNDA:3,requestImpactPreview
FNDA:2,decide
FNDA:1,(anonymous_84)
FNDA:3,createCommand
FNDA:2,(anonymous_86)
FNDA:6,fetchCommand
FNDA:5,fetchRecommendationCommand
FNDA:4,fetchGate
FNDA:4,(anonymous_90)
FNDA:1,fetchCommandsNeedingAttention
FNDA:73,strictAdvertisingList
FNDA:71,(anonymous_93)
FNDA:46,(anonymous_94)
FNDA:14,fetchAdvertisingWorkflow
FNDA:2,actOnAdvertisingCandidate
FNDA:1,(anonymous_97)
FNDA:3,parseAdvertisingDecisionPreview
FNDA:1,(anonymous_99)
FNDA:1,previewAdvertisingCandidate
FNDA:1,fetchAdvertisingManualOptions
FNDA:1,(anonymous_102)
FNDA:1,(anonymous_103)
FNDA:1,selectAdvertisingManualOption
FNDA:2,actOnAdvertisingManualPacket
FNDA:4,advertisingControl
FNDA:4,(anonymous_107)
FNDA:1,fetchAdvertisingJournal
FNDA:1,(anonymous_109)
FNDA:8,fetchAdvertisingExceptions
FNDA:0,(anonymous_111)
FNDA:2,actOnAdvertisingTask
FNDA:2,(anonymous_113)
FNDA:0,fetchAdvertisingExceptionEvidence
FNDA:0,(anonymous_115)
FNDA:8,fetchAdvertisingCompensation
FNDA:8,(anonymous_117)
FNDA:3,actOnAdvertisingCompensation
FNDA:3,(anonymous_119)
FNDA:3,fetchAdvertisingManualOutcomes
FNDA:14,fetchAdvertisingOrchestration
FNDA:1,(anonymous_122)
FNDA:2,fetchAdvertisingCommand
FNDA:2,(anonymous_124)
DA:39,13
DA:42,13
DA:258,72
DA:259,72
DA:260,70
DA:261,40
DA:262,35
DA:263,11
DA:264,26
DA:267,45
DA:272,35
DA:278,1
DA:284,20
DA:309,8
DA:310,12
DA:311,12
DA:317,1
DA:318,11
DA:334,25
DA:345,4
DA:346,21
DA:347,21
DA:348,12
DA:349,12
DA:350,12
DA:351,12
DA:361,12
DA:371,5
DA:372,7
DA:464,261
DA:468,542
DA:469,542
DA:473,150
DA:474,150
DA:478,50
DA:479,50
DA:483,43
DA:484,43
DA:488,40
DA:489,40
DA:490,19
DA:495,10
DA:496,10
DA:497,2
DA:499,8
DA:500,8
DA:501,4
DA:502,4
DA:505,8
DA:516,194
DA:517,194
DA:518,173
DA:520,21
DA:524,12
DA:525,0
DA:527,12
DA:528,12
DA:529,12
DA:530,0
DA:532,12
DA:542,12
DA:543,0
DA:545,12
DA:546,12
DA:547,12
DA:548,12
DA:549,12
DA:555,0
DA:557,12
DA:581,13
DA:582,0
DA:584,13
DA:585,13
DA:586,13
DA:587,13
DA:588,13
DA:589,13
DA:590,13
DA:591,13
DA:592,13
DA:593,13
DA:604,1
DA:606,12
DA:609,12
DA:611,13
DA:614,12
DA:616,13
DA:646,8
DA:647,0
DA:649,8
DA:650,8
DA:651,8
DA:652,8
DA:653,8
DA:654,8
DA:655,8
DA:656,8
DA:657,8
DA:667,1
DA:669,7
DA:672,13
DA:674,8
DA:691,3
DA:692,0
DA:694,3
DA:695,3
DA:696,3
DA:697,0
DA:699,3
DA:715,4
DA:716,0
DA:718,4
DA:719,4
DA:720,4
DA:721,4
DA:722,4
DA:728,1
DA:730,3
DA:745,3
DA:746,0
DA:748,3
DA:749,3
DA:750,3
DA:751,3
DA:752,3
DA:758,1
DA:760,2
DA:774,2
DA:775,0
DA:777,2
DA:778,2
DA:779,2
DA:780,2
DA:781,2
DA:782,2
DA:789,0
DA:791,2
DA:810,5
DA:811,1
DA:813,4
DA:814,4
DA:815,0
DA:817,4
DA:829,5
DA:830,0
DA:832,5
DA:833,5
DA:834,5
DA:835,5
DA:836,1
DA:838,4
DA:855,9
DA:856,0
DA:858,9
DA:859,9
DA:860,9
DA:861,9
DA:862,9
DA:863,1
DA:865,8
DA:866,8
DA:867,8
DA:880,1
DA:885,2
DA:891,1
DA:892,0
DA:894,1
DA:895,1
DA:896,1
DA:897,1
DA:898,1
DA:904,0
DA:906,1
DA:919,2
DA:920,0
DA:922,2
DA:923,2
DA:924,2
DA:925,2
DA:926,0
DA:928,2
DA:939,4
DA:940,0
DA:942,4
DA:943,4
DA:944,4
DA:945,0
DA:947,4
DA:948,4
DA:949,4
DA:950,4
DA:951,2
DA:952,2
DA:953,2
DA:957,4
DA:958,4
DA:966,3
DA:1001,260
DA:1002,260
DA:1003,0
DA:1005,260
DA:1007,260
DA:1008,260
DA:1016,258
DA:1017,4
DA:1019,254
DA:1020,7
DA:1021,7
DA:1023,247
DA:1024,18
DA:1029,229
DA:1030,3
DA:1031,3
DA:1037,226
DA:1038,226
DA:1040,1
DA:1042,225
DA:1043,225
DA:1047,2
DA:1048,2
DA:1050,260
DA:1063,7
DA:1064,7
DA:1065,7
DA:1066,7
DA:1067,7
DA:1068,2
DA:1074,5
DA:1085,260
DA:1090,260
DA:1091,24
DA:1093,260
DA:1097,47
DA:1098,39
DA:1099,22
DA:1116,13
DA:1117,13
DA:1202,9
DA:1203,0
DA:1205,9
DA:1206,9
DA:1207,9
DA:1208,9
DA:1209,9
DA:1210,9
DA:1211,9
DA:1212,9
DA:1213,9
DA:1214,9
DA:1215,9
DA:1227,0
DA:1229,9
DA:1248,0
DA:1249,0
DA:1251,0
DA:1252,0
DA:1253,0
DA:1254,0
DA:1255,0
DA:1257,0
DA:1271,1
DA:1272,0
DA:1274,1
DA:1275,1
DA:1276,1
DA:1277,1
DA:1278,1
DA:1279,1
DA:1286,0
DA:1288,1
DA:1306,14
DA:1318,1
DA:1330,1
DA:1352,1
DA:1361,5
DA:1362,0
DA:1364,5
DA:1365,5
DA:1366,5
DA:1367,5
DA:1368,5
DA:1369,5
DA:1370,5
DA:1371,5
DA:1372,5
DA:1373,5
DA:1384,0
DA:1386,5
DA:1402,2
DA:1403,0
DA:1405,2
DA:1406,2
DA:1407,2
DA:1408,2
DA:1409,2
DA:1410,2
DA:1417,0
DA:1419,2
DA:1435,2
DA:1445,0
DA:1460,1
DA:1475,1
DA:1490,1
DA:1503,1
DA:1518,1
DA:1531,0
DA:1544,11
DA:1564,8
DA:1565,8
DA:1577,5
DA:1593,17
DA:1605,17
DA:1614,17
DA:1628,10
DA:1646,5
DA:1665,4
DA:1683,3
DA:1692,4
DA:1706,3
DA:1720,7
DA:1735,6
DA:1765,10
DA:1769,9
DA:1776,5
DA:1777,4
DA:1778,4
DA:1779,5
DA:1792,2
DA:1793,3
DA:1795,2
DA:1804,6
DA:1808,6
DA:1823,4
DA:1824,2
DA:1840,3
DA:1856,2
DA:1860,1
DA:1861,0
DA:1863,1
DA:1864,1
DA:1865,1
DA:1866,1
DA:1878,3
DA:1882,2
DA:1883,0
DA:1885,2
DA:1886,2
DA:1897,6
DA:1905,5
DA:1919,4
DA:1920,4
DA:1921,0
DA:1923,4
DA:1924,4
DA:1933,1
DA:1941,73
DA:1942,71
DA:1943,59
DA:1944,59
DA:1953,14
DA:1973,2
DA:1974,2
DA:1975,2
DA:1982,2
DA:2004,3
DA:2005,1
DA:2006,2
DA:2007,2
DA:2014,1
DA:2016,1
DA:2017,1
DA:2030,1
DA:2060,1
DA:2064,1
DA:2065,0
DA:2066,1
DA:2067,1
DA:2068,1
DA:2074,0
DA:2075,1
DA:2092,1
DA:2095,1
DA:2107,1
DA:2135,2
DA:2144,2
DA:2165,4
DA:2168,4
DA:2176,1
DA:2179,1
DA:2186,8
DA:2190,0
DA:2206,2
DA:2209,2
DA:2217,0
DA:2220,0
DA:2228,8
DA:2232,8
DA:2246,3
DA:2248,3
DA:2251,3
DA:2254,3
DA:2266,3
DA:2276,14
DA:2277,1
DA:2288,2
DA:2292,2
LF:406
LH:358
BRDA:257,0,0,72
BRDA:258,1,0,0
BRDA:258,1,1,72
BRDA:259,2,0,2
BRDA:259,2,1,70
BRDA:259,3,0,72
BRDA:259,3,1,71
BRDA:260,4,0,30
BRDA:260,4,1,40
BRDA:261,5,0,5
BRDA:261,5,1,35
BRDA:262,6,0,9
BRDA:262,6,1,26
BRDA:263,7,0,9
BRDA:263,7,1,9
BRDA:265,8,0,26
BRDA:265,8,1,26
BRDA:265,8,2,26
BRDA:273,9,0,35
BRDA:273,9,1,35
BRDA:273,9,2,35
BRDA:273,9,3,35
BRDA:278,10,0,1
BRDA:278,10,1,0
BRDA:284,11,0,8
BRDA:284,11,1,12
BRDA:285,12,0,20
BRDA:285,12,1,19
BRDA:285,12,2,19
BRDA:285,12,3,19
BRDA:285,12,4,19
BRDA:285,12,5,19
BRDA:285,12,6,19
BRDA:285,12,7,18
BRDA:285,12,8,18
BRDA:285,12,9,18
BRDA:285,12,10,18
BRDA:285,12,11,5
BRDA:285,12,12,0
BRDA:285,12,13,18
BRDA:285,12,14,18
BRDA:285,12,15,17
BRDA:285,12,16,17
BRDA:285,12,17,17
BRDA:285,12,18,16
BRDA:285,12,19,14
BRDA:285,12,20,14
BRDA:285,12,21,13
BRDA:285,12,22,13
BRDA:307,13,0,10
BRDA:307,13,1,3
BRDA:311,14,0,1
BRDA:311,14,1,11
BRDA:312,15,0,12
BRDA:312,15,1,4
BRDA:312,15,2,4
BRDA:312,15,3,3
BRDA:334,16,0,4
BRDA:334,16,1,21
BRDA:335,17,0,25
BRDA:335,17,1,24
BRDA:335,17,2,22
BRDA:335,17,3,22
BRDA:335,17,4,22
BRDA:335,17,5,22
BRDA:335,17,6,22
BRDA:335,17,7,3
BRDA:335,17,8,22
BRDA:335,17,9,22
BRDA:347,18,0,9
BRDA:347,18,1,12
BRDA:361,19,0,5
BRDA:361,19,1,7
BRDA:362,20,0,12
BRDA:362,20,1,11
BRDA:362,20,2,4
BRDA:362,20,3,3
BRDA:362,20,4,3
BRDA:362,20,5,9
BRDA:362,20,6,3
BRDA:362,20,7,3
BRDA:362,20,8,2
BRDA:362,20,9,8
BRDA:362,20,10,1
BRDA:362,20,11,0
BRDA:362,20,12,7
BRDA:362,20,13,2
BRDA:362,20,14,2
BRDA:362,20,15,7
BRDA:362,20,16,1
BRDA:464,21,0,261
BRDA:464,21,1,249
BRDA:469,22,0,520
BRDA:469,22,1,22
BRDA:474,23,0,76
BRDA:474,23,1,74
BRDA:479,24,0,49
BRDA:479,24,1,1
BRDA:484,25,0,38
BRDA:484,25,1,5
BRDA:489,26,0,38
BRDA:489,26,1,2
BRDA:496,27,0,2
BRDA:496,27,1,8
BRDA:501,28,0,4
BRDA:501,28,1,0
BRDA:517,29,0,173
BRDA:517,29,1,21
BRDA:520,30,0,1
BRDA:520,30,1,20
BRDA:524,31,0,0
BRDA:524,31,1,12
BRDA:529,32,0,0
BRDA:529,32,1,12
BRDA:529,33,0,12
BRDA:529,33,1,12
BRDA:542,34,0,0
BRDA:542,34,1,12
BRDA:549,35,0,0
BRDA:549,35,1,12
BRDA:550,36,0,12
BRDA:550,36,1,12
BRDA:550,36,2,12
BRDA:550,36,3,12
BRDA:581,37,0,0
BRDA:581,37,1,13
BRDA:593,38,0,1
BRDA:593,38,1,12
BRDA:594,39,0,13
BRDA:594,39,1,13
BRDA:594,39,2,6
BRDA:594,39,3,13
BRDA:594,39,4,13
BRDA:594,39,5,12
BRDA:594,39,6,12
BRDA:594,39,7,12
BRDA:594,39,8,12
BRDA:594,39,9,12
BRDA:606,40,0,12
BRDA:606,40,1,0
BRDA:611,41,0,12
BRDA:611,41,1,0
BRDA:646,42,0,0
BRDA:646,42,1,8
BRDA:657,43,0,1
BRDA:657,43,1,7
BRDA:658,44,0,8
BRDA:658,44,1,7
BRDA:658,44,2,7
BRDA:658,44,3,7
BRDA:658,44,4,7
BRDA:658,44,5,7
BRDA:658,44,6,7
BRDA:658,44,7,7
BRDA:669,45,0,7
BRDA:669,45,1,0
BRDA:691,46,0,0
BRDA:691,46,1,3
BRDA:696,47,0,0
BRDA:696,47,1,3
BRDA:696,48,0,3
BRDA:696,48,1,3
BRDA:702,49,0,3
BRDA:702,49,1,0
BRDA:715,50,0,0
BRDA:715,50,1,4
BRDA:722,51,0,1
BRDA:722,51,1,3
BRDA:723,52,0,4
BRDA:723,52,1,4
BRDA:723,52,2,4
BRDA:723,52,3,3
BRDA:745,53,0,0
BRDA:745,53,1,3
BRDA:752,54,0,1
BRDA:752,54,1,2
BRDA:753,55,0,3
BRDA:753,55,1,2
BRDA:753,55,2,2
BRDA:753,55,3,2
BRDA:774,56,0,0
BRDA:774,56,1,2
BRDA:782,57,0,0
BRDA:782,57,1,2
BRDA:783,58,0,2
BRDA:783,58,1,2
BRDA:783,58,2,2
BRDA:783,58,3,2
BRDA:783,58,4,2
BRDA:796,59,0,2
BRDA:796,59,1,0
BRDA:798,60,0,2
BRDA:798,60,1,0
BRDA:801,61,0,2
BRDA:801,61,1,0
BRDA:802,62,0,2
BRDA:802,62,1,0
BRDA:810,63,0,1
BRDA:810,63,1,4
BRDA:814,64,0,0
BRDA:814,64,1,4
BRDA:819,65,0,4
BRDA:819,65,1,2
BRDA:829,66,0,0
BRDA:829,66,1,5
BRDA:835,67,0,1
BRDA:835,67,1,4
BRDA:835,68,0,5
BRDA:835,68,1,5
BRDA:835,68,2,4
BRDA:855,69,0,0
BRDA:855,69,1,9
BRDA:862,70,0,1
BRDA:862,70,1,8
BRDA:862,71,0,9
BRDA:862,71,1,9
BRDA:862,71,2,8
BRDA:862,71,3,8
BRDA:869,72,0,8
BRDA:869,72,1,1
BRDA:870,73,0,9
BRDA:870,73,1,1
BRDA:871,74,0,9
BRDA:871,74,1,1
BRDA:873,75,0,9
BRDA:873,75,1,1
BRDA:879,76,0,8
BRDA:879,76,1,0
BRDA:882,77,0,8
BRDA:882,77,1,0
BRDA:891,78,0,0
BRDA:891,78,1,1
BRDA:898,79,0,0
BRDA:898,79,1,1
BRDA:899,80,0,1
BRDA:899,80,1,1
BRDA:899,80,2,1
BRDA:899,80,3,1
BRDA:919,81,0,0
BRDA:919,81,1,2
BRDA:925,82,0,0
BRDA:925,82,1,2
BRDA:925,83,0,2
BRDA:925,83,1,2
BRDA:925,83,2,2
BRDA:939,84,0,0
BRDA:939,84,1,4
BRDA:944,85,0,0
BRDA:944,85,1,4
BRDA:944,86,0,4
BRDA:944,86,1,4
BRDA:949,87,0,4
BRDA:949,87,1,0
BRDA:952,88,0,2
BRDA:952,88,1,0
BRDA:961,89,0,4
BRDA:961,89,1,1
BRDA:963,90,0,4
BRDA:963,90,1,0
BRDA:999,91,0,260
BRDA:1005,92,0,260
BRDA:1005,92,1,0
BRDA:1016,93,0,4
BRDA:1016,93,1,254
BRDA:1019,94,0,7
BRDA:1019,94,1,247
BRDA:1023,95,0,18
BRDA:1023,95,1,229
BRDA:1029,96,0,3
BRDA:1029,96,1,226
BRDA:1031,97,0,0
BRDA:1031,97,1,3
BRDA:1043,98,0,38
BRDA:1043,98,1,187
BRDA:1047,99,0,2
BRDA:1047,99,1,0
BRDA:1047,100,0,2
BRDA:1047,100,1,0
BRDA:1065,101,0,7
BRDA:1065,101,1,0
BRDA:1065,102,0,7
BRDA:1065,102,1,7
BRDA:1067,103,0,2
BRDA:1067,103,1,5
BRDA:1067,104,0,7
BRDA:1067,104,1,2
BRDA:1090,105,0,24
BRDA:1090,105,1,236
BRDA:1098,106,0,37
BRDA:1098,106,1,2
BRDA:1113,107,0,13
BRDA:1114,108,0,13
BRDA:1116,109,0,13
BRDA:1116,109,1,0
BRDA:1202,110,0,0
BRDA:1202,110,1,9
BRDA:1215,111,0,0
BRDA:1215,111,1,9
BRDA:1216,112,0,9
BRDA:1216,112,1,9
BRDA:1216,112,2,9
BRDA:1216,112,3,9
BRDA:1216,112,4,9
BRDA:1216,112,5,9
BRDA:1216,112,6,9
BRDA:1216,112,7,9
BRDA:1216,112,8,9
BRDA:1216,112,9,9
BRDA:1248,113,0,0
BRDA:1248,113,1,0
BRDA:1254,114,0,0
BRDA:1254,114,1,0
BRDA:1254,115,0,0
BRDA:1254,115,1,0
BRDA:1254,115,2,0
BRDA:1271,116,0,0
BRDA:1271,116,1,1
BRDA:1279,117,0,0
BRDA:1279,117,1,1
BRDA:1280,118,0,1
BRDA:1280,118,1,1
BRDA:1280,118,2,1
BRDA:1280,118,3,1
BRDA:1280,118,4,1
BRDA:1304,119,0,14
BRDA:1361,120,0,0
BRDA:1361,120,1,5
BRDA:1373,121,0,0
BRDA:1373,121,1,5
BRDA:1374,122,0,5
BRDA:1374,122,1,5
BRDA:1374,122,2,5
BRDA:1374,122,3,5
BRDA:1374,122,4,5
BRDA:1374,122,5,5
BRDA:1374,122,6,5
BRDA:1374,122,7,5
BRDA:1374,122,8,5
BRDA:1402,123,0,0
BRDA:1402,123,1,2
BRDA:1410,124,0,0
BRDA:1410,124,1,2
BRDA:1411,125,0,2
BRDA:1411,125,1,2
BRDA:1411,125,2,2
BRDA:1411,125,3,2
BRDA:1411,125,4,2
BRDA:1542,126,0,11
BRDA:1561,127,0,8
BRDA:1562,128,0,8
BRDA:1564,129,0,8
BRDA:1564,129,1,0
BRDA:1590,130,0,17
BRDA:1591,131,0,17
BRDA:1611,132,0,17
BRDA:1612,133,0,17
BRDA:1626,134,0,10
BRDA:1704,135,0,3
BRDA:1738,136,0,1
BRDA:1738,136,1,5
BRDA:1769,137,0,5
BRDA:1769,137,1,4
BRDA:1770,138,0,9
BRDA:1770,138,1,8
BRDA:1770,138,2,7
BRDA:1770,138,3,6
BRDA:1770,138,4,5
BRDA:1779,139,0,2
BRDA:1779,139,1,3
BRDA:1780,140,0,5
BRDA:1780,140,1,5
BRDA:1780,140,2,5
BRDA:1780,140,3,4
BRDA:1780,140,4,4
BRDA:1808,141,0,4
BRDA:1808,141,1,2
BRDA:1809,142,0,6
BRDA:1809,142,1,6
BRDA:1809,142,2,5
BRDA:1809,142,3,5
BRDA:1809,142,4,4
BRDA:1809,142,5,4
BRDA:1809,142,6,3
BRDA:1819,143,0,3
BRDA:1819,143,1,1
BRDA:1819,143,2,1
BRDA:1860,144,0,0
BRDA:1860,144,1,1
BRDA:1860,145,0,1
BRDA:1860,145,1,1
BRDA:1866,146,0,0
BRDA:1866,146,1,1
BRDA:1866,147,0,1
BRDA:1866,147,1,1
BRDA:1882,148,0,0
BRDA:1882,148,1,2
BRDA:1882,149,0,2
BRDA:1882,149,1,2
BRDA:1886,150,0,0
BRDA:1886,150,1,2
BRDA:1920,151,0,0
BRDA:1920,151,1,4
BRDA:1920,152,0,4
BRDA:1920,152,1,4
BRDA:1942,153,0,12
BRDA:1942,153,1,59
BRDA:1944,154,0,57
BRDA:1944,154,1,2
BRDA:1982,155,0,1
BRDA:1982,155,1,0
BRDA:1985,156,0,0
BRDA:1985,156,1,2
BRDA:2004,157,0,1
BRDA:2004,157,1,2
BRDA:2004,158,0,3
BRDA:2004,158,1,3
BRDA:2004,158,2,3
BRDA:2007,159,0,1
BRDA:2007,159,1,1
BRDA:2008,160,0,2
BRDA:2008,160,1,2
BRDA:2008,160,2,2
BRDA:2008,160,3,1
BRDA:2008,160,4,1
BRDA:2008,160,5,1
BRDA:2008,160,6,1
BRDA:2064,161,0,0
BRDA:2064,161,1,1
BRDA:2064,162,0,1
BRDA:2064,162,1,1
BRDA:2064,162,2,1
BRDA:2068,163,0,0
BRDA:2068,163,1,1
BRDA:2069,164,0,1
BRDA:2069,164,1,1
BRDA:2069,164,2,1
BRDA:2069,164,3,1
BRDA:2079,165,0,1
BRDA:2079,165,1,0
BRDA:2080,166,0,1
BRDA:2080,166,1,0
BRDA:2081,167,0,1
BRDA:2081,167,1,0
BRDA:2082,168,0,0
BRDA:2082,168,1,1
BRDA:2083,169,0,0
BRDA:2083,169,1,1
BRDA:2084,170,0,1
BRDA:2084,170,1,0
BRDA:2085,171,0,1
BRDA:2085,171,1,0
BRDA:2087,172,0,1
BRDA:2087,172,1,0
BRDA:2089,173,0,1
BRDA:2089,173,1,0
BRDA:2115,174,0,1
BRDA:2115,174,1,0
BRDA:2152,175,0,0
BRDA:2152,175,1,2
BRDA:2153,176,0,0
BRDA:2153,176,1,2
BRDA:2168,177,0,1
BRDA:2168,177,1,3
BRDA:2168,178,0,3
BRDA:2168,178,1,0
BRDA:2169,179,0,1
BRDA:2169,179,1,3
BRDA:2179,180,0,1
BRDA:2179,180,1,0
BRDA:2190,181,0,0
BRDA:2190,181,1,0
BRDA:2190,182,0,0
BRDA:2190,182,1,0
BRDA:2190,182,2,0
BRDA:2190,182,3,0
BRDA:2209,183,0,2
BRDA:2209,183,1,0
BRDA:2209,184,0,0
BRDA:2209,184,1,0
BRDA:2220,185,0,0
BRDA:2220,185,1,0
BRDA:2232,186,0,8
BRDA:2232,186,1,0
BRDA:2232,187,0,8
BRDA:2232,187,1,8
BRDA:2232,187,2,8
BRDA:2248,188,0,1
BRDA:2248,188,1,2
BRDA:2250,189,0,2
BRDA:2250,189,1,0
BRDA:2250,190,0,1
BRDA:2250,190,1,1
BRDA:2254,191,0,0
BRDA:2254,191,1,3
BRDA:2254,192,0,3
BRDA:2254,192,1,0
BRDA:2257,193,0,1
BRDA:2257,193,1,2
BRDA:2277,194,0,1
BRDA:2277,194,1,0
BRDA:2277,195,0,1
BRDA:2277,195,1,1
BRDA:2277,195,2,1
BRDA:2292,196,0,2
BRDA:2292,196,1,0
BRDA:2292,197,0,2
BRDA:2292,197,1,2
BRDA:2292,197,2,2
BRDA:2292,197,3,2
BRDA:2292,197,4,2
BRF:510
BRH:409
end_of_record
TN:
SF:src/api/diagnosticExport.ts
FN:51,object
FN:55,integer
FN:59,timestamp
FN:63,parseJob
FN:88,malformed
FN:96,boundedRequest
FN:105,(anonymous_6)
FN:175,json
FN:179,jobRequest
FN:197,submitDiagnosticExport
FN:217,fetchDiagnosticExport
FN:227,hash
FN:229,(anonymous_12)
FN:232,parseManifest
FN:274,downloadDiagnosticExport
FN:278,(anonymous_15)
FN:317,(anonymous_16)
FNF:17
FNH:15
FNDA:74,object
FNDA:95,integer
FNDA:91,timestamp
FNDA:29,parseJob
FNDA:35,malformed
FNDA:46,boundedRequest
FNDA:0,(anonymous_6)
FNDA:29,json
FNDA:22,jobRequest
FNDA:4,submitDiagnosticExport
FNDA:21,fetchDiagnosticExport
FNDA:22,hash
FNDA:704,(anonymous_12)
FNDA:16,parseManifest
FNDA:19,downloadDiagnosticExport
FNDA:0,(anonymous_15)
FNDA:16,(anonymous_16)
DA:5,4
DA:6,4
DA:7,4
DA:8,4
DA:9,4
DA:52,74
DA:56,95
DA:60,91
DA:64,29
DA:83,7
DA:85,22
DA:89,35
DA:104,46
DA:105,46
DA:106,0
DA:108,46
DA:109,46
DA:110,46
DA:111,46
DA:112,46
DA:125,45
DA:126,44
DA:127,43
DA:128,2
DA:133,41
DA:134,41
DA:135,2
DA:136,2
DA:138,39
DA:139,46
DA:140,38
DA:141,38
DA:142,38
DA:143,38
DA:144,74
DA:145,74
DA:146,38
DA:147,38
DA:148,2
DA:149,2
DA:151,36
DA:154,38
DA:156,36
DA:157,35
DA:158,35
DA:159,35
DA:160,35
DA:161,35
DA:163,35
DA:165,1
DA:170,46
DA:171,46
DA:176,29
DA:186,22
DA:187,22
DA:188,12
DA:189,12
DA:190,12
DA:192,2
DA:203,4
DA:204,2
DA:211,2
DA:222,21
DA:223,20
DA:224,20
DA:228,22
DA:229,704
DA:233,16
DA:248,7
DA:249,9
DA:250,9
DA:251,9
DA:252,9
DA:253,12
DA:254,12
DA:264,4
DA:265,8
DA:266,8
DA:268,5
DA:278,0
DA:280,19
DA:281,18
DA:287,18
DA:288,17
DA:289,17
DA:290,17
DA:296,0
DA:297,17
DA:298,17
DA:299,1
DA:300,16
DA:301,16
DA:302,5
DA:303,5
DA:304,6
DA:305,6
DA:311,6
DA:312,6
DA:313,6
DA:317,16
DA:319,3
DA:321,3
DA:322,3
DA:323,3
DA:325,2
DA:326,2
DA:328,0
LF:107
LH:103
BRDA:52,0,0,74
BRDA:52,0,1,74
BRDA:52,0,2,73
BRDA:56,1,0,95
BRDA:56,1,1,95
BRDA:56,1,2,95
BRDA:56,1,3,95
BRDA:60,2,0,91
BRDA:60,2,1,91
BRDA:60,2,2,91
BRDA:64,3,0,7
BRDA:64,3,1,22
BRDA:65,4,0,29
BRDA:65,4,1,28
BRDA:65,4,2,28
BRDA:65,4,3,28
BRDA:65,4,4,28
BRDA:65,4,5,28
BRDA:65,4,6,28
BRDA:65,4,7,27
BRDA:65,4,8,26
BRDA:65,4,9,26
BRDA:65,4,10,26
BRDA:65,4,11,25
BRDA:65,4,12,24
BRDA:65,4,13,23
BRDA:79,5,0,23
BRDA:79,5,1,1
BRDA:79,5,2,1
BRDA:102,6,0,46
BRDA:109,7,0,1
BRDA:109,7,1,45
BRDA:112,8,0,46
BRDA:112,8,1,0
BRDA:125,9,0,1
BRDA:125,9,1,44
BRDA:126,10,0,1
BRDA:126,10,1,43
BRDA:127,11,0,2
BRDA:127,11,1,41
BRDA:134,12,0,2
BRDA:134,12,1,39
BRDA:134,13,0,41
BRDA:134,13,1,3
BRDA:134,13,2,2
BRDA:139,14,0,1
BRDA:139,14,1,45
BRDA:145,15,0,36
BRDA:145,15,1,38
BRDA:147,16,0,2
BRDA:147,16,1,36
BRDA:147,17,0,38
BRDA:147,17,1,37
BRDA:156,18,0,1
BRDA:156,18,1,35
BRDA:156,19,0,36
BRDA:156,19,1,1
BRDA:184,20,0,22
BRDA:187,21,0,10
BRDA:187,21,1,12
BRDA:190,22,0,7
BRDA:190,22,1,3
BRDA:203,23,0,2
BRDA:203,23,1,2
BRDA:203,24,0,4
BRDA:203,24,1,3
BRDA:211,25,0,0
BRDA:211,25,1,2
BRDA:211,26,0,2
BRDA:211,26,1,1
BRDA:211,26,2,1
BRDA:222,27,0,1
BRDA:222,27,1,20
BRDA:224,28,0,1
BRDA:224,28,1,19
BRDA:224,29,0,20
BRDA:224,29,1,2
BRDA:233,30,0,7
BRDA:233,30,1,9
BRDA:234,31,0,16
BRDA:234,31,1,16
BRDA:234,31,2,15
BRDA:234,31,3,15
BRDA:234,31,4,14
BRDA:234,31,5,13
BRDA:234,31,6,12
BRDA:234,31,7,12
BRDA:234,31,8,11
BRDA:234,31,9,11
BRDA:234,31,10,10
BRDA:234,31,11,10
BRDA:234,31,12,9
BRDA:254,32,0,4
BRDA:254,32,1,8
BRDA:255,33,0,12
BRDA:255,33,1,12
BRDA:255,33,2,11
BRDA:255,33,3,10
BRDA:255,33,4,10
BRDA:255,33,5,10
BRDA:255,33,6,9
BRDA:255,33,7,9
BRDA:268,34,0,5
BRDA:268,34,1,0
BRDA:268,35,0,5
BRDA:268,35,1,5
BRDA:278,36,0,0
BRDA:280,37,0,1
BRDA:280,37,1,18
BRDA:280,38,0,19
BRDA:280,38,1,19
BRDA:287,39,0,1
BRDA:287,39,1,17
BRDA:290,40,0,0
BRDA:290,40,1,17
BRDA:291,41,0,17
BRDA:291,41,1,17
BRDA:291,41,2,17
BRDA:291,41,3,17
BRDA:298,42,0,1
BRDA:298,42,1,16
BRDA:298,43,0,17
BRDA:298,43,1,17
BRDA:301,44,0,11
BRDA:301,44,1,5
BRDA:304,45,0,0
BRDA:304,45,1,6
BRDA:311,46,0,0
BRDA:311,46,1,6
BRDA:313,47,0,3
BRDA:313,47,1,3
BRDA:314,48,0,6
BRDA:314,48,1,6
BRDA:314,48,2,5
BRDA:314,48,3,4
BRDA:317,49,0,5
BRDA:317,49,1,11
BRDA:325,50,0,0
BRDA:325,50,1,2
BRF:139
BRH:131
end_of_record
TN:
SF:src/api/metaStatus.ts
FN:43,isRecord
FN:47,stringAt
FN:52,nestedString
FN:67,parseMetaStatus
FN:93,(anonymous_4)
FN:94,(anonymous_5)
FN:131,newCorrelationId
FN:142,fetchMetaStatus
FN:149,(anonymous_8)
FN:157,(anonymous_9)
FNF:10
FNH:10
FNDA:97,isRecord
FNDA:264,stringAt
FNDA:62,nestedString
FNDA:35,parseMetaStatus
FNDA:279,(anonymous_4)
FNDA:64,(anonymous_5)
FNDA:32,newCorrelationId
FNDA:32,fetchMetaStatus
FNDA:5,(anonymous_8)
FNDA:2,(anonymous_9)
DA:11,4
DA:14,4
DA:17,4
DA:44,97
DA:48,264
DA:49,264
DA:57,62
DA:58,62
DA:68,35
DA:69,4
DA:72,31
DA:73,31
DA:74,31
DA:75,31
DA:76,31
DA:77,31
DA:78,31
DA:79,31
DA:80,31
DA:82,31
DA:93,279
DA:94,64
DA:96,31
DA:108,17
DA:114,14
DA:132,32
DA:148,32
DA:149,32
DA:150,5
DA:152,32
DA:153,0
DA:155,32
DA:157,32
DA:158,2
DA:161,32
DA:162,32
DA:170,21
DA:171,2
DA:175,19
DA:176,19
DA:178,1
DA:184,18
DA:188,10
DA:189,10
DA:191,31
DA:192,31
LF:46
LH:45
BRDA:44,0,0,97
BRDA:44,0,1,79
BRDA:49,1,0,215
BRDA:49,1,1,49
BRDA:58,2,0,47
BRDA:58,2,1,15
BRDA:68,3,0,4
BRDA:68,3,1,31
BRDA:96,4,0,17
BRDA:96,4,1,14
BRDA:97,5,0,31
BRDA:97,5,1,14
BRDA:97,5,2,14
BRDA:97,5,3,14
BRDA:97,5,4,14
BRDA:97,5,5,14
BRDA:97,5,6,14
BRDA:97,5,7,14
BRDA:97,5,8,14
BRDA:97,5,9,14
BRDA:144,6,0,32
BRDA:145,7,0,32
BRDA:152,8,0,0
BRDA:152,8,1,32
BRDA:170,9,0,2
BRDA:170,9,1,19
BRDA:188,10,0,10
BRDA:188,10,1,0
BRDA:188,11,0,10
BRDA:188,11,1,3
BRF:30
BRH:28
end_of_record
TN:
SF:src/availability/AvailabilityAuthorityPanel.tsx
FN:29,AvailabilityAuthorityPanel
FN:45,InboundAuthority
FN:58,(anonymous_2)
FN:78,(anonymous_3)
FN:88,(anonymous_4)
FN:100,(anonymous_5)
FN:111,(anonymous_6)
FN:122,(anonymous_7)
FN:132,(anonymous_8)
FN:136,(anonymous_9)
FN:148,(anonymous_10)
FN:158,(anonymous_11)
FN:166,(anonymous_12)
FN:171,(anonymous_13)
FN:190,(anonymous_14)
FN:198,(anonymous_15)
FN:199,(anonymous_16)
FN:226,(anonymous_17)
FN:237,(anonymous_18)
FN:247,(anonymous_19)
FN:254,(anonymous_20)
FN:264,(anonymous_21)
FN:271,(anonymous_22)
FN:285,LeadTimeAuthority
FN:305,(anonymous_24)
FN:316,(anonymous_25)
FN:327,(anonymous_26)
FN:338,(anonymous_27)
FN:348,(anonymous_28)
FN:358,(anonymous_29)
FN:367,(anonymous_30)
FN:375,(anonymous_31)
FN:397,(anonymous_32)
FN:414,(anonymous_33)
FN:422,(anonymous_34)
FN:423,(anonymous_35)
FN:441,settleInbound
FN:454,complete
FN:455,(anonymous_38)
FN:458,iso
FN:462,localTime
FNF:41
FNH:31
FNDA:6,AvailabilityAuthorityPanel
FNDA:25,InboundAuthority
FNDA:3,(anonymous_2)
FNDA:2,(anonymous_3)
FNDA:2,(anonymous_4)
FNDA:2,(anonymous_5)
FNDA:2,(anonymous_6)
FNDA:2,(anonymous_7)
FNDA:0,(anonymous_8)
FNDA:200,(anonymous_9)
FNDA:2,(anonymous_10)
FNDA:2,(anonymous_11)
FNDA:2,(anonymous_12)
FNDA:2,(anonymous_13)
FNDA:0,(anonymous_14)
FNDA:0,(anonymous_15)
FNDA:0,(anonymous_16)
FNDA:1,(anonymous_17)
FNDA:1,(anonymous_18)
FNDA:1,(anonymous_19)
FNDA:1,(anonymous_20)
FNDA:1,(anonymous_21)
FNDA:1,(anonymous_22)
FNDA:11,LeadTimeAuthority
FNDA:0,(anonymous_24)
FNDA:0,(anonymous_25)
FNDA:0,(anonymous_26)
FNDA:1,(anonymous_27)
FNDA:1,(anonymous_28)
FNDA:1,(anonymous_29)
FNDA:0,(anonymous_30)
FNDA:1,(anonymous_31)
FNDA:1,(anonymous_32)
FNDA:0,(anonymous_33)
FNDA:1,(anonymous_34)
FNDA:1,(anonymous_35)
FNDA:3,settleInbound
FNDA:3,complete
FNDA:13,(anonymous_38)
FNDA:7,iso
FNDA:0,localTime
DA:17,3
DA:32,6
DA:46,25
DA:47,25
DA:48,25
DA:49,25
DA:50,25
DA:51,25
DA:52,25
DA:53,25
DA:54,25
DA:55,25
DA:56,25
DA:58,25
DA:70,25
DA:79,2
DA:89,2
DA:101,2
DA:112,2
DA:123,2
DA:133,0
DA:137,200
DA:149,2
DA:159,2
DA:167,2
DA:168,0
DA:169,0
DA:171,2
DA:172,2
DA:173,2
DA:174,2
DA:175,2
DA:177,0
DA:191,0
DA:199,0
DA:200,0
DA:201,0
DA:202,0
DA:204,0
DA:205,0
DA:206,0
DA:207,0
DA:208,0
DA:209,0
DA:210,0
DA:211,0
DA:212,0
DA:213,0
DA:227,1
DA:228,1
DA:238,1
DA:248,1
DA:255,1
DA:265,1
DA:272,1
DA:286,11
DA:287,11
DA:288,11
DA:289,11
DA:290,11
DA:291,11
DA:292,11
DA:293,11
DA:294,11
DA:296,11
DA:306,0
DA:317,0
DA:328,0
DA:339,1
DA:349,1
DA:359,1
DA:368,0
DA:376,1
DA:377,0
DA:378,0
DA:380,1
DA:381,1
DA:398,1
DA:399,1
DA:400,1
DA:402,0
DA:415,0
DA:423,1
DA:425,1
DA:446,3
DA:447,3
DA:448,3
DA:450,0
DA:455,13
DA:459,7
DA:463,0
LF:91
LH:62
BRDA:167,0,0,0
BRDA:167,0,1,2
BRDA:172,1,0,2
BRDA:172,1,1,0
BRDA:200,2,0,0
BRDA:200,2,1,0
BRDA:220,3,0,20
BRDA:220,3,1,5
BRDA:280,4,0,20
BRDA:280,4,1,5
BRDA:376,5,0,0
BRDA:376,5,1,1
BRDA:396,6,0,1
BRDA:396,6,1,0
BRDA:398,7,0,1
BRDA:398,7,1,0
BRDA:426,8,0,1
BRDA:426,8,1,0
BRDA:436,9,0,9
BRDA:436,9,1,2
BRDA:446,10,0,3
BRDA:446,10,1,0
BRF:22
BRH:13
end_of_record
TN:
SF:src/availability/AvailabilityCases.tsx
FN:46,AvailabilityCases
FN:53,(anonymous_1)
FN:54,(anonymous_2)
FN:105,(anonymous_3)
FN:120,CaseRow
FN:170,(anonymous_5)
FN:171,(anonymous_6)
FN:174,(anonymous_7)
FN:183,(anonymous_8)
FN:195,(anonymous_9)
FN:216,ActionForm
FN:233,(anonymous_11)
FN:240,(anonymous_12)
FN:258,(anonymous_13)
FN:262,(anonymous_14)
FN:274,(anonymous_15)
FN:284,(anonymous_16)
FNF:17
FNH:15
FNDA:25,AvailabilityCases
FNDA:14,(anonymous_1)
FNDA:14,(anonymous_2)
FNDA:8,(anonymous_3)
FNDA:9,CaseRow
FNDA:1,(anonymous_5)
FNDA:1,(anonymous_6)
FNDA:1,(anonymous_7)
FNDA:0,(anonymous_8)
FNDA:1,(anonymous_9)
FNDA:14,ActionForm
FNDA:2,(anonymous_11)
FNDA:1,(anonymous_12)
FNDA:0,(anonymous_13)
FNDA:84,(anonymous_14)
FNDA:1,(anonymous_15)
FNDA:2,(anonymous_16)
DA:50,25
DA:51,25
DA:53,25
DA:54,14
DA:55,14
DA:56,11
DA:57,11
DA:59,3
DA:60,3
DA:65,25
DA:67,25
DA:72,3
DA:73,1
DA:79,2
DA:81,22
DA:82,13
DA:89,9
DA:90,1
DA:101,8
DA:106,8
DA:131,9
DA:132,9
DA:133,9
DA:135,9
DA:171,1
DA:172,1
DA:174,1
DA:175,1
DA:184,0
DA:196,1
DA:225,14
DA:226,14
DA:227,14
DA:228,14
DA:230,14
DA:234,2
DA:235,2
DA:236,1
DA:237,1
DA:239,1
DA:240,1
DA:242,1
DA:243,1
DA:244,1
DA:245,1
DA:247,0
DA:259,0
DA:263,84
DA:275,1
DA:285,2
LF:50
LH:47
BRDA:48,0,0,25
BRDA:55,1,0,11
BRDA:55,1,1,3
BRDA:67,2,0,3
BRDA:67,2,1,22
BRDA:72,3,0,1
BRDA:72,3,1,2
BRDA:81,4,0,13
BRDA:81,4,1,9
BRDA:89,5,0,1
BRDA:89,5,1,8
BRDA:157,6,0,9
BRDA:157,6,1,0
BRDA:172,7,0,1
BRDA:172,7,1,0
BRDA:175,8,0,1
BRDA:175,8,1,0
BRDA:181,9,0,8
BRDA:181,9,1,1
BRDA:186,10,0,0
BRDA:186,10,1,0
BRDA:187,11,0,0
BRDA:187,11,1,0
BRDA:193,12,0,8
BRDA:193,12,1,1
BRDA:193,13,0,9
BRDA:193,13,1,1
BRDA:198,14,0,0
BRDA:198,14,1,1
BRDA:235,15,0,1
BRDA:235,15,1,1
BRDA:235,16,0,2
BRDA:235,16,1,1
BRDA:242,17,0,1
BRDA:242,17,1,0
BRDA:292,18,0,13
BRDA:292,18,1,1
BRF:37
BRH:28
end_of_record
TN:
SF:src/availability/AvailabilityQueue.tsx
FN:35,AvailabilityQueue
FN:43,(anonymous_1)
FN:45,(anonymous_2)
FN:57,(anonymous_3)
FN:100,(anonymous_4)
FN:115,VariantCard
FN:122,(anonymous_6)
FN:130,(anonymous_7)
FN:152,(anonymous_8)
FN:169,ChildRisk
FN:212,(anonymous_10)
FN:220,(anonymous_11)
FN:229,(anonymous_12)
FN:241,(anonymous_13)
FNF:14
FNH:13
FNDA:24,AvailabilityQueue
FNDA:13,(anonymous_1)
FNDA:13,(anonymous_2)
FNDA:13,(anonymous_3)
FNDA:7,(anonymous_4)
FNDA:7,VariantCard
FNDA:6,(anonymous_6)
FNDA:0,(anonymous_7)
FNDA:12,(anonymous_8)
FNDA:12,ChildRisk
FNDA:6,(anonymous_10)
FNDA:6,(anonymous_11)
FNDA:12,(anonymous_12)
FNDA:12,(anonymous_13)
DA:40,24
DA:41,24
DA:43,24
DA:44,13
DA:45,13
DA:46,13
DA:47,0
DA:49,13
DA:50,11
DA:51,11
DA:53,2
DA:54,2
DA:57,13
DA:58,13
DA:62,24
DA:67,2
DA:68,1
DA:74,1
DA:76,22
DA:77,13
DA:84,9
DA:85,2
DA:96,7
DA:101,7
DA:122,7
DA:123,7
DA:130,0
DA:153,12
DA:170,12
DA:171,12
DA:213,6
DA:221,6
DA:230,12
DA:242,12
LF:34
LH:32
BRDA:46,0,0,0
BRDA:46,0,1,13
BRDA:49,1,0,11
BRDA:49,1,1,2
BRDA:62,2,0,2
BRDA:62,2,1,22
BRDA:67,3,0,1
BRDA:67,3,1,1
BRDA:76,4,0,13
BRDA:76,4,1,9
BRDA:84,5,0,2
BRDA:84,5,1,7
BRDA:101,6,0,0
BRDA:101,6,1,7
BRDA:139,7,0,1
BRDA:139,7,1,6
BRDA:184,8,0,0
BRDA:184,8,1,12
BRDA:190,9,0,0
BRDA:190,9,1,12
BRDA:194,10,0,0
BRDA:194,10,1,12
BRDA:197,11,0,12
BRDA:197,11,1,0
BRDA:200,12,0,0
BRDA:200,12,1,12
BRDA:208,13,0,6
BRDA:208,13,1,6
BRDA:218,14,0,6
BRDA:218,14,1,6
BRDA:225,15,0,0
BRDA:225,15,1,12
BRDA:237,16,0,0
BRDA:237,16,1,12
BRDA:244,17,0,0
BRDA:244,17,1,12
BRDA:247,18,0,0
BRDA:247,18,1,12
BRDA:247,19,0,0
BRDA:247,19,1,0
BRF:40
BRH:27
end_of_record
TN:
SF:src/availability/casePresentation.ts
FN:97,presentCaseState
FN:102,actionKindLabel
FN:129,dueTone
FN:145,exceptionStateLabel
FNF:4
FNH:4
FNDA:15,presentCaseState
FNDA:90,actionKindLabel
FNDA:23,dueTone
FNDA:3,exceptionStateLabel
DA:12,3
DA:34,3
DA:90,3
DA:98,15
DA:103,90
DA:105,15
DA:107,15
DA:109,15
DA:111,15
DA:113,15
DA:115,15
DA:117,0
DA:130,23
DA:131,1
DA:133,22
DA:134,22
DA:135,1
DA:137,21
DA:138,21
DA:139,10
DA:141,11
DA:146,3
DA:148,0
DA:150,1
DA:152,1
DA:154,0
DA:156,0
DA:158,0
DA:160,0
DA:162,1
LF:30
LH:24
BRDA:98,0,0,15
BRDA:98,0,1,1
BRDA:103,1,0,15
BRDA:103,1,1,15
BRDA:103,1,2,15
BRDA:103,1,3,15
BRDA:103,1,4,15
BRDA:103,1,5,15
BRDA:103,1,6,0
BRDA:130,2,0,1
BRDA:130,2,1,22
BRDA:134,3,0,1
BRDA:134,3,1,21
BRDA:138,4,0,10
BRDA:138,4,1,11
BRDA:141,5,0,1
BRDA:141,5,1,10
BRDA:146,6,0,0
BRDA:146,6,1,1
BRDA:146,6,2,1
BRDA:146,6,3,0
BRDA:146,6,4,0
BRDA:146,6,5,0
BRDA:146,6,6,0
BRDA:146,6,7,1
BRF:25
BRH:19
end_of_record
TN:
SF:src/availability/riskPresentation.ts
FN:124,presentEvidence
FN:129,laneLabel
FN:140,laneSeverity
FN:150,laneIsSafe
FN:155,childLabel
FN:169,modeLabel
FN:181,causeLabel
FNF:7
FNH:7
FNDA:22,presentEvidence
FNDA:28,laneLabel
FNDA:6,laneSeverity
FNDA:12,laneIsSafe
FNDA:18,childLabel
FNDA:12,modeLabel
FNDA:23,causeLabel
DA:43,4
DA:105,4
DA:112,4
DA:125,22
DA:130,28
DA:141,6
DA:151,12
DA:160,18
DA:161,6
DA:163,12
DA:164,18
DA:165,18
DA:170,12
DA:172,12
DA:174,0
DA:176,0
DA:182,23
DA:184,6
DA:186,0
DA:188,0
DA:190,10
DA:192,0
DA:194,0
DA:196,7
DA:198,0
DA:200,0
DA:202,0
DA:204,0
DA:206,0
DA:208,0
DA:210,0
LF:31
LH:18
BRDA:125,0,0,22
BRDA:125,0,1,1
BRDA:130,1,0,28
BRDA:130,1,1,0
BRDA:141,2,0,6
BRDA:141,2,1,0
BRDA:160,3,0,6
BRDA:160,3,1,12
BRDA:163,4,0,12
BRDA:163,4,1,0
BRDA:164,5,0,0
BRDA:164,5,1,12
BRDA:170,6,0,12
BRDA:170,6,1,0
BRDA:170,6,2,0
BRDA:182,7,0,6
BRDA:182,7,1,0
BRDA:182,7,2,0
BRDA:182,7,3,10
BRDA:182,7,4,0
BRDA:182,7,5,0
BRDA:182,7,6,7
BRDA:182,7,7,0
BRDA:182,7,8,0
BRDA:182,7,9,0
BRDA:182,7,10,0
BRDA:182,7,11,0
BRDA:182,7,12,0
BRDA:182,7,13,0
BRF:29
BRH:12
end_of_record
TN:
SF:src/commands/CommandTimeline.tsx
FN:34,CommandTimeline
FN:40,(anonymous_1)
FN:42,(anonymous_2)
FN:53,(anonymous_3)
FN:58,(anonymous_4)
FN:87,(anonymous_5)
FN:88,(anonymous_6)
FN:129,(anonymous_7)
FN:144,(anonymous_8)
FN:164,(anonymous_9)
FN:179,describeState
FN:214,describeMatch
FNF:12
FNH:10
FNDA:6,CommandTimeline
FNDA:3,(anonymous_1)
FNDA:3,(anonymous_2)
FNDA:3,(anonymous_3)
FNDA:3,(anonymous_4)
FNDA:0,(anonymous_5)
FNDA:0,(anonymous_6)
FNDA:2,(anonymous_7)
FNDA:1,(anonymous_8)
FNDA:1,(anonymous_9)
FNDA:3,describeState
FNDA:1,describeMatch
DA:15,3
DA:35,6
DA:36,6
DA:37,6
DA:38,6
DA:40,6
DA:41,3
DA:42,3
DA:43,3
DA:44,0
DA:46,3
DA:47,3
DA:48,3
DA:50,0
DA:53,3
DA:54,3
DA:55,3
DA:58,3
DA:59,3
DA:63,6
DA:64,0
DA:71,6
DA:72,3
DA:80,3
DA:82,3
DA:88,0
DA:130,2
DA:145,1
DA:165,1
DA:180,3
DA:182,1
DA:185,0
DA:187,0
DA:189,0
DA:191,1
DA:193,0
DA:195,1
DA:197,0
DA:199,0
DA:201,0
DA:203,0
DA:205,0
DA:207,0
DA:209,0
DA:215,1
DA:217,1
DA:219,0
DA:221,0
DA:223,0
LF:49
LH:31
BRDA:43,0,0,0
BRDA:43,0,1,3
BRDA:46,1,0,3
BRDA:46,1,1,0
BRDA:54,2,0,3
BRDA:54,2,1,0
BRDA:54,3,0,3
BRDA:54,3,1,3
BRDA:63,4,0,0
BRDA:63,4,1,6
BRDA:71,5,0,3
BRDA:71,5,1,3
BRDA:97,6,0,3
BRDA:97,6,1,1
BRDA:109,7,0,6
BRDA:109,7,1,0
BRDA:117,8,0,6
BRDA:117,8,1,0
BRDA:125,9,0,6
BRDA:125,9,1,3
BRDA:125,9,2,1
BRDA:140,10,0,2
BRDA:140,10,1,1
BRDA:147,11,0,1
BRDA:147,11,1,0
BRDA:148,12,0,1
BRDA:148,12,1,1
BRDA:158,13,0,2
BRDA:158,13,1,1
BRDA:180,14,0,1
BRDA:180,14,1,0
BRDA:180,14,2,0
BRDA:180,14,3,0
BRDA:180,14,4,0
BRDA:180,14,5,1
BRDA:180,14,6,0
BRDA:180,14,7,1
BRDA:180,14,8,0
BRDA:180,14,9,0
BRDA:180,14,10,0
BRDA:180,14,11,0
BRDA:180,14,12,0
BRDA:180,14,13,0
BRDA:180,14,14,0
BRDA:215,15,0,1
BRDA:215,15,1,0
BRDA:215,15,2,0
BRDA:215,15,3,0
BRF:48
BRH:26
end_of_record
TN:
SF:src/diagnosis/AiExplanationPanel.tsx
FN:6,AiExplanationPanel
FN:19,(anonymous_1)
FN:24,(anonymous_2)
FN:29,explain
FN:48,(anonymous_4)
FN:79,(anonymous_5)
FN:80,(anonymous_6)
FN:85,(anonymous_7)
FN:105,(anonymous_8)
FN:108,(anonymous_9)
FN:112,(anonymous_10)
FN:113,(anonymous_11)
FNF:12
FNH:12
FNDA:31,AiExplanationPanel
FNDA:10,(anonymous_1)
FNDA:10,(anonymous_2)
FNDA:7,explain
FNDA:7,(anonymous_4)
FNDA:20,(anonymous_5)
FNDA:12,(anonymous_6)
FNDA:2,(anonymous_7)
FNDA:3,(anonymous_8)
FNDA:2,(anonymous_9)
FNDA:2,(anonymous_10)
FNDA:1,(anonymous_11)
DA:15,31
DA:16,31
DA:17,31
DA:18,31
DA:19,31
DA:20,10
DA:21,10
DA:22,10
DA:23,10
DA:24,10
DA:25,10
DA:30,7
DA:31,7
DA:32,7
DA:33,7
DA:34,7
DA:35,7
DA:36,7
DA:37,7
DA:38,2
DA:41,31
DA:49,7
DA:80,20
DA:81,20
DA:86,2
DA:105,3
DA:108,2
DA:112,2
DA:114,1
LF:29
LH:29
BRDA:35,0,0,0
BRDA:35,0,1,7
BRDA:37,1,0,5
BRDA:37,1,1,2
BRDA:37,2,0,7
BRDA:37,2,1,6
BRDA:38,3,0,1
BRDA:38,3,1,1
BRDA:52,4,0,14
BRDA:52,4,1,17
BRDA:54,5,0,31
BRDA:54,5,1,2
BRDA:60,6,0,31
BRDA:60,6,1,5
BRDA:65,7,0,1
BRDA:65,7,1,4
BRDA:69,8,0,2
BRDA:69,8,1,2
BRDA:71,9,0,2
BRDA:71,9,1,1
BRDA:74,10,0,1
BRDA:74,10,1,1
BRDA:80,11,0,12
BRDA:80,11,1,3
BRDA:81,12,0,18
BRDA:81,12,1,2
BRDA:88,13,0,2
BRDA:88,13,1,2
BRDA:91,14,0,2
BRDA:91,14,1,2
BRDA:96,15,0,2
BRDA:96,15,1,2
BRDA:105,16,0,5
BRDA:105,16,1,1
BRF:34
BRH:33
end_of_record
TN:
SF:src/diagnosis/DiagnosticExportPanel.tsx
FN:11,DiagnosticExportPanel
FN:24,(anonymous_1)
FN:31,(anonymous_2)
FN:51,(anonymous_3)
FN:54,(anonymous_4)
FN:55,(anonymous_5)
FN:75,(anonymous_6)
FN:81,(anonymous_7)
FN:100,(anonymous_8)
FN:107,(anonymous_9)
FN:125,(anonymous_10)
FN:142,(anonymous_11)
FN:158,(anonymous_12)
FN:169,(anonymous_13)
FN:179,(anonymous_14)
FN:193,(anonymous_15)
FNF:16
FNH:16
FNDA:28,DiagnosticExportPanel
FNDA:16,(anonymous_1)
FNDA:6,(anonymous_2)
FNDA:15,(anonymous_3)
FNDA:1,(anonymous_4)
FNDA:1,(anonymous_5)
FNDA:1,(anonymous_6)
FNDA:1,(anonymous_7)
FNDA:2,(anonymous_8)
FNDA:1,(anonymous_9)
FNDA:1,(anonymous_10)
FNDA:6,(anonymous_11)
FNDA:2,(anonymous_12)
FNDA:1,(anonymous_13)
FNDA:1,(anonymous_14)
FNDA:1,(anonymous_15)
DA:18,28
DA:19,28
DA:20,28
DA:21,28
DA:22,28
DA:23,28
DA:24,28
DA:26,8
DA:31,28
DA:32,6
DA:33,6
DA:34,6
DA:35,6
DA:36,6
DA:37,6
DA:38,6
DA:39,6
DA:40,5
DA:41,5
DA:42,5
DA:43,4
DA:44,4
DA:46,1
DA:47,1
DA:51,28
DA:52,15
DA:53,1
DA:54,1
DA:55,1
DA:56,1
DA:57,1
DA:58,1
DA:59,1
DA:60,1
DA:70,0
DA:71,0
DA:75,1
DA:76,1
DA:77,1
DA:81,28
DA:82,1
DA:83,1
DA:84,1
DA:85,1
DA:86,1
DA:87,1
DA:88,1
DA:89,1
DA:90,1
DA:91,1
DA:92,1
DA:93,1
DA:95,0
DA:96,0
DA:100,28
DA:101,2
DA:102,2
DA:103,2
DA:104,2
DA:105,2
DA:106,2
DA:107,2
DA:108,1
DA:109,1
DA:111,2
DA:112,2
DA:113,2
DA:114,1
DA:115,1
DA:116,1
DA:118,1
DA:119,1
DA:120,1
DA:121,1
DA:122,1
DA:123,1
DA:124,1
DA:125,1
DA:126,1
DA:128,1
DA:131,28
DA:143,6
DA:159,2
DA:170,1
DA:180,1
DA:181,1
DA:182,1
DA:183,1
DA:194,1
DA:195,1
DA:196,1
LF:91
LH:87
BRDA:40,0,0,0
BRDA:40,0,1,5
BRDA:42,1,0,4
BRDA:42,1,1,1
BRDA:52,2,0,14
BRDA:52,2,1,1
BRDA:52,3,0,15
BRDA:52,3,1,6
BRDA:56,4,0,0
BRDA:56,4,1,1
BRDA:57,5,0,1
BRDA:57,5,1,0
BRDA:57,6,0,1
BRDA:57,6,1,1
BRDA:61,7,0,1
BRDA:61,7,1,0
BRDA:63,8,0,0
BRDA:63,8,1,0
BRDA:65,9,0,0
BRDA:65,9,1,0
BRDA:82,10,0,0
BRDA:82,10,1,1
BRDA:88,11,0,0
BRDA:88,11,1,1
BRDA:90,12,0,1
BRDA:90,12,1,0
BRDA:90,13,0,1
BRDA:90,13,1,1
BRDA:101,14,0,0
BRDA:101,14,1,2
BRDA:108,15,0,1
BRDA:108,15,1,0
BRDA:111,16,0,0
BRDA:111,16,1,2
BRDA:113,17,0,1
BRDA:113,17,1,1
BRDA:138,18,0,28
BRDA:138,18,1,17
BRDA:149,19,0,28
BRDA:149,19,1,11
BRDA:154,20,0,28
BRDA:154,20,1,9
BRDA:165,21,0,28
BRDA:165,21,1,11
BRDA:165,21,2,2
BRDA:176,22,0,28
BRDA:176,22,1,28
BRDA:176,22,2,1
BRDA:189,23,0,28
BRDA:189,23,1,19
BRDA:189,24,0,3
BRDA:189,24,1,16
BRDA:190,25,0,28
BRDA:190,25,1,9
BRF:54
BRH:40
end_of_record
TN:
SF:src/diagnosis/MetricEvidencePanel.tsx
FN:6,MetricEvidencePanel
FN:21,(anonymous_1)
FN:23,(anonymous_2)
FN:28,(anonymous_3)
FN:32,(anonymous_4)
FN:35,(anonymous_5)
FN:45,(anonymous_6)
FN:61,(anonymous_7)
FN:67,(anonymous_8)
FNF:9
FNH:9
FNDA:6,MetricEvidencePanel
FNDA:2,(anonymous_1)
FNDA:2,(anonymous_2)
FNDA:2,(anonymous_3)
FNDA:3,(anonymous_4)
FNDA:1,(anonymous_5)
FNDA:3,(anonymous_6)
FNDA:6,(anonymous_7)
FNDA:1,(anonymous_8)
DA:17,6
DA:18,6
DA:19,6
DA:20,6
DA:21,6
DA:22,2
DA:23,2
DA:24,2
DA:25,2
DA:26,1
DA:28,2
DA:29,2
DA:32,6
DA:33,3
DA:34,3
DA:35,1
DA:36,1
DA:37,1
DA:38,1
DA:39,1
DA:41,0
DA:42,0
DA:45,3
DA:46,3
DA:49,6
DA:62,6
DA:68,1
DA:69,1
LF:28
LH:26
BRDA:24,0,0,0
BRDA:24,0,1,2
BRDA:25,1,0,1
BRDA:25,1,1,1
BRDA:34,2,0,1
BRDA:34,2,1,2
BRDA:36,3,0,0
BRDA:36,3,1,1
BRDA:37,4,0,1
BRDA:37,4,1,0
BRDA:52,5,0,6
BRDA:52,5,1,1
BRDA:53,6,0,6
BRDA:53,6,1,3
BRDA:56,7,0,0
BRDA:56,7,1,3
BRDA:64,8,0,6
BRDA:64,8,1,3
BRDA:78,9,0,3
BRDA:78,9,1,3
BRDA:86,10,0,6
BRDA:86,10,1,1
BRDA:91,11,0,1
BRDA:91,11,1,1
BRDA:95,12,0,1
BRDA:95,12,1,1
BRF:26
BRH:22
end_of_record
TN:
SF:src/diagnosis/SubjectDiagnosisView.tsx
FN:39,SubjectDiagnosisView
FN:50,(anonymous_1)
FN:52,(anonymous_2)
FN:64,(anonymous_3)
FN:85,(anonymous_4)
FN:97,(anonymous_5)
FN:120,(anonymous_6)
FN:137,(anonymous_7)
FN:168,describe
FNF:9
FNH:7
FNDA:6,SubjectDiagnosisView
FNDA:3,(anonymous_1)
FNDA:3,(anonymous_2)
FNDA:3,(anonymous_3)
FNDA:2,(anonymous_4)
FNDA:0,(anonymous_5)
FNDA:1,(anonymous_6)
FNDA:0,(anonymous_7)
FNDA:1,describe
DA:46,6
DA:47,6
DA:48,6
DA:50,6
DA:51,3
DA:52,3
DA:53,3
DA:54,0
DA:56,3
DA:57,3
DA:58,3
DA:60,0
DA:61,0
DA:64,3
DA:65,3
DA:69,6
DA:86,2
DA:98,0
DA:121,1
DA:138,0
DA:169,1
DA:171,0
DA:173,0
DA:175,1
LF:24
LH:17
BRDA:53,0,0,0
BRDA:53,0,1,3
BRDA:56,1,0,3
BRDA:56,1,1,0
BRDA:76,2,0,6
BRDA:76,2,1,0
BRDA:80,3,0,6
BRDA:80,3,1,3
BRDA:107,4,0,3
BRDA:107,4,1,0
BRDA:129,5,0,1
BRDA:129,5,1,1
BRDA:129,5,2,1
BRDA:132,6,0,1
BRDA:132,6,1,1
BRDA:135,7,0,1
BRDA:135,7,1,0
BRDA:146,8,0,1
BRDA:146,8,1,0
BRDA:153,9,0,3
BRDA:153,9,1,1
BRDA:169,10,0,0
BRDA:169,10,1,0
BRDA:169,10,2,1
BRF:24
BRH:16
end_of_record
TN:
SF:src/health/HealthShell.tsx
FN:45,HealthShell
FN:54,(anonymous_1)
FN:56,(anonymous_2)
FN:62,(anonymous_3)
FN:64,(anonymous_4)
FN:68,(anonymous_5)
FN:73,(anonymous_6)
FN:105,(anonymous_7)
FN:118,(anonymous_8)
FN:120,(anonymous_9)
FN:144,(anonymous_10)
FNF:11
FNH:9
FNDA:61,HealthShell
FNDA:0,(anonymous_1)
FNDA:19,(anonymous_2)
FNDA:74,(anonymous_3)
FNDA:22,(anonymous_4)
FNDA:6,(anonymous_5)
FNDA:26,(anonymous_6)
FNDA:1,(anonymous_7)
FNDA:19,(anonymous_8)
FNDA:0,(anonymous_9)
FNDA:1,(anonymous_10)
DA:9,3
DA:12,3
DA:52,61
DA:53,61
DA:54,61
DA:56,61
DA:57,19
DA:58,19
DA:59,19
DA:62,74
DA:64,19
DA:65,22
DA:66,0
DA:68,22
DA:69,6
DA:73,19
DA:74,26
DA:75,0
DA:77,26
DA:78,26
DA:79,26
DA:85,25
DA:87,25
DA:88,3
DA:90,22
DA:91,22
DA:93,22
DA:94,10
DA:95,10
DA:96,12
DA:97,11
DA:98,11
DA:100,1
DA:101,1
DA:105,19
DA:106,1
DA:107,0
DA:109,1
DA:110,1
DA:111,1
DA:113,1
DA:116,19
DA:118,19
DA:119,19
DA:120,19
DA:121,19
DA:122,16
DA:127,61
DA:128,61
DA:130,61
DA:145,1
LF:51
LH:48
BRDA:48,0,0,61
BRDA:49,1,0,61
BRDA:65,2,0,0
BRDA:65,2,1,22
BRDA:74,3,0,0
BRDA:74,3,1,26
BRDA:74,4,0,26
BRDA:74,4,1,26
BRDA:87,5,0,3
BRDA:87,5,1,22
BRDA:93,6,0,10
BRDA:93,6,1,12
BRDA:96,7,0,11
BRDA:96,7,1,1
BRDA:97,8,0,11
BRDA:97,8,1,0
BRDA:106,9,0,0
BRDA:106,9,1,1
BRDA:106,10,0,1
BRDA:106,10,1,1
BRDA:109,11,0,1
BRDA:109,11,1,0
BRDA:121,12,0,16
BRDA:121,12,1,3
BRDA:141,13,0,11
BRDA:141,13,1,50
BRDA:149,14,0,21
BRDA:149,14,1,40
BRDA:153,15,0,61
BRDA:153,15,1,14
BRF:30
BRH:25
end_of_record
TN:
SF:src/health/healthState.ts
FN:56,toHealthState
FNF:1
FNH:1
FNDA:38,toHealthState
DA:21,4
DA:24,4
DA:41,4
DA:57,38
DA:58,19
DA:60,8
DA:67,4
DA:74,7
DA:83,19
DA:85,19
DA:86,7
DA:95,12
DA:96,2
DA:105,10
DA:115,4
LF:15
LH:15
BRDA:57,0,0,19
BRDA:57,0,1,19
BRDA:58,1,0,8
BRDA:58,1,1,4
BRDA:58,1,2,7
BRDA:85,2,0,7
BRDA:85,2,1,12
BRDA:95,3,0,2
BRDA:95,3,1,10
BRF:9
BRH:9
end_of_record
TN:
SF:src/queue/PriorityQueue.tsx
FN:27,PriorityQueue
FN:35,(anonymous_1)
FN:37,(anonymous_2)
FN:49,(anonymous_3)
FN:92,(anonymous_4)
FN:97,(anonymous_5)
FN:130,QueueProblem
FN:131,(anonymous_7)
FNF:8
FNH:8
FNDA:10,PriorityQueue
FNDA:6,(anonymous_1)
FNDA:6,(anonymous_2)
FNDA:6,(anonymous_3)
FNDA:3,(anonymous_4)
FNDA:1,(anonymous_5)
FNDA:4,QueueProblem
FNDA:4,(anonymous_7)
DA:32,10
DA:33,10
DA:35,10
DA:36,6
DA:37,6
DA:38,6
DA:39,0
DA:41,6
DA:42,5
DA:43,5
DA:45,1
DA:46,1
DA:49,6
DA:50,6
DA:54,10
DA:55,1
DA:57,9
DA:58,6
DA:65,3
DA:66,0
DA:74,3
DA:93,3
DA:98,1
DA:131,4
DA:132,4
DA:134,1
DA:136,0
DA:138,2
DA:140,0
DA:142,1
DA:144,0
DA:147,4
LF:32
LH:27
BRDA:38,0,0,0
BRDA:38,0,1,6
BRDA:41,1,0,5
BRDA:41,1,1,1
BRDA:54,2,0,1
BRDA:54,2,1,9
BRDA:57,3,0,6
BRDA:57,3,1,3
BRDA:65,4,0,0
BRDA:65,4,1,3
BRDA:111,5,0,1
BRDA:111,5,1,2
BRDA:132,6,0,1
BRDA:132,6,1,0
BRDA:132,6,2,2
BRDA:132,6,3,0
BRDA:132,6,4,1
BRDA:132,6,5,0
BRF:18
BRH:13
end_of_record
TN:
SF:src/session/SignIn.tsx
FN:21,SignIn
FN:23,(anonymous_1)
FN:41,(anonymous_2)
FNF:3
FNH:2
FNDA:5,SignIn
FNDA:0,(anonymous_1)
FNDA:1,(anonymous_2)
DA:23,5
DA:25,0
DA:27,5
DA:42,1
LF:4
LH:3
BRDA:23,0,0,5
BRDA:23,0,1,0
BRDA:30,1,0,5
BRDA:30,1,1,1
BRF:4
BRH:3
end_of_record
TN:
SF:src/session/oidc.ts
FN:59,beginSignIn
FN:94,completeSignIn
FN:103,(anonymous_2)
FN:168,toSession
FNF:4
FNH:4
FNDA:9,beginSignIn
FNDA:6,completeSignIn
FNDA:6,(anonymous_2)
FNDA:5,toSession
DA:20,3
DA:21,3
DA:22,3
DA:51,3
DA:63,9
DA:64,9
DA:65,9
DA:66,9
DA:67,9
DA:68,9
DA:70,9
DA:84,9
DA:101,6
DA:102,6
DA:103,6
DA:104,6
DA:105,6
DA:106,6
DA:109,6
DA:110,6
DA:111,2
DA:112,2
DA:115,4
DA:116,4
DA:117,4
DA:118,2
DA:119,2
DA:121,2
DA:122,0
DA:123,0
DA:127,2
DA:128,2
DA:142,0
DA:143,0
DA:145,2
DA:148,2
DA:149,1
DA:153,1
DA:154,1
DA:156,0
DA:158,1
DA:169,5
DA:170,0
DA:172,5
DA:173,5
DA:174,5
DA:175,5
DA:177,5
DA:178,1
DA:180,4
DA:181,2
DA:185,2
DA:189,5
LF:53
LH:47
BRDA:61,0,0,9
BRDA:97,1,0,6
BRDA:98,2,0,6
BRDA:99,3,0,6
BRDA:110,4,0,2
BRDA:110,4,1,4
BRDA:117,5,0,2
BRDA:117,5,1,2
BRDA:117,6,0,4
BRDA:117,6,1,3
BRDA:117,6,2,2
BRDA:121,7,0,0
BRDA:121,7,1,2
BRDA:148,8,0,1
BRDA:148,8,1,1
BRDA:169,9,0,0
BRDA:169,9,1,5
BRDA:169,10,0,5
BRDA:169,10,1,5
BRDA:177,11,0,1
BRDA:177,11,1,4
BRDA:177,12,0,5
BRDA:177,12,1,4
BRDA:180,13,0,2
BRDA:180,13,1,2
BRDA:180,14,0,4
BRDA:180,14,1,3
BRDA:185,15,0,0
BRDA:185,15,1,2
BRF:29
BRH:26
end_of_record
TN:
SF:src/session/pkce.ts
FN:28,base64UrlEncode
FN:37,randomValue
FN:49,createPkcePair
FNF:3
FNH:3
FNDA:36,base64UrlEncode
FNDA:27,randomValue
FNDA:9,createPkcePair
DA:14,3
DA:17,3
DA:29,36
DA:30,36
DA:31,1440
DA:33,36
DA:38,27
DA:39,27
DA:40,27
DA:50,9
DA:51,9
DA:52,9
LF:12
LH:12
BRDA:37,0,0,27
BRF:1
BRH:1
end_of_record
TN:
SF:src/session/session.ts
FN:32,isUsable
FN:45,readIdentityClaims
FNF:2
FNH:2
FNDA:9,isUsable
FNDA:4,readIdentityClaims
DA:29,3
DA:33,9
DA:49,4
DA:50,4
DA:51,1
DA:53,3
DA:54,3
DA:55,3
DA:56,3
DA:57,0
DA:59,2
DA:60,2
DA:61,2
DA:62,2
DA:69,1
LF:15
LH:14
BRDA:33,0,0,9
BRDA:33,0,1,4
BRDA:50,1,0,1
BRDA:50,1,1,3
BRDA:56,2,0,0
BRDA:56,2,1,3
BRDA:56,3,0,3
BRDA:56,3,1,2
BRDA:63,4,0,1
BRDA:63,4,1,1
BRDA:64,5,0,1
BRDA:64,5,1,1
BRF:12
BRH:11
end_of_record
TN:
SF:src/state/ValueCell.tsx
FN:28,ValueCell
FNF:1
FNH:1
FNDA:2,ValueCell
DA:36,2
DA:37,2
LF:2
LH:2
BRDA:31,0,0,2
BRDA:32,1,0,2
BRDA:34,2,0,2
BRF:3
BRH:3
end_of_record
TN:
SF:src/state/confidence.ts
FN:102,presentationOf
FN:118,formatAmount
FN:129,formatFreshness
FNF:3
FNH:3
FNDA:39,presentationOf
FNDA:62,formatAmount
FNDA:8,formatFreshness
DA:42,6
DA:88,6
DA:106,39
DA:107,16
DA:109,23
DA:122,62
DA:123,29
DA:125,33
DA:130,8
DA:131,4
DA:133,4
DA:134,1
DA:136,3
DA:137,3
DA:138,1
DA:140,2
DA:141,2
LF:17
LH:17
BRDA:106,0,0,16
BRDA:106,0,1,23
BRDA:109,1,0,2
BRDA:109,1,1,21
BRDA:122,2,0,29
BRDA:122,2,1,33
BRDA:122,3,0,62
BRDA:122,3,1,35
BRDA:122,3,2,34
BRDA:125,4,0,7
BRDA:125,4,1,26
BRDA:125,5,0,33
BRDA:125,5,1,26
BRDA:130,6,0,4
BRDA:130,6,1,4
BRDA:130,7,0,8
BRDA:130,7,1,5
BRDA:133,8,0,1
BRDA:133,8,1,3
BRDA:137,9,0,1
BRDA:137,9,1,2
BRDA:141,10,0,1
BRDA:141,10,1,1
BRF:23
BRH:23
end_of_record
TN:
SF:src/workflow/RecommendationReview.tsx
FN:39,RecommendationReview
FN:55,(anonymous_1)
FN:67,(anonymous_2)
FN:75,(anonymous_3)
FN:88,(anonymous_4)
FN:129,(anonymous_5)
FN:134,(anonymous_6)
FN:172,(anonymous_7)
FN:187,(anonymous_8)
FN:195,(anonymous_9)
FN:203,(anonymous_10)
FN:208,(anonymous_11)
FN:213,(anonymous_12)
FN:220,(anonymous_13)
FN:231,describeFailure
FNF:15
FNH:13
FNDA:35,RecommendationReview
FNDA:5,(anonymous_1)
FNDA:2,(anonymous_2)
FNDA:3,(anonymous_3)
FNDA:1,(anonymous_4)
FNDA:34,(anonymous_5)
FNDA:3,(anonymous_6)
FNDA:2,(anonymous_7)
FNDA:2,(anonymous_8)
FNDA:5,(anonymous_9)
FNDA:2,(anonymous_10)
FNDA:1,(anonymous_11)
FNDA:0,(anonymous_12)
FNDA:0,(anonymous_13)
FNDA:6,describeFailure
DA:44,35
DA:45,35
DA:46,35
DA:47,35
DA:48,35
DA:49,35
DA:50,35
DA:51,35
DA:55,35
DA:56,5
DA:57,5
DA:58,5
DA:59,5
DA:60,3
DA:62,2
DA:67,35
DA:68,2
DA:69,2
DA:70,2
DA:71,2
DA:72,1
DA:75,35
DA:76,3
DA:77,3
DA:78,3
DA:79,3
DA:80,3
DA:81,3
DA:83,0
DA:84,0
DA:88,35
DA:89,1
DA:90,1
DA:91,1
DA:92,1
DA:93,1
DA:94,1
DA:96,0
DA:97,0
DA:98,0
DA:99,0
DA:101,0
DA:102,0
DA:103,0
DA:107,35
DA:112,35
DA:129,34
DA:134,3
DA:173,2
DA:188,2
DA:195,5
DA:203,2
DA:208,1
DA:213,0
DA:220,0
DA:232,6
DA:234,0
DA:236,1
DA:238,0
DA:240,1
DA:242,1
DA:244,3
LF:62
LH:49
BRDA:50,0,0,35
BRDA:50,0,1,30
BRDA:59,1,0,3
BRDA:59,1,1,2
BRDA:59,2,0,5
BRDA:59,2,1,4
BRDA:63,3,0,1
BRDA:63,3,1,1
BRDA:71,4,0,1
BRDA:71,4,1,1
BRDA:79,5,0,3
BRDA:79,5,1,0
BRDA:91,6,0,1
BRDA:91,6,1,0
BRDA:96,7,0,0
BRDA:96,7,1,0
BRDA:107,8,0,35
BRDA:107,8,1,15
BRDA:107,8,2,6
BRDA:107,8,3,4
BRDA:128,9,0,35
BRDA:128,9,1,1
BRDA:135,10,0,11
BRDA:135,10,1,24
BRDA:138,11,0,35
BRDA:138,11,1,6
BRDA:144,12,0,35
BRDA:144,12,1,7
BRDA:162,13,0,6
BRDA:162,13,1,1
BRDA:164,14,0,6
BRDA:164,14,1,4
BRDA:194,15,0,35
BRDA:194,15,1,15
BRDA:199,16,0,35
BRDA:199,16,1,5
BRDA:221,17,0,35
BRDA:221,17,1,24
BRDA:221,17,2,3
BRDA:221,17,3,3
BRDA:232,18,0,0
BRDA:232,18,1,1
BRDA:232,18,2,0
BRDA:232,18,3,1
BRDA:232,18,4,1
BRDA:232,18,5,3
BRF:46
BRH:40
end_of_record
TN:
SF:src/workflow/SubjectRecommendations.tsx
FN:6,SubjectRecommendations
FN:19,(anonymous_1)
FN:21,(anonymous_2)
FN:25,(anonymous_3)
FN:30,(anonymous_4)
FN:42,(anonymous_5)
FN:47,(anonymous_6)
FNF:7
FNH:7
FNDA:7,SubjectRecommendations
FNDA:4,(anonymous_1)
FNDA:4,(anonymous_2)
FNDA:2,(anonymous_3)
FNDA:4,(anonymous_4)
FNDA:1,(anonymous_5)
FNDA:1,(anonymous_6)
DA:17,7
DA:18,7
DA:19,7
DA:20,4
DA:21,4
DA:22,4
DA:23,3
DA:25,2
DA:27,2
DA:28,1
DA:30,4
DA:31,4
DA:34,7
DA:43,1
DA:48,1
LF:15
LH:15
BRDA:22,0,0,1
BRDA:22,0,1,3
BRDA:23,1,0,2
BRDA:23,1,1,1
BRDA:24,2,0,3
BRDA:24,2,1,3
BRDA:25,3,0,2
BRDA:25,3,1,2
BRDA:28,4,0,1
BRDA:28,4,1,0
BRDA:37,5,0,7
BRDA:37,5,1,1
BRDA:40,6,0,7
BRDA:40,6,1,1
BRF:14
BRH:13
end_of_record
