<?xml version="1.0" encoding="UTF-8"?>
<testsuite xmlns:xsi="http://www.w3.org/2001/XMLSchema-instance" xsi:noNamespaceSchemaLocation="https://maven.apache.org/surefire/maven-surefire-plugin/xsd/surefire-test-report.xsd" version="3.0.2" name="com.mimococo.marketops.shared.internal.secret.MountedSecretResolverTest" time="0.923" tests="36" errors="0" skipped="0" failures="0" flakes="0">
  <properties>
[...]
</properties>
  <testcase name="malformedUtf8IsRefusedWithoutReplacementCharacters" classname="com.mimococo.marketops.shared.internal.secret.MountedSecretResolverTest" time="0.014"/>
  <testcase name="symlinkToAValueInsideMountIsAlsoRefused" classname="com.mimococo.marketops.shared.internal.secret.MountedSecretResolverTest" time="0.004">
    <system-out><![CDATA[17:23:13.072 [main] WARN com.mimococo.marketops.shared.internal.secret.MountedSecretResolver -event="secret_reference_not_regular" correlationId="17a1ffe3-8197-4b27-b0be-275f847d28bf"- A secret reference could not be resolved
]]></system-out>
  </testcase>
  <testcase name="leafSymlinkCannotReadOutsideMount" classname="com.mimococo.marketops.shared.internal.secret.MountedSecretResolverTest" time="0.002">
    <system-out><![CDATA[17:23:13.076 [main] WARN com.mimococo.marketops.shared.internal.secret.MountedSecretResolver -event="secret_reference_not_regular" correlationId="ad91ff56-72ae-4eb5-aeab-99acf656ec28"- A secret reference could not be resolved
]]></system-out>
  </testcase>
  <testcase name="malformedReferencesNeverResolve(String)[1]" classname="com.mimococo.marketops.shared.internal.secret.MountedSecretResolverTest" time="0.002">
    <system-out><![CDATA[17:23:13.079 [main] WARN com.mimococo.marketops.shared.internal.secret.MountedSecretResolver -event="secret_reference_malformed" correlationId="ae017ade-9739-4f23-9f83-0d65d59f4e20"- A secret reference could not be resolved
]]></system-out>
  </testcase>
  <testcase name="malformedReferencesNeverResolve(String)[2]" classname="com.mimococo.marketops.shared.internal.secret.MountedSecretResolverTest" time="0.002">
    <system-out><![CDATA[17:23:13.082 [main] WARN com.mimococo.marketops.shared.internal.secret.MountedSecretResolver -event="secret_reference_malformed" correlationId="50d762b5-b401-4603-832f-c772d5a7a265"- A secret reference could not be resolved
]]></system-out>
  </testcase>
  <testcase name="malformedReferencesNeverResolve(String)[3]" classname="com.mimococo.marketops.shared.internal.secret.MountedSecretResolverTest" time="0.002">
    <system-out><![CDATA[17:23:13.085 [main] WARN com.mimococo.marketops.shared.internal.secret.MountedSecretResolver -event="secret_reference_malformed" correlationId="97187b24-56f8-4090-a9a5-2547e21d35e6"- A secret reference could not be resolved
]]></system-out>
  </testcase>
  <testcase name="malformedReferencesNeverResolve(String)[4]" classname="com.mimococo.marketops.shared.internal.secret.MountedSecretResolverTest" time="0.002">
    <system-out><![CDATA[17:23:13.087 [main] WARN com.mimococo.marketops.shared.internal.secret.MountedSecretResolver -event="secret_reference_malformed" correlationId="4a1f095c-e5fa-4507-951d-4d00181d5873"- A secret reference could not be resolved
]]></system-out>
  </testcase>
  <testcase name="malformedReferencesNeverResolve(String)[5]" classname="com.mimococo.marketops.shared.internal.secret.MountedSecretResolverTest" time="0.001">
    <system-out><![CDATA[17:23:13.090 [main] WARN com.mimococo.marketops.shared.internal.secret.MountedSecretResolver -event="secret_reference_malformed" correlationId="e661bf2b-7cf0-4851-9514-99f7d695f7a7"- A secret reference could not be resolved
]]></system-out>
  </testcase>
  <testcase name="malformedReferencesNeverResolve(String)[6]" classname="com.mimococo.marketops.shared.internal.secret.MountedSecretResolverTest" time="0.001">
    <system-out><![CDATA[17:23:13.092 [main] WARN com.mimococo.marketops.shared.internal.secret.MountedSecretResolver -event="secret_reference_malformed" correlationId="3d27dee4-96e0-413c-abcb-c3b8df9750de"- A secret reference could not be resolved
]]></system-out>
  </testcase>
  <testcase name="malformedReferencesNeverResolve(String)[7]" classname="com.mimococo.marketops.shared.internal.secret.MountedSecretResolverTest" time="0.001">
    <system-out><![CDATA[17:23:13.094 [main] WARN com.mimococo.marketops.shared.internal.secret.MountedSecretResolver -event="secret_reference_malformed" correlationId="d83c441c-ce81-4460-a585-64a4b2946576"- A secret reference could not be resolved
]]></system-out>
  </testcase>
  <testcase name="malformedReferencesNeverResolve(String)[8]" classname="com.mimococo.marketops.shared.internal.secret.MountedSecretResolverTest" time="0.002">
    <system-out><![CDATA[17:23:13.096 [main] WARN com.mimococo.marketops.shared.internal.secret.MountedSecretResolver -event="secret_reference_malformed" correlationId="f872130d-182f-4154-a02d-4dd4cb3360a1"- A secret reference could not be resolved
]]></system-out>
  </testcase>
  <testcase name="malformedReferencesNeverResolve(String)[9]" classname="com.mimococo.marketops.shared.internal.secret.MountedSecretResolverTest" time="0.002">
    <system-out><![CDATA[17:23:13.098 [main] WARN com.mimococo.marketops.shared.internal.secret.MountedSecretResolver -event="secret_reference_malformed" correlationId="5da5fea5-3764-48e7-9cb8-dedc23058ef4"- A secret reference could not be resolved
]]></system-out>
  </testcase>
  <testcase name="malformedReferencesNeverResolve(String)[10]" classname="com.mimococo.marketops.shared.internal.secret.MountedSecretResolverTest" time="0.002">
    <system-out><![CDATA[17:23:13.100 [main] WARN com.mimococo.marketops.shared.internal.secret.MountedSecretResolver -event="secret_reference_malformed" correlationId="5ecd3d47-c545-4d9f-bfe6-517c6fcfe1fe"- A secret reference could not be resolved
]]></system-out>
  </testcase>
  <testcase name="malformedReferencesNeverResolve(String)[11]" classname="com.mimococo.marketops.shared.internal.secret.MountedSecretResolverTest" time="0.002">
    <system-out><![CDATA[17:23:13.103 [main] WARN com.mimococo.marketops.shared.internal.secret.MountedSecretResolver -event="secret_reference_malformed" correlationId="8d6766c5-decf-4bde-861d-b4a1fcd4a674"- A secret reference could not be resolved
]]></system-out>
  </testcase>
  <testcase name="malformedReferencesNeverResolve(String)[12]" classname="com.mimococo.marketops.shared.internal.secret.MountedSecretResolverTest" time="0.001">
    <system-out><![CDATA[17:23:13.105 [main] WARN com.mimococo.marketops.shared.internal.secret.MountedSecretResolver -event="secret_reference_malformed" correlationId="64a2ba23-f719-4e88-a903-e76550063914"- A secret reference could not be resolved
]]></system-out>
  </testcase>
  <testcase name="malformedReferencesNeverResolve(String)[13]" classname="com.mimococo.marketops.shared.internal.secret.MountedSecretResolverTest" time="0.001">
    <system-out><![CDATA[17:23:13.108 [main] WARN com.mimococo.marketops.shared.internal.secret.MountedSecretResolver -event="secret_reference_malformed" correlationId="91152c8e-43ea-4048-8cf9-19fbd9e2a5d8"- A secret reference could not be resolved
]]></system-out>
  </testcase>
  <testcase name="malformedReferencesNeverResolve(String)[14]" classname="com.mimococo.marketops.shared.internal.secret.MountedSecretResolverTest" time="0.002">
    <system-out><![CDATA[17:23:13.110 [main] WARN com.mimococo.marketops.shared.internal.secret.MountedSecretResolver -event="secret_reference_malformed" correlationId="d50c7150-c398-4d60-8f77-333f5100326e"- A secret reference could not be resolved
]]></system-out>
  </testcase>
  <testcase name="malformedReferencesNeverResolve(String)[15]" classname="com.mimococo.marketops.shared.internal.secret.MountedSecretResolverTest" time="0.002">
    <system-out><![CDATA[17:23:13.113 [main] WARN com.mimococo.marketops.shared.internal.secret.MountedSecretResolver -event="secret_reference_malformed" correlationId="3c0b605b-8969-489b-bbd4-f8878b6fc847"- A secret reference could not be resolved
]]></system-out>
  </testcase>
  <testcase name="malformedReferencesNeverResolve(String)[16]" classname="com.mimococo.marketops.shared.internal.secret.MountedSecretResolverTest" time="0.001">
    <system-out><![CDATA[17:23:13.115 [main] WARN com.mimococo.marketops.shared.internal.secret.MountedSecretResolver -event="secret_reference_malformed" correlationId="3deaeccd-afda-4074-8c2e-a04f92a7a079"- A secret reference could not be resolved
]]></system-out>
  </testcase>
  <testcase name="malformedReferencesNeverResolve(String)[17]" classname="com.mimococo.marketops.shared.internal.secret.MountedSecretResolverTest" time="0.001">
    <system-out><![CDATA[17:23:13.118 [main] WARN com.mimococo.marketops.shared.internal.secret.MountedSecretResolver -event="secret_reference_malformed" correlationId="54101445-4bf3-4056-b98a-4480012180fd"- A secret reference could not be resolved
]]></system-out>
  </testcase>
  <testcase name="emptyOrWhitespaceOnlyFilesAreRefused(String)[1]" classname="com.mimococo.marketops.shared.internal.secret.MountedSecretResolverTest" time="0.002">
    <system-out><![CDATA[17:23:13.121 [main] WARN com.mimococo.marketops.shared.internal.secret.MountedSecretResolver -event="secret_value_empty" correlationId="4e165203-cf79-40a0-971d-3341a7998c3d"- A secret reference could not be resolved
]]></system-out>
  </testcase>
  <testcase name="emptyOrWhitespaceOnlyFilesAreRefused(String)[2]" classname="com.mimococo.marketops.shared.internal.secret.MountedSecretResolverTest" time="0.003">
    <system-out><![CDATA[17:23:13.124 [main] WARN com.mimococo.marketops.shared.internal.secret.MountedSecretResolver -event="secret_value_empty" correlationId="ff339f6f-ba61-465c-b179-b0ea430f2990"- A secret reference could not be resolved
]]></system-out>
  </testcase>
  <testcase name="emptyOrWhitespaceOnlyFilesAreRefused(String)[3]" classname="com.mimococo.marketops.shared.internal.secret.MountedSecretResolverTest" time="0.002">
    <system-out><![CDATA[17:23:13.128 [main] WARN com.mimococo.marketops.shared.internal.secret.MountedSecretResolver -event="secret_value_empty" correlationId="d99fc737-e517-4589-ae54-39e99e229f9c"- A secret reference could not be resolved
]]></system-out>
  </testcase>
  <testcase name="nativeFilesystemEitherSupportsDescriptorTraversalOrRefusesTheMount" classname="com.mimococo.marketops.shared.internal.secret.MountedSecretResolverTest" time="0.003"/>
  <testcase name="maximumAppliesToBytesNotCharacters" classname="com.mimococo.marketops.shared.internal.secret.MountedSecretResolverTest" time="0.064">
    <system-out><![CDATA[17:23:13.190 [main] WARN com.mimococo.marketops.shared.internal.secret.MountedSecretResolver -event="secret_value_oversized" correlationId="6facb2d1-e7f3-4bd5-98b3-b3b2fd196119"- A secret reference could not be resolved
]]></system-out>
  </testcase>
  <testcase name="configuredMountAndItsAncestorsCannotBeSymlinks" classname="com.mimococo.marketops.shared.internal.secret.MountedSecretResolverTest" time="0.002">
    <system-out><![CDATA[17:23:13.200 [main] WARN com.mimococo.marketops.shared.internal.secret.MountedSecretResolver -event="secret_value_unreadable" correlationId="ac25f926-3944-4836-9d8f-d36471c6ece7"- A secret reference could not be resolved
17:23:13.200 [main] WARN com.mimococo.marketops.shared.internal.secret.MountedSecretResolver -event="secret_value_unreadable" correlationId="f1e440ce-aa38-4e1b-9a44-3129f33ca35a"- A secret reference could not be resolved
]]></system-out>
  </testcase>
  <testcase name="unconfiguredMountIsClosed" classname="com.mimococo.marketops.shared.internal.secret.MountedSecretResolverTest" time="0.001"/>
  <testcase name="referenceParentSymlinkCannotReadOutsideMount" classname="com.mimococo.marketops.shared.internal.secret.MountedSecretResolverTest" time="0.002">
    <system-out><![CDATA[17:23:13.203 [main] WARN com.mimococo.marketops.shared.internal.secret.MountedSecretResolver -event="secret_value_unreadable" correlationId="3615ddee-6f49-4e33-9259-170e3aebb56f"- A secret reference could not be resolved
]]></system-out>
  </testcase>
  <testcase name="growingOrUnendingReadStopsAtMaximumPlusOneAndClearsBytes" classname="com.mimococo.marketops.shared.internal.secret.MountedSecretResolverTest" time="0.747">
    <system-out><![CDATA[17:23:13.935 [main] WARN com.mimococo.marketops.shared.internal.secret.MountedSecretResolver -event="secret_value_oversized" correlationId="e8d0cffb-b50b-4d0c-b458-b2c8fe1434c4"- A secret reference could not be resolved
]]></system-out>
  </testcase>
  <testcase name="preservesExactUtf8AndWhitespace(String)[1]" classname="com.mimococo.marketops.shared.internal.secret.MountedSecretResolverTest" time="0.003"/>
  <testcase name="preservesExactUtf8AndWhitespace(String)[2]" classname="com.mimococo.marketops.shared.internal.secret.MountedSecretResolverTest" time="0.001"/>
  <testcase name="preservesExactUtf8AndWhitespace(String)[3]" classname="com.mimococo.marketops.shared.internal.secret.MountedSecretResolverTest" time="0.002"/>
  <testcase name="missingFileAndDirectoryAreNotValues" classname="com.mimococo.marketops.shared.internal.secret.MountedSecretResolverTest" time="0.002">
    <system-out><![CDATA[17:23:13.964 [main] WARN com.mimococo.marketops.shared.internal.secret.MountedSecretResolver -event="secret_value_unreadable" correlationId="6857bc92-3b0c-463e-87a7-be34a144391d"- A secret reference could not be resolved
17:23:13.965 [main] WARN com.mimococo.marketops.shared.internal.secret.MountedSecretResolver -event="secret_reference_not_regular" correlationId="1686de9a-d16a-49ad-a436-008c3a9827f4"- A secret reference could not be resolved
]]></system-out>
  </testcase>
  <testcase name="diagnosticsContainNoSecretReferencePathOrException" classname="com.mimococo.marketops.shared.internal.secret.MountedSecretResolverTest" time="0.002">
    <system-out><![CDATA[17:23:13.967 [main] WARN com.mimococo.marketops.shared.internal.secret.MountedSecretResolver -event="secret_reference_malformed" correlationId="4f7a3cbb-6305-4c78-b3be-4e824c25254c"- A secret reference could not be resolved
]]></system-out>
  </testcase>
  <testcase name="ioFailureAlsoClearsThePartiallyReadBytes" classname="com.mimococo.marketops.shared.internal.secret.MountedSecretResolverTest" time="0.006"/>
  <testcase name="nestedRotationReadsFreshFileContents" classname="com.mimococo.marketops.shared.internal.secret.MountedSecretResolverTest" time="0.003"/>
</testsuite>