<?xml version="1.0" encoding="UTF-8"?>
<testsuite xmlns:xsi="http://www.w3.org/2001/XMLSchema-instance" xsi:noNamespaceSchemaLocation="https://maven.apache.org/surefire/maven-failsafe-plugin/xsd/failsafe-test-report.xsd" version="3.0.2" name="com.mimococo.marketops.advertisingefficiency.internal.application.AdvertisingEconomicCauseBoundIT" time="47.905" tests="34" errors="0" skipped="0" failures="0" flakes="0">
  <properties>
[...]
</properties>
  <testcase name="completeFreshSegmentsRetainTheirExactOldestAcceptanceAndCanQualify" classname="com.mimococo.marketops.advertisingefficiency.internal.application.AdvertisingEconomicCauseBoundIT" time="1.615">
    <system-out><![CDATA[{"@timestamp":"2026-09-06T10:30:18.506399Z","log":{"level":"INFO","logger":"com.mimococo.marketops.advertisingefficiency.internal.application.AdvertisingEconomicCauseBoundIT"},"process":{"pid":4503,"thread":{"name":"main"}},"service":{"name":"marketops-server","version":"0.1.0-SNAPSHOT","environment":"ci","node":{}},"message":"Starting AdvertisingEconomicCauseBoundIT v0.1.0-SNAPSHOT using Java 21.0.10 with PID 4503 (started by chzhengx in /Users/chzhengx/Code/personal/marketops-platform/backend/marketops-server)","ecs":{"version":"8.11"},"application":"marketops-server","environment":"ci","buildVersion":"0.1.0-SNAPSHOT","correlationId":"none"}
{"@timestamp":"2026-09-06T10:30:18.507755Z","log":{"level":"INFO","logger":"com.mimococo.marketops.advertisingefficiency.internal.application.AdvertisingEconomicCauseBoundIT"},"process":{"pid":4503,"thread":{"name":"main"}},"service":{"name":"marketops-server","version":"0.1.0-SNAPSHOT","environment":"ci","node":{}},"message":"The following 1 profile is active: \"ci\"","ecs":{"version":"8.11"},"application":"marketops-server","environment":"ci","buildVersion":"0.1.0-SNAPSHOT","correlationId":"none"}
{"@timestamp":"2026-09-06T10:30:21.798564Z","log":{"level":"INFO","logger":"com.mimococo.marketops.advertisingefficiency.internal.application.AdvertisingEconomicCauseBoundIT"},"process":{"pid":4503,"thread":{"name":"main"}},"service":{"name":"marketops-server","version":"0.1.0-SNAPSHOT","environment":"ci","node":{}},"message":"Started AdvertisingEconomicCauseBoundIT in 5.138 seconds (process running for 2267.029)","ecs":{"version":"8.11"},"application":"marketops-server","environment":"ci","buildVersion":"0.1.0-SNAPSHOT","correlationId":"none"}
{"@timestamp":"2026-09-06T10:30:23.053043Z","log":{"level":"INFO","logger":"com.mimococo.marketops.analyticsdecision.internal.application.AnalyticsCalculationService"},"process":{"pid":4503,"thread":{"name":"main"}},"service":{"name":"marketops-server","version":"0.1.0-SNAPSHOT","environment":"ci","node":{}},"message":"An analytics run completed","ecs":{"version":"8.11"},"application":"marketops-server","environment":"ci","buildVersion":"0.1.0-SNAPSHOT","correlationId":"none","event":"analytics_run_completed","storeId":"11f872ca-cd96-4b83-93b5-e5f97dc67994","window":"D30","subjectCount":1,"valueCount":33,"findingCount":9}
{"@timestamp":"2026-09-06T10:30:23.144033Z","log":{"level":"INFO","logger":"com.mimococo.marketops.adminobservability.internal.audit.JdbcMetadataAuditStore"},"process":{"pid":4503,"thread":{"name":"main"}},"service":{"name":"marketops-server","version":"0.1.0-SNAPSHOT","environment":"ci","node":{}},"message":"Metadata change recorded","ecs":{"version":"8.11"},"application":"marketops-server","environment":"ci","buildVersion":"0.1.0-SNAPSHOT","correlationId":"none","event":"metadata_change_recorded","sourceDomain":"operationsworkflow","entityType":"availability_case","entityId":"9b1df3c3-999b-4acb-949c-62a38481122b","action":"CREATE","actorId":"availability-risk-calculation"}
{"@timestamp":"2026-09-06T10:30:23.346966Z","log":{"level":"INFO","logger":"com.mimococo.marketops.adminobservability.internal.audit.JdbcMetadataAuditStore"},"process":{"pid":4503,"thread":{"name":"main"}},"service":{"name":"marketops-server","version":"0.1.0-SNAPSHOT","environment":"ci","node":{}},"message":"Metadata change recorded","ecs":{"version":"8.11"},"application":"marketops-server","environment":"ci","buildVersion":"0.1.0-SNAPSHOT","correlationId":"none","event":"metadata_change_recorded","sourceDomain":"operationsworkflow","entityType":"recommendation","entityId":"90e12457-b747-4e94-b160-d58b5b29c8f2","action":"CREATE","actorId":"advertising-calculation"}
]]></system-out>
  </testcase>
  <testcase name="revokingEconomicOrPhysicalSafetyAfterApprovalPreventsTheActualFixtureTransmission(String)[1]" classname="com.mimococo.marketops.advertisingefficiency.internal.application.AdvertisingEconomicCauseBoundIT" time="2.238">
    <system-out><![CDATA[{"@timestamp":"2026-09-06T10:30:24.534891Z","log":{"level":"INFO","logger":"com.mimococo.marketops.analyticsdecision.internal.application.AnalyticsCalculationService"},"process":{"pid":4503,"thread":{"name":"main"}},"service":{"name":"marketops-server","version":"0.1.0-SNAPSHOT","environment":"ci","node":{}},"message":"An analytics run completed","ecs":{"version":"8.11"},"application":"marketops-server","environment":"ci","buildVersion":"0.1.0-SNAPSHOT","correlationId":"none","event":"analytics_run_completed","storeId":"131c5eb6-a248-4a2b-9c16-46c9d7333ca7","window":"D30","subjectCount":1,"valueCount":33,"findingCount":9}
{"@timestamp":"2026-09-06T10:30:24.611649Z","log":{"level":"INFO","logger":"com.mimococo.marketops.adminobservability.internal.audit.JdbcMetadataAuditStore"},"process":{"pid":4503,"thread":{"name":"main"}},"service":{"name":"marketops-server","version":"0.1.0-SNAPSHOT","environment":"ci","node":{}},"message":"Metadata change recorded","ecs":{"version":"8.11"},"application":"marketops-server","environment":"ci","buildVersion":"0.1.0-SNAPSHOT","correlationId":"none","event":"metadata_change_recorded","sourceDomain":"operationsworkflow","entityType":"availability_case","entityId":"2925d4e1-9d4d-49bf-ac4c-d60cb0be2521","action":"CREATE","actorId":"availability-risk-calculation"}
{"@timestamp":"2026-09-06T10:30:24.767672Z","log":{"level":"INFO","logger":"com.mimococo.marketops.adminobservability.internal.audit.JdbcMetadataAuditStore"},"process":{"pid":4503,"thread":{"name":"main"}},"service":{"name":"marketops-server","version":"0.1.0-SNAPSHOT","environment":"ci","node":{}},"message":"Metadata change recorded","ecs":{"version":"8.11"},"application":"marketops-server","environment":"ci","buildVersion":"0.1.0-SNAPSHOT","correlationId":"none","event":"metadata_change_recorded","sourceDomain":"operationsworkflow","entityType":"recommendation","entityId":"b70c2419-8222-4d0c-bd6f-b3fddb05458c","action":"CREATE","actorId":"advertising-calculation"}
{"@timestamp":"2026-09-06T10:30:25.201333Z","log":{"level":"INFO","logger":"com.mimococo.marketops.adminobservability.internal.audit.JdbcMetadataAuditStore"},"process":{"pid":4503,"thread":{"name":"main"}},"service":{"name":"marketops-server","version":"0.1.0-SNAPSHOT","environment":"ci","node":{}},"message":"Metadata change recorded","ecs":{"version":"8.11"},"application":"marketops-server","environment":"ci","buildVersion":"0.1.0-SNAPSHOT","correlationId":"none","event":"metadata_change_recorded","sourceDomain":"operationsworkflow","entityType":"recommendation","entityId":"b70c2419-8222-4d0c-bd6f-b3fddb05458c","action":"STATUS_CHANGE","actorId":"ec01cc25-8080-40c5-9cce-a4578fad82d0"}
{"@timestamp":"2026-09-06T10:30:25.276061Z","log":{"level":"INFO","logger":"com.mimococo.marketops.adminobservability.internal.audit.JdbcMetadataAuditStore"},"process":{"pid":4503,"thread":{"name":"main"}},"service":{"name":"marketops-server","version":"0.1.0-SNAPSHOT","environment":"ci","node":{}},"message":"Metadata change recorded","ecs":{"version":"8.11"},"application":"marketops-server","environment":"ci","buildVersion":"0.1.0-SNAPSHOT","correlationId":"none","event":"metadata_change_recorded","sourceDomain":"operationsworkflow","entityType":"recommendation","entityId":"b70c2419-8222-4d0c-bd6f-b3fddb05458c","action":"STATUS_CHANGE","actorId":"69e143f4-cc47-471e-9b53-d09103a12e8c"}
{"@timestamp":"2026-09-06T10:30:25.412087Z","log":{"level":"INFO","logger":"com.mimococo.marketops.adminobservability.internal.audit.JdbcMetadataAuditStore"},"process":{"pid":4503,"thread":{"name":"main"}},"service":{"name":"marketops-server","version":"0.1.0-SNAPSHOT","environment":"ci","node":{}},"message":"Metadata change recorded","ecs":{"version":"8.11"},"application":"marketops-server","environment":"ci","buildVersion":"0.1.0-SNAPSHOT","correlationId":"none","event":"metadata_change_recorded","sourceDomain":"operationsworkflow","entityType":"approval-decision","entityId":"109ab9af-4769-45eb-a4fd-6c3160a400b4","action":"APPROVAL_DECISION","actorId":"d4f0c5a3-f826-4fbd-96b2-10d2dc82dbd1"}
{"@timestamp":"2026-09-06T10:30:25.417353Z","log":{"level":"INFO","logger":"com.mimococo.marketops.adminobservability.internal.audit.JdbcMetadataAuditStore"},"process":{"pid":4503,"thread":{"name":"main"}},"service":{"name":"marketops-server","version":"0.1.0-SNAPSHOT","environment":"ci","node":{}},"message":"Metadata change recorded","ecs":{"version":"8.11"},"application":"marketops-server","environment":"ci","buildVersion":"0.1.0-SNAPSHOT","correlationId":"none","event":"metadata_change_recorded","sourceDomain":"operationsworkflow","entityType":"recommendation","entityId":"b70c2419-8222-4d0c-bd6f-b3fddb05458c","action":"STATUS_CHANGE","actorId":"d4f0c5a3-f826-4fbd-96b2-10d2dc82dbd1"}
{"@timestamp":"2026-09-06T10:30:25.544809Z","log":{"level":"INFO","logger":"com.mimococo.marketops.adminobservability.internal.audit.JdbcMetadataAuditStore"},"process":{"pid":4503,"thread":{"name":"main"}},"service":{"name":"marketops-server","version":"0.1.0-SNAPSHOT","environment":"ci","node":{}},"message":"Metadata change recorded","ecs":{"version":"8.11"},"application":"marketops-server","environment":"ci","buildVersion":"0.1.0-SNAPSHOT","correlationId":"none","event":"metadata_change_recorded","sourceDomain":"operationsworkflow","entityType":"recommendation","entityId":"b70c2419-8222-4d0c-bd6f-b3fddb05458c","action":"STATUS_CHANGE","actorId":"d4f0c5a3-f826-4fbd-96b2-10d2dc82dbd1"}
{"@timestamp":"2026-09-06T10:30:25.545685Z","log":{"level":"INFO","logger":"com.mimococo.marketops.adminobservability.internal.audit.JdbcMetadataAuditStore"},"process":{"pid":4503,"thread":{"name":"main"}},"service":{"name":"marketops-server","version":"0.1.0-SNAPSHOT","environment":"ci","node":{}},"message":"Metadata change recorded","ecs":{"version":"8.11"},"application":"marketops-server","environment":"ci","buildVersion":"0.1.0-SNAPSHOT","correlationId":"none","event":"metadata_change_recorded","sourceDomain":"operationsworkflow","entityType":"recommendation","entityId":"b70c2419-8222-4d0c-bd6f-b3fddb05458c","action":"COMMAND_TRANSITION","actorId":"d4f0c5a3-f826-4fbd-96b2-10d2dc82dbd1"}
{"@timestamp":"2026-09-06T10:30:25.647868Z","log":{"level":"WARN","logger":"com.mimococo.marketops.marketplaceintegration.internal.application.AdBidCommandWorker"},"process":{"pid":4503,"thread":{"name":"main"}},"service":{"name":"marketops-server","version":"0.1.0-SNAPSHOT","environment":"ci","node":{}},"message":"event=ad_bid_command_not_advanced commandId=0a84e2b8-88c3-4d30-8192-c3c97b0a0e27 state=PENDING failureType=UncategorizedSQLException","ecs":{"version":"8.11"},"application":"marketops-server","environment":"ci","buildVersion":"0.1.0-SNAPSHOT","correlationId":"none"}
]]></system-out>
  </testcase>
  <testcase name="revokingEconomicOrPhysicalSafetyAfterApprovalPreventsTheActualFixtureTransmission(String)[2]" classname="com.mimococo.marketops.advertisingefficiency.internal.application.AdvertisingEconomicCauseBoundIT" time="2.248">
    <system-out><![CDATA[{"@timestamp":"2026-09-06T10:30:26.895650Z","log":{"level":"INFO","logger":"com.mimococo.marketops.analyticsdecision.internal.application.AnalyticsCalculationService"},"process":{"pid":4503,"thread":{"name":"main"}},"service":{"name":"marketops-server","version":"0.1.0-SNAPSHOT","environment":"ci","node":{}},"message":"An analytics run completed","ecs":{"version":"8.11"},"application":"marketops-server","environment":"ci","buildVersion":"0.1.0-SNAPSHOT","correlationId":"none","event":"analytics_run_completed","storeId":"77d49ce1-01f9-4174-b411-af6a4889cfd2","window":"D30","subjectCount":1,"valueCount":33,"findingCount":9}
{"@timestamp":"2026-09-06T10:30:26.966092Z","log":{"level":"INFO","logger":"com.mimococo.marketops.adminobservability.internal.audit.JdbcMetadataAuditStore"},"process":{"pid":4503,"thread":{"name":"main"}},"service":{"name":"marketops-server","version":"0.1.0-SNAPSHOT","environment":"ci","node":{}},"message":"Metadata change recorded","ecs":{"version":"8.11"},"application":"marketops-server","environment":"ci","buildVersion":"0.1.0-SNAPSHOT","correlationId":"none","event":"metadata_change_recorded","sourceDomain":"operationsworkflow","entityType":"availability_case","entityId":"5c0edc0e-5cac-4fde-b38f-28feddd4623d","action":"CREATE","actorId":"availability-risk-calculation"}
{"@timestamp":"2026-09-06T10:30:27.085278Z","log":{"level":"INFO","logger":"com.mimococo.marketops.adminobservability.internal.audit.JdbcMetadataAuditStore"},"process":{"pid":4503,"thread":{"name":"main"}},"service":{"name":"marketops-server","version":"0.1.0-SNAPSHOT","environment":"ci","node":{}},"message":"Metadata change recorded","ecs":{"version":"8.11"},"application":"marketops-server","environment":"ci","buildVersion":"0.1.0-SNAPSHOT","correlationId":"none","event":"metadata_change_recorded","sourceDomain":"operationsworkflow","entityType":"recommendation","entityId":"4c49a17b-0713-4c84-ab94-988b288796d5","action":"CREATE","actorId":"advertising-calculation"}
{"@timestamp":"2026-09-06T10:30:27.400349Z","log":{"level":"INFO","logger":"com.mimococo.marketops.adminobservability.internal.audit.JdbcMetadataAuditStore"},"process":{"pid":4503,"thread":{"name":"main"}},"service":{"name":"marketops-server","version":"0.1.0-SNAPSHOT","environment":"ci","node":{}},"message":"Metadata change recorded","ecs":{"version":"8.11"},"application":"marketops-server","environment":"ci","buildVersion":"0.1.0-SNAPSHOT","correlationId":"none","event":"metadata_change_recorded","sourceDomain":"operationsworkflow","entityType":"recommendation","entityId":"4c49a17b-0713-4c84-ab94-988b288796d5","action":"STATUS_CHANGE","actorId":"d62486be-7197-41ab-980a-8a5a24f97418"}
{"@timestamp":"2026-09-06T10:30:27.492629Z","log":{"level":"INFO","logger":"com.mimococo.marketops.adminobservability.internal.audit.JdbcMetadataAuditStore"},"process":{"pid":4503,"thread":{"name":"main"}},"service":{"name":"marketops-server","version":"0.1.0-SNAPSHOT","environment":"ci","node":{}},"message":"Metadata change recorded","ecs":{"version":"8.11"},"application":"marketops-server","environment":"ci","buildVersion":"0.1.0-SNAPSHOT","correlationId":"none","event":"metadata_change_recorded","sourceDomain":"operationsworkflow","entityType":"recommendation","entityId":"4c49a17b-0713-4c84-ab94-988b288796d5","action":"STATUS_CHANGE","actorId":"06793164-0bae-4efd-844e-2db82cdc561a"}
{"@timestamp":"2026-09-06T10:30:27.655053Z","log":{"level":"INFO","logger":"com.mimococo.marketops.adminobservability.internal.audit.JdbcMetadataAuditStore"},"process":{"pid":4503,"thread":{"name":"main"}},"service":{"name":"marketops-server","version":"0.1.0-SNAPSHOT","environment":"ci","node":{}},"message":"Metadata change recorded","ecs":{"version":"8.11"},"application":"marketops-server","environment":"ci","buildVersion":"0.1.0-SNAPSHOT","correlationId":"none","event":"metadata_change_recorded","sourceDomain":"operationsworkflow","entityType":"approval-decision","entityId":"b8eda375-27db-4835-b335-1936c55602a8","action":"APPROVAL_DECISION","actorId":"968416e4-96dd-4a5c-9ca5-c3dd69f0d550"}
{"@timestamp":"2026-09-06T10:30:27.657677Z","log":{"level":"INFO","logger":"com.mimococo.marketops.adminobservability.internal.audit.JdbcMetadataAuditStore"},"process":{"pid":4503,"thread":{"name":"main"}},"service":{"name":"marketops-server","version":"0.1.0-SNAPSHOT","environment":"ci","node":{}},"message":"Metadata change recorded","ecs":{"version":"8.11"},"application":"marketops-server","environment":"ci","buildVersion":"0.1.0-SNAPSHOT","correlationId":"none","event":"metadata_change_recorded","sourceDomain":"operationsworkflow","entityType":"recommendation","entityId":"4c49a17b-0713-4c84-ab94-988b288796d5","action":"STATUS_CHANGE","actorId":"968416e4-96dd-4a5c-9ca5-c3dd69f0d550"}
{"@timestamp":"2026-09-06T10:30:27.778719Z","log":{"level":"INFO","logger":"com.mimococo.marketops.adminobservability.internal.audit.JdbcMetadataAuditStore"},"process":{"pid":4503,"thread":{"name":"main"}},"service":{"name":"marketops-server","version":"0.1.0-SNAPSHOT","environment":"ci","node":{}},"message":"Metadata change recorded","ecs":{"version":"8.11"},"application":"marketops-server","environment":"ci","buildVersion":"0.1.0-SNAPSHOT","correlationId":"none","event":"metadata_change_recorded","sourceDomain":"operationsworkflow","entityType":"recommendation","entityId":"4c49a17b-0713-4c84-ab94-988b288796d5","action":"STATUS_CHANGE","actorId":"968416e4-96dd-4a5c-9ca5-c3dd69f0d550"}
{"@timestamp":"2026-09-06T10:30:27.779317Z","log":{"level":"INFO","logger":"com.mimococo.marketops.adminobservability.internal.audit.JdbcMetadataAuditStore"},"process":{"pid":4503,"thread":{"name":"main"}},"service":{"name":"marketops-server","version":"0.1.0-SNAPSHOT","environment":"ci","node":{}},"message":"Metadata change recorded","ecs":{"version":"8.11"},"application":"marketops-server","environment":"ci","buildVersion":"0.1.0-SNAPSHOT","correlationId":"none","event":"metadata_change_recorded","sourceDomain":"operationsworkflow","entityType":"recommendation","entityId":"4c49a17b-0713-4c84-ab94-988b288796d5","action":"COMMAND_TRANSITION","actorId":"968416e4-96dd-4a5c-9ca5-c3dd69f0d550"}
{"@timestamp":"2026-09-06T10:30:27.864659Z","log":{"level":"WARN","logger":"com.mimococo.marketops.marketplaceintegration.internal.application.AdBidCommandWorker"},"process":{"pid":4503,"thread":{"name":"main"}},"service":{"name":"marketops-server","version":"0.1.0-SNAPSHOT","environment":"ci","node":{}},"message":"event=ad_bid_command_not_advanced commandId=0a84e2b8-88c3-4d30-8192-c3c97b0a0e27 state=PENDING failureType=UncategorizedSQLException","ecs":{"version":"8.11"},"application":"marketops-server","environment":"ci","buildVersion":"0.1.0-SNAPSHOT","correlationId":"none"}
{"@timestamp":"2026-09-06T10:30:27.886129Z","log":{"level":"WARN","logger":"com.mimococo.marketops.marketplaceintegration.internal.application.AdBidCommandWorker"},"process":{"pid":4503,"thread":{"name":"main"}},"service":{"name":"marketops-server","version":"0.1.0-SNAPSHOT","environment":"ci","node":{}},"message":"event=ad_bid_command_not_advanced commandId=cd40a7a4-9df2-4aa0-8dbc-9712101b4c80 state=PENDING failureType=UncategorizedSQLException","ecs":{"version":"8.11"},"application":"marketops-server","environment":"ci","buildVersion":"0.1.0-SNAPSHOT","correlationId":"none"}
]]></system-out>
  </testcase>
  <testcase name="revokingEconomicOrPhysicalSafetyAfterApprovalPreventsTheActualFixtureTransmission(String)[3]" classname="com.mimococo.marketops.advertisingefficiency.internal.application.AdvertisingEconomicCauseBoundIT" time="2.089">
    <system-out><![CDATA[{"@timestamp":"2026-09-06T10:30:29.036025Z","log":{"level":"INFO","logger":"com.mimococo.marketops.analyticsdecision.internal.application.AnalyticsCalculationService"},"process":{"pid":4503,"thread":{"name":"main"}},"service":{"name":"marketops-server","version":"0.1.0-SNAPSHOT","environment":"ci","node":{}},"message":"An analytics run completed","ecs":{"version":"8.11"},"application":"marketops-server","environment":"ci","buildVersion":"0.1.0-SNAPSHOT","correlationId":"none","event":"analytics_run_completed","storeId":"33f1a8bb-ea7f-4e67-9f9f-441a214e621e","window":"D30","subjectCount":1,"valueCount":33,"findingCount":9}
{"@timestamp":"2026-09-06T10:30:29.117798Z","log":{"level":"INFO","logger":"com.mimococo.marketops.adminobservability.internal.audit.JdbcMetadataAuditStore"},"process":{"pid":4503,"thread":{"name":"main"}},"service":{"name":"marketops-server","version":"0.1.0-SNAPSHOT","environment":"ci","node":{}},"message":"Metadata change recorded","ecs":{"version":"8.11"},"application":"marketops-server","environment":"ci","buildVersion":"0.1.0-SNAPSHOT","correlationId":"none","event":"metadata_change_recorded","sourceDomain":"operationsworkflow","entityType":"availability_case","entityId":"53fc046f-9a00-4cba-bafa-2245811aad40","action":"CREATE","actorId":"availability-risk-calculation"}
{"@timestamp":"2026-09-06T10:30:29.257797Z","log":{"level":"INFO","logger":"com.mimococo.marketops.adminobservability.internal.audit.JdbcMetadataAuditStore"},"process":{"pid":4503,"thread":{"name":"main"}},"service":{"name":"marketops-server","version":"0.1.0-SNAPSHOT","environment":"ci","node":{}},"message":"Metadata change recorded","ecs":{"version":"8.11"},"application":"marketops-server","environment":"ci","buildVersion":"0.1.0-SNAPSHOT","correlationId":"none","event":"metadata_change_recorded","sourceDomain":"operationsworkflow","entityType":"recommendation","entityId":"e8b59c44-8481-4aa8-9e7e-4bc8d52878f0","action":"CREATE","actorId":"advertising-calculation"}
{"@timestamp":"2026-09-06T10:30:29.532090Z","log":{"level":"INFO","logger":"com.mimococo.marketops.adminobservability.internal.audit.JdbcMetadataAuditStore"},"process":{"pid":4503,"thread":{"name":"main"}},"service":{"name":"marketops-server","version":"0.1.0-SNAPSHOT","environment":"ci","node":{}},"message":"Metadata change recorded","ecs":{"version":"8.11"},"application":"marketops-server","environment":"ci","buildVersion":"0.1.0-SNAPSHOT","correlationId":"none","event":"metadata_change_recorded","sourceDomain":"operationsworkflow","entityType":"recommendation","entityId":"e8b59c44-8481-4aa8-9e7e-4bc8d52878f0","action":"STATUS_CHANGE","actorId":"0e3b923d-181b-4097-bc81-d1afbe1a0237"}
{"@timestamp":"2026-09-06T10:30:29.596124Z","log":{"level":"INFO","logger":"com.mimococo.marketops.adminobservability.internal.audit.JdbcMetadataAuditStore"},"process":{"pid":4503,"thread":{"name":"main"}},"service":{"name":"marketops-server","version":"0.1.0-SNAPSHOT","environment":"ci","node":{}},"message":"Metadata change recorded","ecs":{"version":"8.11"},"application":"marketops-server","environment":"ci","buildVersion":"0.1.0-SNAPSHOT","correlationId":"none","event":"metadata_change_recorded","sourceDomain":"operationsworkflow","entityType":"recommendation","entityId":"e8b59c44-8481-4aa8-9e7e-4bc8d52878f0","action":"STATUS_CHANGE","actorId":"be02112f-fc53-4605-b483-8ad8230bbf44"}
{"@timestamp":"2026-09-06T10:30:29.728222Z","log":{"level":"INFO","logger":"com.mimococo.marketops.adminobservability.internal.audit.JdbcMetadataAuditStore"},"process":{"pid":4503,"thread":{"name":"main"}},"service":{"name":"marketops-server","version":"0.1.0-SNAPSHOT","environment":"ci","node":{}},"message":"Metadata change recorded","ecs":{"version":"8.11"},"application":"marketops-server","environment":"ci","buildVersion":"0.1.0-SNAPSHOT","correlationId":"none","event":"metadata_change_recorded","sourceDomain":"operationsworkflow","entityType":"approval-decision","entityId":"0080c8df-ae70-4127-a8f0-a0a1d1421259","action":"APPROVAL_DECISION","actorId":"1e0c2675-52cc-43b8-809f-9dfe9bee08ac"}
{"@timestamp":"2026-09-06T10:30:29.730976Z","log":{"level":"INFO","logger":"com.mimococo.marketops.adminobservability.internal.audit.JdbcMetadataAuditStore"},"process":{"pid":4503,"thread":{"name":"main"}},"service":{"name":"marketops-server","version":"0.1.0-SNAPSHOT","environment":"ci","node":{}},"message":"Metadata change recorded","ecs":{"version":"8.11"},"application":"marketops-server","environment":"ci","buildVersion":"0.1.0-SNAPSHOT","correlationId":"none","event":"metadata_change_recorded","sourceDomain":"operationsworkflow","entityType":"recommendation","entityId":"e8b59c44-8481-4aa8-9e7e-4bc8d52878f0","action":"STATUS_CHANGE","actorId":"1e0c2675-52cc-43b8-809f-9dfe9bee08ac"}
{"@timestamp":"2026-09-06T10:30:29.858200Z","log":{"level":"INFO","logger":"com.mimococo.marketops.adminobservability.internal.audit.JdbcMetadataAuditStore"},"process":{"pid":4503,"thread":{"name":"main"}},"service":{"name":"marketops-server","version":"0.1.0-SNAPSHOT","environment":"ci","node":{}},"message":"Metadata change recorded","ecs":{"version":"8.11"},"application":"marketops-server","environment":"ci","buildVersion":"0.1.0-SNAPSHOT","correlationId":"none","event":"metadata_change_recorded","sourceDomain":"operationsworkflow","entityType":"recommendation","entityId":"e8b59c44-8481-4aa8-9e7e-4bc8d52878f0","action":"STATUS_CHANGE","actorId":"1e0c2675-52cc-43b8-809f-9dfe9bee08ac"}
{"@timestamp":"2026-09-06T10:30:29.859063Z","log":{"level":"INFO","logger":"com.mimococo.marketops.adminobservability.internal.audit.JdbcMetadataAuditStore"},"process":{"pid":4503,"thread":{"name":"main"}},"service":{"name":"marketops-server","version":"0.1.0-SNAPSHOT","environment":"ci","node":{}},"message":"Metadata change recorded","ecs":{"version":"8.11"},"application":"marketops-server","environment":"ci","buildVersion":"0.1.0-SNAPSHOT","correlationId":"none","event":"metadata_change_recorded","sourceDomain":"operationsworkflow","entityType":"recommendation","entityId":"e8b59c44-8481-4aa8-9e7e-4bc8d52878f0","action":"COMMAND_TRANSITION","actorId":"1e0c2675-52cc-43b8-809f-9dfe9bee08ac"}
{"@timestamp":"2026-09-06T10:30:29.943161Z","log":{"level":"WARN","logger":"com.mimococo.marketops.marketplaceintegration.internal.application.AdBidCommandWorker"},"process":{"pid":4503,"thread":{"name":"main"}},"service":{"name":"marketops-server","version":"0.1.0-SNAPSHOT","environment":"ci","node":{}},"message":"event=ad_bid_command_not_advanced commandId=0a84e2b8-88c3-4d30-8192-c3c97b0a0e27 state=PENDING failureType=UncategorizedSQLException","ecs":{"version":"8.11"},"application":"marketops-server","environment":"ci","buildVersion":"0.1.0-SNAPSHOT","correlationId":"none"}
{"@timestamp":"2026-09-06T10:30:29.965791Z","log":{"level":"WARN","logger":"com.mimococo.marketops.marketplaceintegration.internal.application.AdBidCommandWorker"},"process":{"pid":4503,"thread":{"name":"main"}},"service":{"name":"marketops-server","version":"0.1.0-SNAPSHOT","environment":"ci","node":{}},"message":"event=ad_bid_command_not_advanced commandId=cd40a7a4-9df2-4aa0-8dbc-9712101b4c80 state=PENDING failureType=UncategorizedSQLException","ecs":{"version":"8.11"},"application":"marketops-server","environment":"ci","buildVersion":"0.1.0-SNAPSHOT","correlationId":"none"}
{"@timestamp":"2026-09-06T10:30:29.987487Z","log":{"level":"WARN","logger":"com.mimococo.marketops.marketplaceintegration.internal.application.AdBidCommandWorker"},"process":{"pid":4503,"thread":{"name":"main"}},"service":{"name":"marketops-server","version":"0.1.0-SNAPSHOT","environment":"ci","node":{}},"message":"event=ad_bid_command_not_advanced commandId=80ee4043-fe38-41b0-9b3f-7dfa5b6a794e state=PENDING failureType=UncategorizedSQLException","ecs":{"version":"8.11"},"application":"marketops-server","environment":"ci","buildVersion":"0.1.0-SNAPSHOT","correlationId":"none"}
]]></system-out>
  </testcase>
  <testcase name="oldSourceWithNewAcceptanceCannotProveEconomicDanger" classname="com.mimococo.marketops.advertisingefficiency.internal.application.AdvertisingEconomicCauseBoundIT" time="1.344">
    <system-out><![CDATA[{"@timestamp":"2026-09-06T10:30:31.139887Z","log":{"level":"INFO","logger":"com.mimococo.marketops.analyticsdecision.internal.application.AnalyticsCalculationService"},"process":{"pid":4503,"thread":{"name":"main"}},"service":{"name":"marketops-server","version":"0.1.0-SNAPSHOT","environment":"ci","node":{}},"message":"An analytics run completed","ecs":{"version":"8.11"},"application":"marketops-server","environment":"ci","buildVersion":"0.1.0-SNAPSHOT","correlationId":"none","event":"analytics_run_completed","storeId":"dc508896-4c78-4133-9889-1aa976412e81","window":"D30","subjectCount":1,"valueCount":33,"findingCount":9}
{"@timestamp":"2026-09-06T10:30:31.221169Z","log":{"level":"INFO","logger":"com.mimococo.marketops.adminobservability.internal.audit.JdbcMetadataAuditStore"},"process":{"pid":4503,"thread":{"name":"main"}},"service":{"name":"marketops-server","version":"0.1.0-SNAPSHOT","environment":"ci","node":{}},"message":"Metadata change recorded","ecs":{"version":"8.11"},"application":"marketops-server","environment":"ci","buildVersion":"0.1.0-SNAPSHOT","correlationId":"none","event":"metadata_change_recorded","sourceDomain":"operationsworkflow","entityType":"availability_case","entityId":"476c5ead-e4c2-46f1-877e-aff93e97fdf7","action":"CREATE","actorId":"availability-risk-calculation"}
]]></system-out>
  </testcase>
  <testcase name="anExactPolicyThatDoesNotAcceptThisCauseCannotGenerateTheStep" classname="com.mimococo.marketops.advertisingefficiency.internal.application.AdvertisingEconomicCauseBoundIT" time="1.567">
    <system-out><![CDATA[{"@timestamp":"2026-09-06T10:30:32.670924Z","log":{"level":"INFO","logger":"com.mimococo.marketops.analyticsdecision.internal.application.AnalyticsCalculationService"},"process":{"pid":4503,"thread":{"name":"main"}},"service":{"name":"marketops-server","version":"0.1.0-SNAPSHOT","environment":"ci","node":{}},"message":"An analytics run completed","ecs":{"version":"8.11"},"application":"marketops-server","environment":"ci","buildVersion":"0.1.0-SNAPSHOT","correlationId":"none","event":"analytics_run_completed","storeId":"0215828b-1f9c-426b-a134-f1108ad9350e","window":"D30","subjectCount":1,"valueCount":33,"findingCount":9}
{"@timestamp":"2026-09-06T10:30:32.746517Z","log":{"level":"INFO","logger":"com.mimococo.marketops.adminobservability.internal.audit.JdbcMetadataAuditStore"},"process":{"pid":4503,"thread":{"name":"main"}},"service":{"name":"marketops-server","version":"0.1.0-SNAPSHOT","environment":"ci","node":{}},"message":"Metadata change recorded","ecs":{"version":"8.11"},"application":"marketops-server","environment":"ci","buildVersion":"0.1.0-SNAPSHOT","correlationId":"none","event":"metadata_change_recorded","sourceDomain":"operationsworkflow","entityType":"availability_case","entityId":"7049d962-1713-485f-bd8c-07725f53d23a","action":"CREATE","actorId":"availability-risk-calculation"}
]]></system-out>
  </testcase>
  <testcase name="anActualAcceptedExceptionKeepsTheEconomicCandidateInert" classname="com.mimococo.marketops.advertisingefficiency.internal.application.AdvertisingEconomicCauseBoundIT" time="1.581">
    <system-out><![CDATA[{"@timestamp":"2026-09-06T10:30:33.980183Z","log":{"level":"INFO","logger":"com.mimococo.marketops.analyticsdecision.internal.application.AnalyticsCalculationService"},"process":{"pid":4503,"thread":{"name":"main"}},"service":{"name":"marketops-server","version":"0.1.0-SNAPSHOT","environment":"ci","node":{}},"message":"An analytics run completed","ecs":{"version":"8.11"},"application":"marketops-server","environment":"ci","buildVersion":"0.1.0-SNAPSHOT","correlationId":"none","event":"analytics_run_completed","storeId":"fcf844fa-7956-4fec-90d2-8b0294af3ce7","window":"D30","subjectCount":1,"valueCount":33,"findingCount":9}
{"@timestamp":"2026-09-06T10:30:34.045293Z","log":{"level":"INFO","logger":"com.mimococo.marketops.adminobservability.internal.audit.JdbcMetadataAuditStore"},"process":{"pid":4503,"thread":{"name":"main"}},"service":{"name":"marketops-server","version":"0.1.0-SNAPSHOT","environment":"ci","node":{}},"message":"Metadata change recorded","ecs":{"version":"8.11"},"application":"marketops-server","environment":"ci","buildVersion":"0.1.0-SNAPSHOT","correlationId":"none","event":"metadata_change_recorded","sourceDomain":"operationsworkflow","entityType":"availability_case","entityId":"1c7d6487-5131-43fe-8b5e-3be6747604e2","action":"CREATE","actorId":"availability-risk-calculation"}
{"@timestamp":"2026-09-06T10:30:34.164566Z","log":{"level":"INFO","logger":"com.mimococo.marketops.adminobservability.internal.audit.JdbcMetadataAuditStore"},"process":{"pid":4503,"thread":{"name":"main"}},"service":{"name":"marketops-server","version":"0.1.0-SNAPSHOT","environment":"ci","node":{}},"message":"Metadata change recorded","ecs":{"version":"8.11"},"application":"marketops-server","environment":"ci","buildVersion":"0.1.0-SNAPSHOT","correlationId":"none","event":"metadata_change_recorded","sourceDomain":"operationsworkflow","entityType":"recommendation","entityId":"f40fffe8-4b52-4815-bb5a-a274e3baa63e","action":"CREATE","actorId":"advertising-calculation"}
]]></system-out>
  </testcase>
  <testcase name="revokedMakerScopeCannotSelectTheEconomicCandidate" classname="com.mimococo.marketops.advertisingefficiency.internal.application.AdvertisingEconomicCauseBoundIT" time="1.489">
    <system-out><![CDATA[{"@timestamp":"2026-09-06T10:30:35.544940Z","log":{"level":"INFO","logger":"com.mimococo.marketops.analyticsdecision.internal.application.AnalyticsCalculationService"},"process":{"pid":4503,"thread":{"name":"main"}},"service":{"name":"marketops-server","version":"0.1.0-SNAPSHOT","environment":"ci","node":{}},"message":"An analytics run completed","ecs":{"version":"8.11"},"application":"marketops-server","environment":"ci","buildVersion":"0.1.0-SNAPSHOT","correlationId":"none","event":"analytics_run_completed","storeId":"cbb003d2-8ee9-4210-a1a1-ebbd3d442a51","window":"D30","subjectCount":1,"valueCount":33,"findingCount":9}
{"@timestamp":"2026-09-06T10:30:35.633879Z","log":{"level":"INFO","logger":"com.mimococo.marketops.adminobservability.internal.audit.JdbcMetadataAuditStore"},"process":{"pid":4503,"thread":{"name":"main"}},"service":{"name":"marketops-server","version":"0.1.0-SNAPSHOT","environment":"ci","node":{}},"message":"Metadata change recorded","ecs":{"version":"8.11"},"application":"marketops-server","environment":"ci","buildVersion":"0.1.0-SNAPSHOT","correlationId":"none","event":"metadata_change_recorded","sourceDomain":"operationsworkflow","entityType":"availability_case","entityId":"3bdf273b-3a0d-430a-be5c-69d4f4f5ef07","action":"CREATE","actorId":"availability-risk-calculation"}
{"@timestamp":"2026-09-06T10:30:35.786756Z","log":{"level":"INFO","logger":"com.mimococo.marketops.adminobservability.internal.audit.JdbcMetadataAuditStore"},"process":{"pid":4503,"thread":{"name":"main"}},"service":{"name":"marketops-server","version":"0.1.0-SNAPSHOT","environment":"ci","node":{}},"message":"Metadata change recorded","ecs":{"version":"8.11"},"application":"marketops-server","environment":"ci","buildVersion":"0.1.0-SNAPSHOT","correlationId":"none","event":"metadata_change_recorded","sourceDomain":"operationsworkflow","entityType":"recommendation","entityId":"e84e9083-a1eb-4266-b14f-59107febd764","action":"CREATE","actorId":"advertising-calculation"}
]]></system-out>
  </testcase>
  <testcase name="aNewerFavorableUnrelatedMetricWindowCannotReplaceTheApplicableHistoricalCohort" classname="com.mimococo.marketops.advertisingefficiency.internal.application.AdvertisingEconomicCauseBoundIT" time="1.904">
    <system-out><![CDATA[{"@timestamp":"2026-09-06T10:30:37.391102Z","log":{"level":"INFO","logger":"com.mimococo.marketops.analyticsdecision.internal.application.AnalyticsCalculationService"},"process":{"pid":4503,"thread":{"name":"main"}},"service":{"name":"marketops-server","version":"0.1.0-SNAPSHOT","environment":"ci","node":{}},"message":"An analytics run completed","ecs":{"version":"8.11"},"application":"marketops-server","environment":"ci","buildVersion":"0.1.0-SNAPSHOT","correlationId":"none","event":"analytics_run_completed","storeId":"a6a209f6-7242-4777-9eec-e8c03344515d","window":"D30","subjectCount":1,"valueCount":33,"findingCount":9}
{"@timestamp":"2026-09-06T10:30:37.841791Z","log":{"level":"INFO","logger":"com.mimococo.marketops.analyticsdecision.internal.application.AnalyticsCalculationService"},"process":{"pid":4503,"thread":{"name":"main"}},"service":{"name":"marketops-server","version":"0.1.0-SNAPSHOT","environment":"ci","node":{}},"message":"An analytics run completed","ecs":{"version":"8.11"},"application":"marketops-server","environment":"ci","buildVersion":"0.1.0-SNAPSHOT","correlationId":"none","event":"analytics_run_completed","storeId":"a6a209f6-7242-4777-9eec-e8c03344515d","window":"D30","subjectCount":1,"valueCount":33,"findingCount":9}
]]></system-out>
  </testcase>
  <testcase name="aNewerReportSegmentDoesNotRefreshTheOlderConsumedSource" classname="com.mimococo.marketops.advertisingefficiency.internal.application.AdvertisingEconomicCauseBoundIT" time="1.578">
    <system-out><![CDATA[{"@timestamp":"2026-09-06T10:30:39.243503Z","log":{"level":"INFO","logger":"com.mimococo.marketops.analyticsdecision.internal.application.AnalyticsCalculationService"},"process":{"pid":4503,"thread":{"name":"main"}},"service":{"name":"marketops-server","version":"0.1.0-SNAPSHOT","environment":"ci","node":{}},"message":"An analytics run completed","ecs":{"version":"8.11"},"application":"marketops-server","environment":"ci","buildVersion":"0.1.0-SNAPSHOT","correlationId":"none","event":"analytics_run_completed","storeId":"c1ae3fd3-04ee-4f73-b616-29d9e6c34e2a","window":"D30","subjectCount":1,"valueCount":33,"findingCount":9}
{"@timestamp":"2026-09-06T10:30:39.320742Z","log":{"level":"INFO","logger":"com.mimococo.marketops.adminobservability.internal.audit.JdbcMetadataAuditStore"},"process":{"pid":4503,"thread":{"name":"main"}},"service":{"name":"marketops-server","version":"0.1.0-SNAPSHOT","environment":"ci","node":{}},"message":"Metadata change recorded","ecs":{"version":"8.11"},"application":"marketops-server","environment":"ci","buildVersion":"0.1.0-SNAPSHOT","correlationId":"none","event":"metadata_change_recorded","sourceDomain":"operationsworkflow","entityType":"availability_case","entityId":"eceb3290-1e94-4c90-8ea0-a71702edcd99","action":"CREATE","actorId":"availability-risk-calculation"}
]]></system-out>
  </testcase>
  <testcase name="economicDependencyExemptionRetainsEveryNonConversionBlockerInJavaAndSql(String)[1]" classname="com.mimococo.marketops.advertisingefficiency.internal.application.AdvertisingEconomicCauseBoundIT" time="0.46"/>
  <testcase name="economicDependencyExemptionRetainsEveryNonConversionBlockerInJavaAndSql(String)[2]" classname="com.mimococo.marketops.advertisingefficiency.internal.application.AdvertisingEconomicCauseBoundIT" time="0.474"/>
  <testcase name="economicDependencyExemptionRetainsEveryNonConversionBlockerInJavaAndSql(String)[3]" classname="com.mimococo.marketops.advertisingefficiency.internal.application.AdvertisingEconomicCauseBoundIT" time="0.492"/>
  <testcase name="economicDependencyExemptionRetainsEveryNonConversionBlockerInJavaAndSql(String)[4]" classname="com.mimococo.marketops.advertisingefficiency.internal.application.AdvertisingEconomicCauseBoundIT" time="0.488"/>
  <testcase name="economicDependencyExemptionRetainsEveryNonConversionBlockerInJavaAndSql(String)[5]" classname="com.mimococo.marketops.advertisingefficiency.internal.application.AdvertisingEconomicCauseBoundIT" time="0.466"/>
  <testcase name="economicDependencyExemptionRetainsEveryNonConversionBlockerInJavaAndSql(String)[6]" classname="com.mimococo.marketops.advertisingefficiency.internal.application.AdvertisingEconomicCauseBoundIT" time="0.522"/>
  <testcase name="economicDependencyExemptionRetainsEveryNonConversionBlockerInJavaAndSql(String)[7]" classname="com.mimococo.marketops.advertisingefficiency.internal.application.AdvertisingEconomicCauseBoundIT" time="0.508"/>
  <testcase name="economicDependencyExemptionRetainsEveryNonConversionBlockerInJavaAndSql(String)[8]" classname="com.mimococo.marketops.advertisingefficiency.internal.application.AdvertisingEconomicCauseBoundIT" time="0.479"/>
  <testcase name="economicDependencyExemptionRetainsEveryNonConversionBlockerInJavaAndSql(String)[9]" classname="com.mimococo.marketops.advertisingefficiency.internal.application.AdvertisingEconomicCauseBoundIT" time="0.429"/>
  <testcase name="economicDependencyExemptionRetainsEveryNonConversionBlockerInJavaAndSql(String)[10]" classname="com.mimococo.marketops.advertisingefficiency.internal.application.AdvertisingEconomicCauseBoundIT" time="0.427"/>
  <testcase name="completeNegativeEconomicsWithUnavailableConversionTraversesTheActualGovernedPath" classname="com.mimococo.marketops.advertisingefficiency.internal.application.AdvertisingEconomicCauseBoundIT" time="2.517">
    <system-out><![CDATA[{"@timestamp":"2026-09-06T10:30:45.415804Z","log":{"level":"INFO","logger":"com.mimococo.marketops.analyticsdecision.internal.application.AnalyticsCalculationService"},"process":{"pid":4503,"thread":{"name":"main"}},"service":{"name":"marketops-server","version":"0.1.0-SNAPSHOT","environment":"ci","node":{}},"message":"An analytics run completed","ecs":{"version":"8.11"},"application":"marketops-server","environment":"ci","buildVersion":"0.1.0-SNAPSHOT","correlationId":"none","event":"analytics_run_completed","storeId":"d257ac8b-da69-4d40-8feb-a1bc468b43d7","window":"D30","subjectCount":1,"valueCount":33,"findingCount":9}
{"@timestamp":"2026-09-06T10:30:45.498599Z","log":{"level":"INFO","logger":"com.mimococo.marketops.adminobservability.internal.audit.JdbcMetadataAuditStore"},"process":{"pid":4503,"thread":{"name":"main"}},"service":{"name":"marketops-server","version":"0.1.0-SNAPSHOT","environment":"ci","node":{}},"message":"Metadata change recorded","ecs":{"version":"8.11"},"application":"marketops-server","environment":"ci","buildVersion":"0.1.0-SNAPSHOT","correlationId":"none","event":"metadata_change_recorded","sourceDomain":"operationsworkflow","entityType":"availability_case","entityId":"cf25f1a8-f1e7-47b6-9fc6-8c5ecc39be59","action":"CREATE","actorId":"availability-risk-calculation"}
{"@timestamp":"2026-09-06T10:30:45.648516Z","log":{"level":"INFO","logger":"com.mimococo.marketops.adminobservability.internal.audit.JdbcMetadataAuditStore"},"process":{"pid":4503,"thread":{"name":"main"}},"service":{"name":"marketops-server","version":"0.1.0-SNAPSHOT","environment":"ci","node":{}},"message":"Metadata change recorded","ecs":{"version":"8.11"},"application":"marketops-server","environment":"ci","buildVersion":"0.1.0-SNAPSHOT","correlationId":"none","event":"metadata_change_recorded","sourceDomain":"operationsworkflow","entityType":"recommendation","entityId":"e0c1f0b4-e2ec-4100-8192-4f31d64a551a","action":"CREATE","actorId":"advertising-calculation"}
{"@timestamp":"2026-09-06T10:30:46.018063Z","log":{"level":"INFO","logger":"com.mimococo.marketops.adminobservability.internal.audit.JdbcMetadataAuditStore"},"process":{"pid":4503,"thread":{"name":"main"}},"service":{"name":"marketops-server","version":"0.1.0-SNAPSHOT","environment":"ci","node":{}},"message":"Metadata change recorded","ecs":{"version":"8.11"},"application":"marketops-server","environment":"ci","buildVersion":"0.1.0-SNAPSHOT","correlationId":"none","event":"metadata_change_recorded","sourceDomain":"operationsworkflow","entityType":"recommendation","entityId":"e0c1f0b4-e2ec-4100-8192-4f31d64a551a","action":"STATUS_CHANGE","actorId":"34a6bdb6-ca94-4411-a90c-e58b614e6975"}
{"@timestamp":"2026-09-06T10:30:46.133079Z","log":{"level":"INFO","logger":"com.mimococo.marketops.adminobservability.internal.audit.JdbcMetadataAuditStore"},"process":{"pid":4503,"thread":{"name":"main"}},"service":{"name":"marketops-server","version":"0.1.0-SNAPSHOT","environment":"ci","node":{}},"message":"Metadata change recorded","ecs":{"version":"8.11"},"application":"marketops-server","environment":"ci","buildVersion":"0.1.0-SNAPSHOT","correlationId":"none","event":"metadata_change_recorded","sourceDomain":"operationsworkflow","entityType":"recommendation","entityId":"e0c1f0b4-e2ec-4100-8192-4f31d64a551a","action":"STATUS_CHANGE","actorId":"879136d3-6ac2-4595-9733-7a2f9823b3c8"}
{"@timestamp":"2026-09-06T10:30:46.296888Z","log":{"level":"INFO","logger":"com.mimococo.marketops.adminobservability.internal.audit.JdbcMetadataAuditStore"},"process":{"pid":4503,"thread":{"name":"main"}},"service":{"name":"marketops-server","version":"0.1.0-SNAPSHOT","environment":"ci","node":{}},"message":"Metadata change recorded","ecs":{"version":"8.11"},"application":"marketops-server","environment":"ci","buildVersion":"0.1.0-SNAPSHOT","correlationId":"none","event":"metadata_change_recorded","sourceDomain":"operationsworkflow","entityType":"approval-decision","entityId":"da46d256-2f08-48cd-9085-bf439a88592e","action":"APPROVAL_DECISION","actorId":"3eec4e64-2a97-4a3a-b325-6d75baeab48a"}
{"@timestamp":"2026-09-06T10:30:46.298842Z","log":{"level":"INFO","logger":"com.mimococo.marketops.adminobservability.internal.audit.JdbcMetadataAuditStore"},"process":{"pid":4503,"thread":{"name":"main"}},"service":{"name":"marketops-server","version":"0.1.0-SNAPSHOT","environment":"ci","node":{}},"message":"Metadata change recorded","ecs":{"version":"8.11"},"application":"marketops-server","environment":"ci","buildVersion":"0.1.0-SNAPSHOT","correlationId":"none","event":"metadata_change_recorded","sourceDomain":"operationsworkflow","entityType":"recommendation","entityId":"e0c1f0b4-e2ec-4100-8192-4f31d64a551a","action":"STATUS_CHANGE","actorId":"3eec4e64-2a97-4a3a-b325-6d75baeab48a"}
{"@timestamp":"2026-09-06T10:30:46.422209Z","log":{"level":"INFO","logger":"com.mimococo.marketops.adminobservability.internal.audit.JdbcMetadataAuditStore"},"process":{"pid":4503,"thread":{"name":"main"}},"service":{"name":"marketops-server","version":"0.1.0-SNAPSHOT","environment":"ci","node":{}},"message":"Metadata change recorded","ecs":{"version":"8.11"},"application":"marketops-server","environment":"ci","buildVersion":"0.1.0-SNAPSHOT","correlationId":"none","event":"metadata_change_recorded","sourceDomain":"operationsworkflow","entityType":"recommendation","entityId":"e0c1f0b4-e2ec-4100-8192-4f31d64a551a","action":"STATUS_CHANGE","actorId":"3eec4e64-2a97-4a3a-b325-6d75baeab48a"}
{"@timestamp":"2026-09-06T10:30:46.424209Z","log":{"level":"INFO","logger":"com.mimococo.marketops.adminobservability.internal.audit.JdbcMetadataAuditStore"},"process":{"pid":4503,"thread":{"name":"main"}},"service":{"name":"marketops-server","version":"0.1.0-SNAPSHOT","environment":"ci","node":{}},"message":"Metadata change recorded","ecs":{"version":"8.11"},"application":"marketops-server","environment":"ci","buildVersion":"0.1.0-SNAPSHOT","correlationId":"none","event":"metadata_change_recorded","sourceDomain":"operationsworkflow","entityType":"recommendation","entityId":"e0c1f0b4-e2ec-4100-8192-4f31d64a551a","action":"COMMAND_TRANSITION","actorId":"3eec4e64-2a97-4a3a-b325-6d75baeab48a"}
{"@timestamp":"2026-09-06T10:30:46.499786Z","log":{"level":"WARN","logger":"com.mimococo.marketops.marketplaceintegration.internal.application.AdBidCommandWorker"},"process":{"pid":4503,"thread":{"name":"main"}},"service":{"name":"marketops-server","version":"0.1.0-SNAPSHOT","environment":"ci","node":{}},"message":"event=ad_bid_command_not_advanced commandId=0a84e2b8-88c3-4d30-8192-c3c97b0a0e27 state=PENDING failureType=UncategorizedSQLException","ecs":{"version":"8.11"},"application":"marketops-server","environment":"ci","buildVersion":"0.1.0-SNAPSHOT","correlationId":"none"}
{"@timestamp":"2026-09-06T10:30:46.523993Z","log":{"level":"WARN","logger":"com.mimococo.marketops.marketplaceintegration.internal.application.AdBidCommandWorker"},"process":{"pid":4503,"thread":{"name":"main"}},"service":{"name":"marketops-server","version":"0.1.0-SNAPSHOT","environment":"ci","node":{}},"message":"event=ad_bid_command_not_advanced commandId=cd40a7a4-9df2-4aa0-8dbc-9712101b4c80 state=PENDING failureType=UncategorizedSQLException","ecs":{"version":"8.11"},"application":"marketops-server","environment":"ci","buildVersion":"0.1.0-SNAPSHOT","correlationId":"none"}
{"@timestamp":"2026-09-06T10:30:46.547711Z","log":{"level":"WARN","logger":"com.mimococo.marketops.marketplaceintegration.internal.application.AdBidCommandWorker"},"process":{"pid":4503,"thread":{"name":"main"}},"service":{"name":"marketops-server","version":"0.1.0-SNAPSHOT","environment":"ci","node":{}},"message":"event=ad_bid_command_not_advanced commandId=80ee4043-fe38-41b0-9b3f-7dfa5b6a794e state=PENDING failureType=UncategorizedSQLException","ecs":{"version":"8.11"},"application":"marketops-server","environment":"ci","buildVersion":"0.1.0-SNAPSHOT","correlationId":"none"}
{"@timestamp":"2026-09-06T10:30:46.671288Z","log":{"level":"WARN","logger":"com.mimococo.marketops.marketplaceintegration.internal.application.AdBidCommandWorker"},"process":{"pid":4503,"thread":{"name":"main"}},"service":{"name":"marketops-server","version":"0.1.0-SNAPSHOT","environment":"ci","node":{}},"message":"event=ad_bid_command_not_advanced commandId=0a84e2b8-88c3-4d30-8192-c3c97b0a0e27 state=PENDING failureType=UncategorizedSQLException","ecs":{"version":"8.11"},"application":"marketops-server","environment":"ci","buildVersion":"0.1.0-SNAPSHOT","correlationId":"none"}
{"@timestamp":"2026-09-06T10:30:46.693931Z","log":{"level":"WARN","logger":"com.mimococo.marketops.marketplaceintegration.internal.application.AdBidCommandWorker"},"process":{"pid":4503,"thread":{"name":"main"}},"service":{"name":"marketops-server","version":"0.1.0-SNAPSHOT","environment":"ci","node":{}},"message":"event=ad_bid_command_not_advanced commandId=cd40a7a4-9df2-4aa0-8dbc-9712101b4c80 state=PENDING failureType=UncategorizedSQLException","ecs":{"version":"8.11"},"application":"marketops-server","environment":"ci","buildVersion":"0.1.0-SNAPSHOT","correlationId":"none"}
{"@timestamp":"2026-09-06T10:30:46.720428Z","log":{"level":"WARN","logger":"com.mimococo.marketops.marketplaceintegration.internal.application.AdBidCommandWorker"},"process":{"pid":4503,"thread":{"name":"main"}},"service":{"name":"marketops-server","version":"0.1.0-SNAPSHOT","environment":"ci","node":{}},"message":"event=ad_bid_command_not_advanced commandId=80ee4043-fe38-41b0-9b3f-7dfa5b6a794e state=PENDING failureType=UncategorizedSQLException","ecs":{"version":"8.11"},"application":"marketops-server","environment":"ci","buildVersion":"0.1.0-SNAPSHOT","correlationId":"none"}
]]></system-out>
  </testcase>
  <testcase name="JavaAndSqlUseTheSameEvidenceKindsForEveryBasisAndCause" classname="com.mimococo.marketops.advertisingefficiency.internal.application.AdvertisingEconomicCauseBoundIT" time="0.589"/>
  <testcase name="everyCauseDependencyIsRequiredAtTheRealPlannerAndPreview(String)[1]" classname="com.mimococo.marketops.advertisingefficiency.internal.application.AdvertisingEconomicCauseBoundIT" time="1.782">
    <system-out><![CDATA[{"@timestamp":"2026-09-06T10:30:48.658887Z","log":{"level":"INFO","logger":"com.mimococo.marketops.analyticsdecision.internal.application.AnalyticsCalculationService"},"process":{"pid":4503,"thread":{"name":"main"}},"service":{"name":"marketops-server","version":"0.1.0-SNAPSHOT","environment":"ci","node":{}},"message":"An analytics run completed","ecs":{"version":"8.11"},"application":"marketops-server","environment":"ci","buildVersion":"0.1.0-SNAPSHOT","correlationId":"none","event":"analytics_run_completed","storeId":"7082d274-3acc-4419-911e-583f37d7beb7","window":"D30","subjectCount":1,"valueCount":33,"findingCount":9}
{"@timestamp":"2026-09-06T10:30:48.759400Z","log":{"level":"INFO","logger":"com.mimococo.marketops.adminobservability.internal.audit.JdbcMetadataAuditStore"},"process":{"pid":4503,"thread":{"name":"main"}},"service":{"name":"marketops-server","version":"0.1.0-SNAPSHOT","environment":"ci","node":{}},"message":"Metadata change recorded","ecs":{"version":"8.11"},"application":"marketops-server","environment":"ci","buildVersion":"0.1.0-SNAPSHOT","correlationId":"none","event":"metadata_change_recorded","sourceDomain":"operationsworkflow","entityType":"availability_case","entityId":"ef728e4a-bb81-4487-8628-f97bbf26cee8","action":"CREATE","actorId":"availability-risk-calculation"}
{"@timestamp":"2026-09-06T10:30:48.926750Z","log":{"level":"INFO","logger":"com.mimococo.marketops.adminobservability.internal.audit.JdbcMetadataAuditStore"},"process":{"pid":4503,"thread":{"name":"main"}},"service":{"name":"marketops-server","version":"0.1.0-SNAPSHOT","environment":"ci","node":{}},"message":"Metadata change recorded","ecs":{"version":"8.11"},"application":"marketops-server","environment":"ci","buildVersion":"0.1.0-SNAPSHOT","correlationId":"none","event":"metadata_change_recorded","sourceDomain":"operationsworkflow","entityType":"recommendation","entityId":"795900fe-9caa-4b08-bf14-0c14460cd9d9","action":"CREATE","actorId":"advertising-calculation"}
]]></system-out>
  </testcase>
  <testcase name="everyCauseDependencyIsRequiredAtTheRealPlannerAndPreview(String)[2]" classname="com.mimococo.marketops.advertisingefficiency.internal.application.AdvertisingEconomicCauseBoundIT" time="1.526">
    <system-out><![CDATA[{"@timestamp":"2026-09-06T10:30:50.234975Z","log":{"level":"INFO","logger":"com.mimococo.marketops.analyticsdecision.internal.application.AnalyticsCalculationService"},"process":{"pid":4503,"thread":{"name":"main"}},"service":{"name":"marketops-server","version":"0.1.0-SNAPSHOT","environment":"ci","node":{}},"message":"An analytics run completed","ecs":{"version":"8.11"},"application":"marketops-server","environment":"ci","buildVersion":"0.1.0-SNAPSHOT","correlationId":"none","event":"analytics_run_completed","storeId":"0064fbf7-0c9a-47f0-a27a-bafdb1be4089","window":"D30","subjectCount":1,"valueCount":33,"findingCount":9}
{"@timestamp":"2026-09-06T10:30:50.309378Z","log":{"level":"INFO","logger":"com.mimococo.marketops.adminobservability.internal.audit.JdbcMetadataAuditStore"},"process":{"pid":4503,"thread":{"name":"main"}},"service":{"name":"marketops-server","version":"0.1.0-SNAPSHOT","environment":"ci","node":{}},"message":"Metadata change recorded","ecs":{"version":"8.11"},"application":"marketops-server","environment":"ci","buildVersion":"0.1.0-SNAPSHOT","correlationId":"none","event":"metadata_change_recorded","sourceDomain":"operationsworkflow","entityType":"availability_case","entityId":"d38710ce-0066-49a9-9a2b-9102881337ad","action":"CREATE","actorId":"availability-risk-calculation"}
{"@timestamp":"2026-09-06T10:30:50.442670Z","log":{"level":"INFO","logger":"com.mimococo.marketops.adminobservability.internal.audit.JdbcMetadataAuditStore"},"process":{"pid":4503,"thread":{"name":"main"}},"service":{"name":"marketops-server","version":"0.1.0-SNAPSHOT","environment":"ci","node":{}},"message":"Metadata change recorded","ecs":{"version":"8.11"},"application":"marketops-server","environment":"ci","buildVersion":"0.1.0-SNAPSHOT","correlationId":"none","event":"metadata_change_recorded","sourceDomain":"operationsworkflow","entityType":"recommendation","entityId":"ba45d6bd-e97e-4027-8d7a-0a5805479cd0","action":"CREATE","actorId":"advertising-calculation"}
]]></system-out>
  </testcase>
  <testcase name="everyCauseDependencyIsRequiredAtTheRealPlannerAndPreview(String)[3]" classname="com.mimococo.marketops.advertisingefficiency.internal.application.AdvertisingEconomicCauseBoundIT" time="1.523">
    <system-out><![CDATA[{"@timestamp":"2026-09-06T10:30:51.760284Z","log":{"level":"INFO","logger":"com.mimococo.marketops.analyticsdecision.internal.application.AnalyticsCalculationService"},"process":{"pid":4503,"thread":{"name":"main"}},"service":{"name":"marketops-server","version":"0.1.0-SNAPSHOT","environment":"ci","node":{}},"message":"An analytics run completed","ecs":{"version":"8.11"},"application":"marketops-server","environment":"ci","buildVersion":"0.1.0-SNAPSHOT","correlationId":"none","event":"analytics_run_completed","storeId":"0f01531f-f2ed-436e-8f2f-a91090a0d5dd","window":"D30","subjectCount":1,"valueCount":33,"findingCount":9}
{"@timestamp":"2026-09-06T10:30:51.830430Z","log":{"level":"INFO","logger":"com.mimococo.marketops.adminobservability.internal.audit.JdbcMetadataAuditStore"},"process":{"pid":4503,"thread":{"name":"main"}},"service":{"name":"marketops-server","version":"0.1.0-SNAPSHOT","environment":"ci","node":{}},"message":"Metadata change recorded","ecs":{"version":"8.11"},"application":"marketops-server","environment":"ci","buildVersion":"0.1.0-SNAPSHOT","correlationId":"none","event":"metadata_change_recorded","sourceDomain":"operationsworkflow","entityType":"availability_case","entityId":"584ab2de-04ff-4f22-8f86-8c4e5977f91e","action":"CREATE","actorId":"availability-risk-calculation"}
{"@timestamp":"2026-09-06T10:30:51.979373Z","log":{"level":"INFO","logger":"com.mimococo.marketops.adminobservability.internal.audit.JdbcMetadataAuditStore"},"process":{"pid":4503,"thread":{"name":"main"}},"service":{"name":"marketops-server","version":"0.1.0-SNAPSHOT","environment":"ci","node":{}},"message":"Metadata change recorded","ecs":{"version":"8.11"},"application":"marketops-server","environment":"ci","buildVersion":"0.1.0-SNAPSHOT","correlationId":"none","event":"metadata_change_recorded","sourceDomain":"operationsworkflow","entityType":"recommendation","entityId":"c42cd2bb-b730-4f95-a0fe-da2f57de296b","action":"CREATE","actorId":"advertising-calculation"}
]]></system-out>
  </testcase>
  <testcase name="everyCauseDependencyIsRequiredAtTheRealPlannerAndPreview(String)[4]" classname="com.mimococo.marketops.advertisingefficiency.internal.application.AdvertisingEconomicCauseBoundIT" time="1.571">
    <system-out><![CDATA[{"@timestamp":"2026-09-06T10:30:53.316141Z","log":{"level":"INFO","logger":"com.mimococo.marketops.analyticsdecision.internal.application.AnalyticsCalculationService"},"process":{"pid":4503,"thread":{"name":"main"}},"service":{"name":"marketops-server","version":"0.1.0-SNAPSHOT","environment":"ci","node":{}},"message":"An analytics run completed","ecs":{"version":"8.11"},"application":"marketops-server","environment":"ci","buildVersion":"0.1.0-SNAPSHOT","correlationId":"none","event":"analytics_run_completed","storeId":"4b91042c-5db9-4c4c-b693-2725995584d9","window":"D30","subjectCount":1,"valueCount":33,"findingCount":9}
{"@timestamp":"2026-09-06T10:30:53.376735Z","log":{"level":"INFO","logger":"com.mimococo.marketops.adminobservability.internal.audit.JdbcMetadataAuditStore"},"process":{"pid":4503,"thread":{"name":"main"}},"service":{"name":"marketops-server","version":"0.1.0-SNAPSHOT","environment":"ci","node":{}},"message":"Metadata change recorded","ecs":{"version":"8.11"},"application":"marketops-server","environment":"ci","buildVersion":"0.1.0-SNAPSHOT","correlationId":"none","event":"metadata_change_recorded","sourceDomain":"operationsworkflow","entityType":"availability_case","entityId":"2aa590b7-51b7-4b18-b147-6dcc19606d6b","action":"CREATE","actorId":"availability-risk-calculation"}
{"@timestamp":"2026-09-06T10:30:53.536478Z","log":{"level":"INFO","logger":"com.mimococo.marketops.adminobservability.internal.audit.JdbcMetadataAuditStore"},"process":{"pid":4503,"thread":{"name":"main"}},"service":{"name":"marketops-server","version":"0.1.0-SNAPSHOT","environment":"ci","node":{}},"message":"Metadata change recorded","ecs":{"version":"8.11"},"application":"marketops-server","environment":"ci","buildVersion":"0.1.0-SNAPSHOT","correlationId":"none","event":"metadata_change_recorded","sourceDomain":"operationsworkflow","entityType":"recommendation","entityId":"2b8a1846-21c0-448c-b7a3-0d3d04b257d5","action":"CREATE","actorId":"advertising-calculation"}
]]></system-out>
  </testcase>
  <testcase name="everyCauseDependencyIsRequiredAtTheRealPlannerAndPreview(String)[5]" classname="com.mimococo.marketops.advertisingefficiency.internal.application.AdvertisingEconomicCauseBoundIT" time="1.487">
    <system-out><![CDATA[{"@timestamp":"2026-09-06T10:30:54.866515Z","log":{"level":"INFO","logger":"com.mimococo.marketops.analyticsdecision.internal.application.AnalyticsCalculationService"},"process":{"pid":4503,"thread":{"name":"main"}},"service":{"name":"marketops-server","version":"0.1.0-SNAPSHOT","environment":"ci","node":{}},"message":"An analytics run completed","ecs":{"version":"8.11"},"application":"marketops-server","environment":"ci","buildVersion":"0.1.0-SNAPSHOT","correlationId":"none","event":"analytics_run_completed","storeId":"0be099b2-219e-4c4c-93eb-deb76e2941d0","window":"D30","subjectCount":1,"valueCount":33,"findingCount":9}
{"@timestamp":"2026-09-06T10:30:54.938182Z","log":{"level":"INFO","logger":"com.mimococo.marketops.adminobservability.internal.audit.JdbcMetadataAuditStore"},"process":{"pid":4503,"thread":{"name":"main"}},"service":{"name":"marketops-server","version":"0.1.0-SNAPSHOT","environment":"ci","node":{}},"message":"Metadata change recorded","ecs":{"version":"8.11"},"application":"marketops-server","environment":"ci","buildVersion":"0.1.0-SNAPSHOT","correlationId":"none","event":"metadata_change_recorded","sourceDomain":"operationsworkflow","entityType":"availability_case","entityId":"5f77899e-0e4b-4cd1-8d62-7074801f8fd9","action":"CREATE","actorId":"availability-risk-calculation"}
{"@timestamp":"2026-09-06T10:30:55.072360Z","log":{"level":"INFO","logger":"com.mimococo.marketops.adminobservability.internal.audit.JdbcMetadataAuditStore"},"process":{"pid":4503,"thread":{"name":"main"}},"service":{"name":"marketops-server","version":"0.1.0-SNAPSHOT","environment":"ci","node":{}},"message":"Metadata change recorded","ecs":{"version":"8.11"},"application":"marketops-server","environment":"ci","buildVersion":"0.1.0-SNAPSHOT","correlationId":"none","event":"metadata_change_recorded","sourceDomain":"operationsworkflow","entityType":"recommendation","entityId":"c098e8a6-1385-4506-9268-e0aaa5f1d806","action":"CREATE","actorId":"advertising-calculation"}
]]></system-out>
  </testcase>
  <testcase name="everyCauseDependencyIsRequiredAtTheRealPlannerAndPreview(String)[6]" classname="com.mimococo.marketops.advertisingefficiency.internal.application.AdvertisingEconomicCauseBoundIT" time="1.55">
    <system-out><![CDATA[{"@timestamp":"2026-09-06T10:30:56.333523Z","log":{"level":"INFO","logger":"com.mimococo.marketops.analyticsdecision.internal.application.AnalyticsCalculationService"},"process":{"pid":4503,"thread":{"name":"main"}},"service":{"name":"marketops-server","version":"0.1.0-SNAPSHOT","environment":"ci","node":{}},"message":"An analytics run completed","ecs":{"version":"8.11"},"application":"marketops-server","environment":"ci","buildVersion":"0.1.0-SNAPSHOT","correlationId":"none","event":"analytics_run_completed","storeId":"32bc8cbb-6851-4d45-8497-4e9bdda3bf11","window":"D30","subjectCount":1,"valueCount":33,"findingCount":9}
{"@timestamp":"2026-09-06T10:30:56.408939Z","log":{"level":"INFO","logger":"com.mimococo.marketops.adminobservability.internal.audit.JdbcMetadataAuditStore"},"process":{"pid":4503,"thread":{"name":"main"}},"service":{"name":"marketops-server","version":"0.1.0-SNAPSHOT","environment":"ci","node":{}},"message":"Metadata change recorded","ecs":{"version":"8.11"},"application":"marketops-server","environment":"ci","buildVersion":"0.1.0-SNAPSHOT","correlationId":"none","event":"metadata_change_recorded","sourceDomain":"operationsworkflow","entityType":"availability_case","entityId":"3a36d2f5-fb3a-4186-8dce-0105f93721b8","action":"CREATE","actorId":"availability-risk-calculation"}
{"@timestamp":"2026-09-06T10:30:56.569275Z","log":{"level":"INFO","logger":"com.mimococo.marketops.adminobservability.internal.audit.JdbcMetadataAuditStore"},"process":{"pid":4503,"thread":{"name":"main"}},"service":{"name":"marketops-server","version":"0.1.0-SNAPSHOT","environment":"ci","node":{}},"message":"Metadata change recorded","ecs":{"version":"8.11"},"application":"marketops-server","environment":"ci","buildVersion":"0.1.0-SNAPSHOT","correlationId":"none","event":"metadata_change_recorded","sourceDomain":"operationsworkflow","entityType":"recommendation","entityId":"7336063b-57e9-42a5-a167-4cccff74166a","action":"CREATE","actorId":"advertising-calculation"}
]]></system-out>
  </testcase>
  <testcase name="everyCauseDependencyIsRequiredAtTheRealPlannerAndPreview(String)[7]" classname="com.mimococo.marketops.advertisingefficiency.internal.application.AdvertisingEconomicCauseBoundIT" time="1.661">
    <system-out><![CDATA[{"@timestamp":"2026-09-06T10:30:57.989908Z","log":{"level":"INFO","logger":"com.mimococo.marketops.analyticsdecision.internal.application.AnalyticsCalculationService"},"process":{"pid":4503,"thread":{"name":"main"}},"service":{"name":"marketops-server","version":"0.1.0-SNAPSHOT","environment":"ci","node":{}},"message":"An analytics run completed","ecs":{"version":"8.11"},"application":"marketops-server","environment":"ci","buildVersion":"0.1.0-SNAPSHOT","correlationId":"none","event":"analytics_run_completed","storeId":"c39add6b-12ea-4834-a530-4b3580addb70","window":"D30","subjectCount":1,"valueCount":33,"findingCount":9}
{"@timestamp":"2026-09-06T10:30:58.063993Z","log":{"level":"INFO","logger":"com.mimococo.marketops.adminobservability.internal.audit.JdbcMetadataAuditStore"},"process":{"pid":4503,"thread":{"name":"main"}},"service":{"name":"marketops-server","version":"0.1.0-SNAPSHOT","environment":"ci","node":{}},"message":"Metadata change recorded","ecs":{"version":"8.11"},"application":"marketops-server","environment":"ci","buildVersion":"0.1.0-SNAPSHOT","correlationId":"none","event":"metadata_change_recorded","sourceDomain":"operationsworkflow","entityType":"availability_case","entityId":"7a13aa18-e30e-4d67-9466-9d6a6edf2825","action":"CREATE","actorId":"availability-risk-calculation"}
{"@timestamp":"2026-09-06T10:30:58.229798Z","log":{"level":"INFO","logger":"com.mimococo.marketops.adminobservability.internal.audit.JdbcMetadataAuditStore"},"process":{"pid":4503,"thread":{"name":"main"}},"service":{"name":"marketops-server","version":"0.1.0-SNAPSHOT","environment":"ci","node":{}},"message":"Metadata change recorded","ecs":{"version":"8.11"},"application":"marketops-server","environment":"ci","buildVersion":"0.1.0-SNAPSHOT","correlationId":"none","event":"metadata_change_recorded","sourceDomain":"operationsworkflow","entityType":"recommendation","entityId":"9f65a66c-7283-4f04-9a42-f55370c1b29c","action":"CREATE","actorId":"advertising-calculation"}
]]></system-out>
  </testcase>
  <testcase name="anUnsupportedCauseCannotHaveAClearJavaOrSqlPreviewDependencySet" classname="com.mimococo.marketops.advertisingefficiency.internal.application.AdvertisingEconomicCauseBoundIT" time="0.464"/>
  <testcase name="causeBoundProofDoesNotReplaceIndependentEndorsementOrOwnerApproval" classname="com.mimococo.marketops.advertisingefficiency.internal.application.AdvertisingEconomicCauseBoundIT" time="1.75">
    <system-out><![CDATA[{"@timestamp":"2026-09-06T10:31:00.060848Z","log":{"level":"INFO","logger":"com.mimococo.marketops.analyticsdecision.internal.application.AnalyticsCalculationService"},"process":{"pid":4503,"thread":{"name":"main"}},"service":{"name":"marketops-server","version":"0.1.0-SNAPSHOT","environment":"ci","node":{}},"message":"An analytics run completed","ecs":{"version":"8.11"},"application":"marketops-server","environment":"ci","buildVersion":"0.1.0-SNAPSHOT","correlationId":"none","event":"analytics_run_completed","storeId":"e7174e36-80fd-48ec-a740-95762f467926","window":"D30","subjectCount":1,"valueCount":33,"findingCount":9}
{"@timestamp":"2026-09-06T10:31:00.136700Z","log":{"level":"INFO","logger":"com.mimococo.marketops.adminobservability.internal.audit.JdbcMetadataAuditStore"},"process":{"pid":4503,"thread":{"name":"main"}},"service":{"name":"marketops-server","version":"0.1.0-SNAPSHOT","environment":"ci","node":{}},"message":"Metadata change recorded","ecs":{"version":"8.11"},"application":"marketops-server","environment":"ci","buildVersion":"0.1.0-SNAPSHOT","correlationId":"none","event":"metadata_change_recorded","sourceDomain":"operationsworkflow","entityType":"availability_case","entityId":"3feb5e69-6fa0-432b-9ee3-30f80673205e","action":"CREATE","actorId":"availability-risk-calculation"}
{"@timestamp":"2026-09-06T10:31:00.280366Z","log":{"level":"INFO","logger":"com.mimococo.marketops.adminobservability.internal.audit.JdbcMetadataAuditStore"},"process":{"pid":4503,"thread":{"name":"main"}},"service":{"name":"marketops-server","version":"0.1.0-SNAPSHOT","environment":"ci","node":{}},"message":"Metadata change recorded","ecs":{"version":"8.11"},"application":"marketops-server","environment":"ci","buildVersion":"0.1.0-SNAPSHOT","correlationId":"none","event":"metadata_change_recorded","sourceDomain":"operationsworkflow","entityType":"recommendation","entityId":"e5f455a2-13e6-4da4-b1d4-9be44532680d","action":"CREATE","actorId":"advertising-calculation"}
{"@timestamp":"2026-09-06T10:31:00.617860Z","log":{"level":"INFO","logger":"com.mimococo.marketops.adminobservability.internal.audit.JdbcMetadataAuditStore"},"process":{"pid":4503,"thread":{"name":"main"}},"service":{"name":"marketops-server","version":"0.1.0-SNAPSHOT","environment":"ci","node":{}},"message":"Metadata change recorded","ecs":{"version":"8.11"},"application":"marketops-server","environment":"ci","buildVersion":"0.1.0-SNAPSHOT","correlationId":"none","event":"metadata_change_recorded","sourceDomain":"operationsworkflow","entityType":"recommendation","entityId":"e5f455a2-13e6-4da4-b1d4-9be44532680d","action":"STATUS_CHANGE","actorId":"954dba5e-d83f-4fb4-960e-06bad6726630"}
]]></system-out>
  </testcase>
  <testcase name="oneListingCannotReuseOneCoveredLineToAuthorizeAnotherUncoveredCohort" classname="com.mimococo.marketops.advertisingefficiency.internal.application.AdvertisingEconomicCauseBoundIT" time="1.238">
    <system-out><![CDATA[{"@timestamp":"2026-09-06T10:31:01.865413Z","log":{"level":"INFO","logger":"com.mimococo.marketops.analyticsdecision.internal.application.AnalyticsCalculationService"},"process":{"pid":4503,"thread":{"name":"main"}},"service":{"name":"marketops-server","version":"0.1.0-SNAPSHOT","environment":"ci","node":{}},"message":"An analytics run completed","ecs":{"version":"8.11"},"application":"marketops-server","environment":"ci","buildVersion":"0.1.0-SNAPSHOT","correlationId":"none","event":"analytics_run_completed","storeId":"68218a1f-bdb2-492e-a4fb-311dc55ff745","window":"D30","subjectCount":1,"valueCount":33,"findingCount":9}
]]></system-out>
  </testcase>
  <testcase name="unresolvedEconomicsNeverBecomeAnEconomicDangerOrCandidate" classname="com.mimococo.marketops.advertisingefficiency.internal.application.AdvertisingEconomicCauseBoundIT" time="1.185">
    <system-out><![CDATA[{"@timestamp":"2026-09-06T10:31:02.881991Z","log":{"level":"INFO","logger":"com.mimococo.marketops.analyticsdecision.internal.application.AnalyticsCalculationService"},"process":{"pid":4503,"thread":{"name":"main"}},"service":{"name":"marketops-server","version":"0.1.0-SNAPSHOT","environment":"ci","node":{}},"message":"An analytics run completed","ecs":{"version":"8.11"},"application":"marketops-server","environment":"ci","buildVersion":"0.1.0-SNAPSHOT","correlationId":"none","event":"analytics_run_completed","storeId":"4a816d96-5480-48b4-b7fb-93c13f1c9d76","window":"D30","subjectCount":1,"valueCount":33,"findingCount":9}
{"@timestamp":"2026-09-06T10:31:02.964997Z","log":{"level":"INFO","logger":"com.mimococo.marketops.adminobservability.internal.audit.JdbcMetadataAuditStore"},"process":{"pid":4503,"thread":{"name":"main"}},"service":{"name":"marketops-server","version":"0.1.0-SNAPSHOT","environment":"ci","node":{}},"message":"Metadata change recorded","ecs":{"version":"8.11"},"application":"marketops-server","environment":"ci","buildVersion":"0.1.0-SNAPSHOT","correlationId":"none","event":"metadata_change_recorded","sourceDomain":"operationsworkflow","entityType":"availability_case","entityId":"3f3be6c5-eb4b-477c-aab8-11b871244275","action":"CREATE","actorId":"availability-risk-calculation"}
]]></system-out>
  </testcase>
  <testcase name="onlyAnUnrelatedFavorableCanonicalWindowLeavesHistoricalEconomicsUnresolved" classname="com.mimococo.marketops.advertisingefficiency.internal.application.AdvertisingEconomicCauseBoundIT" time="1.442">
    <system-out><![CDATA[{"@timestamp":"2026-09-06T10:31:04.506974Z","log":{"level":"INFO","logger":"com.mimococo.marketops.analyticsdecision.internal.application.AnalyticsCalculationService"},"process":{"pid":4503,"thread":{"name":"main"}},"service":{"name":"marketops-server","version":"0.1.0-SNAPSHOT","environment":"ci","node":{}},"message":"An analytics run completed","ecs":{"version":"8.11"},"application":"marketops-server","environment":"ci","buildVersion":"0.1.0-SNAPSHOT","correlationId":"none","event":"analytics_run_completed","storeId":"0b73e1e1-e71c-4038-a013-e30ec992c5f8","window":"D30","subjectCount":1,"valueCount":33,"findingCount":9}
]]></system-out>
  </testcase>
</testsuite>