<?xml version="1.0" encoding="UTF-8"?>
<testsuite xmlns:xsi="http://www.w3.org/2001/XMLSchema-instance" xsi:noNamespaceSchemaLocation="https://maven.apache.org/surefire/maven-failsafe-plugin/xsd/failsafe-test-report.xsd" version="3.0.2" name="com.mimococo.marketops.AdvertisingHumanWorkflowIT" time="18.187" tests="18" errors="0" skipped="0" failures="0" flakes="0">
  <properties>
[...]
</properties>
  <testcase name="restoredRoleCannotResurrectAnExceptionAndSameTaskReopens" classname="com.mimococo.marketops.AdvertisingHumanWorkflowIT" time="0.586">
    <system-out><![CDATA[{"@timestamp":"2026-09-06T10:17:55.768351Z","log":{"level":"INFO","logger":"com.mimococo.marketops.AdvertisingHumanWorkflowIT"},"process":{"pid":4503,"thread":{"name":"main"}},"service":{"name":"marketops-server","version":"0.1.0-SNAPSHOT","environment":"ci","node":{}},"message":"Starting AdvertisingHumanWorkflowIT v0.1.0-SNAPSHOT using Java 21.0.10 with PID 4503 (started by chzhengx in /Users/chzhengx/Code/personal/marketops-platform/backend/marketops-server)","ecs":{"version":"8.11"},"application":"marketops-server","environment":"ci","buildVersion":"0.1.0-SNAPSHOT","correlationId":"none"}
{"@timestamp":"2026-09-06T10:17:55.768559Z","log":{"level":"INFO","logger":"com.mimococo.marketops.AdvertisingHumanWorkflowIT"},"process":{"pid":4503,"thread":{"name":"main"}},"service":{"name":"marketops-server","version":"0.1.0-SNAPSHOT","environment":"ci","node":{}},"message":"The following 1 profile is active: \"ci\"","ecs":{"version":"8.11"},"application":"marketops-server","environment":"ci","buildVersion":"0.1.0-SNAPSHOT","correlationId":"none"}
{"@timestamp":"2026-09-06T10:17:58.554955Z","log":{"level":"INFO","logger":"com.mimococo.marketops.AdvertisingHumanWorkflowIT"},"process":{"pid":4503,"thread":{"name":"main"}},"service":{"name":"marketops-server","version":"0.1.0-SNAPSHOT","environment":"ci","node":{}},"message":"Started AdvertisingHumanWorkflowIT in 2.801 seconds (process running for 1523.785)","ecs":{"version":"8.11"},"application":"marketops-server","environment":"ci","buildVersion":"0.1.0-SNAPSHOT","correlationId":"none"}
]]></system-out>
  </testcase>
  <testcase name="previewUsesPolicyHeadroomRatherThanRawMaxCpc(String, String, String)[1]" classname="com.mimococo.marketops.AdvertisingHumanWorkflowIT" time="0.575">
    <system-out><![CDATA[{"@timestamp":"2026-09-06T10:17:59.567783Z","log":{"level":"INFO","logger":"com.mimococo.marketops.adminobservability.internal.audit.JdbcMetadataAuditStore"},"process":{"pid":4503,"thread":{"name":"main"}},"service":{"name":"marketops-server","version":"0.1.0-SNAPSHOT","environment":"ci","node":{}},"message":"Metadata change recorded","ecs":{"version":"8.11"},"application":"marketops-server","environment":"ci","buildVersion":"0.1.0-SNAPSHOT","correlationId":"none","event":"metadata_change_recorded","sourceDomain":"operationsworkflow","entityType":"recommendation","entityId":"e173b39e-db29-4908-8022-9eb213777e7e","action":"STATUS_CHANGE","actorId":"d6ae3c1a-6ce4-4c16-8918-4b41fac33794"}
{"@timestamp":"2026-09-06T10:17:59.642898Z","log":{"level":"INFO","logger":"com.mimococo.marketops.adminobservability.internal.audit.JdbcMetadataAuditStore"},"process":{"pid":4503,"thread":{"name":"main"}},"service":{"name":"marketops-server","version":"0.1.0-SNAPSHOT","environment":"ci","node":{}},"message":"Metadata change recorded","ecs":{"version":"8.11"},"application":"marketops-server","environment":"ci","buildVersion":"0.1.0-SNAPSHOT","correlationId":"none","event":"metadata_change_recorded","sourceDomain":"operationsworkflow","entityType":"recommendation","entityId":"e173b39e-db29-4908-8022-9eb213777e7e","action":"STATUS_CHANGE","actorId":"4950971f-fb2f-4e62-a7b8-67a8d50fa9aa"}
]]></system-out>
  </testcase>
  <testcase name="previewUsesPolicyHeadroomRatherThanRawMaxCpc(String, String, String)[2]" classname="com.mimococo.marketops.AdvertisingHumanWorkflowIT" time="0.53">
    <system-out><![CDATA[{"@timestamp":"2026-09-06T10:18:00.125008Z","log":{"level":"INFO","logger":"com.mimococo.marketops.adminobservability.internal.audit.JdbcMetadataAuditStore"},"process":{"pid":4503,"thread":{"name":"main"}},"service":{"name":"marketops-server","version":"0.1.0-SNAPSHOT","environment":"ci","node":{}},"message":"Metadata change recorded","ecs":{"version":"8.11"},"application":"marketops-server","environment":"ci","buildVersion":"0.1.0-SNAPSHOT","correlationId":"none","event":"metadata_change_recorded","sourceDomain":"operationsworkflow","entityType":"recommendation","entityId":"f55dd430-4b54-42dd-9e3e-25f1a839e9d2","action":"STATUS_CHANGE","actorId":"4878f2e6-ece6-489c-8ab8-bed45d99328e"}
{"@timestamp":"2026-09-06T10:18:00.186104Z","log":{"level":"INFO","logger":"com.mimococo.marketops.adminobservability.internal.audit.JdbcMetadataAuditStore"},"process":{"pid":4503,"thread":{"name":"main"}},"service":{"name":"marketops-server","version":"0.1.0-SNAPSHOT","environment":"ci","node":{}},"message":"Metadata change recorded","ecs":{"version":"8.11"},"application":"marketops-server","environment":"ci","buildVersion":"0.1.0-SNAPSHOT","correlationId":"none","event":"metadata_change_recorded","sourceDomain":"operationsworkflow","entityType":"recommendation","entityId":"f55dd430-4b54-42dd-9e3e-25f1a839e9d2","action":"STATUS_CHANGE","actorId":"6381fa89-11ee-4933-8822-5a640748c168"}
]]></system-out>
  </testcase>
  <testcase name="restoredCaseAuthorityCannotRestoreAcceptedRiskAndViewReadsTheReopenedTask" classname="com.mimococo.marketops.AdvertisingHumanWorkflowIT" time="0.538"/>
  <testcase name="realMakerOpsOwnerChainFreezesOneBaselineAndCreatesOneCommand" classname="com.mimococo.marketops.AdvertisingHumanWorkflowIT" time="0.934">
    <system-out><![CDATA[{"@timestamp":"2026-09-06T10:18:01.335167Z","log":{"level":"INFO","logger":"com.mimococo.marketops.adminobservability.internal.audit.JdbcMetadataAuditStore"},"process":{"pid":4503,"thread":{"name":"main"}},"service":{"name":"marketops-server","version":"0.1.0-SNAPSHOT","environment":"ci","node":{}},"message":"Metadata change recorded","ecs":{"version":"8.11"},"application":"marketops-server","environment":"ci","buildVersion":"0.1.0-SNAPSHOT","correlationId":"none","event":"metadata_change_recorded","sourceDomain":"operationsworkflow","entityType":"recommendation","entityId":"f7864b94-fb26-43ed-959a-0d350a595c14","action":"STATUS_CHANGE","actorId":"98d09043-8d4f-4103-a65b-e0916d7c8a4d"}
{"@timestamp":"2026-09-06T10:18:01.432236Z","log":{"level":"INFO","logger":"com.mimococo.marketops.adminobservability.internal.audit.JdbcMetadataAuditStore"},"process":{"pid":4503,"thread":{"name":"main"}},"service":{"name":"marketops-server","version":"0.1.0-SNAPSHOT","environment":"ci","node":{}},"message":"Metadata change recorded","ecs":{"version":"8.11"},"application":"marketops-server","environment":"ci","buildVersion":"0.1.0-SNAPSHOT","correlationId":"none","event":"metadata_change_recorded","sourceDomain":"operationsworkflow","entityType":"recommendation","entityId":"f7864b94-fb26-43ed-959a-0d350a595c14","action":"STATUS_CHANGE","actorId":"3047991d-568a-4450-b81f-cd5c40fb2fe7"}
{"@timestamp":"2026-09-06T10:18:01.581255Z","log":{"level":"INFO","logger":"com.mimococo.marketops.adminobservability.internal.audit.JdbcMetadataAuditStore"},"process":{"pid":4503,"thread":{"name":"main"}},"service":{"name":"marketops-server","version":"0.1.0-SNAPSHOT","environment":"ci","node":{}},"message":"Metadata change recorded","ecs":{"version":"8.11"},"application":"marketops-server","environment":"ci","buildVersion":"0.1.0-SNAPSHOT","correlationId":"none","event":"metadata_change_recorded","sourceDomain":"operationsworkflow","entityType":"approval-decision","entityId":"dc8ca5eb-5172-4357-b159-f1d716677cc2","action":"APPROVAL_DECISION","actorId":"5001504d-4dff-4352-8505-de64610f3c04"}
{"@timestamp":"2026-09-06T10:18:01.583166Z","log":{"level":"INFO","logger":"com.mimococo.marketops.adminobservability.internal.audit.JdbcMetadataAuditStore"},"process":{"pid":4503,"thread":{"name":"main"}},"service":{"name":"marketops-server","version":"0.1.0-SNAPSHOT","environment":"ci","node":{}},"message":"Metadata change recorded","ecs":{"version":"8.11"},"application":"marketops-server","environment":"ci","buildVersion":"0.1.0-SNAPSHOT","correlationId":"none","event":"metadata_change_recorded","sourceDomain":"operationsworkflow","entityType":"recommendation","entityId":"f7864b94-fb26-43ed-959a-0d350a595c14","action":"STATUS_CHANGE","actorId":"5001504d-4dff-4352-8505-de64610f3c04"}
{"@timestamp":"2026-09-06T10:18:01.701587Z","log":{"level":"INFO","logger":"com.mimococo.marketops.adminobservability.internal.audit.JdbcMetadataAuditStore"},"process":{"pid":4503,"thread":{"name":"main"}},"service":{"name":"marketops-server","version":"0.1.0-SNAPSHOT","environment":"ci","node":{}},"message":"Metadata change recorded","ecs":{"version":"8.11"},"application":"marketops-server","environment":"ci","buildVersion":"0.1.0-SNAPSHOT","correlationId":"none","event":"metadata_change_recorded","sourceDomain":"operationsworkflow","entityType":"recommendation","entityId":"f7864b94-fb26-43ed-959a-0d350a595c14","action":"STATUS_CHANGE","actorId":"5001504d-4dff-4352-8505-de64610f3c04"}
{"@timestamp":"2026-09-06T10:18:01.702083Z","log":{"level":"INFO","logger":"com.mimococo.marketops.adminobservability.internal.audit.JdbcMetadataAuditStore"},"process":{"pid":4503,"thread":{"name":"main"}},"service":{"name":"marketops-server","version":"0.1.0-SNAPSHOT","environment":"ci","node":{}},"message":"Metadata change recorded","ecs":{"version":"8.11"},"application":"marketops-server","environment":"ci","buildVersion":"0.1.0-SNAPSHOT","correlationId":"none","event":"metadata_change_recorded","sourceDomain":"operationsworkflow","entityType":"recommendation","entityId":"f7864b94-fb26-43ed-959a-0d350a595c14","action":"COMMAND_TRANSITION","actorId":"5001504d-4dff-4352-8505-de64610f3c04"}
]]></system-out>
  </testcase>
  <testcase name="unresolvedResponseProfileEscalatesOnceOnTheSameTaskWithoutClaimingTimeliness" classname="com.mimococo.marketops.AdvertisingHumanWorkflowIT" time="0.315"/>
  <testcase name="unresolvedMaterialityCannotReachFinalApprovalAfterValidSelection" classname="com.mimococo.marketops.AdvertisingHumanWorkflowIT" time="0.522">
    <system-out><![CDATA[{"@timestamp":"2026-09-06T10:18:02.407227Z","log":{"level":"INFO","logger":"com.mimococo.marketops.adminobservability.internal.audit.JdbcMetadataAuditStore"},"process":{"pid":4503,"thread":{"name":"main"}},"service":{"name":"marketops-server","version":"0.1.0-SNAPSHOT","environment":"ci","node":{}},"message":"Metadata change recorded","ecs":{"version":"8.11"},"application":"marketops-server","environment":"ci","buildVersion":"0.1.0-SNAPSHOT","correlationId":"none","event":"metadata_change_recorded","sourceDomain":"operationsworkflow","entityType":"recommendation","entityId":"a5b54aa6-8502-43a3-8190-4449dd7aec6b","action":"STATUS_CHANGE","actorId":"42c1c71b-6e89-47b8-9bec-9e41133ca0ec"}
{"@timestamp":"2026-09-06T10:18:02.474385Z","log":{"level":"INFO","logger":"com.mimococo.marketops.adminobservability.internal.audit.JdbcMetadataAuditStore"},"process":{"pid":4503,"thread":{"name":"main"}},"service":{"name":"marketops-server","version":"0.1.0-SNAPSHOT","environment":"ci","node":{}},"message":"Metadata change recorded","ecs":{"version":"8.11"},"application":"marketops-server","environment":"ci","buildVersion":"0.1.0-SNAPSHOT","correlationId":"none","event":"metadata_change_recorded","sourceDomain":"operationsworkflow","entityType":"recommendation","entityId":"a5b54aa6-8502-43a3-8190-4449dd7aec6b","action":"STATUS_CHANGE","actorId":"1457746f-675e-4b2b-9281-097b33538738"}
]]></system-out>
  </testcase>
  <testcase name="anOutOfSetCandidateIsRefusedAndARejectedFiniteChoiceNeverStartsAction" classname="com.mimococo.marketops.AdvertisingHumanWorkflowIT" time="0.346">
    <system-out><![CDATA[{"@timestamp":"2026-09-06T10:18:02.884819Z","log":{"level":"INFO","logger":"com.mimococo.marketops.adminobservability.internal.audit.JdbcMetadataAuditStore"},"process":{"pid":4503,"thread":{"name":"main"}},"service":{"name":"marketops-server","version":"0.1.0-SNAPSHOT","environment":"ci","node":{}},"message":"Metadata change recorded","ecs":{"version":"8.11"},"application":"marketops-server","environment":"ci","buildVersion":"0.1.0-SNAPSHOT","correlationId":"none","event":"metadata_change_recorded","sourceDomain":"operationsworkflow","entityType":"recommendation","entityId":"e8d71562-1b33-4665-83b1-89a4146ed168","action":"STATUS_CHANGE","actorId":"95592dfc-3836-4839-9f35-a2781c74a2d4"}
]]></system-out>
  </testcase>
  <testcase name="unresolvedProfileTaskAgeUsesTheExactPersistedMicrosecondOrigin" classname="com.mimococo.marketops.AdvertisingHumanWorkflowIT" time="0.355"/>
  <testcase name="responsibilityIsIndependentOfCandidateAndPageViewIsNotAcknowledgement" classname="com.mimococo.marketops.AdvertisingHumanWorkflowIT" time="0.356"/>
  <testcase name="exceptionReasonsAreAuditedAndPartiallyScopedReviewerCannotReadProfit" classname="com.mimococo.marketops.AdvertisingHumanWorkflowIT" time="0.397"/>
  <testcase name="reconciliationRecordsExpiryOnceWithoutRewritingApprovalOrReleasingExposure" classname="com.mimococo.marketops.AdvertisingHumanWorkflowIT" time="5.41">
    <system-out><![CDATA[{"@timestamp":"2026-09-06T10:18:04.358538Z","log":{"level":"INFO","logger":"com.mimococo.marketops.adminobservability.internal.audit.JdbcMetadataAuditStore"},"process":{"pid":4503,"thread":{"name":"main"}},"service":{"name":"marketops-server","version":"0.1.0-SNAPSHOT","environment":"ci","node":{}},"message":"Metadata change recorded","ecs":{"version":"8.11"},"application":"marketops-server","environment":"ci","buildVersion":"0.1.0-SNAPSHOT","correlationId":"none","event":"metadata_change_recorded","sourceDomain":"operationsworkflow","entityType":"recommendation","entityId":"f76d3ae9-94c2-4641-9efc-4f9223493198","action":"STATUS_CHANGE","actorId":"4ac4e19c-b9ba-4e20-8df4-115f659e5448"}
{"@timestamp":"2026-09-06T10:18:04.417785Z","log":{"level":"INFO","logger":"com.mimococo.marketops.adminobservability.internal.audit.JdbcMetadataAuditStore"},"process":{"pid":4503,"thread":{"name":"main"}},"service":{"name":"marketops-server","version":"0.1.0-SNAPSHOT","environment":"ci","node":{}},"message":"Metadata change recorded","ecs":{"version":"8.11"},"application":"marketops-server","environment":"ci","buildVersion":"0.1.0-SNAPSHOT","correlationId":"none","event":"metadata_change_recorded","sourceDomain":"operationsworkflow","entityType":"recommendation","entityId":"f76d3ae9-94c2-4641-9efc-4f9223493198","action":"STATUS_CHANGE","actorId":"f950497f-db8a-4992-9881-648fb231ae46"}
{"@timestamp":"2026-09-06T10:18:04.496603Z","log":{"level":"INFO","logger":"com.mimococo.marketops.adminobservability.internal.audit.JdbcMetadataAuditStore"},"process":{"pid":4503,"thread":{"name":"main"}},"service":{"name":"marketops-server","version":"0.1.0-SNAPSHOT","environment":"ci","node":{}},"message":"Metadata change recorded","ecs":{"version":"8.11"},"application":"marketops-server","environment":"ci","buildVersion":"0.1.0-SNAPSHOT","correlationId":"none","event":"metadata_change_recorded","sourceDomain":"operationsworkflow","entityType":"approval-decision","entityId":"840677c1-f36c-4440-b4fd-8241e9f2d168","action":"APPROVAL_DECISION","actorId":"4fc9cc84-975d-46ac-9e75-624ab6fbc565"}
{"@timestamp":"2026-09-06T10:18:04.498223Z","log":{"level":"INFO","logger":"com.mimococo.marketops.adminobservability.internal.audit.JdbcMetadataAuditStore"},"process":{"pid":4503,"thread":{"name":"main"}},"service":{"name":"marketops-server","version":"0.1.0-SNAPSHOT","environment":"ci","node":{}},"message":"Metadata change recorded","ecs":{"version":"8.11"},"application":"marketops-server","environment":"ci","buildVersion":"0.1.0-SNAPSHOT","correlationId":"none","event":"metadata_change_recorded","sourceDomain":"operationsworkflow","entityType":"recommendation","entityId":"f76d3ae9-94c2-4641-9efc-4f9223493198","action":"STATUS_CHANGE","actorId":"4fc9cc84-975d-46ac-9e75-624ab6fbc565"}
]]></system-out>
  </testcase>
  <testcase name="makerWithAnAdditionalOperationsRoleCannotEndorseTheirOwnSelection" classname="com.mimococo.marketops.AdvertisingHumanWorkflowIT" time="0.562">
    <system-out><![CDATA[{"@timestamp":"2026-09-06T10:18:09.862798Z","log":{"level":"INFO","logger":"com.mimococo.marketops.adminobservability.internal.audit.JdbcMetadataAuditStore"},"process":{"pid":4503,"thread":{"name":"main"}},"service":{"name":"marketops-server","version":"0.1.0-SNAPSHOT","environment":"ci","node":{}},"message":"Metadata change recorded","ecs":{"version":"8.11"},"application":"marketops-server","environment":"ci","buildVersion":"0.1.0-SNAPSHOT","correlationId":"none","event":"metadata_change_recorded","sourceDomain":"operationsworkflow","entityType":"recommendation","entityId":"4073748a-d2f2-4f5f-89cd-f25dc4b9fffa","action":"STATUS_CHANGE","actorId":"a55b9f49-b6df-449e-9fd1-f7653ab27032"}
{"@timestamp":"2026-09-06T10:18:09.975737Z","log":{"level":"INFO","logger":"com.mimococo.marketops.adminobservability.internal.audit.JdbcMetadataAuditStore"},"process":{"pid":4503,"thread":{"name":"main"}},"service":{"name":"marketops-server","version":"0.1.0-SNAPSHOT","environment":"ci","node":{}},"message":"Metadata change recorded","ecs":{"version":"8.11"},"application":"marketops-server","environment":"ci","buildVersion":"0.1.0-SNAPSHOT","correlationId":"none","event":"metadata_change_recorded","sourceDomain":"operationsworkflow","entityType":"recommendation","entityId":"4073748a-d2f2-4f5f-89cd-f25dc4b9fffa","action":"STATUS_CHANGE","actorId":"25f8ca81-08e3-4845-86fb-1bafaba1b711"}
]]></system-out>
  </testcase>
  <testcase name="staffedTaskAgeUsesTheExactPersistedMicrosecondOrigin" classname="com.mimococo.marketops.AdvertisingHumanWorkflowIT" time="0.361"/>
  <testcase name="aSchedulerClockAheadCannotExpireCurrentApprovalOrRecommendation" classname="com.mimococo.marketops.AdvertisingHumanWorkflowIT" time="0.644">
    <system-out><![CDATA[{"@timestamp":"2026-09-06T10:18:10.771264Z","log":{"level":"INFO","logger":"com.mimococo.marketops.adminobservability.internal.audit.JdbcMetadataAuditStore"},"process":{"pid":4503,"thread":{"name":"main"}},"service":{"name":"marketops-server","version":"0.1.0-SNAPSHOT","environment":"ci","node":{}},"message":"Metadata change recorded","ecs":{"version":"8.11"},"application":"marketops-server","environment":"ci","buildVersion":"0.1.0-SNAPSHOT","correlationId":"none","event":"metadata_change_recorded","sourceDomain":"operationsworkflow","entityType":"recommendation","entityId":"f3d2d381-29a3-4528-a1fc-18add268cff1","action":"STATUS_CHANGE","actorId":"df0414f6-1147-4115-9fd0-b871748daae3"}
{"@timestamp":"2026-09-06T10:18:10.841771Z","log":{"level":"INFO","logger":"com.mimococo.marketops.adminobservability.internal.audit.JdbcMetadataAuditStore"},"process":{"pid":4503,"thread":{"name":"main"}},"service":{"name":"marketops-server","version":"0.1.0-SNAPSHOT","environment":"ci","node":{}},"message":"Metadata change recorded","ecs":{"version":"8.11"},"application":"marketops-server","environment":"ci","buildVersion":"0.1.0-SNAPSHOT","correlationId":"none","event":"metadata_change_recorded","sourceDomain":"operationsworkflow","entityType":"recommendation","entityId":"f3d2d381-29a3-4528-a1fc-18add268cff1","action":"STATUS_CHANGE","actorId":"f006a74d-4eff-4764-a97d-56fcb6c97e33"}
{"@timestamp":"2026-09-06T10:18:10.931571Z","log":{"level":"INFO","logger":"com.mimococo.marketops.adminobservability.internal.audit.JdbcMetadataAuditStore"},"process":{"pid":4503,"thread":{"name":"main"}},"service":{"name":"marketops-server","version":"0.1.0-SNAPSHOT","environment":"ci","node":{}},"message":"Metadata change recorded","ecs":{"version":"8.11"},"application":"marketops-server","environment":"ci","buildVersion":"0.1.0-SNAPSHOT","correlationId":"none","event":"metadata_change_recorded","sourceDomain":"operationsworkflow","entityType":"approval-decision","entityId":"ef8af257-2d13-43a2-8f1c-c904408b6b47","action":"APPROVAL_DECISION","actorId":"a2810132-139d-407b-9238-e23bc394f62f"}
{"@timestamp":"2026-09-06T10:18:10.934107Z","log":{"level":"INFO","logger":"com.mimococo.marketops.adminobservability.internal.audit.JdbcMetadataAuditStore"},"process":{"pid":4503,"thread":{"name":"main"}},"service":{"name":"marketops-server","version":"0.1.0-SNAPSHOT","environment":"ci","node":{}},"message":"Metadata change recorded","ecs":{"version":"8.11"},"application":"marketops-server","environment":"ci","buildVersion":"0.1.0-SNAPSHOT","correlationId":"none","event":"metadata_change_recorded","sourceDomain":"operationsworkflow","entityType":"recommendation","entityId":"f3d2d381-29a3-4528-a1fc-18add268cff1","action":"STATUS_CHANGE","actorId":"a2810132-139d-407b-9238-e23bc394f62f"}
]]></system-out>
  </testcase>
  <testcase name="ownerAcceptedRiskPausesOnlyActionAndMustEndBeforeNewPreviewOrIntent" classname="com.mimococo.marketops.AdvertisingHumanWorkflowIT" time="0.747"/>
  <testcase name="anOwnerProfileBecomingAvailableRepairsTheSameTaskWithoutRewritingPastUnknowns" classname="com.mimococo.marketops.AdvertisingHumanWorkflowIT" time="0.538"/>
  <testcase name="independentCauseKeepsOneConcurrentTaskAndThreeFiniteChoicesWithoutFutureSloLeakage" classname="com.mimococo.marketops.AdvertisingHumanWorkflowIT" time="0.474">
    <system-out><![CDATA[{"@timestamp":"2026-09-06T10:18:12.722395Z","log":{"level":"INFO","logger":"com.mimococo.marketops.adminobservability.internal.audit.JdbcMetadataAuditStore"},"process":{"pid":4503,"thread":{"name":"main"}},"service":{"name":"marketops-server","version":"0.1.0-SNAPSHOT","environment":"ci","node":{}},"message":"Metadata change recorded","ecs":{"version":"8.11"},"application":"marketops-server","environment":"ci","buildVersion":"0.1.0-SNAPSHOT","correlationId":"none","event":"metadata_change_recorded","sourceDomain":"operationsworkflow","entityType":"recommendation","entityId":"b07670aa-45cb-4030-850d-bf6286b12175","action":"CREATE","actorId":"finite-choice-runtime"}
{"@timestamp":"2026-09-06T10:18:12.725951Z","log":{"level":"INFO","logger":"com.mimococo.marketops.adminobservability.internal.audit.JdbcMetadataAuditStore"},"process":{"pid":4503,"thread":{"name":"main"}},"service":{"name":"marketops-server","version":"0.1.0-SNAPSHOT","environment":"ci","node":{}},"message":"Metadata change recorded","ecs":{"version":"8.11"},"application":"marketops-server","environment":"ci","buildVersion":"0.1.0-SNAPSHOT","correlationId":"none","event":"metadata_change_recorded","sourceDomain":"operationsworkflow","entityType":"recommendation","entityId":"8f42bc48-f252-47bd-924c-d4f0c71dc343","action":"CREATE","actorId":"finite-choice-runtime"}
{"@timestamp":"2026-09-06T10:18:12.729477Z","log":{"level":"INFO","logger":"com.mimococo.marketops.adminobservability.internal.audit.JdbcMetadataAuditStore"},"process":{"pid":4503,"thread":{"name":"main"}},"service":{"name":"marketops-server","version":"0.1.0-SNAPSHOT","environment":"ci","node":{}},"message":"Metadata change recorded","ecs":{"version":"8.11"},"application":"marketops-server","environment":"ci","buildVersion":"0.1.0-SNAPSHOT","correlationId":"none","event":"metadata_change_recorded","sourceDomain":"operationsworkflow","entityType":"recommendation","entityId":"955e4356-bd46-4e23-a0b3-2a0abf12b46e","action":"CREATE","actorId":"finite-choice-runtime"}
]]></system-out>
  </testcase>
</testsuite>